<?xml version="1.0" encoding="UTF-8"?>
<testsuite name="ru.gloomyana.tests.GetBookingTests" tests="12" skipped="0" failures="2" errors="0" timestamp="2023-11-12T15:02:43" hostname="DESKTOP-VJLI1OO" time="15.191">
  <properties/>
  <testcase name="Get all booking ids returns status 200" classname="ru.gloomyana.tests.GetBookingTests" time="1.111"/>
  <testcase name="Get booking request with pagination parameter limit returns correct results" classname="ru.gloomyana.tests.GetBookingTests" time="2.667"/>
  <testcase name="Get booking request with filter parameter by firstname returns correct results" classname="ru.gloomyana.tests.GetBookingTests" time="0.802"/>
  <testcase name="Get booking request with invalid booking id returns 404" classname="ru.gloomyana.tests.GetBookingTests" time="0.757"/>
  <testcase name="Get booking request with filter parameter by lastname returns correct results" classname="ru.gloomyana.tests.GetBookingTests" time="0.798"/>
  <testcase name="Get booking request with pagination parameter offset returns correct results" classname="ru.gloomyana.tests.GetBookingTests" time="1.97"/>
  <testcase name="Get booking request for active bookings returns correct results" classname="ru.gloomyana.tests.GetBookingTests" time="1.776"/>
  <testcase name="Get booking request with filter parameter by checkin returns correct results" classname="ru.gloomyana.tests.GetBookingTests" time="0.77">
    <failure message="java.lang.AssertionError: 1 expectation failed.&#10;Expected status code &lt;200&gt; but was &lt;201&gt;.&#10;" type="java.lang.AssertionError">java.lang.AssertionError: 1 expectation failed.
Expected status code &lt;200&gt; but was &lt;201&gt;.

	at java.base/jdk.internal.reflect.DirectConstructorHandleAccessor.newInstance(DirectConstructorHandleAccessor.java:67)
	at java.base/java.lang.reflect.Constructor.newInstanceWithCaller(Constructor.java:500)
	at java.base/java.lang.reflect.Constructor.newInstance(Constructor.java:484)
	at org.codehaus.groovy.reflection.CachedConstructor.invoke(CachedConstructor.java:73)
	at org.codehaus.groovy.runtime.callsite.ConstructorSite$ConstructorSiteNoUnwrapNoCoerce.callConstructor(ConstructorSite.java:108)
	at org.codehaus.groovy.runtime.callsite.AbstractCallSite.callConstructor(AbstractCallSite.java:277)
	at io.restassured.internal.ResponseSpecificationImpl$HamcrestAssertionClosure.validate(ResponseSpecificationImpl.groovy:512)
	at io.restassured.internal.ResponseSpecificationImpl$HamcrestAssertionClosure$validate$1.call(Unknown Source)
	at io.restassured.internal.ResponseSpecificationImpl.validateResponseIfRequired(ResponseSpecificationImpl.groovy:696)
	at io.restassured.internal.ResponseSpecificationImpl.this$2$validateResponseIfRequired(ResponseSpecificationImpl.groovy)
	at java.base/jdk.internal.reflect.DirectMethodHandleAccessor.invoke(DirectMethodHandleAccessor.java:104)
	at java.base/java.lang.reflect.Method.invoke(Method.java:578)
	at org.codehaus.groovy.runtime.callsite.PlainObjectMetaMethodSite.doInvoke(PlainObjectMetaMethodSite.java:43)
	at org.codehaus.groovy.runtime.callsite.PogoMetaMethodSite$PogoCachedMethodSiteNoUnwrapNoCoerce.invoke(PogoMetaMethodSite.java:198)
	at org.codehaus.groovy.runtime.callsite.PogoMetaMethodSite.callCurrent(PogoMetaMethodSite.java:62)
	at org.codehaus.groovy.runtime.callsite.AbstractCallSite.callCurrent(AbstractCallSite.java:185)
	at io.restassured.internal.ResponseSpecificationImpl.statusCode(ResponseSpecificationImpl.groovy:135)
	at io.restassured.specification.ResponseSpecification$statusCode$1.callCurrent(Unknown Source)
	at io.restassured.internal.ResponseSpecificationImpl.statusCode(ResponseSpecificationImpl.groovy:143)
	at io.restassured.internal.ValidatableResponseOptionsImpl.statusCode(ValidatableResponseOptionsImpl.java:89)
	at ru.gloomyana.tests.GetBookingTests.lambda$getBookingWithFilterParameterByCheckinReturnsCorrectResults$11(GetBookingTests.java:187)
	at io.qameta.allure.Allure.lambda$step$1(Allure.java:127)
	at io.qameta.allure.Allure.step(Allure.java:181)
	at io.qameta.allure.Allure.step(Allure.java:125)
	at ru.gloomyana.tests.GetBookingTests.getBookingWithFilterParameterByCheckinReturnsCorrectResults(GetBookingTests.java:181)
	at java.base/jdk.internal.reflect.DirectMethodHandleAccessor.invoke(DirectMethodHandleAccessor.java:104)
	at java.base/java.lang.reflect.Method.invoke(Method.java:578)
	at org.junit.platform.commons.util.ReflectionUtils.invokeMethod(ReflectionUtils.java:727)
	at org.junit.jupiter.engine.execution.MethodInvocation.proceed(MethodInvocation.java:60)
	at org.junit.jupiter.engine.execution.InvocationInterceptorChain$ValidatingInvocation.proceed(InvocationInterceptorChain.java:131)
	at org.junit.jupiter.api.extension.InvocationInterceptor.interceptTestMethod(InvocationInterceptor.java:118)
	at org.junit.jupiter.engine.execution.InterceptingExecutableInvoker$ReflectiveInterceptorCall.lambda$ofVoidMethod$0(InterceptingExecutableInvoker.java:103)
	at org.junit.jupiter.engine.execution.InterceptingExecutableInvoker.lambda$invoke$0(InterceptingExecutableInvoker.java:93)
	at org.junit.jupiter.engine.execution.InvocationInterceptorChain$InterceptedInvocation.proceed(InvocationInterceptorChain.java:106)
	at org.junit.jupiter.engine.extension.TimeoutExtension.intercept(TimeoutExtension.java:156)
	at org.junit.jupiter.engine.extension.TimeoutExtension.interceptTestableMethod(TimeoutExtension.java:147)
	at org.junit.jupiter.engine.extension.TimeoutExtension.interceptTestMethod(TimeoutExtension.java:86)
	at org.junit.jupiter.engine.execution.InterceptingExecutableInvoker$ReflectiveInterceptorCall.lambda$ofVoidMethod$0(InterceptingExecutableInvoker.java:103)
	at org.junit.jupiter.engine.execution.InterceptingExecutableInvoker.lambda$invoke$0(InterceptingExecutableInvoker.java:93)
	at org.junit.jupiter.engine.execution.InvocationInterceptorChain$InterceptedInvocation.proceed(InvocationInterceptorChain.java:106)
	at org.junit.jupiter.engine.execution.InvocationInterceptorChain.proceed(InvocationInterceptorChain.java:64)
	at org.junit.jupiter.engine.execution.InvocationInterceptorChain.chainAndInvoke(InvocationInterceptorChain.java:45)
	at org.junit.jupiter.engine.execution.InvocationInterceptorChain.invoke(InvocationInterceptorChain.java:37)
	at org.junit.jupiter.engine.execution.InterceptingExecutableInvoker.invoke(InterceptingExecutableInvoker.java:92)
	at org.junit.jupiter.engine.execution.InterceptingExecutableInvoker.invoke(InterceptingExecutableInvoker.java:86)
	at org.junit.jupiter.engine.descriptor.TestMethodTestDescriptor.lambda$invokeTestMethod$7(TestMethodTestDescriptor.java:217)
	at org.junit.platform.engine.support.hierarchical.ThrowableCollector.execute(ThrowableCollector.java:73)
	at org.junit.jupiter.engine.descriptor.TestMethodTestDescriptor.invokeTestMethod(TestMethodTestDescriptor.java:213)
	at org.junit.jupiter.engine.descriptor.TestMethodTestDescriptor.execute(TestMethodTestDescriptor.java:138)
	at org.junit.jupiter.engine.descriptor.TestMethodTestDescriptor.execute(TestMethodTestDescriptor.java:68)
	at org.junit.platform.engine.support.hierarchical.NodeTestTask.lambda$executeRecursively$6(NodeTestTask.java:151)
	at org.junit.platform.engine.support.hierarchical.ThrowableCollector.execute(ThrowableCollector.java:73)
	at org.junit.platform.engine.support.hierarchical.NodeTestTask.lambda$executeRecursively$8(NodeTestTask.java:141)
	at org.junit.platform.engine.support.hierarchical.Node.around(Node.java:137)
	at org.junit.platform.engine.support.hierarchical.NodeTestTask.lambda$executeRecursively$9(NodeTestTask.java:139)
	at org.junit.platform.engine.support.hierarchical.ThrowableCollector.execute(ThrowableCollector.java:73)
	at org.junit.platform.engine.support.hierarchical.NodeTestTask.executeRecursively(NodeTestTask.java:138)
	at org.junit.platform.engine.support.hierarchical.NodeTestTask.execute(NodeTestTask.java:95)
	at java.base/java.util.ArrayList.forEach(ArrayList.java:1511)
	at org.junit.platform.engine.support.hierarchical.SameThreadHierarchicalTestExecutorService.invokeAll(SameThreadHierarchicalTestExecutorService.java:41)
	at org.junit.platform.engine.support.hierarchical.NodeTestTask.lambda$executeRecursively$6(NodeTestTask.java:155)
	at org.junit.platform.engine.support.hierarchical.ThrowableCollector.execute(ThrowableCollector.java:73)
	at org.junit.platform.engine.support.hierarchical.NodeTestTask.lambda$executeRecursively$8(NodeTestTask.java:141)
	at org.junit.platform.engine.support.hierarchical.Node.around(Node.java:137)
	at org.junit.platform.engine.support.hierarchical.NodeTestTask.lambda$executeRecursively$9(NodeTestTask.java:139)
	at org.junit.platform.engine.support.hierarchical.ThrowableCollector.execute(ThrowableCollector.java:73)
	at org.junit.platform.engine.support.hierarchical.NodeTestTask.executeRecursively(NodeTestTask.java:138)
	at org.junit.platform.engine.support.hierarchical.NodeTestTask.execute(NodeTestTask.java:95)
	at java.base/java.util.ArrayList.forEach(ArrayList.java:1511)
	at org.junit.platform.engine.support.hierarchical.SameThreadHierarchicalTestExecutorService.invokeAll(SameThreadHierarchicalTestExecutorService.java:41)
	at org.junit.platform.engine.support.hierarchical.NodeTestTask.lambda$executeRecursively$6(NodeTestTask.java:155)
	at org.junit.platform.engine.support.hierarchical.ThrowableCollector.execute(ThrowableCollector.java:73)
	at org.junit.platform.engine.support.hierarchical.NodeTestTask.lambda$executeRecursively$8(NodeTestTask.java:141)
	at org.junit.platform.engine.support.hierarchical.Node.around(Node.java:137)
	at org.junit.platform.engine.support.hierarchical.NodeTestTask.lambda$executeRecursively$9(NodeTestTask.java:139)
	at org.junit.platform.engine.support.hierarchical.ThrowableCollector.execute(ThrowableCollector.java:73)
	at org.junit.platform.engine.support.hierarchical.NodeTestTask.executeRecursively(NodeTestTask.java:138)
	at org.junit.platform.engine.support.hierarchical.NodeTestTask.execute(NodeTestTask.java:95)
	at org.junit.platform.engine.support.hierarchical.SameThreadHierarchicalTestExecutorService.submit(SameThreadHierarchicalTestExecutorService.java:35)
	at org.junit.platform.engine.support.hierarchical.HierarchicalTestExecutor.execute(HierarchicalTestExecutor.java:57)
	at org.junit.platform.engine.support.hierarchical.HierarchicalTestEngine.execute(HierarchicalTestEngine.java:54)
	at org.junit.platform.launcher.core.EngineExecutionOrchestrator.execute(EngineExecutionOrchestrator.java:147)
	at org.junit.platform.launcher.core.EngineExecutionOrchestrator.execute(EngineExecutionOrchestrator.java:127)
	at org.junit.platform.launcher.core.EngineExecutionOrchestrator.execute(EngineExecutionOrchestrator.java:90)
	at org.junit.platform.launcher.core.EngineExecutionOrchestrator.lambda$execute$0(EngineExecutionOrchestrator.java:55)
	at org.junit.platform.launcher.core.EngineExecutionOrchestrator.withInterceptedStreams(EngineExecutionOrchestrator.java:102)
	at org.junit.platform.launcher.core.EngineExecutionOrchestrator.execute(EngineExecutionOrchestrator.java:54)
	at org.junit.platform.launcher.core.DefaultLauncher.execute(DefaultLauncher.java:114)
	at org.junit.platform.launcher.core.DefaultLauncher.execute(DefaultLauncher.java:86)
	at org.junit.platform.launcher.core.DefaultLauncherSession$DelegatingLauncher.execute(DefaultLauncherSession.java:86)
	at org.gradle.api.internal.tasks.testing.junitplatform.JUnitPlatformTestClassProcessor$CollectAllTestClassesExecutor.processAllTestClasses(JUnitPlatformTestClassProcessor.java:110)
	at org.gradle.api.internal.tasks.testing.junitplatform.JUnitPlatformTestClassProcessor$CollectAllTestClassesExecutor.access$000(JUnitPlatformTestClassProcessor.java:90)
	at org.gradle.api.internal.tasks.testing.junitplatform.JUnitPlatformTestClassProcessor.stop(JUnitPlatformTestClassProcessor.java:85)
	at org.gradle.api.internal.tasks.testing.SuiteTestClassProcessor.stop(SuiteTestClassProcessor.java:62)
	at java.base/jdk.internal.reflect.DirectMethodHandleAccessor.invoke(DirectMethodHandleAccessor.java:104)
	at java.base/java.lang.reflect.Method.invoke(Method.java:578)
	at org.gradle.internal.dispatch.ReflectionDispatch.dispatch(ReflectionDispatch.java:36)
	at org.gradle.internal.dispatch.ReflectionDispatch.dispatch(ReflectionDispatch.java:24)
	at org.gradle.internal.dispatch.ContextClassLoaderDispatch.dispatch(ContextClassLoaderDispatch.java:33)
	at org.gradle.internal.dispatch.ProxyDispatchAdapter$DispatchingInvocationHandler.invoke(ProxyDispatchAdapter.java:94)
	at jdk.proxy1/jdk.proxy1.$Proxy2.stop(Unknown Source)
	at org.gradle.api.internal.tasks.testing.worker.TestWorker$3.run(TestWorker.java:193)
	at org.gradle.api.internal.tasks.testing.worker.TestWorker.executeAndMaintainThreadName(TestWorker.java:129)
	at org.gradle.api.internal.tasks.testing.worker.TestWorker.execute(TestWorker.java:100)
	at org.gradle.api.internal.tasks.testing.worker.TestWorker.execute(TestWorker.java:60)
	at org.gradle.process.internal.worker.child.ActionExecutionWorker.execute(ActionExecutionWorker.java:56)
	at org.gradle.process.internal.worker.child.SystemApplicationClassLoaderWorker.call(SystemApplicationClassLoaderWorker.java:113)
	at org.gradle.process.internal.worker.child.SystemApplicationClassLoaderWorker.call(SystemApplicationClassLoaderWorker.java:65)
	at worker.org.gradle.process.internal.worker.GradleWorkerMain.run(GradleWorkerMain.java:69)
	at worker.org.gradle.process.internal.worker.GradleWorkerMain.main(GradleWorkerMain.java:74)
</failure>
  </testcase>
  <testcase name="Get booking request with filter parameter by checkout returns correct results" classname="ru.gloomyana.tests.GetBookingTests" time="1.502"/>
  <testcase name="Get booking request returns not null data" classname="ru.gloomyana.tests.GetBookingTests" time="0.791"/>
  <testcase name="Get booking request for deleted bookings returns correct results" classname="ru.gloomyana.tests.GetBookingTests" time="1.452"/>
  <testcase name="Get booking request for booking that has been deleted returns 404" classname="ru.gloomyana.tests.GetBookingTests" time="0.772">
    <failure message="java.lang.AssertionError: 1 expectation failed.&#10;Expected status code &lt;204&gt; but was &lt;404&gt;.&#10;" type="java.lang.AssertionError">java.lang.AssertionError: 1 expectation failed.
Expected status code &lt;204&gt; but was &lt;404&gt;.

	at java.base/jdk.internal.reflect.DirectConstructorHandleAccessor.newInstance(DirectConstructorHandleAccessor.java:67)
	at java.base/java.lang.reflect.Constructor.newInstanceWithCaller(Constructor.java:500)
	at java.base/java.lang.reflect.Constructor.newInstance(Constructor.java:484)
	at org.codehaus.groovy.reflection.CachedConstructor.invoke(CachedConstructor.java:73)
	at org.codehaus.groovy.runtime.callsite.ConstructorSite$ConstructorSiteNoUnwrapNoCoerce.callConstructor(ConstructorSite.java:108)
	at org.codehaus.groovy.runtime.callsite.AbstractCallSite.callConstructor(AbstractCallSite.java:277)
	at io.restassured.internal.ResponseSpecificationImpl$HamcrestAssertionClosure.validate(ResponseSpecificationImpl.groovy:512)
	at io.restassured.internal.ResponseSpecificationImpl$HamcrestAssertionClosure$validate$1.call(Unknown Source)
	at io.restassured.internal.ResponseSpecificationImpl.validateResponseIfRequired(ResponseSpecificationImpl.groovy:696)
	at io.restassured.internal.ResponseSpecificationImpl.this$2$validateResponseIfRequired(ResponseSpecificationImpl.groovy)
	at java.base/jdk.internal.reflect.DirectMethodHandleAccessor.invoke(DirectMethodHandleAccessor.java:104)
	at java.base/java.lang.reflect.Method.invoke(Method.java:578)
	at org.codehaus.groovy.runtime.callsite.PlainObjectMetaMethodSite.doInvoke(PlainObjectMetaMethodSite.java:43)
	at org.codehaus.groovy.runtime.callsite.PogoMetaMethodSite$PogoCachedMethodSiteNoUnwrapNoCoerce.invoke(PogoMetaMethodSite.java:198)
	at org.codehaus.groovy.runtime.callsite.PogoMetaMethodSite.callCurrent(PogoMetaMethodSite.java:62)
	at org.codehaus.groovy.runtime.callsite.AbstractCallSite.callCurrent(AbstractCallSite.java:185)
	at io.restassured.internal.ResponseSpecificationImpl.statusCode(ResponseSpecificationImpl.groovy:135)
	at io.restassured.specification.ResponseSpecification$statusCode$1.callCurrent(Unknown Source)
	at io.restassured.internal.ResponseSpecificationImpl.statusCode(ResponseSpecificationImpl.groovy:143)
	at io.restassured.internal.ValidatableResponseOptionsImpl.statusCode(ValidatableResponseOptionsImpl.java:89)
	at ru.gloomyana.tests.GetBookingTests.getBookingForBookingThatHasBeenDeletedReturns404(GetBookingTests.java:202)
	at java.base/jdk.internal.reflect.DirectMethodHandleAccessor.invoke(DirectMethodHandleAccessor.java:104)
	at java.base/java.lang.reflect.Method.invoke(Method.java:578)
	at org.junit.platform.commons.util.ReflectionUtils.invokeMethod(ReflectionUtils.java:727)
	at org.junit.jupiter.engine.execution.MethodInvocation.proceed(MethodInvocation.java:60)
	at org.junit.jupiter.engine.execution.InvocationInterceptorChain$ValidatingInvocation.proceed(InvocationInterceptorChain.java:131)
	at org.junit.jupiter.api.extension.InvocationInterceptor.interceptTestMethod(InvocationInterceptor.java:118)
	at org.junit.jupiter.engine.execution.InterceptingExecutableInvoker$ReflectiveInterceptorCall.lambda$ofVoidMethod$0(InterceptingExecutableInvoker.java:103)
	at org.junit.jupiter.engine.execution.InterceptingExecutableInvoker.lambda$invoke$0(InterceptingExecutableInvoker.java:93)
	at org.junit.jupiter.engine.execution.InvocationInterceptorChain$InterceptedInvocation.proceed(InvocationInterceptorChain.java:106)
	at org.junit.jupiter.engine.extension.TimeoutExtension.intercept(TimeoutExtension.java:156)
	at org.junit.jupiter.engine.extension.TimeoutExtension.interceptTestableMethod(TimeoutExtension.java:147)
	at org.junit.jupiter.engine.extension.TimeoutExtension.interceptTestMethod(TimeoutExtension.java:86)
	at org.junit.jupiter.engine.execution.InterceptingExecutableInvoker$ReflectiveInterceptorCall.lambda$ofVoidMethod$0(InterceptingExecutableInvoker.java:103)
	at org.junit.jupiter.engine.execution.InterceptingExecutableInvoker.lambda$invoke$0(InterceptingExecutableInvoker.java:93)
	at org.junit.jupiter.engine.execution.InvocationInterceptorChain$InterceptedInvocation.proceed(InvocationInterceptorChain.java:106)
	at org.junit.jupiter.engine.execution.InvocationInterceptorChain.proceed(InvocationInterceptorChain.java:64)
	at org.junit.jupiter.engine.execution.InvocationInterceptorChain.chainAndInvoke(InvocationInterceptorChain.java:45)
	at org.junit.jupiter.engine.execution.InvocationInterceptorChain.invoke(InvocationInterceptorChain.java:37)
	at org.junit.jupiter.engine.execution.InterceptingExecutableInvoker.invoke(InterceptingExecutableInvoker.java:92)
	at org.junit.jupiter.engine.execution.InterceptingExecutableInvoker.invoke(InterceptingExecutableInvoker.java:86)
	at org.junit.jupiter.engine.descriptor.TestMethodTestDescriptor.lambda$invokeTestMethod$7(TestMethodTestDescriptor.java:217)
	at org.junit.platform.engine.support.hierarchical.ThrowableCollector.execute(ThrowableCollector.java:73)
	at org.junit.jupiter.engine.descriptor.TestMethodTestDescriptor.invokeTestMethod(TestMethodTestDescriptor.java:213)
	at org.junit.jupiter.engine.descriptor.TestMethodTestDescriptor.execute(TestMethodTestDescriptor.java:138)
	at org.junit.jupiter.engine.descriptor.TestMethodTestDescriptor.execute(TestMethodTestDescriptor.java:68)
	at org.junit.platform.engine.support.hierarchical.NodeTestTask.lambda$executeRecursively$6(NodeTestTask.java:151)
	at org.junit.platform.engine.support.hierarchical.ThrowableCollector.execute(ThrowableCollector.java:73)
	at org.junit.platform.engine.support.hierarchical.NodeTestTask.lambda$executeRecursively$8(NodeTestTask.java:141)
	at org.junit.platform.engine.support.hierarchical.Node.around(Node.java:137)
	at org.junit.platform.engine.support.hierarchical.NodeTestTask.lambda$executeRecursively$9(NodeTestTask.java:139)
	at org.junit.platform.engine.support.hierarchical.ThrowableCollector.execute(ThrowableCollector.java:73)
	at org.junit.platform.engine.support.hierarchical.NodeTestTask.executeRecursively(NodeTestTask.java:138)
	at org.junit.platform.engine.support.hierarchical.NodeTestTask.execute(NodeTestTask.java:95)
	at java.base/java.util.ArrayList.forEach(ArrayList.java:1511)
	at org.junit.platform.engine.support.hierarchical.SameThreadHierarchicalTestExecutorService.invokeAll(SameThreadHierarchicalTestExecutorService.java:41)
	at org.junit.platform.engine.support.hierarchical.NodeTestTask.lambda$executeRecursively$6(NodeTestTask.java:155)
	at org.junit.platform.engine.support.hierarchical.ThrowableCollector.execute(ThrowableCollector.java:73)
	at org.junit.platform.engine.support.hierarchical.NodeTestTask.lambda$executeRecursively$8(NodeTestTask.java:141)
	at org.junit.platform.engine.support.hierarchical.Node.around(Node.java:137)
	at org.junit.platform.engine.support.hierarchical.NodeTestTask.lambda$executeRecursively$9(NodeTestTask.java:139)
	at org.junit.platform.engine.support.hierarchical.ThrowableCollector.execute(ThrowableCollector.java:73)
	at org.junit.platform.engine.support.hierarchical.NodeTestTask.executeRecursively(NodeTestTask.java:138)
	at org.junit.platform.engine.support.hierarchical.NodeTestTask.execute(NodeTestTask.java:95)
	at java.base/java.util.ArrayList.forEach(ArrayList.java:1511)
	at org.junit.platform.engine.support.hierarchical.SameThreadHierarchicalTestExecutorService.invokeAll(SameThreadHierarchicalTestExecutorService.java:41)
	at org.junit.platform.engine.support.hierarchical.NodeTestTask.lambda$executeRecursively$6(NodeTestTask.java:155)
	at org.junit.platform.engine.support.hierarchical.ThrowableCollector.execute(ThrowableCollector.java:73)
	at org.junit.platform.engine.support.hierarchical.NodeTestTask.lambda$executeRecursively$8(NodeTestTask.java:141)
	at org.junit.platform.engine.support.hierarchical.Node.around(Node.java:137)
	at org.junit.platform.engine.support.hierarchical.NodeTestTask.lambda$executeRecursively$9(NodeTestTask.java:139)
	at org.junit.platform.engine.support.hierarchical.ThrowableCollector.execute(ThrowableCollector.java:73)
	at org.junit.platform.engine.support.hierarchical.NodeTestTask.executeRecursively(NodeTestTask.java:138)
	at org.junit.platform.engine.support.hierarchical.NodeTestTask.execute(NodeTestTask.java:95)
	at org.junit.platform.engine.support.hierarchical.SameThreadHierarchicalTestExecutorService.submit(SameThreadHierarchicalTestExecutorService.java:35)
	at org.junit.platform.engine.support.hierarchical.HierarchicalTestExecutor.execute(HierarchicalTestExecutor.java:57)
	at org.junit.platform.engine.support.hierarchical.HierarchicalTestEngine.execute(HierarchicalTestEngine.java:54)
	at org.junit.platform.launcher.core.EngineExecutionOrchestrator.execute(EngineExecutionOrchestrator.java:147)
	at org.junit.platform.launcher.core.EngineExecutionOrchestrator.execute(EngineExecutionOrchestrator.java:127)
	at org.junit.platform.launcher.core.EngineExecutionOrchestrator.execute(EngineExecutionOrchestrator.java:90)
	at org.junit.platform.launcher.core.EngineExecutionOrchestrator.lambda$execute$0(EngineExecutionOrchestrator.java:55)
	at org.junit.platform.launcher.core.EngineExecutionOrchestrator.withInterceptedStreams(EngineExecutionOrchestrator.java:102)
	at org.junit.platform.launcher.core.EngineExecutionOrchestrator.execute(EngineExecutionOrchestrator.java:54)
	at org.junit.platform.launcher.core.DefaultLauncher.execute(DefaultLauncher.java:114)
	at org.junit.platform.launcher.core.DefaultLauncher.execute(DefaultLauncher.java:86)
	at org.junit.platform.launcher.core.DefaultLauncherSession$DelegatingLauncher.execute(DefaultLauncherSession.java:86)
	at org.gradle.api.internal.tasks.testing.junitplatform.JUnitPlatformTestClassProcessor$CollectAllTestClassesExecutor.processAllTestClasses(JUnitPlatformTestClassProcessor.java:110)
	at org.gradle.api.internal.tasks.testing.junitplatform.JUnitPlatformTestClassProcessor$CollectAllTestClassesExecutor.access$000(JUnitPlatformTestClassProcessor.java:90)
	at org.gradle.api.internal.tasks.testing.junitplatform.JUnitPlatformTestClassProcessor.stop(JUnitPlatformTestClassProcessor.java:85)
	at org.gradle.api.internal.tasks.testing.SuiteTestClassProcessor.stop(SuiteTestClassProcessor.java:62)
	at java.base/jdk.internal.reflect.DirectMethodHandleAccessor.invoke(DirectMethodHandleAccessor.java:104)
	at java.base/java.lang.reflect.Method.invoke(Method.java:578)
	at org.gradle.internal.dispatch.ReflectionDispatch.dispatch(ReflectionDispatch.java:36)
	at org.gradle.internal.dispatch.ReflectionDispatch.dispatch(ReflectionDispatch.java:24)
	at org.gradle.internal.dispatch.ContextClassLoaderDispatch.dispatch(ContextClassLoaderDispatch.java:33)
	at org.gradle.internal.dispatch.ProxyDispatchAdapter$DispatchingInvocationHandler.invoke(ProxyDispatchAdapter.java:94)
	at jdk.proxy1/jdk.proxy1.$Proxy2.stop(Unknown Source)
	at org.gradle.api.internal.tasks.testing.worker.TestWorker$3.run(TestWorker.java:193)
	at org.gradle.api.internal.tasks.testing.worker.TestWorker.executeAndMaintainThreadName(TestWorker.java:129)
	at org.gradle.api.internal.tasks.testing.worker.TestWorker.execute(TestWorker.java:100)
	at org.gradle.api.internal.tasks.testing.worker.TestWorker.execute(TestWorker.java:60)
	at org.gradle.process.internal.worker.child.ActionExecutionWorker.execute(ActionExecutionWorker.java:56)
	at org.gradle.process.internal.worker.child.SystemApplicationClassLoaderWorker.call(SystemApplicationClassLoaderWorker.java:113)
	at org.gradle.process.internal.worker.child.SystemApplicationClassLoaderWorker.call(SystemApplicationClassLoaderWorker.java:65)
	at worker.org.gradle.process.internal.worker.GradleWorkerMain.run(GradleWorkerMain.java:69)
	at worker.org.gradle.process.internal.worker.GradleWorkerMain.main(GradleWorkerMain.java:74)
</failure>
  </testcase>
  <system-out><![CDATA[Request URI:	https://restful-booker.herokuapp.com/booking
Body:			<none>
Request URI:	https://restful-booker.herokuapp.com/booking?limit=10
Body:			<none>
[
    {
        "bookingid": 485
    },
    {
        "bookingid": 4498
    },
    {
        "bookingid": 2106
    },
    {
        "bookingid": 1696
    },
    {
        "bookingid": 3422
    },
    {
        "bookingid": 3335
    },
    {
        "bookingid": 1490
    },
    {
        "bookingid": 713
    },
    {
        "bookingid": 1374
    },
    {
        "bookingid": 2757
    },
    {
        "bookingid": 4484
    },
    {
        "bookingid": 1714
    },
    {
        "bookingid": 1475
    },
    {
        "bookingid": 1799
    },
    {
        "bookingid": 4474
    },
    {
        "bookingid": 1459
    },
    {
        "bookingid": 5
    },
    {
        "bookingid": 4080
    },
    {
        "bookingid": 3810
    },
    {
        "bookingid": 3380
    },
    {
        "bookingid": 1712
    },
    {
        "bookingid": 3393
    },
    {
        "bookingid": 4908
    },
    {
        "bookingid": 3372
    },
    {
        "bookingid": 995
    },
    {
        "bookingid": 783
    },
    {
        "bookingid": 605
    },
    {
        "bookingid": 1389
    },
    {
        "bookingid": 40
    },
    {
        "bookingid": 1494
    },
    {
        "bookingid": 3445
    },
    {
        "bookingid": 4707
    },
    {
        "bookingid": 1819
    },
    {
        "bookingid": 1151
    },
    {
        "bookingid": 2602
    },
    {
        "bookingid": 1457
    },
    {
        "bookingid": 3351
    },
    {
        "bookingid": 297
    },
    {
        "bookingid": 4740
    },
    {
        "bookingid": 1788
    },
    {
        "bookingid": 920
    },
    {
        "bookingid": 2158
    },
    {
        "bookingid": 4284
    },
    {
        "bookingid": 4910
    },
    {
        "bookingid": 1419
    },
    {
        "bookingid": 4432
    },
    {
        "bookingid": 2351
    },
    {
        "bookingid": 584
    },
    {
        "bookingid": 1656
    },
    {
        "bookingid": 480
    },
    {
        "bookingid": 4795
    },
    {
        "bookingid": 5358
    },
    {
        "bookingid": 2621
    },
    {
        "bookingid": 222
    },
    {
        "bookingid": 4035
    },
    {
        "bookingid": 497
    },
    {
        "bookingid": 5284
    },
    {
        "bookingid": 5006
    },
    {
        "bookingid": 3386
    },
    {
        "bookingid": 209
    },
    {
        "bookingid": 1139
    },
    {
        "bookingid": 5047
    },
    {
        "bookingid": 3970
    },
    {
        "bookingid": 5143
    },
    {
        "bookingid": 2549
    },
    {
        "bookingid": 3733
    },
    {
        "bookingid": 139
    },
    {
        "bookingid": 2463
    },
    {
        "bookingid": 983
    },
    {
        "bookingid": 678
    },
    {
        "bookingid": 2252
    },
    {
        "bookingid": 1263
    },
    {
        "bookingid": 2921
    },
    {
        "bookingid": 4360
    },
    {
        "bookingid": 445
    },
    {
        "bookingid": 2603
    },
    {
        "bookingid": 3382
    },
    {
        "bookingid": 1126
    },
    {
        "bookingid": 1311
    },
    {
        "bookingid": 2767
    },
    {
        "bookingid": 1252
    },
    {
        "bookingid": 1319
    },
    {
        "bookingid": 5289
    },
    {
        "bookingid": 198
    },
    {
        "bookingid": 291
    },
    {
        "bookingid": 5243
    },
    {
        "bookingid": 3032
    },
    {
        "bookingid": 2842
    },
    {
        "bookingid": 3158
    },
    {
        "bookingid": 3805
    },
    {
        "bookingid": 4612
    },
    {
        "bookingid": 3544
    },
    {
        "bookingid": 177
    },
    {
        "bookingid": 67
    },
    {
        "bookingid": 1802
    },
    {
        "bookingid": 2381
    },
    {
        "bookingid": 105
    },
    {
        "bookingid": 2852
    },
    {
        "bookingid": 5105
    },
    {
        "bookingid": 2308
    },
    {
        "bookingid": 5214
    },
    {
        "bookingid": 1677
    },
    {
        "bookingid": 3729
    },
    {
        "bookingid": 3485
    },
    {
        "bookingid": 4019
    },
    {
        "bookingid": 3155
    },
    {
        "bookingid": 4174
    },
    {
        "bookingid": 2286
    },
    {
        "bookingid": 5029
    },
    {
        "bookingid": 1717
    },
    {
        "bookingid": 2728
    },
    {
        "bookingid": 2016
    },
    {
        "bookingid": 4172
    },
    {
        "bookingid": 1905
    },
    {
        "bookingid": 3302
    },
    {
        "bookingid": 503
    },
    {
        "bookingid": 2890
    },
    {
        "bookingid": 3882
    },
    {
        "bookingid": 2468
    },
    {
        "bookingid": 2163
    },
    {
        "bookingid": 1009
    },
    {
        "bookingid": 3643
    },
    {
        "bookingid": 2790
    },
    {
        "bookingid": 3534
    },
    {
        "bookingid": 1899
    },
    {
        "bookingid": 2561
    },
    {
        "bookingid": 2689
    },
    {
        "bookingid": 581
    },
    {
        "bookingid": 4303
    },
    {
        "bookingid": 4512
    },
    {
        "bookingid": 3649
    },
    {
        "bookingid": 5135
    },
    {
        "bookingid": 873
    },
    {
        "bookingid": 1776
    },
    {
        "bookingid": 4670
    },
    {
        "bookingid": 610
    },
    {
        "bookingid": 1429
    },
    {
        "bookingid": 2801
    },
    {
        "bookingid": 2146
    },
    {
        "bookingid": 5213
    },
    {
        "bookingid": 190
    },
    {
        "bookingid": 2247
    },
    {
        "bookingid": 4374
    },
    {
        "bookingid": 504
    },
    {
        "bookingid": 4064
    },
    {
        "bookingid": 4524
    },
    {
        "bookingid": 3606
    },
    {
        "bookingid": 1424
    },
    {
        "bookingid": 147
    },
    {
        "bookingid": 4893
    },
    {
        "bookingid": 366
    },
    {
        "bookingid": 4566
    },
    {
        "bookingid": 3868
    },
    {
        "bookingid": 782
    },
    {
        "bookingid": 4395
    },
    {
        "bookingid": 1185
    },
    {
        "bookingid": 5022
    },
    {
        "bookingid": 1394
    },
    {
        "bookingid": 1545
    },
    {
        "bookingid": 2527
    },
    {
        "bookingid": 3149
    },
    {
        "bookingid": 1217
    },
    {
        "bookingid": 1313
    },
    {
        "bookingid": 5287
    },
    {
        "bookingid": 187
    },
    {
        "bookingid": 942
    },
    {
        "bookingid": 1204
    },
    {
        "bookingid": 2011
    },
    {
        "bookingid": 4527
    },
    {
        "bookingid": 5002
    },
    {
        "bookingid": 104
    },
    {
        "bookingid": 4448
    },
    {
        "bookingid": 1258
    },
    {
        "bookingid": 4195
    },
    {
        "bookingid": 4734
    },
    {
        "bookingid": 4322
    },
    {
        "bookingid": 3613
    },
    {
        "bookingid": 3765
    },
    {
        "bookingid": 1261
    },
    {
        "bookingid": 3863
    },
    {
        "bookingid": 3281
    },
    {
        "bookingid": 3803
    },
    {
        "bookingid": 2709
    },
    {
        "bookingid": 4653
    },
    {
        "bookingid": 4368
    },
    {
        "bookingid": 5238
    },
    {
        "bookingid": 5109
    },
    {
        "bookingid": 4648
    },
    {
        "bookingid": 3209
    },
    {
        "bookingid": 2457
    },
    {
        "bookingid": 411
    },
    {
        "bookingid": 1935
    },
    {
        "bookingid": 1307
    },
    {
        "bookingid": 278
    },
    {
        "bookingid": 1956
    },
    {
        "bookingid": 92
    },
    {
        "bookingid": 2539
    },
    {
        "bookingid": 2167
    },
    {
        "bookingid": 3462
    },
    {
        "bookingid": 3492
    },
    {
        "bookingid": 1848
    },
    {
        "bookingid": 4293
    },
    {
        "bookingid": 897
    },
    {
        "bookingid": 3365
    },
    {
        "bookingid": 709
    },
    {
        "bookingid": 4746
    },
    {
        "bookingid": 699
    },
    {
        "bookingid": 95
    },
    {
        "bookingid": 5172
    },
    {
        "bookingid": 3640
    },
    {
        "bookingid": 3261
    },
    {
        "bookingid": 1304
    },
    {
        "bookingid": 3735
    },
    {
        "bookingid": 196
    },
    {
        "bookingid": 3128
    },
    {
        "bookingid": 132
    },
    {
        "bookingid": 3504
    },
    {
        "bookingid": 185
    },
    {
        "bookingid": 937
    },
    {
        "bookingid": 1951
    },
    {
        "bookingid": 603
    },
    {
        "bookingid": 4666
    },
    {
        "bookingid": 4227
    },
    {
        "bookingid": 3176
    },
    {
        "bookingid": 517
    },
    {
        "bookingid": 2711
    },
    {
        "bookingid": 2642
    },
    {
        "bookingid": 3170
    },
    {
        "bookingid": 3250
    },
    {
        "bookingid": 2888
    },
    {
        "bookingid": 1318
    },
    {
        "bookingid": 2796
    },
    {
        "bookingid": 1212
    },
    {
        "bookingid": 4833
    },
    {
        "bookingid": 5321
    },
    {
        "bookingid": 4091
    },
    {
        "bookingid": 1434
    },
    {
        "bookingid": 1867
    },
    {
        "bookingid": 3922
    },
    {
        "bookingid": 2793
    },
    {
        "bookingid": 1970
    },
    {
        "bookingid": 2883
    },
    {
        "bookingid": 1968
    },
    {
        "bookingid": 814
    },
    {
        "bookingid": 3681
    },
    {
        "bookingid": 1760
    },
    {
        "bookingid": 112
    },
    {
        "bookingid": 4964
    },
    {
        "bookingid": 315
    },
    {
        "bookingid": 4571
    },
    {
        "bookingid": 3873
    },
    {
        "bookingid": 5212
    },
    {
        "bookingid": 2090
    },
    {
        "bookingid": 493
    },
    {
        "bookingid": 5391
    },
    {
        "bookingid": 2370
    },
    {
        "bookingid": 3195
    },
    {
        "bookingid": 3768
    },
    {
        "bookingid": 3153
    },
    {
        "bookingid": 5200
    },
    {
        "bookingid": 1130
    },
    {
        "bookingid": 3223
    },
    {
        "bookingid": 1023
    },
    {
        "bookingid": 2744
    },
    {
        "bookingid": 4521
    },
    {
        "bookingid": 24
    },
    {
        "bookingid": 2312
    },
    {
        "bookingid": 5453
    },
    {
        "bookingid": 1474
    },
    {
        "bookingid": 1237
    },
    {
        "bookingid": 3327
    },
    {
        "bookingid": 1771
    },
    {
        "bookingid": 2742
    },
    {
        "bookingid": 1616
    },
    {
        "bookingid": 702
    },
    {
        "bookingid": 1093
    },
    {
        "bookingid": 3843
    },
    {
        "bookingid": 2317
    },
    {
        "bookingid": 1112
    },
    {
        "bookingid": 1109
    },
    {
        "bookingid": 1839
    },
    {
        "bookingid": 4129
    },
    {
        "bookingid": 3902
    },
    {
        "bookingid": 5154
    },
    {
        "bookingid": 3267
    },
    {
        "bookingid": 3981
    },
    {
        "bookingid": 903
    },
    {
        "bookingid": 4345
    },
    {
        "bookingid": 704
    },
    {
        "bookingid": 1132
    },
    {
        "bookingid": 387
    },
    {
        "bookingid": 4060
    },
    {
        "bookingid": 1889
    },
    {
        "bookingid": 5353
    },
    {
        "bookingid": 1409
    },
    {
        "bookingid": 4385
    },
    {
        "bookingid": 2869
    },
    {
        "bookingid": 1428
    },
    {
        "bookingid": 4832
    },
    {
        "bookingid": 1177
    },
    {
        "bookingid": 421
    },
    {
        "bookingid": 650
    },
    {
        "bookingid": 5159
    },
    {
        "bookingid": 5226
    },
    {
        "bookingid": 63
    },
    {
        "bookingid": 3892
    },
    {
        "bookingid": 1506
    },
    {
        "bookingid": 1978
    },
    {
        "bookingid": 19
    },
    {
        "bookingid": 2836
    },
    {
        "bookingid": 1411
    },
    {
        "bookingid": 191
    },
    {
        "bookingid": 1930
    },
    {
        "bookingid": 3961
    },
    {
        "bookingid": 1759
    },
    {
        "bookingid": 168
    },
    {
        "bookingid": 3027
    },
    {
        "bookingid": 108
    },
    {
        "bookingid": 2198
    },
    {
        "bookingid": 3745
    },
    {
        "bookingid": 7
    },
    {
        "bookingid": 697
    },
    {
        "bookingid": 148
    },
    {
        "bookingid": 2626
    },
    {
        "bookingid": 4167
    },
    {
        "bookingid": 2482
    },
    {
        "bookingid": 2902
    },
    {
        "bookingid": 2882
    },
    {
        "bookingid": 488
    },
    {
        "bookingid": 815
    },
    {
        "bookingid": 5151
    },
    {
        "bookingid": 2137
    },
    {
        "bookingid": 4209
    },
    {
        "bookingid": 4271
    },
    {
        "bookingid": 3119
    },
    {
        "bookingid": 393
    },
    {
        "bookingid": 1927
    },
    {
        "bookingid": 5462
    },
    {
        "bookingid": 1779
    },
    {
        "bookingid": 453
    },
    {
        "bookingid": 1169
    },
    {
        "bookingid": 4775
    },
    {
        "bookingid": 2775
    },
    {
        "bookingid": 789
    },
    {
        "bookingid": 751
    },
    {
        "bookingid": 5415
    },
    {
        "bookingid": 2522
    },
    {
        "bookingid": 4352
    },
    {
        "bookingid": 3676
    },
    {
        "bookingid": 950
    },
    {
        "bookingid": 3199
    },
    {
        "bookingid": 2217
    },
    {
        "bookingid": 4158
    },
    {
        "bookingid": 2951
    },
    {
        "bookingid": 4320
    },
    {
        "bookingid": 2994
    },
    {
        "bookingid": 3097
    },
    {
        "bookingid": 4085
    },
    {
        "bookingid": 1270
    },
    {
        "bookingid": 2797
    },
    {
        "bookingid": 1573
    },
    {
        "bookingid": 5042
    },
    {
        "bookingid": 401
    },
    {
        "bookingid": 1780
    },
    {
        "bookingid": 3040
    },
    {
        "bookingid": 4375
    },
    {
        "bookingid": 4304
    },
    {
        "bookingid": 5297
    },
    {
        "bookingid": 679
    },
    {
        "bookingid": 4402
    },
    {
        "bookingid": 3284
    },
    {
        "bookingid": 289
    },
    {
        "bookingid": 4731
    },
    {
        "bookingid": 52
    },
    {
        "bookingid": 2306
    },
    {
        "bookingid": 2203
    },
    {
        "bookingid": 4829
    },
    {
        "bookingid": 5091
    },
    {
        "bookingid": 5193
    },
    {
        "bookingid": 3595
    },
    {
        "bookingid": 4763
    },
    {
        "bookingid": 489
    },
    {
        "bookingid": 4228
    },
    {
        "bookingid": 4714
    },
    {
        "bookingid": 1437
    },
    {
        "bookingid": 5299
    },
    {
        "bookingid": 1436
    },
    {
        "bookingid": 4139
    },
    {
        "bookingid": 3114
    },
    {
        "bookingid": 4998
    },
    {
        "bookingid": 4860
    },
    {
        "bookingid": 4682
    },
    {
        "bookingid": 5333
    },
    {
        "bookingid": 4133
    },
    {
        "bookingid": 2080
    },
    {
        "bookingid": 4401
    },
    {
        "bookingid": 3500
    },
    {
        "bookingid": 2246
    },
    {
        "bookingid": 4945
    },
    {
        "bookingid": 1857
    },
    {
        "bookingid": 2557
    },
    {
        "bookingid": 5040
    },
    {
        "bookingid": 3401
    },
    {
        "bookingid": 916
    },
    {
        "bookingid": 1478
    },
    {
        "bookingid": 3493
    },
    {
        "bookingid": 4678
    },
    {
        "bookingid": 1792
    },
    {
        "bookingid": 5330
    },
    {
        "bookingid": 4097
    },
    {
        "bookingid": 2776
    },
    {
        "bookingid": 3781
    },
    {
        "bookingid": 2925
    },
    {
        "bookingid": 3790
    },
    {
        "bookingid": 1845
    },
    {
        "bookingid": 5413
    },
    {
        "bookingid": 3778
    },
    {
        "bookingid": 5275
    },
    {
        "bookingid": 1644
    },
    {
        "bookingid": 1025
    },
    {
        "bookingid": 1723
    },
    {
        "bookingid": 726
    },
    {
        "bookingid": 4886
    },
    {
        "bookingid": 2445
    },
    {
        "bookingid": 3700
    },
    {
        "bookingid": 1495
    },
    {
        "bookingid": 3043
    },
    {
        "bookingid": 715
    },
    {
        "bookingid": 3679
    },
    {
        "bookingid": 4144
    },
    {
        "bookingid": 1530
    },
    {
        "bookingid": 5142
    },
    {
        "bookingid": 2904
    },
    {
        "bookingid": 1670
    },
    {
        "bookingid": 3597
    },
    {
        "bookingid": 4422
    },
    {
        "bookingid": 2655
    },
    {
        "bookingid": 1650
    },
    {
        "bookingid": 2047
    },
    {
        "bookingid": 750
    },
    {
        "bookingid": 2371
    },
    {
        "bookingid": 2732
    },
    {
        "bookingid": 4572
    },
    {
        "bookingid": 2955
    },
    {
        "bookingid": 4286
    },
    {
        "bookingid": 578
    },
    {
        "bookingid": 835
    },
    {
        "bookingid": 955
    },
    {
        "bookingid": 866
    },
    {
        "bookingid": 1385
    },
    {
        "bookingid": 367
    },
    {
        "bookingid": 4371
    },
    {
        "bookingid": 4482
    },
    {
        "bookingid": 757
    },
    {
        "bookingid": 2478
    },
    {
        "bookingid": 1368
    },
    {
        "bookingid": 352
    },
    {
        "bookingid": 240
    },
    {
        "bookingid": 5013
    },
    {
        "bookingid": 638
    },
    {
        "bookingid": 3648
    },
    {
        "bookingid": 2860
    },
    {
        "bookingid": 1812
    },
    {
        "bookingid": 4581
    },
    {
        "bookingid": 3197
    },
    {
        "bookingid": 2458
    },
    {
        "bookingid": 4634
    },
    {
        "bookingid": 886
    },
    {
        "bookingid": 3826
    },
    {
        "bookingid": 1773
    },
    {
        "bookingid": 5277
    },
    {
        "bookingid": 3253
    },
    {
        "bookingid": 1902
    },
    {
        "bookingid": 4146
    },
    {
        "bookingid": 1054
    },
    {
        "bookingid": 840
    },
    {
        "bookingid": 1331
    },
    {
        "bookingid": 4217
    },
    {
        "bookingid": 5400
    },
    {
        "bookingid": 3081
    },
    {
        "bookingid": 2165
    },
    {
        "bookingid": 2480
    },
    {
        "bookingid": 2109
    },
    {
        "bookingid": 1662
    },
    {
        "bookingid": 2196
    },
    {
        "bookingid": 2280
    },
    {
        "bookingid": 1829
    },
    {
        "bookingid": 120
    },
    {
        "bookingid": 3403
    },
    {
        "bookingid": 2639
    },
    {
        "bookingid": 1906
    },
    {
        "bookingid": 5392
    },
    {
        "bookingid": 4732
    },
    {
        "bookingid": 3832
    },
    {
        "bookingid": 3404
    },
    {
        "bookingid": 2329
    },
    {
        "bookingid": 1121
    },
    {
        "bookingid": 2506
    },
    {
        "bookingid": 3794
    },
    {
        "bookingid": 807
    },
    {
        "bookingid": 3089
    },
    {
        "bookingid": 4614
    },
    {
        "bookingid": 4437
    },
    {
        "bookingid": 1920
    },
    {
        "bookingid": 1632
    },
    {
        "bookingid": 3533
    },
    {
        "bookingid": 14
    },
    {
        "bookingid": 774
    },
    {
        "bookingid": 4996
    },
    {
        "bookingid": 1189
    },
    {
        "bookingid": 2619
    },
    {
        "bookingid": 2083
    },
    {
        "bookingid": 2092
    },
    {
        "bookingid": 4421
    },
    {
        "bookingid": 3467
    },
    {
        "bookingid": 5025
    },
    {
        "bookingid": 2538
    },
    {
        "bookingid": 659
    },
    {
        "bookingid": 2218
    },
    {
        "bookingid": 4675
    },
    {
        "bookingid": 3566
    },
    {
        "bookingid": 3565
    },
    {
        "bookingid": 4810
    },
    {
        "bookingid": 2328
    },
    {
        "bookingid": 17
    },
    {
        "bookingid": 4606
    },
    {
        "bookingid": 5425
    },
    {
        "bookingid": 2791
    },
    {
        "bookingid": 3749
    },
    {
        "bookingid": 3906
    },
    {
        "bookingid": 754
    },
    {
        "bookingid": 3118
    },
    {
        "bookingid": 2485
    },
    {
        "bookingid": 4661
    },
    {
        "bookingid": 705
    },
    {
        "bookingid": 4820
    },
    {
        "bookingid": 1406
    },
    {
        "bookingid": 5294
    },
    {
        "bookingid": 3840
    },
    {
        "bookingid": 1142
    },
    {
        "bookingid": 2243
    },
    {
        "bookingid": 767
    },
    {
        "bookingid": 189
    },
    {
        "bookingid": 5372
    },
    {
        "bookingid": 4283
    },
    {
        "bookingid": 2969
    },
    {
        "bookingid": 1466
    },
    {
        "bookingid": 2488
    },
    {
        "bookingid": 951
    },
    {
        "bookingid": 1783
    },
    {
        "bookingid": 2679
    },
    {
        "bookingid": 1610
    },
    {
        "bookingid": 4920
    },
    {
        "bookingid": 1500
    },
    {
        "bookingid": 4300
    },
    {
        "bookingid": 310
    },
    {
        "bookingid": 5292
    },
    {
        "bookingid": 4690
    },
    {
        "bookingid": 2872
    },
    {
        "bookingid": 5432
    },
    {
        "bookingid": 307
    },
    {
        "bookingid": 4615
    },
    {
        "bookingid": 1219
    },
    {
        "bookingid": 3804
    },
    {
        "bookingid": 1949
    },
    {
        "bookingid": 2674
    },
    {
        "bookingid": 1038
    },
    {
        "bookingid": 3311
    },
    {
        "bookingid": 5360
    },
    {
        "bookingid": 2043
    },
    {
        "bookingid": 5257
    },
    {
        "bookingid": 5008
    },
    {
        "bookingid": 3943
    },
    {
        "bookingid": 5147
    },
    {
        "bookingid": 1953
    },
    {
        "bookingid": 2209
    },
    {
        "bookingid": 2112
    },
    {
        "bookingid": 3052
    },
    {
        "bookingid": 4631
    },
    {
        "bookingid": 519
    },
    {
        "bookingid": 830
    },
    {
        "bookingid": 2558
    },
    {
        "bookingid": 3844
    },
    {
        "bookingid": 1642
    },
    {
        "bookingid": 2405
    },
    {
        "bookingid": 910
    },
    {
        "bookingid": 982
    },
    {
        "bookingid": 3521
    },
    {
        "bookingid": 3944
    },
    {
        "bookingid": 4236
    },
    {
        "bookingid": 609
    },
    {
        "bookingid": 1004
    },
    {
        "bookingid": 4878
    },
    {
        "bookingid": 4891
    },
    {
        "bookingid": 5332
    },
    {
        "bookingid": 2232
    },
    {
        "bookingid": 4179
    },
    {
        "bookingid": 4809
    },
    {
        "bookingid": 441
    },
    {
        "bookingid": 91
    },
    {
        "bookingid": 2410
    },
    {
        "bookingid": 1480
    },
    {
        "bookingid": 1678
    },
    {
        "bookingid": 2851
    },
    {
        "bookingid": 4600
    },
    {
        "bookingid": 4318
    },
    {
        "bookingid": 1919
    },
    {
        "bookingid": 2451
    },
    {
        "bookingid": 427
    },
    {
        "bookingid": 4265
    },
    {
        "bookingid": 4969
    },
    {
        "bookingid": 544
    },
    {
        "bookingid": 1187
    },
    {
        "bookingid": 1365
    },
    {
        "bookingid": 5114
    },
    {
        "bookingid": 4399
    },
    {
        "bookingid": 880
    },
    {
        "bookingid": 184
    },
    {
        "bookingid": 4664
    },
    {
        "bookingid": 2896
    },
    {
        "bookingid": 4009
    },
    {
        "bookingid": 4602
    },
    {
        "bookingid": 3229
    },
    {
        "bookingid": 3469
    },
    {
        "bookingid": 1686
    },
    {
        "bookingid": 5224
    },
    {
        "bookingid": 3950
    },
    {
        "bookingid": 4335
    },
    {
        "bookingid": 3536
    },
    {
        "bookingid": 331
    },
    {
        "bookingid": 423
    },
    {
        "bookingid": 76
    },
    {
        "bookingid": 1503
    },
    {
        "bookingid": 2967
    },
    {
        "bookingid": 2486
    },
    {
        "bookingid": 1595
    },
    {
        "bookingid": 4885
    },
    {
        "bookingid": 1280
    },
    {
        "bookingid": 4515
    },
    {
        "bookingid": 4688
    },
    {
        "bookingid": 3439
    },
    {
        "bookingid": 3495
    },
    {
        "bookingid": 3096
    },
    {
        "bookingid": 3264
    },
    {
        "bookingid": 2035
    },
    {
        "bookingid": 4370
    },
    {
        "bookingid": 5071
    },
    {
        "bookingid": 2057
    },
    {
        "bookingid": 1118
    },
    {
        "bookingid": 4717
    },
    {
        "bookingid": 1913
    },
    {
        "bookingid": 2523
    },
    {
        "bookingid": 3851
    },
    {
        "bookingid": 3415
    },
    {
        "bookingid": 2025
    },
    {
        "bookingid": 3580
    },
    {
        "bookingid": 3038
    },
    {
        "bookingid": 36
    },
    {
        "bookingid": 2900
    },
    {
        "bookingid": 339
    },
    {
        "bookingid": 2667
    },
    {
        "bookingid": 1202
    },
    {
        "bookingid": 2250
    },
    {
        "bookingid": 4247
    },
    {
        "bookingid": 3009
    },
    {
        "bookingid": 1699
    },
    {
        "bookingid": 2337
    },
    {
        "bookingid": 1853
    },
    {
        "bookingid": 1954
    },
    {
        "bookingid": 2692
    },
    {
        "bookingid": 4171
    },
    {
        "bookingid": 1826
    },
    {
        "bookingid": 3664
    },
    {
        "bookingid": 4903
    },
    {
        "bookingid": 4704
    },
    {
        "bookingid": 2963
    },
    {
        "bookingid": 3780
    },
    {
        "bookingid": 4002
    },
    {
        "bookingid": 10
    },
    {
        "bookingid": 449
    },
    {
        "bookingid": 5460
    },
    {
        "bookingid": 2344
    },
    {
        "bookingid": 577
    },
    {
        "bookingid": 1790
    },
    {
        "bookingid": 129
    },
    {
        "bookingid": 3546
    },
    {
        "bookingid": 4793
    },
    {
        "bookingid": 2972
    },
    {
        "bookingid": 1513
    },
    {
        "bookingid": 3898
    },
    {
        "bookingid": 3815
    },
    {
        "bookingid": 2550
    },
    {
        "bookingid": 2494
    },
    {
        "bookingid": 3910
    },
    {
        "bookingid": 3392
    },
    {
        "bookingid": 1015
    },
    {
        "bookingid": 4379
    },
    {
        "bookingid": 2918
    },
    {
        "bookingid": 4258
    },
    {
        "bookingid": 1674
    },
    {
        "bookingid": 2547
    },
    {
        "bookingid": 3511
    },
    {
        "bookingid": 2292
    },
    {
        "bookingid": 3067
    },
    {
        "bookingid": 397
    },
    {
        "bookingid": 3522
    },
    {
        "bookingid": 1986
    },
    {
        "bookingid": 4973
    },
    {
        "bookingid": 4591
    },
    {
        "bookingid": 1294
    },
    {
        "bookingid": 4713
    },
    {
        "bookingid": 3519
    },
    {
        "bookingid": 1734
    },
    {
        "bookingid": 2848
    },
    {
        "bookingid": 1958
    },
    {
        "bookingid": 4204
    },
    {
        "bookingid": 47
    },
    {
        "bookingid": 3068
    },
    {
        "bookingid": 2513
    },
    {
        "bookingid": 4966
    },
    {
        "bookingid": 1225
    },
    {
        "bookingid": 1884
    },
    {
        "bookingid": 3275
    },
    {
        "bookingid": 3687
    },
    {
        "bookingid": 4435
    },
    {
        "bookingid": 3214
    },
    {
        "bookingid": 2500
    },
    {
        "bookingid": 4084
    },
    {
        "bookingid": 1917
    },
    {
        "bookingid": 3044
    },
    {
        "bookingid": 3256
    },
    {
        "bookingid": 431
    },
    {
        "bookingid": 2036
    },
    {
        "bookingid": 1985
    },
    {
        "bookingid": 5116
    },
    {
        "bookingid": 3473
    },
    {
        "bookingid": 1376
    },
    {
        "bookingid": 2442
    },
    {
        "bookingid": 2140
    },
    {
        "bookingid": 1600
    },
    {
        "bookingid": 414
    },
    {
        "bookingid": 4736
    },
    {
        "bookingid": 2224
    },
    {
        "bookingid": 685
    },
    {
        "bookingid": 5286
    },
    {
        "bookingid": 2283
    },
    {
        "bookingid": 658
    },
    {
        "bookingid": 5073
    },
    {
        "bookingid": 1108
    },
    {
        "bookingid": 2630
    },
    {
        "bookingid": 3712
    },
    {
        "bookingid": 1596
    },
    {
        "bookingid": 1286
    },
    {
        "bookingid": 4918
    },
    {
        "bookingid": 777
    },
    {
        "bookingid": 4071
    },
    {
        "bookingid": 2880
    },
    {
        "bookingid": 862
    },
    {
        "bookingid": 3340
    },
    {
        "bookingid": 2362
    },
    {
        "bookingid": 2301
    },
    {
        "bookingid": 2384
    },
    {
        "bookingid": 3226
    },
    {
        "bookingid": 3896
    },
    {
        "bookingid": 4267
    },
    {
        "bookingid": 1504
    },
    {
        "bookingid": 587
    },
    {
        "bookingid": 756
    },
    {
        "bookingid": 242
    },
    {
        "bookingid": 5122
    },
    {
        "bookingid": 2349
    },
    {
        "bookingid": 1510
    },
    {
        "bookingid": 440
    },
    {
        "bookingid": 2122
    },
    {
        "bookingid": 3064
    },
    {
        "bookingid": 2184
    },
    {
        "bookingid": 1438
    },
    {
        "bookingid": 3818
    },
    {
        "bookingid": 5048
    },
    {
        "bookingid": 4841
    },
    {
        "bookingid": 1959
    },
    {
        "bookingid": 4245
    },
    {
        "bookingid": 734
    },
    {
        "bookingid": 744
    },
    {
        "bookingid": 4671
    },
    {
        "bookingid": 1578
    },
    {
        "bookingid": 3296
    },
    {
        "bookingid": 3813
    },
    {
        "bookingid": 2568
    },
    {
        "bookingid": 3824
    },
    {
        "bookingid": 2129
    },
    {
        "bookingid": 3730
    },
    {
        "bookingid": 256
    },
    {
        "bookingid": 3254
    },
    {
        "bookingid": 2659
    },
    {
        "bookingid": 64
    },
    {
        "bookingid": 3338
    },
    {
        "bookingid": 3025
    },
    {
        "bookingid": 2954
    },
    {
        "bookingid": 1887
    },
    {
        "bookingid": 4686
    },
    {
        "bookingid": 5268
    },
    {
        "bookingid": 1402
    },
    {
        "bookingid": 4493
    },
    {
        "bookingid": 1749
    },
    {
        "bookingid": 3535
    },
    {
        "bookingid": 5041
    },
    {
        "bookingid": 2374
    },
    {
        "bookingid": 1205
    },
    {
        "bookingid": 2544
    },
    {
        "bookingid": 4518
    },
    {
        "bookingid": 5445
    },
    {
        "bookingid": 192
    },
    {
        "bookingid": 3574
    },
    {
        "bookingid": 3326
    },
    {
        "bookingid": 3438
    },
    {
        "bookingid": 3308
    },
    {
        "bookingid": 1707
    },
    {
        "bookingid": 3650
    },
    {
        "bookingid": 4539
    },
    {
        "bookingid": 2583
    },
    {
        "bookingid": 2049
    },
    {
        "bookingid": 2376
    },
    {
        "bookingid": 312
    },
    {
        "bookingid": 1687
    },
    {
        "bookingid": 4165
    },
    {
        "bookingid": 4296
    },
    {
        "bookingid": 2407
    },
    {
        "bookingid": 2227
    },
    {
        "bookingid": 2989
    },
    {
        "bookingid": 3228
    },
    {
        "bookingid": 3938
    },
    {
        "bookingid": 4579
    },
    {
        "bookingid": 546
    },
    {
        "bookingid": 896
    },
    {
        "bookingid": 58
    },
    {
        "bookingid": 4443
    },
    {
        "bookingid": 4941
    },
    {
        "bookingid": 5180
    },
    {
        "bookingid": 796
    },
    {
        "bookingid": 3520
    },
    {
        "bookingid": 462
    },
    {
        "bookingid": 265
    },
    {
        "bookingid": 3260
    },
    {
        "bookingid": 1742
    },
    {
        "bookingid": 2530
    },
    {
        "bookingid": 1262
    },
    {
        "bookingid": 1529
    },
    {
        "bookingid": 518
    },
    {
        "bookingid": 2104
    },
    {
        "bookingid": 4160
    },
    {
        "bookingid": 1030
    },
    {
        "bookingid": 1336
    },
    {
        "bookingid": 1414
    },
    {
        "bookingid": 2968
    },
    {
        "bookingid": 2947
    },
    {
        "bookingid": 623
    },
    {
        "bookingid": 5253
    },
    {
        "bookingid": 4667
    },
    {
        "bookingid": 606
    },
    {
        "bookingid": 1159
    },
    {
        "bookingid": 5361
    },
    {
        "bookingid": 2429
    },
    {
        "bookingid": 3699
    },
    {
        "bookingid": 1617
    },
    {
        "bookingid": 212
    },
    {
        "bookingid": 4607
    },
    {
        "bookingid": 3098
    },
    {
        "bookingid": 1751
    },
    {
        "bookingid": 2716
    },
    {
        "bookingid": 4826
    },
    {
        "bookingid": 820
    },
    {
        "bookingid": 3293
    },
    {
        "bookingid": 372
    },
    {
        "bookingid": 3232
    },
    {
        "bookingid": 34
    },
    {
        "bookingid": 4110
    },
    {
        "bookingid": 3890
    },
    {
        "bookingid": 753
    },
    {
        "bookingid": 2432
    },
    {
        "bookingid": 2898
    },
    {
        "bookingid": 214
    },
    {
        "bookingid": 5169
    },
    {
        "bookingid": 3045
    },
    {
        "bookingid": 1663
    },
    {
        "bookingid": 3290
    },
    {
        "bookingid": 5382
    },
    {
        "bookingid": 4212
    },
    {
        "bookingid": 2208
    },
    {
        "bookingid": 3564
    },
    {
        "bookingid": 4372
    },
    {
        "bookingid": 533
    },
    {
        "bookingid": 2190
    },
    {
        "bookingid": 1647
    },
    {
        "bookingid": 1654
    },
    {
        "bookingid": 2986
    },
    {
        "bookingid": 2706
    },
    {
        "bookingid": 574
    },
    {
        "bookingid": 2206
    },
    {
        "bookingid": 3705
    },
    {
        "bookingid": 3821
    },
    {
        "bookingid": 1752
    },
    {
        "bookingid": 51
    },
    {
        "bookingid": 563
    },
    {
        "bookingid": 4787
    },
    {
        "bookingid": 1099
    },
    {
        "bookingid": 670
    },
    {
        "bookingid": 5150
    },
    {
        "bookingid": 21
    },
    {
        "bookingid": 2957
    },
    {
        "bookingid": 4120
    },
    {
        "bookingid": 1571
    },
    {
        "bookingid": 3767
    },
    {
        "bookingid": 4439
    },
    {
        "bookingid": 4761
    },
    {
        "bookingid": 48
    },
    {
        "bookingid": 3367
    },
    {
        "bookingid": 905
    },
    {
        "bookingid": 2295
    },
    {
        "bookingid": 1542
    },
    {
        "bookingid": 4733
    },
    {
        "bookingid": 5345
    },
    {
        "bookingid": 3569
    },
    {
        "bookingid": 4117
    },
    {
        "bookingid": 5264
    },
    {
        "bookingid": 2438
    },
    {
        "bookingid": 2285
    },
    {
        "bookingid": 2474
    },
    {
        "bookingid": 608
    },
    {
        "bookingid": 961
    },
    {
        "bookingid": 4470
    },
    {
        "bookingid": 3558
    },
    {
        "bookingid": 4788
    },
    {
        "bookingid": 1789
    },
    {
        "bookingid": 1446
    },
    {
        "bookingid": 4601
    },
    {
        "bookingid": 20
    },
    {
        "bookingid": 5269
    },
    {
        "bookingid": 762
    },
    {
        "bookingid": 3442
    },
    {
        "bookingid": 708
    },
    {
        "bookingid": 1301
    },
    {
        "bookingid": 476
    },
    {
        "bookingid": 2573
    },
    {
        "bookingid": 2616
    },
    {
        "bookingid": 357
    },
    {
        "bookingid": 853
    },
    {
        "bookingid": 4857
    },
    {
        "bookingid": 1174
    },
    {
        "bookingid": 1991
    },
    {
        "bookingid": 1316
    },
    {
        "bookingid": 588
    },
    {
        "bookingid": 964
    },
    {
        "bookingid": 1231
    },
    {
        "bookingid": 4190
    },
    {
        "bookingid": 2702
    },
    {
        "bookingid": 1810
    },
    {
        "bookingid": 4626
    },
    {
        "bookingid": 4242
    },
    {
        "bookingid": 144
    },
    {
        "bookingid": 3217
    },
    {
        "bookingid": 2223
    },
    {
        "bookingid": 18
    },
    {
        "bookingid": 5108
    },
    {
        "bookingid": 1210
    },
    {
        "bookingid": 4724
    },
    {
        "bookingid": 4420
    },
    {
        "bookingid": 5411
    },
    {
        "bookingid": 831
    },
    {
        "bookingid": 508
    },
    {
        "bookingid": 501
    },
    {
        "bookingid": 4499
    },
    {
        "bookingid": 2683
    },
    {
        "bookingid": 3273
    },
    {
        "bookingid": 5343
    },
    {
        "bookingid": 364
    },
    {
        "bookingid": 1969
    },
    {
        "bookingid": 1912
    },
    {
        "bookingid": 2352
    },
    {
        "bookingid": 84
    },
    {
        "bookingid": 3590
    },
    {
        "bookingid": 5441
    },
    {
        "bookingid": 2075
    },
    {
        "bookingid": 4367
    },
    {
        "bookingid": 2935
    },
    {
        "bookingid": 4526
    },
    {
        "bookingid": 124
    },
    {
        "bookingid": 4024
    },
    {
        "bookingid": 3413
    },
    {
        "bookingid": 5418
    },
    {
        "bookingid": 3476
    },
    {
        "bookingid": 2517
    },
    {
        "bookingid": 4680
    },
    {
        "bookingid": 5037
    },
    {
        "bookingid": 2565
    },
    {
        "bookingid": 4874
    },
    {
        "bookingid": 1356
    },
    {
        "bookingid": 2251
    },
    {
        "bookingid": 933
    },
    {
        "bookingid": 965
    },
    {
        "bookingid": 2763
    },
    {
        "bookingid": 3945
    },
    {
        "bookingid": 3375
    },
    {
        "bookingid": 319
    },
    {
        "bookingid": 2684
    },
    {
        "bookingid": 845
    },
    {
        "bookingid": 5347
    },
    {
        "bookingid": 2391
    },
    {
        "bookingid": 3102
    },
    {
        "bookingid": 3130
    },
    {
        "bookingid": 3795
    },
    {
        "bookingid": 4610
    },
    {
        "bookingid": 5428
    },
    {
        "bookingid": 268
    },
    {
        "bookingid": 615
    },
    {
        "bookingid": 651
    },
    {
        "bookingid": 1607
    },
    {
        "bookingid": 2162
    },
    {
        "bookingid": 2005
    },
    {
        "bookingid": 4016
    },
    {
        "bookingid": 5348
    },
    {
        "bookingid": 1852
    },
    {
        "bookingid": 353
    },
    {
        "bookingid": 2142
    },
    {
        "bookingid": 1743
    },
    {
        "bookingid": 2300
    },
    {
        "bookingid": 1323
    },
    {
        "bookingid": 3157
    },
    {
        "bookingid": 163
    },
    {
        "bookingid": 2212
    },
    {
        "bookingid": 2464
    },
    {
        "bookingid": 1847
    },
    {
        "bookingid": 2118
    },
    {
        "bookingid": 4895
    },
    {
        "bookingid": 2056
    },
    {
        "bookingid": 1048
    },
    {
        "bookingid": 4428
    },
    {
        "bookingid": 2226
    },
    {
        "bookingid": 4806
    },
    {
        "bookingid": 2034
    },
    {
        "bookingid": 1914
    },
    {
        "bookingid": 4850
    },
    {
        "bookingid": 691
    },
    {
        "bookingid": 761
    },
    {
        "bookingid": 1794
    },
    {
        "bookingid": 2450
    },
    {
        "bookingid": 2520
    },
    {
        "bookingid": 3259
    },
    {
        "bookingid": 27
    },
    {
        "bookingid": 2870
    },
    {
        "bookingid": 4495
    },
    {
        "bookingid": 4543
    },
    {
        "bookingid": 5129
    },
    {
        "bookingid": 3146
    },
    {
        "bookingid": 5446
    },
    {
        "bookingid": 3662
    },
    {
        "bookingid": 3171
    },
    {
        "bookingid": 2148
    },
    {
        "bookingid": 2263
    },
    {
        "bookingid": 1648
    },
    {
        "bookingid": 1179
    },
    {
        "bookingid": 2125
    },
    {
        "bookingid": 564
    },
    {
        "bookingid": 4562
    },
    {
        "bookingid": 5158
    },
    {
        "bookingid": 1701
    },
    {
        "bookingid": 1395
    },
    {
        "bookingid": 4933
    },
    {
        "bookingid": 5300
    },
    {
        "bookingid": 2524
    },
    {
        "bookingid": 2640
    },
    {
        "bookingid": 4083
    },
    {
        "bookingid": 4872
    },
    {
        "bookingid": 5155
    },
    {
        "bookingid": 3251
    },
    {
        "bookingid": 391
    },
    {
        "bookingid": 2875
    },
    {
        "bookingid": 3862
    },
    {
        "bookingid": 1079
    },
    {
        "bookingid": 3757
    },
    {
        "bookingid": 2682
    },
    {
        "bookingid": 531
    },
    {
        "bookingid": 3479
    },
    {
        "bookingid": 1965
    },
    {
        "bookingid": 1077
    },
    {
        "bookingid": 4613
    },
    {
        "bookingid": 1485
    },
    {
        "bookingid": 2629
    },
    {
        "bookingid": 1782
    },
    {
        "bookingid": 1213
    },
    {
        "bookingid": 2044
    },
    {
        "bookingid": 1704
    },
    {
        "bookingid": 231
    },
    {
        "bookingid": 59
    },
    {
        "bookingid": 1668
    },
    {
        "bookingid": 2424
    },
    {
        "bookingid": 2786
    },
    {
        "bookingid": 3689
    },
    {
        "bookingid": 4178
    },
    {
        "bookingid": 4934
    },
    {
        "bookingid": 3246
    },
    {
        "bookingid": 5440
    },
    {
        "bookingid": 3018
    },
    {
        "bookingid": 1750
    },
    {
        "bookingid": 2254
    },
    {
        "bookingid": 1896
    },
    {
        "bookingid": 1133
    },
    {
        "bookingid": 4504
    },
    {
        "bookingid": 2587
    },
    {
        "bookingid": 1193
    },
    {
        "bookingid": 438
    },
    {
        "bookingid": 5120
    },
    {
        "bookingid": 3006
    },
    {
        "bookingid": 1816
    },
    {
        "bookingid": 239
    },
    {
        "bookingid": 3526
    },
    {
        "bookingid": 4692
    },
    {
        "bookingid": 5189
    },
    {
        "bookingid": 183
    },
    {
        "bookingid": 1014
    },
    {
        "bookingid": 2681
    },
    {
        "bookingid": 719
    },
    {
        "bookingid": 4944
    },
    {
        "bookingid": 997
    },
    {
        "bookingid": 4156
    },
    {
        "bookingid": 5118
    },
    {
        "bookingid": 1334
    },
    {
        "bookingid": 821
    },
    {
        "bookingid": 4223
    },
    {
        "bookingid": 1043
    },
    {
        "bookingid": 550
    },
    {
        "bookingid": 474
    },
    {
        "bookingid": 3233
    },
    {
        "bookingid": 4828
    },
    {
        "bookingid": 4762
    },
    {
        "bookingid": 4010
    },
    {
        "bookingid": 5034
    },
    {
        "bookingid": 2819
    },
    {
        "bookingid": 4045
    },
    {
        "bookingid": 2314
    },
    {
        "bookingid": 1923
    },
    {
        "bookingid": 2515
    },
    {
        "bookingid": 3636
    },
    {
        "bookingid": 2051
    },
    {
        "bookingid": 4703
    },
    {
        "bookingid": 4502
    },
    {
        "bookingid": 711
    },
    {
        "bookingid": 3984
    },
    {
        "bookingid": 3167
    },
    {
        "bookingid": 3396
    },
    {
        "bookingid": 4173
    },
    {
        "bookingid": 4722
    },
    {
        "bookingid": 3973
    },
    {
        "bookingid": 622
    },
    {
        "bookingid": 299
    },
    {
        "bookingid": 1241
    },
    {
        "bookingid": 2028
    },
    {
        "bookingid": 4362
    },
    {
        "bookingid": 2022
    },
    {
        "bookingid": 2399
    },
    {
        "bookingid": 5341
    },
    {
        "bookingid": 3828
    },
    {
        "bookingid": 3667
    },
    {
        "bookingid": 4359
    },
    {
        "bookingid": 450
    },
    {
        "bookingid": 5227
    },
    {
        "bookingid": 1337
    },
    {
        "bookingid": 5352
    },
    {
        "bookingid": 1868
    },
    {
        "bookingid": 2290
    },
    {
        "bookingid": 5092
    },
    {
        "bookingid": 917
    },
    {
        "bookingid": 304
    },
    {
        "bookingid": 228
    },
    {
        "bookingid": 410
    },
    {
        "bookingid": 3900
    },
    {
        "bookingid": 5018
    },
    {
        "bookingid": 1557
    },
    {
        "bookingid": 1098
    },
    {
        "bookingid": 4939
    },
    {
        "bookingid": 598
    },
    {
        "bookingid": 4754
    },
    {
        "bookingid": 2000
    },
    {
        "bookingid": 1472
    },
    {
        "bookingid": 4580
    },
    {
        "bookingid": 3131
    },
    {
        "bookingid": 5056
    },
    {
        "bookingid": 3463
    },
    {
        "bookingid": 4743
    },
    {
        "bookingid": 4390
    },
    {
        "bookingid": 2069
    },
    {
        "bookingid": 800
    },
    {
        "bookingid": 3946
    },
    {
        "bookingid": 1599
    },
    {
        "bookingid": 3530
    },
    {
        "bookingid": 1795
    },
    {
        "bookingid": 3110
    },
    {
        "bookingid": 4844
    },
    {
        "bookingid": 1407
    },
    {
        "bookingid": 1085
    },
    {
        "bookingid": 1071
    },
    {
        "bookingid": 5231
    },
    {
        "bookingid": 479
    },
    {
        "bookingid": 3656
    },
    {
        "bookingid": 2723
    },
    {
        "bookingid": 4350
    },
    {
        "bookingid": 5160
    },
    {
        "bookingid": 4739
    },
    {
        "bookingid": 5325
    },
    {
        "bookingid": 2210
    },
    {
        "bookingid": 2177
    },
    {
        "bookingid": 2987
    },
    {
        "bookingid": 1195
    },
    {
        "bookingid": 5208
    },
    {
        "bookingid": 714
    },
    {
        "bookingid": 4477
    },
    {
        "bookingid": 4817
    },
    {
        "bookingid": 1957
    },
    {
        "bookingid": 4737
    },
    {
        "bookingid": 4608
    },
    {
        "bookingid": 5455
    },
    {
        "bookingid": 405
    },
    {
        "bookingid": 3936
    },
    {
        "bookingid": 3499
    },
    {
        "bookingid": 1516
    },
    {
        "bookingid": 417
    },
    {
        "bookingid": 1836
    },
    {
        "bookingid": 652
    },
    {
        "bookingid": 3909
    },
    {
        "bookingid": 4198
    },
    {
        "bookingid": 23
    },
    {
        "bookingid": 75
    },
    {
        "bookingid": 1232
    },
    {
        "bookingid": 1890
    },
    {
        "bookingid": 4567
    },
    {
        "bookingid": 5366
    },
    {
        "bookingid": 1375
    },
    {
        "bookingid": 458
    },
    {
        "bookingid": 4340
    },
    {
        "bookingid": 4044
    },
    {
        "bookingid": 72
    },
    {
        "bookingid": 3080
    },
    {
        "bookingid": 1962
    },
    {
        "bookingid": 4038
    },
    {
        "bookingid": 3975
    },
    {
        "bookingid": 1641
    },
    {
        "bookingid": 4646
    },
    {
        "bookingid": 1410
    },
    {
        "bookingid": 3489
    },
    {
        "bookingid": 1467
    },
    {
        "bookingid": 1092
    },
    {
        "bookingid": 1585
    },
    {
        "bookingid": 4823
    },
    {
        "bookingid": 5036
    },
    {
        "bookingid": 2598
    },
    {
        "bookingid": 2856
    },
    {
        "bookingid": 4812
    },
    {
        "bookingid": 551
    },
    {
        "bookingid": 2459
    },
    {
        "bookingid": 4978
    },
    {
        "bookingid": 2688
    },
    {
        "bookingid": 4090
    },
    {
        "bookingid": 4550
    },
    {
        "bookingid": 4700
    },
    {
        "bookingid": 4102
    },
    {
        "bookingid": 2734
    },
    {
        "bookingid": 4028
    },
    {
        "bookingid": 2393
    },
    {
        "bookingid": 4327
    },
    {
        "bookingid": 3421
    },
    {
        "bookingid": 2718
    },
    {
        "bookingid": 990
    },
    {
        "bookingid": 1462
    },
    {
        "bookingid": 797
    },
    {
        "bookingid": 3461
    },
    {
        "bookingid": 5079
    },
    {
        "bookingid": 1076
    },
    {
        "bookingid": 1837
    },
    {
        "bookingid": 1667
    },
    {
        "bookingid": 5007
    },
    {
        "bookingid": 4535
    },
    {
        "bookingid": 2353
    },
    {
        "bookingid": 1412
    },
    {
        "bookingid": 3299
    },
    {
        "bookingid": 5185
    },
    {
        "bookingid": 4189
    },
    {
        "bookingid": 3062
    },
    {
        "bookingid": 4596
    },
    {
        "bookingid": 3920
    },
    {
        "bookingid": 4658
    },
    {
        "bookingid": 3402
    },
    {
        "bookingid": 4984
    },
    {
        "bookingid": 3416
    },
    {
        "bookingid": 4659
    },
    {
        "bookingid": 252
    },
    {
        "bookingid": 223
    },
    {
        "bookingid": 22
    },
    {
        "bookingid": 4835
    },
    {
        "bookingid": 5422
    },
    {
        "bookingid": 4919
    },
    {
        "bookingid": 2839
    },
    {
        "bookingid": 355
    },
    {
        "bookingid": 3957
    },
    {
        "bookingid": 2649
    },
    {
        "bookingid": 4466
    },
    {
        "bookingid": 764
    },
    {
        "bookingid": 1730
    },
    {
        "bookingid": 5250
    },
    {
        "bookingid": 2437
    },
    {
        "bookingid": 4827
    },
    {
        "bookingid": 1352
    },
    {
        "bookingid": 3287
    },
    {
        "bookingid": 2297
    },
    {
        "bookingid": 2660
    },
    {
        "bookingid": 2363
    },
    {
        "bookingid": 2939
    },
    {
        "bookingid": 542
    },
    {
        "bookingid": 5283
    },
    {
        "bookingid": 436
    },
    {
        "bookingid": 2503
    },
    {
        "bookingid": 4480
    },
    {
        "bookingid": 594
    },
    {
        "bookingid": 5307
    },
    {
        "bookingid": 468
    },
    {
        "bookingid": 4230
    },
    {
        "bookingid": 1907
    },
    {
        "bookingid": 3796
    },
    {
        "bookingid": 3734
    },
    {
        "bookingid": 4938
    },
    {
        "bookingid": 3022
    },
    {
        "bookingid": 3645
    },
    {
        "bookingid": 4358
    },
    {
        "bookingid": 5381
    },
    {
        "bookingid": 2533
    },
    {
        "bookingid": 5035
    },
    {
        "bookingid": 3381
    },
    {
        "bookingid": 1705
    },
    {
        "bookingid": 3997
    },
    {
        "bookingid": 5336
    },
    {
        "bookingid": 399
    },
    {
        "bookingid": 1620
    },
    {
        "bookingid": 3486
    },
    {
        "bookingid": 2977
    },
    {
        "bookingid": 3095
    },
    {
        "bookingid": 217
    },
    {
        "bookingid": 5267
    },
    {
        "bookingid": 323
    },
    {
        "bookingid": 1148
    },
    {
        "bookingid": 4505
    },
    {
        "bookingid": 128
    },
    {
        "bookingid": 3152
    },
    {
        "bookingid": 2677
    },
    {
        "bookingid": 1122
    },
    {
        "bookingid": 1037
    },
    {
        "bookingid": 170
    },
    {
        "bookingid": 322
    },
    {
        "bookingid": 3940
    },
    {
        "bookingid": 3669
    },
    {
        "bookingid": 257
    },
    {
        "bookingid": 1306
    },
    {
        "bookingid": 1558
    },
    {
        "bookingid": 4201
    },
    {
        "bookingid": 2156
    },
    {
        "bookingid": 3106
    },
    {
        "bookingid": 4957
    },
    {
        "bookingid": 1929
    },
    {
        "bookingid": 4709
    },
    {
        "bookingid": 1626
    },
    {
        "bookingid": 2004
    },
    {
        "bookingid": 2269
    },
    {
        "bookingid": 3847
    },
    {
        "bookingid": 123
    },
    {
        "bookingid": 785
    },
    {
        "bookingid": 3754
    },
    {
        "bookingid": 2541
    },
    {
        "bookingid": 4523
    },
    {
        "bookingid": 138
    },
    {
        "bookingid": 4568
    },
    {
        "bookingid": 2891
    },
    {
        "bookingid": 2309
    },
    {
        "bookingid": 5117
    },
    {
        "bookingid": 5067
    },
    {
        "bookingid": 2065
    },
    {
        "bookingid": 827
    },
    {
        "bookingid": 4706
    },
    {
        "bookingid": 1083
    },
    {
        "bookingid": 4187
    },
    {
        "bookingid": 1266
    },
    {
        "bookingid": 1442
    },
    {
        "bookingid": 1001
    },
    {
        "bookingid": 3383
    },
    {
        "bookingid": 328
    },
    {
        "bookingid": 4971
    },
    {
        "bookingid": 243
    },
    {
        "bookingid": 1305
    },
    {
        "bookingid": 5152
    },
    {
        "bookingid": 316
    },
    {
        "bookingid": 3187
    },
    {
        "bookingid": 3552
    },
    {
        "bookingid": 1458
    },
    {
        "bookingid": 2402
    },
    {
        "bookingid": 4357
    },
    {
        "bookingid": 2172
    },
    {
        "bookingid": 1453
    },
    {
        "bookingid": 3992
    },
    {
        "bookingid": 648
    },
    {
        "bookingid": 3101
    },
    {
        "bookingid": 4510
    },
    {
        "bookingid": 3812
    },
    {
        "bookingid": 1149
    },
    {
        "bookingid": 861
    },
    {
        "bookingid": 3426
    },
    {
        "bookingid": 2779
    },
    {
        "bookingid": 2048
    },
    {
        "bookingid": 5178
    },
    {
        "bookingid": 3609
    },
    {
        "bookingid": 4890
    },
    {
        "bookingid": 2467
    },
    {
        "bookingid": 1583
    },
    {
        "bookingid": 3121
    },
    {
        "bookingid": 5403
    },
    {
        "bookingid": 5357
    },
    {
        "bookingid": 4769
    },
    {
        "bookingid": 5362
    },
    {
        "bookingid": 1766
    },
    {
        "bookingid": 151
    },
    {
        "bookingid": 369
    },
    {
        "bookingid": 2038
    },
    {
        "bookingid": 246
    },
    {
        "bookingid": 3577
    },
    {
        "bookingid": 1447
    },
    {
        "bookingid": 5342
    },
    {
        "bookingid": 4530
    },
    {
        "bookingid": 3937
    },
    {
        "bookingid": 3431
    },
    {
        "bookingid": 3193
    },
    {
        "bookingid": 4555
    },
    {
        "bookingid": 2607
    },
    {
        "bookingid": 842
    },
    {
        "bookingid": 660
    },
    {
        "bookingid": 430
    },
    {
        "bookingid": 2680
    },
    {
        "bookingid": 1074
    },
    {
        "bookingid": 4590
    },
    {
        "bookingid": 2586
    },
    {
        "bookingid": 1256
    },
    {
        "bookingid": 2738
    },
    {
        "bookingid": 1622
    },
    {
        "bookingid": 5319
    },
    {
        "bookingid": 262
    },
    {
        "bookingid": 5100
    },
    {
        "bookingid": 3057
    },
    {
        "bookingid": 3725
    },
    {
        "bookingid": 4789
    },
    {
        "bookingid": 5220
    },
    {
        "bookingid": 5420
    },
    {
        "bookingid": 1793
    },
    {
        "bookingid": 4726
    },
    {
        "bookingid": 4698
    },
    {
        "bookingid": 71
    },
    {
        "bookingid": 735
    },
    {
        "bookingid": 1702
    },
    {
        "bookingid": 601
    },
    {
        "bookingid": 4647
    },
    {
        "bookingid": 3238
    },
    {
        "bookingid": 4729
    },
    {
        "bookingid": 3186
    },
    {
        "bookingid": 559
    },
    {
        "bookingid": 3357
    },
    {
        "bookingid": 2435
    },
    {
        "bookingid": 2567
    },
    {
        "bookingid": 4561
    },
    {
        "bookingid": 4619
    },
    {
        "bookingid": 5093
    },
    {
        "bookingid": 385
    },
    {
        "bookingid": 2715
    },
    {
        "bookingid": 3985
    },
    {
        "bookingid": 2593
    },
    {
        "bookingid": 3077
    },
    {
        "bookingid": 1515
    },
    {
        "bookingid": 5335
    },
    {
        "bookingid": 2840
    },
    {
        "bookingid": 1729
    },
    {
        "bookingid": 731
    },
    {
        "bookingid": 4061
    },
    {
        "bookingid": 2017
    },
    {
        "bookingid": 4674
    },
    {
        "bookingid": 969
    },
    {
        "bookingid": 1539
    },
    {
        "bookingid": 4533
    },
    {
        "bookingid": 461
    },
    {
        "bookingid": 2411
    },
    {
        "bookingid": 3123
    },
    {
        "bookingid": 1413
    },
    {
        "bookingid": 2386
    },
    {
        "bookingid": 2940
    },
    {
        "bookingid": 3161
    },
    {
        "bookingid": 4589
    },
    {
        "bookingid": 3397
    },
    {
        "bookingid": 2012
    },
    {
        "bookingid": 1566
    },
    {
        "bookingid": 4426
    },
    {
        "bookingid": 406
    },
    {
        "bookingid": 596
    },
    {
        "bookingid": 4392
    },
    {
        "bookingid": 9
    },
    {
        "bookingid": 2449
    },
    {
        "bookingid": 4838
    },
    {
        "bookingid": 5452
    },
    {
        "bookingid": 1651
    },
    {
        "bookingid": 2548
    },
    {
        "bookingid": 637
    },
    {
        "bookingid": 3953
    },
    {
        "bookingid": 4468
    },
    {
        "bookingid": 1533
    },
    {
        "bookingid": 4986
    },
    {
        "bookingid": 5128
    },
    {
        "bookingid": 5439
    },
    {
        "bookingid": 2641
    },
    {
        "bookingid": 1060
    },
    {
        "bookingid": 1612
    },
    {
        "bookingid": 808
    },
    {
        "bookingid": 3407
    },
    {
        "bookingid": 358
    },
    {
        "bookingid": 2422
    },
    {
        "bookingid": 3736
    },
    {
        "bookingid": 2296
    },
    {
        "bookingid": 515
    },
    {
        "bookingid": 532
    },
    {
        "bookingid": 1290
    },
    {
        "bookingid": 1992
    },
    {
        "bookingid": 1635
    },
    {
        "bookingid": 1745
    },
    {
        "bookingid": 3964
    },
    {
        "bookingid": 1741
    },
    {
        "bookingid": 5049
    },
    {
        "bookingid": 631
    },
    {
        "bookingid": 2552
    },
    {
        "bookingid": 2006
    },
    {
        "bookingid": 4037
    },
    {
        "bookingid": 2446
    },
    {
        "bookingid": 918
    },
    {
        "bookingid": 3678
    },
    {
        "bookingid": 2009
    },
    {
        "bookingid": 4899
    },
    {
        "bookingid": 1016
    },
    {
        "bookingid": 3094
    },
    {
        "bookingid": 3817
    },
    {
        "bookingid": 833
    },
    {
        "bookingid": 90
    },
    {
        "bookingid": 3871
    },
    {
        "bookingid": 2810
    },
    {
        "bookingid": 3652
    },
    {
        "bookingid": 2865
    },
    {
        "bookingid": 5245
    },
    {
        "bookingid": 3634
    },
    {
        "bookingid": 3425
    },
    {
        "bookingid": 1355
    },
    {
        "bookingid": 1525
    },
    {
        "bookingid": 858
    },
    {
        "bookingid": 3727
    },
    {
        "bookingid": 3453
    },
    {
        "bookingid": 2612
    },
    {
        "bookingid": 3861
    },
    {
        "bookingid": 1328
    },
    {
        "bookingid": 3993
    },
    {
        "bookingid": 2710
    },
    {
        "bookingid": 1570
    },
    {
        "bookingid": 1894
    },
    {
        "bookingid": 3316
    },
    {
        "bookingid": 4766
    },
    {
        "bookingid": 432
    },
    {
        "bookingid": 4847
    },
    {
        "bookingid": 779
    },
    {
        "bookingid": 1695
    },
    {
        "bookingid": 1340
    },
    {
        "bookingid": 2123
    },
    {
        "bookingid": 494
    },
    {
        "bookingid": 1445
    },
    {
        "bookingid": 4122
    },
    {
        "bookingid": 3661
    },
    {
        "bookingid": 2675
    },
    {
        "bookingid": 3163
    },
    {
        "bookingid": 1377
    },
    {
        "bookingid": 2074
    },
    {
        "bookingid": 5164
    },
    {
        "bookingid": 5447
    },
    {
        "bookingid": 2440
    },
    {
        "bookingid": 4290
    },
    {
        "bookingid": 1777
    },
    {
        "bookingid": 2417
    },
    {
        "bookingid": 3628
    },
    {
        "bookingid": 4574
    },
    {
        "bookingid": 3979
    },
    {
        "bookingid": 5123
    },
    {
        "bookingid": 2001
    },
    {
        "bookingid": 3837
    },
    {
        "bookingid": 1155
    },
    {
        "bookingid": 2026
    },
    {
        "bookingid": 3854
    },
    {
        "bookingid": 4127
    },
    {
        "bookingid": 3684
    },
    {
        "bookingid": 2960
    },
    {
        "bookingid": 3196
    },
    {
        "bookingid": 2346
    },
    {
        "bookingid": 4877
    },
    {
        "bookingid": 4855
    },
    {
        "bookingid": 502
    },
    {
        "bookingid": 2277
    },
    {
        "bookingid": 1226
    },
    {
        "bookingid": 701
    },
    {
        "bookingid": 1036
    },
    {
        "bookingid": 3091
    },
    {
        "bookingid": 3446
    },
    {
        "bookingid": 5247
    },
    {
        "bookingid": 869
    },
    {
        "bookingid": 2936
    },
    {
        "bookingid": 2274
    },
    {
        "bookingid": 3454
    },
    {
        "bookingid": 1484
    },
    {
        "bookingid": 4744
    },
    {
        "bookingid": 3575
    },
    {
        "bookingid": 5311
    },
    {
        "bookingid": 229
    },
    {
        "bookingid": 2748
    },
    {
        "bookingid": 1289
    },
    {
        "bookingid": 1979
    },
    {
        "bookingid": 1104
    },
    {
        "bookingid": 3323
    },
    {
        "bookingid": 4544
    },
    {
        "bookingid": 3548
    },
    {
        "bookingid": 3602
    },
    {
        "bookingid": 2481
    },
    {
        "bookingid": 1718
    },
    {
        "bookingid": 3205
    },
    {
        "bookingid": 3589
    },
    {
        "bookingid": 446
    },
    {
        "bookingid": 642
    },
    {
        "bookingid": 1973
    },
    {
        "bookingid": 2824
    },
    {
        "bookingid": 3905
    },
    {
        "bookingid": 5102
    },
    {
        "bookingid": 5385
    },
    {
        "bookingid": 4723
    },
    {
        "bookingid": 1692
    },
    {
        "bookingid": 3899
    },
    {
        "bookingid": 5368
    },
    {
        "bookingid": 4078
    },
    {
        "bookingid": 1131
    },
    {
        "bookingid": 3227
    },
    {
        "bookingid": 2664
    },
    {
        "bookingid": 1469
    },
    {
        "bookingid": 3672
    },
    {
        "bookingid": 5023
    },
    {
        "bookingid": 1242
    },
    {
        "bookingid": 3409
    },
    {
        "bookingid": 3310
    },
    {
        "bookingid": 1863
    },
    {
        "bookingid": 4445
    },
    {
        "bookingid": 157
    },
    {
        "bookingid": 2231
    },
    {
        "bookingid": 760
    },
    {
        "bookingid": 4781
    },
    {
        "bookingid": 1347
    },
    {
        "bookingid": 220
    },
    {
        "bookingid": 3849
    },
    {
        "bookingid": 3132
    },
    {
        "bookingid": 772
    },
    {
        "bookingid": 2809
    },
    {
        "bookingid": 4720
    },
    {
        "bookingid": 3942
    },
    {
        "bookingid": 1097
    },
    {
        "bookingid": 4992
    },
    {
        "bookingid": 3484
    },
    {
        "bookingid": 1540
    },
    {
        "bookingid": 1598
    },
    {
        "bookingid": 2634
    },
    {
        "bookingid": 373
    },
    {
        "bookingid": 118
    },
    {
        "bookingid": 2489
    },
    {
        "bookingid": 4026
    },
    {
        "bookingid": 4108
    },
    {
        "bookingid": 3013
    },
    {
        "bookingid": 236
    },
    {
        "bookingid": 3001
    },
    {
        "bookingid": 4491
    },
    {
        "bookingid": 5365
    },
    {
        "bookingid": 3024
    },
    {
        "bookingid": 4818
    },
    {
        "bookingid": 4479
    },
    {
        "bookingid": 2235
    },
    {
        "bookingid": 1563
    },
    {
        "bookingid": 1547
    },
    {
        "bookingid": 4702
    },
    {
        "bookingid": 4694
    },
    {
        "bookingid": 1157
    },
    {
        "bookingid": 1272
    },
    {
        "bookingid": 424
    },
    {
        "bookingid": 4753
    },
    {
        "bookingid": 4050
    },
    {
        "bookingid": 2173
    },
    {
        "bookingid": 1535
    },
    {
        "bookingid": 2516
    },
    {
        "bookingid": 1731
    },
    {
        "bookingid": 4721
    },
    {
        "bookingid": 5338
    },
    {
        "bookingid": 89
    },
    {
        "bookingid": 590
    },
    {
        "bookingid": 511
    },
    {
        "bookingid": 3838
    },
    {
        "bookingid": 2121
    },
    {
        "bookingid": 566
    },
    {
        "bookingid": 1888
    },
    {
        "bookingid": 4751
    },
    {
        "bookingid": 4205
    },
    {
        "bookingid": 1737
    },
    {
        "bookingid": 2427
    },
    {
        "bookingid": 4563
    },
    {
        "bookingid": 2332
    },
    {
        "bookingid": 3603
    },
    {
        "bookingid": 4135
    },
    {
        "bookingid": 3616
    },
    {
        "bookingid": 4298
    },
    {
        "bookingid": 2421
    },
    {
        "bookingid": 5080
    },
    {
        "bookingid": 980
    },
    {
        "bookingid": 2769
    },
    {
        "bookingid": 871
    },
    {
        "bookingid": 361
    },
    {
        "bookingid": 3750
    },
    {
        "bookingid": 1996
    },
    {
        "bookingid": 1838
    },
    {
        "bookingid": 717
    },
    {
        "bookingid": 97
    },
    {
        "bookingid": 2340
    },
    {
        "bookingid": 3436
    },
    {
        "bookingid": 2795
    },
    {
        "bookingid": 976
    },
    {
        "bookingid": 3329
    },
    {
        "bookingid": 4155
    },
    {
        "bookingid": 4056
    },
    {
        "bookingid": 330
    },
    {
        "bookingid": 3347
    },
    {
        "bookingid": 3468
    },
    {
        "bookingid": 1089
    },
    {
        "bookingid": 2455
    },
    {
        "bookingid": 2238
    },
    {
        "bookingid": 4184
    },
    {
        "bookingid": 802
    },
    {
        "bookingid": 4274
    },
    {
        "bookingid": 135
    },
    {
        "bookingid": 2658
    },
    {
        "bookingid": 1379
    },
    {
        "bookingid": 5075
    },
    {
        "bookingid": 3352
    },
    {
        "bookingid": 1161
    },
    {
        "bookingid": 1881
    },
    {
        "bookingid": 944
    },
    {
        "bookingid": 1507
    },
    {
        "bookingid": 3215
    },
    {
        "bookingid": 3758
    },
    {
        "bookingid": 1592
    },
    {
        "bookingid": 2785
    },
    {
        "bookingid": 3631
    },
    {
        "bookingid": 5298
    },
    {
        "bookingid": 1218
    },
    {
        "bookingid": 38
    },
    {
        "bookingid": 6
    },
    {
        "bookingid": 3459
    },
    {
        "bookingid": 1051
    },
    {
        "bookingid": 4137
    },
    {
        "bookingid": 5005
    },
    {
        "bookingid": 1611
    },
    {
        "bookingid": 1964
    },
    {
        "bookingid": 5430
    },
    {
        "bookingid": 4260
    },
    {
        "bookingid": 632
    },
    {
        "bookingid": 616
    },
    {
        "bookingid": 3361
    },
    {
        "bookingid": 3711
    },
    {
        "bookingid": 3977
    },
    {
        "bookingid": 264
    },
    {
        "bookingid": 4642
    },
    {
        "bookingid": 4166
    },
    {
        "bookingid": 495
    },
    {
        "bookingid": 3
    },
    {
        "bookingid": 3074
    },
    {
        "bookingid": 3967
    },
    {
        "bookingid": 1934
    },
    {
        "bookingid": 3191
    },
    {
        "bookingid": 2542
    },
    {
        "bookingid": 499
    },
    {
        "bookingid": 5146
    },
    {
        "bookingid": 1824
    },
    {
        "bookingid": 4879
    },
    {
        "bookingid": 4447
    },
    {
        "bookingid": 3245
    },
    {
        "bookingid": 4153
    },
    {
        "bookingid": 2161
    },
    {
        "bookingid": 5077
    },
    {
        "bookingid": 2673
    },
    {
        "bookingid": 3389
    },
    {
        "bookingid": 4947
    },
    {
        "bookingid": 739
    },
    {
        "bookingid": 3437
    },
    {
        "bookingid": 5410
    },
    {
        "bookingid": 2498
    },
    {
        "bookingid": 1293
    },
    {
        "bookingid": 3480
    },
    {
        "bookingid": 259
    },
    {
        "bookingid": 872
    },
    {
        "bookingid": 2772
    },
    {
        "bookingid": 560
    },
    {
        "bookingid": 1827
    },
    {
        "bookingid": 5402
    },
    {
        "bookingid": 1807
    },
    {
        "bookingid": 87
    },
    {
        "bookingid": 2368
    },
    {
        "bookingid": 2982
    },
    {
        "bookingid": 255
    },
    {
        "bookingid": 2082
    },
    {
        "bookingid": 1332
    },
    {
        "bookingid": 4981
    },
    {
        "bookingid": 644
    },
    {
        "bookingid": 1396
    },
    {
        "bookingid": 5110
    },
    {
        "bookingid": 136
    },
    {
        "bookingid": 4121
    },
    {
        "bookingid": 2627
    },
    {
        "bookingid": 2476
    },
    {
        "bookingid": 249
    },
    {
        "bookingid": 4138
    },
    {
        "bookingid": 3578
    },
    {
        "bookingid": 3244
    },
    {
        "bookingid": 4308
    },
    {
        "bookingid": 3926
    },
    {
        "bookingid": 3931
    },
    {
        "bookingid": 1937
    },
    {
        "bookingid": 4207
    },
    {
        "bookingid": 2746
    },
    {
        "bookingid": 5134
    },
    {
        "bookingid": 1798
    },
    {
        "bookingid": 1191
    },
    {
        "bookingid": 2130
    },
    {
        "bookingid": 4845
    },
    {
        "bookingid": 1115
    },
    {
        "bookingid": 3702
    },
    {
        "bookingid": 3108
    },
    {
        "bookingid": 555
    },
    {
        "bookingid": 2953
    },
    {
        "bookingid": 2909
    },
    {
        "bookingid": 2670
    },
    {
        "bookingid": 500
    },
    {
        "bookingid": 13
    },
    {
        "bookingid": 4500
    },
    {
        "bookingid": 3630
    },
    {
        "bookingid": 218
    },
    {
        "bookingid": 4541
    },
    {
        "bookingid": 3309
    },
    {
        "bookingid": 2113
    },
    {
        "bookingid": 2383
    },
    {
        "bookingid": 3173
    },
    {
        "bookingid": 3515
    },
    {
        "bookingid": 854
    },
    {
        "bookingid": 2303
    },
    {
        "bookingid": 3104
    },
    {
        "bookingid": 694
    },
    {
        "bookingid": 1421
    },
    {
        "bookingid": 4386
    },
    {
        "bookingid": 3753
    },
    {
        "bookingid": 375
    },
    {
        "bookingid": 4124
    },
    {
        "bookingid": 1764
    },
    {
        "bookingid": 2491
    },
    {
        "bookingid": 4982
    },
    {
        "bookingid": 5106
    },
    {
        "bookingid": 142
    },
    {
        "bookingid": 4406
    },
    {
        "bookingid": 1524
    },
    {
        "bookingid": 159
    },
    {
        "bookingid": 2884
    },
    {
        "bookingid": 2699
    },
    {
        "bookingid": 1882
    },
    {
        "bookingid": 1245
    },
    {
        "bookingid": 1859
    },
    {
        "bookingid": 1173
    },
    {
        "bookingid": 5112
    },
    {
        "bookingid": 611
    },
    {
        "bookingid": 5031
    },
    {
        "bookingid": 666
    },
    {
        "bookingid": 2439
    },
    {
        "bookingid": 2916
    },
    {
        "bookingid": 2323
    },
    {
        "bookingid": 4270
    },
    {
        "bookingid": 269
    },
    {
        "bookingid": 5261
    },
    {
        "bookingid": 1275
    },
    {
        "bookingid": 736
    },
    {
        "bookingid": 2219
    },
    {
        "bookingid": 723
    },
    {
        "bookingid": 2648
    },
    {
        "bookingid": 3137
    },
    {
        "bookingid": 5181
    },
    {
        "bookingid": 155
    },
    {
        "bookingid": 4115
    },
    {
        "bookingid": 2079
    },
    {
        "bookingid": 5448
    },
    {
        "bookingid": 195
    },
    {
        "bookingid": 806
    },
    {
        "bookingid": 2119
    },
    {
        "bookingid": 2469
    },
    {
        "bookingid": 5305
    },
    {
        "bookingid": 729
    },
    {
        "bookingid": 4604
    },
    {
        "bookingid": 5252
    },
    {
        "bookingid": 543
    },
    {
        "bookingid": 435
    },
    {
        "bookingid": 4588
    },
    {
        "bookingid": 1878
    },
    {
        "bookingid": 3639
    },
    {
        "bookingid": 655
    },
    {
        "bookingid": 1722
    },
    {
        "bookingid": 946
    },
    {
        "bookingid": 83
    },
    {
        "bookingid": 5463
    },
    {
        "bookingid": 4281
    },
    {
        "bookingid": 347
    },
    {
        "bookingid": 3333
    },
    {
        "bookingid": 1116
    },
    {
        "bookingid": 3785
    },
    {
        "bookingid": 418
    },
    {
        "bookingid": 3087
    },
    {
        "bookingid": 156
    },
    {
        "bookingid": 4220
    },
    {
        "bookingid": 3374
    },
    {
        "bookingid": 1657
    },
    {
        "bookingid": 4768
    },
    {
        "bookingid": 101
    },
    {
        "bookingid": 1349
    },
    {
        "bookingid": 86
    },
    {
        "bookingid": 206
    },
    {
        "bookingid": 346
    },
    {
        "bookingid": 3498
    },
    {
        "bookingid": 4147
    },
    {
        "bookingid": 2610
    },
    {
        "bookingid": 2877
    },
    {
        "bookingid": 884
    },
    {
        "bookingid": 1767
    },
    {
        "bookingid": 5388
    },
    {
        "bookingid": 2395
    },
    {
        "bookingid": 4193
    },
    {
        "bookingid": 4255
    },
    {
        "bookingid": 781
    },
    {
        "bookingid": 2787
    },
    {
        "bookingid": 974
    },
    {
        "bookingid": 669
    },
    {
        "bookingid": 41
    },
    {
        "bookingid": 2185
    },
    {
        "bookingid": 1900
    },
    {
        "bookingid": 3452
    },
    {
        "bookingid": 2690
    },
    {
        "bookingid": 3030
    },
    {
        "bookingid": 5331
    },
    {
        "bookingid": 4636
    },
    {
        "bookingid": 899
    },
    {
        "bookingid": 1203
    },
    {
        "bookingid": 885
    },
    {
        "bookingid": 392
    },
    {
        "bookingid": 4366
    },
    {
        "bookingid": 1370
    },
    {
        "bookingid": 1182
    },
    {
        "bookingid": 4015
    },
    {
        "bookingid": 3510
    },
    {
        "bookingid": 938
    },
    {
        "bookingid": 1357
    },
    {
        "bookingid": 3501
    },
    {
        "bookingid": 400
    },
    {
        "bookingid": 822
    },
    {
        "bookingid": 558
    },
    {
        "bookingid": 5246
    },
    {
        "bookingid": 3142
    },
    {
        "bookingid": 1136
    },
    {
        "bookingid": 2510
    },
    {
        "bookingid": 5028
    },
    {
        "bookingid": 3328
    },
    {
        "bookingid": 1154
    },
    {
        "bookingid": 49
    },
    {
        "bookingid": 472
    },
    {
        "bookingid": 3369
    },
    {
        "bookingid": 2556
    },
    {
        "bookingid": 4355
    },
    {
        "bookingid": 3673
    },
    {
        "bookingid": 1989
    },
    {
        "bookingid": 3540
    },
    {
        "bookingid": 1031
    },
    {
        "bookingid": 2653
    },
    {
        "bookingid": 2200
    },
    {
        "bookingid": 5195
    },
    {
        "bookingid": 1059
    },
    {
        "bookingid": 2591
    },
    {
        "bookingid": 3878
    },
    {
        "bookingid": 5456
    },
    {
        "bookingid": 3897
    },
    {
        "bookingid": 1972
    },
    {
        "bookingid": 2743
    },
    {
        "bookingid": 2966
    },
    {
        "bookingid": 1366
    },
    {
        "bookingid": 416
    },
    {
        "bookingid": 4529
    },
    {
        "bookingid": 992
    },
    {
        "bookingid": 4077
    },
    {
        "bookingid": 948
    },
    {
        "bookingid": 3124
    },
    {
        "bookingid": 3929
    },
    {
        "bookingid": 3742
    },
    {
        "bookingid": 2508
    },
    {
        "bookingid": 1625
    },
    {
        "bookingid": 4408
    },
    {
        "bookingid": 2759
    },
    {
        "bookingid": 1875
    },
    {
        "bookingid": 443
    },
    {
        "bookingid": 5461
    },
    {
        "bookingid": 3049
    },
    {
        "bookingid": 790
    },
    {
        "bookingid": 3688
    },
    {
        "bookingid": 4344
    },
    {
        "bookingid": 5314
    },
    {
        "bookingid": 2719
    },
    {
        "bookingid": 390
    },
    {
        "bookingid": 1858
    },
    {
        "bookingid": 2512
    },
    {
        "bookingid": 1621
    },
    {
        "bookingid": 4803
    },
    {
        "bookingid": 274
    },
    {
        "bookingid": 4400
    },
    {
        "bookingid": 4861
    },
    {
        "bookingid": 1188
    },
    {
        "bookingid": 1223
    },
    {
        "bookingid": 526
    },
    {
        "bookingid": 682
    },
    {
        "bookingid": 68
    },
    {
        "bookingid": 5206
    },
    {
        "bookingid": 201
    },
    {
        "bookingid": 320
    },
    {
        "bookingid": 3395
    },
    {
        "bookingid": 1020
    },
    {
        "bookingid": 451
    },
    {
        "bookingid": 2311
    },
    {
        "bookingid": 1125
    },
    {
        "bookingid": 2258
    },
    {
        "bookingid": 3999
    },
    {
        "bookingid": 2318
    },
    {
        "bookingid": 727
    },
    {
        "bookingid": 3143
    },
    {
        "bookingid": 2361
    },
    {
        "bookingid": 1804
    },
    {
        "bookingid": 1165
    },
    {
        "bookingid": 232
    },
    {
        "bookingid": 2976
    },
    {
        "bookingid": 2008
    },
    {
        "bookingid": 2584
    },
    {
        "bookingid": 309
    },
    {
        "bookingid": 3220
    },
    {
        "bookingid": 5320
    },
    {
        "bookingid": 4397
    },
    {
        "bookingid": 3894
    },
    {
        "bookingid": 3691
    },
    {
        "bookingid": 247
    },
    {
        "bookingid": 4309
    },
    {
        "bookingid": 3760
    },
    {
        "bookingid": 3449
    },
    {
        "bookingid": 3387
    },
    {
        "bookingid": 1784
    },
    {
        "bookingid": 5255
    },
    {
        "bookingid": 2419
    },
    {
        "bookingid": 2661
    },
    {
        "bookingid": 2903
    },
    {
        "bookingid": 2180
    },
    {
        "bookingid": 5149
    },
    {
        "bookingid": 1426
    },
    {
        "bookingid": 3543
    },
    {
        "bookingid": 96
    },
    {
        "bookingid": 2336
    },
    {
        "bookingid": 4119
    },
    {
        "bookingid": 73
    },
    {
        "bookingid": 4712
    },
    {
        "bookingid": 5374
    },
    {
        "bookingid": 4364
    },
    {
        "bookingid": 1282
    },
    {
        "bookingid": 2834
    },
    {
        "bookingid": 3427
    },
    {
        "bookingid": 1761
    },
    {
        "bookingid": 3867
    },
    {
        "bookingid": 1353
    },
    {
        "bookingid": 3682
    },
    {
        "bookingid": 1344
    },
    {
        "bookingid": 2320
    },
    {
        "bookingid": 4662
    },
    {
        "bookingid": 4909
    },
    {
        "bookingid": 3947
    },
    {
        "bookingid": 741
    },
    {
        "bookingid": 1091
    },
    {
        "bookingid": 2944
    },
    {
        "bookingid": 2343
    },
    {
        "bookingid": 3965
    },
    {
        "bookingid": 4079
    },
    {
        "bookingid": 5165
    },
    {
        "bookingid": 4975
    },
    {
        "bookingid": 5065
    },
    {
        "bookingid": 1312
    },
    {
        "bookingid": 720
    },
    {
        "bookingid": 5199
    },
    {
        "bookingid": 828
    },
    {
        "bookingid": 4898
    },
    {
        "bookingid": 4269
    },
    {
        "bookingid": 4254
    },
    {
        "bookingid": 4232
    },
    {
        "bookingid": 4630
    },
    {
        "bookingid": 3079
    },
    {
        "bookingid": 306
    },
    {
        "bookingid": 2355
    },
    {
        "bookingid": 4824
    },
    {
        "bookingid": 1062
    },
    {
        "bookingid": 3779
    },
    {
        "bookingid": 130
    },
    {
        "bookingid": 1586
    },
    {
        "bookingid": 3584
    },
    {
        "bookingid": 326
    },
    {
        "bookingid": 1342
    },
    {
        "bookingid": 2652
    },
    {
        "bookingid": 4387
    },
    {
        "bookingid": 2632
    },
    {
        "bookingid": 2638
    },
    {
        "bookingid": 1855
    },
    {
        "bookingid": 4183
    },
    {
        "bookingid": 1243
    },
    {
        "bookingid": 282
    },
    {
        "bookingid": 1628
    },
    {
        "bookingid": 968
    },
    {
        "bookingid": 226
    },
    {
        "bookingid": 2700
    },
    {
        "bookingid": 2828
    },
    {
        "bookingid": 153
    },
    {
        "bookingid": 1728
    },
    {
        "bookingid": 3570
    },
    {
        "bookingid": 267
    },
    {
        "bookingid": 3272
    },
    {
        "bookingid": 1468
    },
    {
        "bookingid": 4291
    },
    {
        "bookingid": 4576
    },
    {
        "bookingid": 1065
    },
    {
        "bookingid": 4214
    },
    {
        "bookingid": 795
    },
    {
        "bookingid": 5328
    },
    {
        "bookingid": 2606
    },
    {
        "bookingid": 3608
    },
    {
        "bookingid": 4558
    },
    {
        "bookingid": 881
    },
    {
        "bookingid": 4925
    },
    {
        "bookingid": 3054
    },
    {
        "bookingid": 4089
    },
    {
        "bookingid": 3082
    },
    {
        "bookingid": 293
    },
    {
        "bookingid": 1180
    },
    {
        "bookingid": 2948
    },
    {
        "bookingid": 5015
    },
    {
        "bookingid": 165
    },
    {
        "bookingid": 4131
    },
    {
        "bookingid": 3809
    },
    {
        "bookingid": 4931
    },
    {
        "bookingid": 2737
    },
    {
        "bookingid": 2377
    },
    {
        "bookingid": 1594
    },
    {
        "bookingid": 1047
    },
    {
        "bookingid": 2178
    },
    {
        "bookingid": 4411
    },
    {
        "bookingid": 4150
    },
    {
        "bookingid": 2941
    },
    {
        "bookingid": 3958
    },
    {
        "bookingid": 2923
    },
    {
        "bookingid": 5240
    },
    {
        "bookingid": 3792
    },
    {
        "bookingid": 4234
    },
    {
        "bookingid": 2241
    },
    {
        "bookingid": 3856
    },
    {
        "bookingid": 3775
    },
    {
        "bookingid": 2816
    },
    {
        "bookingid": 589
    },
    {
        "bookingid": 208
    },
    {
        "bookingid": 3527
    },
    {
        "bookingid": 5315
    },
    {
        "bookingid": 1473
    },
    {
        "bookingid": 4103
    },
    {
        "bookingid": 4008
    },
    {
        "bookingid": 5144
    },
    {
        "bookingid": 4068
    },
    {
        "bookingid": 4867
    },
    {
        "bookingid": 4
    },
    {
        "bookingid": 2174
    },
    {
        "bookingid": 3058
    },
    {
        "bookingid": 2400
    },
    {
        "bookingid": 537
    },
    {
        "bookingid": 791
    },
    {
        "bookingid": 4273
    },
    {
        "bookingid": 1068
    },
    {
        "bookingid": 5371
    },
    {
        "bookingid": 957
    },
    {
        "bookingid": 4252
    },
    {
        "bookingid": 2981
    },
    {
        "bookingid": 5058
    },
    {
        "bookingid": 1451
    },
    {
        "bookingid": 1292
    },
    {
        "bookingid": 1719
    },
    {
        "bookingid": 5186
    },
    {
        "bookingid": 4361
    },
    {
        "bookingid": 906
    },
    {
        "bookingid": 2691
    },
    {
        "bookingid": 1053
    },
    {
        "bookingid": 3692
    },
    {
        "bookingid": 3891
    },
    {
        "bookingid": 2934
    },
    {
        "bookingid": 1268
    },
    {
        "bookingid": 270
    },
    {
        "bookingid": 1756
    },
    {
        "bookingid": 4532
    },
    {
        "bookingid": 1736
    },
    {
        "bookingid": 1427
    },
    {
        "bookingid": 892
    },
    {
        "bookingid": 1364
    },
    {
        "bookingid": 81
    },
    {
        "bookingid": 3968
    },
    {
        "bookingid": 4819
    },
    {
        "bookingid": 1605
    },
    {
        "bookingid": 4405
    },
    {
        "bookingid": 2666
    },
    {
        "bookingid": 1948
    },
    {
        "bookingid": 3202
    },
    {
        "bookingid": 2920
    },
    {
        "bookingid": 3841
    },
    {
        "bookingid": 408
    },
    {
        "bookingid": 768
    },
    {
        "bookingid": 2560
    },
    {
        "bookingid": 2792
    },
    {
        "bookingid": 2988
    },
    {
        "bookingid": 1418
    },
    {
        "bookingid": 4655
    },
    {
        "bookingid": 4632
    },
    {
        "bookingid": 161
    },
    {
        "bookingid": 4407
    },
    {
        "bookingid": 4263
    },
    {
        "bookingid": 4152
    },
    {
        "bookingid": 1604
    },
    {
        "bookingid": 5161
    },
    {
        "bookingid": 3353
    },
    {
        "bookingid": 3567
    },
    {
        "bookingid": 2230
    },
    {
        "bookingid": 273
    },
    {
        "bookingid": 2041
    },
    {
        "bookingid": 1806
    },
    {
        "bookingid": 4467
    },
    {
        "bookingid": 5086
    },
    {
        "bookingid": 117
    },
    {
        "bookingid": 3859
    },
    {
        "bookingid": 4940
    },
    {
        "bookingid": 4381
    },
    {
        "bookingid": 2091
    },
    {
        "bookingid": 4506
    },
    {
        "bookingid": 4756
    },
    {
        "bookingid": 5184
    },
    {
        "bookingid": 4585
    },
    {
        "bookingid": 66
    },
    {
        "bookingid": 1895
    },
    {
        "bookingid": 823
    },
    {
        "bookingid": 380
    },
    {
        "bookingid": 3165
    },
    {
        "bookingid": 2175
    },
    {
        "bookingid": 2821
    },
    {
        "bookingid": 3322
    },
    {
        "bookingid": 428
    },
    {
        "bookingid": 4047
    },
    {
        "bookingid": 870
    },
    {
        "bookingid": 1040
    },
    {
        "bookingid": 4668
    },
    {
        "bookingid": 2154
    },
    {
        "bookingid": 2030
    },
    {
        "bookingid": 803
    },
    {
        "bookingid": 2722
    },
    {
        "bookingid": 1762
    },
    {
        "bookingid": 3291
    },
    {
        "bookingid": 5249
    },
    {
        "bookingid": 2215
    },
    {
        "bookingid": 4030
    },
    {
        "bookingid": 514
    },
    {
        "bookingid": 1577
    },
    {
        "bookingid": 279
    },
    {
        "bookingid": 466
    },
    {
        "bookingid": 3541
    },
    {
        "bookingid": 3637
    },
    {
        "bookingid": 4516
    },
    {
        "bookingid": 3772
    },
    {
        "bookingid": 2965
    },
    {
        "bookingid": 867
    },
    {
        "bookingid": 3858
    },
    {
        "bookingid": 4053
    },
    {
        "bookingid": 839
    },
    {
        "bookingid": 2578
    },
    {
        "bookingid": 3718
    },
    {
        "bookingid": 44
    },
    {
        "bookingid": 5001
    },
    {
        "bookingid": 1281
    },
    {
        "bookingid": 1244
    },
    {
        "bookingid": 1358
    },
    {
        "bookingid": 5433
    },
    {
        "bookingid": 1351
    },
    {
        "bookingid": 4988
    },
    {
        "bookingid": 3177
    },
    {
        "bookingid": 3537
    },
    {
        "bookingid": 4560
    },
    {
        "bookingid": 5221
    },
    {
        "bookingid": 3345
    },
    {
        "bookingid": 4771
    },
    {
        "bookingid": 106
    },
    {
        "bookingid": 4639
    },
    {
        "bookingid": 11
    },
    {
        "bookingid": 2822
    },
    {
        "bookingid": 2348
    },
    {
        "bookingid": 3783
    },
    {
        "bookingid": 2385
    },
    {
        "bookingid": 3004
    },
    {
        "bookingid": 2073
    },
    {
        "bookingid": 4261
    },
    {
        "bookingid": 4842
    },
    {
        "bookingid": 4673
    },
    {
        "bookingid": 491
    },
    {
        "bookingid": 801
    },
    {
        "bookingid": 5188
    },
    {
        "bookingid": 5363
    },
    {
        "bookingid": 4430
    },
    {
        "bookingid": 4725
    },
    {
        "bookingid": 3355
    },
    {
        "bookingid": 1627
    },
    {
        "bookingid": 313
    },
    {
        "bookingid": 4887
    },
    {
        "bookingid": 3410
    },
    {
        "bookingid": 4185
    },
    {
        "bookingid": 4577
    },
    {
        "bookingid": 4816
    },
    {
        "bookingid": 5163
    },
    {
        "bookingid": 665
    },
    {
        "bookingid": 5024
    },
    {
        "bookingid": 1638
    },
    {
        "bookingid": 2601
    },
    {
        "bookingid": 1918
    },
    {
        "bookingid": 467
    },
    {
        "bookingid": 3107
    },
    {
        "bookingid": 4396
    },
    {
        "bookingid": 5140
    },
    {
        "bookingid": 3136
    },
    {
        "bookingid": 3835
    },
    {
        "bookingid": 3005
    },
    {
        "bookingid": 1808
    },
    {
        "bookingid": 4454
    },
    {
        "bookingid": 3978
    },
    {
        "bookingid": 2731
    },
    {
        "bookingid": 2330
    },
    {
        "bookingid": 4960
    },
    {
        "bookingid": 5384
    },
    {
        "bookingid": 4778
    },
    {
        "bookingid": 2509
    },
    {
        "bookingid": 2189
    },
    {
        "bookingid": 1002
    },
    {
        "bookingid": 3990
    },
    {
        "bookingid": 374
    },
    {
        "bookingid": 1813
    },
    {
        "bookingid": 180
    },
    {
        "bookingid": 3271
    },
    {
        "bookingid": 3478
    },
    {
        "bookingid": 3623
    },
    {
        "bookingid": 1235
    },
    {
        "bookingid": 1931
    },
    {
        "bookingid": 1273
    },
    {
        "bookingid": 977
    },
    {
        "bookingid": 3908
    },
    {
        "bookingid": 3236
    },
    {
        "bookingid": 3601
    },
    {
        "bookingid": 2221
    },
    {
        "bookingid": 3737
    },
    {
        "bookingid": 5262
    },
    {
        "bookingid": 2590
    },
    {
        "bookingid": 2580
    },
    {
        "bookingid": 1999
    },
    {
        "bookingid": 3085
    },
    {
        "bookingid": 5256
    },
    {
        "bookingid": 2271
    },
    {
        "bookingid": 78
    },
    {
        "bookingid": 4417
    },
    {
        "bookingid": 1010
    },
    {
        "bookingid": 2460
    },
    {
        "bookingid": 3075
    },
    {
        "bookingid": 2595
    },
    {
        "bookingid": 3716
    },
    {
        "bookingid": 2288
    },
    {
        "bookingid": 2915
    },
    {
        "bookingid": 3109
    },
    {
        "bookingid": 3451
    },
    {
        "bookingid": 4777
    },
    {
        "bookingid": 1277
    },
    {
        "bookingid": 1138
    },
    {
        "bookingid": 2926
    },
    {
        "bookingid": 456
    },
    {
        "bookingid": 4584
    },
    {
        "bookingid": 725
    },
    {
        "bookingid": 1164
    },
    {
        "bookingid": 2812
    },
    {
        "bookingid": 4313
    },
    {
        "bookingid": 1448
    },
    {
        "bookingid": 2844
    },
    {
        "bookingid": 4650
    },
    {
        "bookingid": 954
    },
    {
        "bookingid": 3255
    },
    {
        "bookingid": 4074
    },
    {
        "bookingid": 3056
    },
    {
        "bookingid": 5176
    },
    {
        "bookingid": 2378
    },
    {
        "bookingid": 4953
    },
    {
        "bookingid": 5327
    },
    {
        "bookingid": 1371
    },
    {
        "bookingid": 3852
    },
    {
        "bookingid": 4905
    },
    {
        "bookingid": 1684
    },
    {
        "bookingid": 4620
    },
    {
        "bookingid": 5218
    },
    {
        "bookingid": 1619
    },
    {
        "bookingid": 2149
    },
    {
        "bookingid": 2695
    },
    {
        "bookingid": 5291
    },
    {
        "bookingid": 975
    },
    {
        "bookingid": 2999
    },
    {
        "bookingid": 3614
    },
    {
        "bookingid": 1397
    },
    {
        "bookingid": 1851
    },
    {
        "bookingid": 1661
    },
    {
        "bookingid": 908
    },
    {
        "bookingid": 2150
    },
    {
        "bookingid": 4486
    },
    {
        "bookingid": 4248
    },
    {
        "bookingid": 211
    },
    {
        "bookingid": 5053
    },
    {
        "bookingid": 4745
    },
    {
        "bookingid": 3031
    },
    {
        "bookingid": 3954
    },
    {
        "bookingid": 3300
    },
    {
        "bookingid": 1864
    },
    {
        "bookingid": 4755
    },
    {
        "bookingid": 1384
    },
    {
        "bookingid": 169
    },
    {
        "bookingid": 4536
    },
    {
        "bookingid": 524
    },
    {
        "bookingid": 3151
    },
    {
        "bookingid": 549
    },
    {
        "bookingid": 2908
    },
    {
        "bookingid": 384
    },
    {
        "bookingid": 890
    },
    {
        "bookingid": 4017
    },
    {
        "bookingid": 987
    },
    {
        "bookingid": 1390
    },
    {
        "bookingid": 4478
    },
    {
        "bookingid": 2229
    },
    {
        "bookingid": 1230
    },
    {
        "bookingid": 3588
    },
    {
        "bookingid": 4657
    },
    {
        "bookingid": 5085
    },
    {
        "bookingid": 5350
    },
    {
        "bookingid": 2950
    },
    {
        "bookingid": 3918
    },
    {
        "bookingid": 2152
    },
    {
        "bookingid": 4930
    },
    {
        "bookingid": 2938
    },
    {
        "bookingid": 1194
    },
    {
        "bookingid": 3655
    },
    {
        "bookingid": 2800
    },
    {
        "bookingid": 4380
    },
    {
        "bookingid": 4004
    },
    {
        "bookingid": 2975
    },
    {
        "bookingid": 178
    },
    {
        "bookingid": 4188
    },
    {
        "bookingid": 3627
    },
    {
        "bookingid": 200
    },
    {
        "bookingid": 593
    },
    {
        "bookingid": 2992
    },
    {
        "bookingid": 1825
    },
    {
        "bookingid": 4896
    },
    {
        "bookingid": 4266
    },
    {
        "bookingid": 600
    },
    {
        "bookingid": 926
    },
    {
        "bookingid": 3280
    },
    {
        "bookingid": 3625
    },
    {
        "bookingid": 1669
    },
    {
        "bookingid": 1565
    },
    {
        "bookingid": 3341
    },
    {
        "bookingid": 3912
    },
    {
        "bookingid": 5230
    },
    {
        "bookingid": 5464
    },
    {
        "bookingid": 2633
    },
    {
        "bookingid": 4710
    },
    {
        "bookingid": 2647
    },
    {
        "bookingid": 1708
    },
    {
        "bookingid": 2019
    },
    {
        "bookingid": 4449
    },
    {
        "bookingid": 2132
    },
    {
        "bookingid": 2197
    },
    {
        "bookingid": 1724
    },
    {
        "bookingid": 1786
    },
    {
        "bookingid": 1373
    },
    {
        "bookingid": 4926
    },
    {
        "bookingid": 2897
    },
    {
        "bookingid": 2983
    },
    {
        "bookingid": 1631
    },
    {
        "bookingid": 1537
    },
    {
        "bookingid": 3394
    },
    {
        "bookingid": 1283
    },
    {
        "bookingid": 1095
    },
    {
        "bookingid": 5271
    },
    {
        "bookingid": 539
    },
    {
        "bookingid": 878
    },
    {
        "bookingid": 2830
    },
    {
        "bookingid": 4095
    },
    {
        "bookingid": 121
    },
    {
        "bookingid": 4785
    },
    {
        "bookingid": 1963
    },
    {
        "bookingid": 5443
    },
    {
        "bookingid": 340
    },
    {
        "bookingid": 2858
    },
    {
        "bookingid": 5340
    },
    {
        "bookingid": 4883
    },
    {
        "bookingid": 5303
    },
    {
        "bookingid": 2931
    },
    {
        "bookingid": 4962
    },
    {
        "bookingid": 1911
    },
    {
        "bookingid": 4324
    },
    {
        "bookingid": 349
    },
    {
        "bookingid": 2100
    },
    {
        "bookingid": 5304
    },
    {
        "bookingid": 1514
    },
    {
        "bookingid": 4459
    },
    {
        "bookingid": 3007
    },
    {
        "bookingid": 2625
    },
    {
        "bookingid": 5030
    },
    {
        "bookingid": 3070
    },
    {
        "bookingid": 4618
    },
    {
        "bookingid": 4594
    },
    {
        "bookingid": 204
    },
    {
        "bookingid": 671
    },
    {
        "bookingid": 1278
    },
    {
        "bookingid": 2753
    },
    {
        "bookingid": 3886
    },
    {
        "bookingid": 5263
    },
    {
        "bookingid": 4239
    },
    {
        "bookingid": 1403
    },
    {
        "bookingid": 4453
    },
    {
        "bookingid": 3188
    },
    {
        "bookingid": 2305
    },
    {
        "bookingid": 1493
    },
    {
        "bookingid": 667
    },
    {
        "bookingid": 2589
    },
    {
        "bookingid": 4460
    },
    {
        "bookingid": 2068
    },
    {
        "bookingid": 2497
    },
    {
        "bookingid": 1770
    },
    {
        "bookingid": 4979
    },
    {
        "bookingid": 1338
    },
    {
        "bookingid": 2862
    },
    {
        "bookingid": 530
    },
    {
        "bookingid": 2134
    },
    {
        "bookingid": 3690
    },
    {
        "bookingid": 2973
    },
    {
        "bookingid": 3159
    },
    {
        "bookingid": 2441
    },
    {
        "bookingid": 3505
    },
    {
        "bookingid": 673
    },
    {
        "bookingid": 2416
    },
    {
        "bookingid": 1520
    },
    {
        "bookingid": 4455
    },
    {
        "bookingid": 2266
    },
    {
        "bookingid": 173
    },
    {
        "bookingid": 620
    },
    {
        "bookingid": 1560
    },
    {
        "bookingid": 3728
    },
    {
        "bookingid": 4799
    },
    {
        "bookingid": 2454
    },
    {
        "bookingid": 3008
    },
    {
        "bookingid": 4347
    },
    {
        "bookingid": 2202
    },
    {
        "bookingid": 4373
    },
    {
        "bookingid": 238
    },
    {
        "bookingid": 3869
    },
    {
        "bookingid": 1150
    },
    {
        "bookingid": 721
    },
    {
        "bookingid": 3348
    },
    {
        "bookingid": 630
    },
    {
        "bookingid": 261
    },
    {
        "bookingid": 28
    },
    {
        "bookingid": 1945
    },
    {
        "bookingid": 3582
    },
    {
        "bookingid": 959
    },
    {
        "bookingid": 863
    },
    {
        "bookingid": 3212
    },
    {
        "bookingid": 1200
    },
    {
        "bookingid": 5124
    },
    {
        "bookingid": 1487
    },
    {
        "bookingid": 3555
    },
    {
        "bookingid": 5171
    },
    {
        "bookingid": 4760
    },
    {
        "bookingid": 4415
    },
    {
        "bookingid": 3615
    },
    {
        "bookingid": 1872
    },
    {
        "bookingid": 2045
    },
    {
        "bookingid": 2059
    },
    {
        "bookingid": 1249
    },
    {
        "bookingid": 1383
    },
    {
        "bookingid": 419
    },
    {
        "bookingid": 5009
    },
    {
        "bookingid": 3996
    },
    {
        "bookingid": 1247
    },
    {
        "bookingid": 4431
    },
    {
        "bookingid": 4018
    },
    {
        "bookingid": 3314
    },
    {
        "bookingid": 2326
    },
    {
        "bookingid": 5089
    },
    {
        "bookingid": 3674
    },
    {
        "bookingid": 2168
    },
    {
        "bookingid": 2712
    },
    {
        "bookingid": 5081
    },
    {
        "bookingid": 454
    },
    {
        "bookingid": 624
    },
    {
        "bookingid": 5196
    },
    {
        "bookingid": 2039
    },
    {
        "bookingid": 45
    },
    {
        "bookingid": 3820
    },
    {
        "bookingid": 3295
    },
    {
        "bookingid": 3127
    },
    {
        "bookingid": 1440
    },
    {
        "bookingid": 1345
    },
    {
        "bookingid": 4902
    },
    {
        "bookingid": 4331
    },
    {
        "bookingid": 2535
    },
    {
        "bookingid": 2831
    },
    {
        "bookingid": 4811
    },
    {
        "bookingid": 56
    },
    {
        "bookingid": 2910
    },
    {
        "bookingid": 2859
    },
    {
        "bookingid": 172
    },
    {
        "bookingid": 3709
    },
    {
        "bookingid": 5379
    },
    {
        "bookingid": 4837
    },
    {
        "bookingid": 3612
    },
    {
        "bookingid": 1391
    },
    {
        "bookingid": 5136
    },
    {
        "bookingid": 936
    },
    {
        "bookingid": 4257
    },
    {
        "bookingid": 470
    },
    {
        "bookingid": 5074
    },
    {
        "bookingid": 4995
    },
    {
        "bookingid": 1580
    },
    {
        "bookingid": 851
    },
    {
        "bookingid": 110
    },
    {
        "bookingid": 4993
    },
    {
        "bookingid": 2995
    },
    {
        "bookingid": 2924
    },
    {
        "bookingid": 1056
    },
    {
        "bookingid": 3363
    },
    {
        "bookingid": 5242
    },
    {
        "bookingid": 2754
    },
    {
        "bookingid": 167
    },
    {
        "bookingid": 294
    },
    {
        "bookingid": 4624
    },
    {
        "bookingid": 4767
    },
    {
        "bookingid": 4489
    },
    {
        "bookingid": 4049
    },
    {
        "bookingid": 2114
    },
    {
        "bookingid": 333
    },
    {
        "bookingid": 4330
    },
    {
        "bookingid": 2555
    },
    {
        "bookingid": 2736
    },
    {
        "bookingid": 4251
    },
    {
        "bookingid": 1257
    },
    {
        "bookingid": 2333
    },
    {
        "bookingid": 318
    },
    {
        "bookingid": 1087
    },
    {
        "bookingid": 4487
    },
    {
        "bookingid": 4059
    },
    {
        "bookingid": 1697
    },
    {
        "bookingid": 404
    },
    {
        "bookingid": 3884
    },
    {
        "bookingid": 5004
    },
    {
        "bookingid": 2701
    },
    {
        "bookingid": 8
    },
    {
        "bookingid": 5424
    },
    {
        "bookingid": 4168
    },
    {
        "bookingid": 3122
    },
    {
        "bookingid": 3203
    },
    {
        "bookingid": 1050
    },
    {
        "bookingid": 818
    },
    {
        "bookingid": 2815
    },
    {
        "bookingid": 3294
    },
    {
        "bookingid": 80
    },
    {
        "bookingid": 447
    },
    {
        "bookingid": 5278
    },
    {
        "bookingid": 3531
    },
    {
        "bookingid": 2751
    },
    {
        "bookingid": 1754
    },
    {
        "bookingid": 4956
    },
    {
        "bookingid": 4349
    },
    {
        "bookingid": 4987
    },
    {
        "bookingid": 4679
    },
    {
        "bookingid": 2094
    },
    {
        "bookingid": 4040
    },
    {
        "bookingid": 4241
    },
    {
        "bookingid": 2239
    },
    {
        "bookingid": 4104
    },
    {
        "bookingid": 2574
    },
    {
        "bookingid": 4917
    },
    {
        "bookingid": 55
    },
    {
        "bookingid": 1822
    },
    {
        "bookingid": 4354
    },
    {
        "bookingid": 3806
    },
    {
        "bookingid": 5310
    },
    {
        "bookingid": 343
    },
    {
        "bookingid": 3320
    },
    {
        "bookingid": 2089
    },
    {
        "bookingid": 1971
    },
    {
        "bookingid": 3164
    },
    {
        "bookingid": 5407
    },
    {
        "bookingid": 4546
    },
    {
        "bookingid": 2088
    },
    {
        "bookingid": 3356
    },
    {
        "bookingid": 1022
    },
    {
        "bookingid": 283
    },
    {
        "bookingid": 3960
    },
    {
        "bookingid": 4112
    },
    {
        "bookingid": 2358
    },
    {
        "bookingid": 1523
    },
    {
        "bookingid": 145
    },
    {
        "bookingid": 1082
    },
    {
        "bookingid": 4351
    },
    {
        "bookingid": 5412
    },
    {
        "bookingid": 597
    },
    {
        "bookingid": 5207
    },
    {
        "bookingid": 1639
    },
    {
        "bookingid": 5054
    },
    {
        "bookingid": 509
    },
    {
        "bookingid": 2014
    },
    {
        "bookingid": 2155
    },
    {
        "bookingid": 1035
    },
    {
        "bookingid": 4758
    },
    {
        "bookingid": 2032
    },
    {
        "bookingid": 3050
    },
    {
        "bookingid": 1073
    },
    {
        "bookingid": 35
    },
    {
        "bookingid": 3799
    },
    {
        "bookingid": 2802
    },
    {
        "bookingid": 3916
    },
    {
        "bookingid": 1735
    },
    {
        "bookingid": 1388
    },
    {
        "bookingid": 3060
    },
    {
        "bookingid": 4451
    },
    {
        "bookingid": 3561
    },
    {
        "bookingid": 2866
    },
    {
        "bookingid": 4691
    },
    {
        "bookingid": 3483
    },
    {
        "bookingid": 3617
    },
    {
        "bookingid": 2727
    },
    {
        "bookingid": 1361
    },
    {
        "bookingid": 2528
    },
    {
        "bookingid": 5061
    },
    {
        "bookingid": 5138
    },
    {
        "bookingid": 3654
    },
    {
        "bookingid": 1137
    },
    {
        "bookingid": 3782
    },
    {
        "bookingid": 1081
    },
    {
        "bookingid": 2959
    },
    {
        "bookingid": 2472
    },
    {
        "bookingid": 1208
    },
    {
        "bookingid": 2414
    },
    {
        "bookingid": 3185
    },
    {
        "bookingid": 1299
    },
    {
        "bookingid": 1818
    },
    {
        "bookingid": 2126
    },
    {
        "bookingid": 758
    },
    {
        "bookingid": 3144
    },
    {
        "bookingid": 2188
    },
    {
        "bookingid": 3282
    },
    {
        "bookingid": 996
    },
    {
        "bookingid": 3814
    },
    {
        "bookingid": 568
    },
    {
        "bookingid": 2240
    },
    {
        "bookingid": 3465
    },
    {
        "bookingid": 902
    },
    {
        "bookingid": 1715
    },
    {
        "bookingid": 2298
    },
    {
        "bookingid": 4625
    },
    {
        "bookingid": 3759
    },
    {
        "bookingid": 4143
    },
    {
        "bookingid": 3265
    },
    {
        "bookingid": 3183
    },
    {
        "bookingid": 4412
    },
    {
        "bookingid": 536
    },
    {
        "bookingid": 4490
    },
    {
        "bookingid": 3113
    },
    {
        "bookingid": 2720
    },
    {
        "bookingid": 5234
    },
    {
        "bookingid": 1103
    },
    {
        "bookingid": 5099
    },
    {
        "bookingid": 3206
    },
    {
        "bookingid": 3586
    },
    {
        "bookingid": 510
    },
    {
        "bookingid": 4148
    },
    {
        "bookingid": 1101
    },
    {
        "bookingid": 2577
    },
    {
        "bookingid": 4508
    },
    {
        "bookingid": 5367
    },
    {
        "bookingid": 4951
    },
    {
        "bookingid": 945
    },
    {
        "bookingid": 1834
    },
    {
        "bookingid": 970
    },
    {
        "bookingid": 2749
    },
    {
        "bookingid": 2055
    },
    {
        "bookingid": 3239
    },
    {
        "bookingid": 3376
    },
    {
        "bookingid": 2096
    },
    {
        "bookingid": 31
    },
    {
        "bookingid": 5014
    },
    {
        "bookingid": 4782
    },
    {
        "bookingid": 5293
    },
    {
        "bookingid": 3432
    },
    {
        "bookingid": 4413
    },
    {
        "bookingid": 2071
    },
    {
        "bookingid": 2850
    },
    {
        "bookingid": 2818
    },
    {
        "bookingid": 2282
    },
    {
        "bookingid": 1019
    },
    {
        "bookingid": 1866
    },
    {
        "bookingid": 77
    },
    {
        "bookingid": 205
    },
    {
        "bookingid": 4880
    },
    {
        "bookingid": 3525
    },
    {
        "bookingid": 74
    },
    {
        "bookingid": 2893
    },
    {
        "bookingid": 5241
    },
    {
        "bookingid": 4963
    },
    {
        "bookingid": 690
    },
    {
        "bookingid": 303
    },
    {
        "bookingid": 3234
    },
    {
        "bookingid": 1527
    },
    {
        "bookingid": 1555
    },
    {
        "bookingid": 1689
    },
    {
        "bookingid": 179
    },
    {
        "bookingid": 4796
    },
    {
        "bookingid": 4545
    },
    {
        "bookingid": 4225
    },
    {
        "bookingid": 1066
    },
    {
        "bookingid": 119
    },
    {
        "bookingid": 591
    },
    {
        "bookingid": 4914
    },
    {
        "bookingid": 4086
    },
    {
        "bookingid": 1711
    },
    {
        "bookingid": 1658
    },
    {
        "bookingid": 3263
    },
    {
        "bookingid": 507
    },
    {
        "bookingid": 3339
    },
    {
        "bookingid": 4319
    },
    {
        "bookingid": 1984
    },
    {
        "bookingid": 2062
    },
    {
        "bookingid": 235
    },
    {
        "bookingid": 4162
    },
    {
        "bookingid": 689
    },
    {
        "bookingid": 3182
    },
    {
        "bookingid": 813
    },
    {
        "bookingid": 3444
    },
    {
        "bookingid": 3660
    },
    {
        "bookingid": 1184
    },
    {
        "bookingid": 4472
    },
    {
        "bookingid": 1264
    },
    {
        "bookingid": 1486
    },
    {
        "bookingid": 4457
    },
    {
        "bookingid": 4911
    },
    {
        "bookingid": 3715
    },
    {
        "bookingid": 3724
    },
    {
        "bookingid": 1521
    },
    {
        "bookingid": 2465
    },
    {
        "bookingid": 3063
    },
    {
        "bookingid": 4389
    },
    {
        "bookingid": 4003
    },
    {
        "bookingid": 1840
    },
    {
        "bookingid": 2617
    },
    {
        "bookingid": 2571
    },
    {
        "bookingid": 3915
    },
    {
        "bookingid": 1633
    },
    {
        "bookingid": 1550
    },
    {
        "bookingid": 3194
    },
    {
        "bookingid": 2887
    },
    {
        "bookingid": 3554
    },
    {
        "bookingid": 4644
    },
    {
        "bookingid": 4107
    },
    {
        "bookingid": 4036
    },
    {
        "bookingid": 60
    },
    {
        "bookingid": 2857
    },
    {
        "bookingid": 2843
    },
    {
        "bookingid": 3925
    },
    {
        "bookingid": 923
    },
    {
        "bookingid": 1008
    },
    {
        "bookingid": 2906
    },
    {
        "bookingid": 4132
    },
    {
        "bookingid": 3069
    },
    {
        "bookingid": 898
    },
    {
        "bookingid": 4869
    },
    {
        "bookingid": 4595
    },
    {
        "bookingid": 3642
    },
    {
        "bookingid": 4033
    },
    {
        "bookingid": 847
    },
    {
        "bookingid": 4027
    },
    {
        "bookingid": 3559
    },
    {
        "bookingid": 3321
    },
    {
        "bookingid": 4875
    },
    {
        "bookingid": 362
    },
    {
        "bookingid": 1078
    },
    {
        "bookingid": 3304
    },
    {
        "bookingid": 1980
    },
    {
        "bookingid": 3086
    },
    {
        "bookingid": 2367
    },
    {
        "bookingid": 396
    },
    {
        "bookingid": 5194
    },
    {
        "bookingid": 1167
    },
    {
        "bookingid": 1941
    },
    {
        "bookingid": 1113
    },
    {
        "bookingid": 3456
    },
    {
        "bookingid": 69
    },
    {
        "bookingid": 4326
    },
    {
        "bookingid": 3241
    },
    {
        "bookingid": 3092
    },
    {
        "bookingid": 930
    },
    {
        "bookingid": 3885
    },
    {
        "bookingid": 234
    },
    {
        "bookingid": 335
    },
    {
        "bookingid": 2654
    },
    {
        "bookingid": 4023
    },
    {
        "bookingid": 2993
    },
    {
        "bookingid": 3288
    },
    {
        "bookingid": 5313
    },
    {
        "bookingid": 1554
    },
    {
        "bookingid": 1893
    },
    {
        "bookingid": 3277
    },
    {
        "bookingid": 54
    },
    {
        "bookingid": 2448
    },
    {
        "bookingid": 3632
    },
    {
        "bookingid": 1430
    },
    {
        "bookingid": 473
    },
    {
        "bookingid": 1739
    },
    {
        "bookingid": 1492
    },
    {
        "bookingid": 3789
    },
    {
        "bookingid": 150
    },
    {
        "bookingid": 3053
    },
    {
        "bookingid": 4233
    },
    {
        "bookingid": 1178
    },
    {
        "bookingid": 3998
    },
    {
        "bookingid": 3377
    },
    {
        "bookingid": 1587
    },
    {
        "bookingid": 3879
    },
    {
        "bookingid": 3701
    },
    {
        "bookingid": 415
    },
    {
        "bookingid": 4096
    },
    {
        "bookingid": 4520
    },
    {
        "bookingid": 1011
    },
    {
        "bookingid": 2067
    },
    {
        "bookingid": 1536
    },
    {
        "bookingid": 141
    },
    {
        "bookingid": 2236
    },
    {
        "bookingid": 3683
    },
    {
        "bookingid": 1841
    },
    {
        "bookingid": 2827
    },
    {
        "bookingid": 693
    },
    {
        "bookingid": 4892
    },
    {
        "bookingid": 2281
    },
    {
        "bookingid": 1499
    },
    {
        "bookingid": 3668
    },
    {
        "bookingid": 3139
    },
    {
        "bookingid": 3116
    },
    {
        "bookingid": 3743
    },
    {
        "bookingid": 576
    },
    {
        "bookingid": 573
    },
    {
        "bookingid": 1601
    },
    {
        "bookingid": 305
    },
    {
        "bookingid": 3696
    },
    {
        "bookingid": 253
    },
    {
        "bookingid": 2768
    },
    {
        "bookingid": 2392
    },
    {
        "bookingid": 3420
    },
    {
        "bookingid": 3774
    },
    {
        "bookingid": 770
    },
    {
        "bookingid": 464
    },
    {
        "bookingid": 1584
    },
    {
        "bookingid": 5416
    },
    {
        "bookingid": 2471
    },
    {
        "bookingid": 290
    },
    {
        "bookingid": 4640
    },
    {
        "bookingid": 2961
    },
    {
        "bookingid": 2739
    },
    {
        "bookingid": 4553
    },
    {
        "bookingid": 1814
    },
    {
        "bookingid": 4218
    },
    {
        "bookingid": 1944
    },
    {
        "bookingid": 4338
    },
    {
        "bookingid": 5272
    },
    {
        "bookingid": 5377
    },
    {
        "bookingid": 341
    },
    {
        "bookingid": 4958
    },
    {
        "bookingid": 1998
    },
    {
        "bookingid": 4101
    },
    {
        "bookingid": 4282
    },
    {
        "bookingid": 1772
    },
    {
        "bookingid": 3846
    },
    {
        "bookingid": 381
    },
    {
        "bookingid": 4870
    },
    {
        "bookingid": 4202
    },
    {
        "bookingid": 696
    },
    {
        "bookingid": 426
    },
    {
        "bookingid": 4315
    },
    {
        "bookingid": 1653
    },
    {
        "bookingid": 1977
    },
    {
        "bookingid": 4977
    },
    {
        "bookingid": 2262
    },
    {
        "bookingid": 2784
    },
    {
        "bookingid": 2029
    },
    {
        "bookingid": 2084
    },
    {
        "bookingid": 2015
    },
    {
        "bookingid": 5354
    },
    {
        "bookingid": 4240
    },
    {
        "bookingid": 585
    },
    {
        "bookingid": 5103
    },
    {
        "bookingid": 925
    },
    {
        "bookingid": 3547
    },
    {
        "bookingid": 2020
    },
    {
        "bookingid": 5316
    },
    {
        "bookingid": 2098
    },
    {
        "bookingid": 1144
    },
    {
        "bookingid": 1143
    },
    {
        "bookingid": 2620
    },
    {
        "bookingid": 2752
    },
    {
        "bookingid": 3268
    },
    {
        "bookingid": 909
    },
    {
        "bookingid": 1269
    },
    {
        "bookingid": 1107
    },
    {
        "bookingid": 4423
    },
    {
        "bookingid": 2324
    },
    {
        "bookingid": 386
    },
    {
        "bookingid": 1832
    },
    {
        "bookingid": 2397
    },
    {
        "bookingid": 614
    },
    {
        "bookingid": 3658
    },
    {
        "bookingid": 832
    },
    {
        "bookingid": 2566
    },
    {
        "bookingid": 1768
    },
    {
        "bookingid": 5070
    },
    {
        "bookingid": 3419
    },
    {
        "bookingid": 5454
    },
    {
        "bookingid": 3723
    },
    {
        "bookingid": 4980
    },
    {
        "bookingid": 2138
    },
    {
        "bookingid": 2912
    },
    {
        "bookingid": 1032
    },
    {
        "bookingid": 2253
    },
    {
        "bookingid": 3708
    },
    {
        "bookingid": 176
    },
    {
        "bookingid": 4866
    },
    {
        "bookingid": 771
    },
    {
        "bookingid": 1680
    },
    {
        "bookingid": 5016
    },
    {
        "bookingid": 1158
    },
    {
        "bookingid": 4621
    },
    {
        "bookingid": 1057
    },
    {
        "bookingid": 4316
    },
    {
        "bookingid": 989
    },
    {
        "bookingid": 812
    },
    {
        "bookingid": 3933
    },
    {
        "bookingid": 4554
    },
    {
        "bookingid": 4967
    },
    {
        "bookingid": 1420
    },
    {
        "bookingid": 2849
    },
    {
        "bookingid": 5233
    },
    {
        "bookingid": 2101
    },
    {
        "bookingid": 780
    },
    {
        "bookingid": 5052
    },
    {
        "bookingid": 1400
    },
    {
        "bookingid": 3138
    },
    {
        "bookingid": 50
    },
    {
        "bookingid": 99
    },
    {
        "bookingid": 134
    },
    {
        "bookingid": 486
    },
    {
        "bookingid": 1569
    },
    {
        "bookingid": 4858
    },
    {
        "bookingid": 3976
    },
    {
        "bookingid": 181
    },
    {
        "bookingid": 1094
    },
    {
        "bookingid": 4805
    },
    {
        "bookingid": 4997
    },
    {
        "bookingid": 2572
    },
    {
        "bookingid": 2707
    },
    {
        "bookingid": 1693
    },
    {
        "bookingid": 3362
    },
    {
        "bookingid": 3507
    },
    {
        "bookingid": 1238
    },
    {
        "bookingid": 2623
    },
    {
        "bookingid": 3315
    },
    {
        "bookingid": 4275
    },
    {
        "bookingid": 4014
    },
    {
        "bookingid": 571
    },
    {
        "bookingid": 1830
    },
    {
        "bookingid": 1942
    },
    {
        "bookingid": 4210
    },
    {
        "bookingid": 1069
    },
    {
        "bookingid": 1166
    },
    {
        "bookingid": 5211
    },
    {
        "bookingid": 3016
    },
    {
        "bookingid": 5217
    },
    {
        "bookingid": 647
    },
    {
        "bookingid": 981
    },
    {
        "bookingid": 749
    },
    {
        "bookingid": 3247
    },
    {
        "bookingid": 2773
    },
    {
        "bookingid": 4441
    },
    {
        "bookingid": 3829
    },
    {
        "bookingid": 4836
    },
    {
        "bookingid": 2291
    },
    {
        "bookingid": 5139
    },
    {
        "bookingid": 5046
    },
    {
        "bookingid": 4048
    },
    {
        "bookingid": 3112
    },
    {
        "bookingid": 2532
    },
    {
        "bookingid": 2579
    },
    {
        "bookingid": 4425
    },
    {
        "bookingid": 4749
    },
    {
        "bookingid": 2408
    },
    {
        "bookingid": 1461
    },
    {
        "bookingid": 3303
    },
    {
        "bookingid": 4011
    },
    {
        "bookingid": 3035
    },
    {
        "bookingid": 116
    },
    {
        "bookingid": 2052
    },
    {
        "bookingid": 5055
    },
    {
        "bookingid": 3875
    },
    {
        "bookingid": 2187
    },
    {
        "bookingid": 1501
    },
    {
        "bookingid": 4159
    },
    {
        "bookingid": 4741
    },
    {
        "bookingid": 2764
    },
    {
        "bookingid": 4307
    },
    {
        "bookingid": 674
    },
    {
        "bookingid": 1172
    },
    {
        "bookingid": 2359
    },
    {
        "bookingid": 4790
    },
    {
        "bookingid": 4990
    },
    {
        "bookingid": 3301
    },
    {
        "bookingid": 4394
    },
    {
        "bookingid": 342
    },
    {
        "bookingid": 2107
    },
    {
        "bookingid": 1196
    },
    {
        "bookingid": 1933
    },
    {
        "bookingid": 2115
    },
    {
        "bookingid": 324
    },
    {
        "bookingid": 5175
    },
    {
        "bookingid": 3360
    },
    {
        "bookingid": 3014
    },
    {
        "bookingid": 5396
    },
    {
        "bookingid": 3748
    },
    {
        "bookingid": 4932
    },
    {
        "bookingid": 1671
    },
    {
        "bookingid": 378
    },
    {
        "bookingid": 1253
    },
    {
        "bookingid": 4627
    },
    {
        "bookingid": 5232
    },
    {
        "bookingid": 3714
    },
    {
        "bookingid": 1608
    },
    {
        "bookingid": 2614
    },
    {
        "bookingid": 2339
    },
    {
        "bookingid": 2781
    },
    {
        "bookingid": 3865
    },
    {
        "bookingid": 3600
    },
    {
        "bookingid": 5097
    },
    {
        "bookingid": 2637
    },
    {
        "bookingid": 1939
    },
    {
        "bookingid": 1574
    },
    {
        "bookingid": 98
    },
    {
        "bookingid": 4645
    },
    {
        "bookingid": 4697
    },
    {
        "bookingid": 3134
    },
    {
        "bookingid": 460
    },
    {
        "bookingid": 579
    },
    {
        "bookingid": 5306
    },
    {
        "bookingid": 5279
    },
    {
        "bookingid": 3198
    },
    {
        "bookingid": 4140
    },
    {
        "bookingid": 1209
    },
    {
        "bookingid": 1327
    },
    {
        "bookingid": 3224
    },
    {
        "bookingid": 4054
    },
    {
        "bookingid": 345
    },
    {
        "bookingid": 1317
    },
    {
        "bookingid": 3344
    },
    {
        "bookingid": 32
    },
    {
        "bookingid": 1041
    },
    {
        "bookingid": 2103
    },
    {
        "bookingid": 2600
    },
    {
        "bookingid": 2364
    },
    {
        "bookingid": 3921
    },
    {
        "bookingid": 5397
    },
    {
        "bookingid": 617
    },
    {
        "bookingid": 5423
    },
    {
        "bookingid": 4332
    },
    {
        "bookingid": 1688
    },
    {
        "bookingid": 2492
    },
    {
        "bookingid": 2765
    },
    {
        "bookingid": 556
    },
    {
        "bookingid": 379
    },
    {
        "bookingid": 4750
    },
    {
        "bookingid": 4846
    },
    {
        "bookingid": 686
    },
    {
        "bookingid": 4696
    },
    {
        "bookingid": 2272
    },
    {
        "bookingid": 225
    },
    {
        "bookingid": 4950
    },
    {
        "bookingid": 5064
    },
    {
        "bookingid": 3963
    },
    {
        "bookingid": 657
    },
    {
        "bookingid": 2412
    },
    {
        "bookingid": 4852
    },
    {
        "bookingid": 3221
    },
    {
        "bookingid": 5202
    },
    {
        "bookingid": 956
    },
    {
        "bookingid": 677
    },
    {
        "bookingid": 1422
    },
    {
        "bookingid": 3798
    },
    {
        "bookingid": 857
    },
    {
        "bookingid": 3487
    },
    {
        "bookingid": 1220
    },
    {
        "bookingid": 5323
    },
    {
        "bookingid": 4638
    },
    {
        "bookingid": 4462
    },
    {
        "bookingid": 43
    },
    {
        "bookingid": 1287
    },
    {
        "bookingid": 2671
    },
    {
        "bookingid": 5258
    },
    {
        "bookingid": 931
    },
    {
        "bookingid": 42
    },
    {
        "bookingid": 5435
    },
    {
        "bookingid": 523
    },
    {
        "bookingid": 4278
    },
    {
        "bookingid": 860
    },
    {
        "bookingid": 3888
    },
    {
        "bookingid": 887
    },
    {
        "bookingid": 3279
    },
    {
        "bookingid": 2077
    },
    {
        "bookingid": 3240
    },
    {
        "bookingid": 301
    },
    {
        "bookingid": 841
    },
    {
        "bookingid": 4072
    },
    {
        "bookingid": 5095
    },
    {
        "bookingid": 5179
    },
    {
        "bookingid": 4854
    },
    {
        "bookingid": 3317
    },
    {
        "bookingid": 3553
    },
    {
        "bookingid": 2244
    },
    {
        "bookingid": 3514
    },
    {
        "bookingid": 1983
    },
    {
        "bookingid": 3752
    },
    {
        "bookingid": 3773
    },
    {
        "bookingid": 3831
    },
    {
        "bookingid": 629
    },
    {
        "bookingid": 1757
    },
    {
        "bookingid": 5236
    },
    {
        "bookingid": 5408
    },
    {
        "bookingid": 2021
    },
    {
        "bookingid": 1401
    },
    {
        "bookingid": 2193
    },
    {
        "bookingid": 3037
    },
    {
        "bookingid": 3592
    },
    {
        "bookingid": 2814
    },
    {
        "bookingid": 3698
    },
    {
        "bookingid": 5274
    },
    {
        "bookingid": 2847
    },
    {
        "bookingid": 4952
    },
    {
        "bookingid": 4794
    },
    {
        "bookingid": 1251
    },
    {
        "bookingid": 732
    },
    {
        "bookingid": 635
    },
    {
        "bookingid": 4069
    },
    {
        "bookingid": 1106
    },
    {
        "bookingid": 4197
    },
    {
        "bookingid": 4864
    },
    {
        "bookingid": 1013
    },
    {
        "bookingid": 2108
    },
    {
        "bookingid": 809
    },
    {
        "bookingid": 794
    },
    {
        "bookingid": 3955
    },
    {
        "bookingid": 941
    },
    {
        "bookingid": 1007
    },
    {
        "bookingid": 636
    },
    {
        "bookingid": 4770
    },
    {
        "bookingid": 2932
    },
    {
        "bookingid": 3876
    },
    {
        "bookingid": 1532
    },
    {
        "bookingid": 911
    },
    {
        "bookingid": 4684
    },
    {
        "bookingid": 3834
    },
    {
        "bookingid": 3447
    },
    {
        "bookingid": 1636
    },
    {
        "bookingid": 3020
    },
    {
        "bookingid": 2342
    },
    {
        "bookingid": 3666
    },
    {
        "bookingid": 3435
    },
    {
        "bookingid": 3181
    },
    {
        "bookingid": 3000
    },
    {
        "bookingid": 4063
    },
    {
        "bookingid": 199
    },
    {
        "bookingid": 3073
    },
    {
        "bookingid": 3644
    },
    {
        "bookingid": 1801
    },
    {
        "bookingid": 4057
    },
    {
        "bookingid": 1873
    },
    {
        "bookingid": 248
    },
    {
        "bookingid": 2403
    },
    {
        "bookingid": 5166
    },
    {
        "bookingid": 2477
    },
    {
        "bookingid": 5394
    },
    {
        "bookingid": 3971
    },
    {
        "bookingid": 3594
    },
    {
        "bookingid": 2611
    },
    {
        "bookingid": 2085
    },
    {
        "bookingid": 2356
    },
    {
        "bookingid": 3914
    },
    {
        "bookingid": 5063
    },
    {
        "bookingid": 2833
    },
    {
        "bookingid": 478
    },
    {
        "bookingid": 4098
    },
    {
        "bookingid": 5322
    },
    {
        "bookingid": 1511
    },
    {
        "bookingid": 919
    },
    {
        "bookingid": 4968
    },
    {
        "bookingid": 3560
    },
    {
        "bookingid": 281
    },
    {
        "bookingid": 4496
    },
    {
        "bookingid": 4114
    },
    {
        "bookingid": 4514
    },
    {
        "bookingid": 5130
    },
    {
        "bookingid": 1479
    },
    {
        "bookingid": 1298
    },
    {
        "bookingid": 4377
    },
    {
        "bookingid": 971
    },
    {
        "bookingid": 1029
    },
    {
        "bookingid": 3175
    },
    {
        "bookingid": 4194
    },
    {
        "bookingid": 3145
    },
    {
        "bookingid": 2782
    },
    {
        "bookingid": 525
    },
    {
        "bookingid": 1553
    },
    {
        "bookingid": 1995
    },
    {
        "bookingid": 2426
    },
    {
        "bookingid": 3370
    },
    {
        "bookingid": 5090
    },
    {
        "bookingid": 2758
    },
    {
        "bookingid": 3924
    },
    {
        "bookingid": 2998
    },
    {
        "bookingid": 5225
    },
    {
        "bookingid": 621
    },
    {
        "bookingid": 4800
    },
    {
        "bookingid": 1614
    },
    {
        "bookingid": 1460
    },
    {
        "bookingid": 4181
    },
    {
        "bookingid": 1546
    },
    {
        "bookingid": 3935
    },
    {
        "bookingid": 4863
    },
    {
        "bookingid": 1124
    },
    {
        "bookingid": 2496
    },
    {
        "bookingid": 2868
    },
    {
        "bookingid": 4312
    },
    {
        "bookingid": 4208
    },
    {
        "bookingid": 4463
    },
    {
        "bookingid": 114
    },
    {
        "bookingid": 1548
    },
    {
        "bookingid": 2398
    },
    {
        "bookingid": 3178
    },
    {
        "bookingid": 2276
    },
    {
        "bookingid": 2599
    },
    {
        "bookingid": 332
    },
    {
        "bookingid": 1026
    },
    {
        "bookingid": 3028
    },
    {
        "bookingid": 848
    },
    {
        "bookingid": 3039
    },
    {
        "bookingid": 1947
    },
    {
        "bookingid": 1346
    },
    {
        "bookingid": 3513
    },
    {
        "bookingid": 763
    },
    {
        "bookingid": 3784
    },
    {
        "bookingid": 4200
    },
    {
        "bookingid": 1454
    },
    {
        "bookingid": 5083
    },
    {
        "bookingid": 4442
    },
    {
        "bookingid": 1117
    },
    {
        "bookingid": 5389
    },
    {
        "bookingid": 2874
    },
    {
        "bookingid": 3744
    },
    {
        "bookingid": 5375
    },
    {
        "bookingid": 4570
    },
    {
        "bookingid": 891
    },
    {
        "bookingid": 737
    },
    {
        "bookingid": 2808
    },
    {
        "bookingid": 928
    },
    {
        "bookingid": 2930
    },
    {
        "bookingid": 1874
    },
    {
        "bookingid": 915
    },
    {
        "bookingid": 3474
    },
    {
        "bookingid": 1990
    },
    {
        "bookingid": 3763
    },
    {
        "bookingid": 1326
    },
    {
        "bookingid": 5017
    },
    {
        "bookingid": 4418
    },
    {
        "bookingid": 1921
    },
    {
        "bookingid": 5170
    },
    {
        "bookingid": 2061
    },
    {
        "bookingid": 1491
    },
    {
        "bookingid": 3764
    },
    {
        "bookingid": 4652
    },
    {
        "bookingid": 1322
    },
    {
        "bookingid": 3371
    },
    {
        "bookingid": 2766
    },
    {
        "bookingid": 298
    },
    {
        "bookingid": 3951
    },
    {
        "bookingid": 1924
    },
    {
        "bookingid": 1567
    },
    {
        "bookingid": 4549
    },
    {
        "bookingid": 2777
    },
    {
        "bookingid": 2694
    },
    {
        "bookingid": 4776
    },
    {
        "bookingid": 570
    },
    {
        "bookingid": 3046
    },
    {
        "bookingid": 963
    },
    {
        "bookingid": 5132
    },
    {
        "bookingid": 4929
    },
    {
        "bookingid": 4851
    },
    {
        "bookingid": 1820
    },
    {
        "bookingid": 4924
    },
    {
        "bookingid": 402
    },
    {
        "bookingid": 3332
    },
    {
        "bookingid": 1452
    },
    {
        "bookingid": 1850
    },
    {
        "bookingid": 215
    },
    {
        "bookingid": 4032
    },
    {
        "bookingid": 1003
    },
    {
        "bookingid": 3583
    },
    {
        "bookingid": 4292
    },
    {
        "bookingid": 1706
    },
    {
        "bookingid": 4337
    },
    {
        "bookingid": 1869
    },
    {
        "bookingid": 2379
    },
    {
        "bookingid": 1683
    },
    {
        "bookingid": 2760
    },
    {
        "bookingid": 1561
    },
    {
        "bookingid": 3855
    },
    {
        "bookingid": 4285
    },
    {
        "bookingid": 3572
    },
    {
        "bookingid": 3276
    },
    {
        "bookingid": 1176
    },
    {
        "bookingid": 999
    },
    {
        "bookingid": 3549
    },
    {
        "bookingid": 5205
    },
    {
        "bookingid": 4034
    },
    {
        "bookingid": 2389
    },
    {
        "bookingid": 641
    },
    {
        "bookingid": 2592
    },
    {
        "bookingid": 538
    },
    {
        "bookingid": 4552
    },
    {
        "bookingid": 3930
    },
    {
        "bookingid": 3414
    },
    {
        "bookingid": 2551
    },
    {
        "bookingid": 482
    },
    {
        "bookingid": 2837
    },
    {
        "bookingid": 2825
    },
    {
        "bookingid": 5043
    },
    {
        "bookingid": 162
    },
    {
        "bookingid": 1211
    },
    {
        "bookingid": 4383
    },
    {
        "bookingid": 2525
    },
    {
        "bookingid": 4177
    },
    {
        "bookingid": 893
    },
    {
        "bookingid": 275
    },
    {
        "bookingid": 4238
    },
    {
        "bookingid": 3791
    },
    {
        "bookingid": 5351
    },
    {
        "bookingid": 2257
    },
    {
        "bookingid": 1325
    },
    {
        "bookingid": 843
    },
    {
        "bookingid": 4341
    },
    {
        "bookingid": 852
    },
    {
        "bookingid": 1310
    },
    {
        "bookingid": 875
    },
    {
        "bookingid": 565
    },
    {
        "bookingid": 1588
    },
    {
        "bookingid": 3991
    },
    {
        "bookingid": 1291
    },
    {
        "bookingid": 5076
    },
    {
        "bookingid": 2
    },
    {
        "bookingid": 953
    },
    {
        "bookingid": 12
    },
    {
        "bookingid": 4635
    },
    {
        "bookingid": 2928
    },
    {
        "bookingid": 4481
    },
    {
        "bookingid": 351
    },
    {
        "bookingid": 3458
    },
    {
        "bookingid": 672
    },
    {
        "bookingid": 1362
    },
    {
        "bookingid": 2143
    },
    {
        "bookingid": 1300
    },
    {
        "bookingid": 3477
    },
    {
        "bookingid": 684
    },
    {
        "bookingid": 1518
    },
    {
        "bookingid": 554
    },
    {
        "bookingid": 5451
    },
    {
        "bookingid": 819
    },
    {
        "bookingid": 2980
    },
    {
        "bookingid": 3506
    },
    {
        "bookingid": 3880
    },
    {
        "bookingid": 2434
    },
    {
        "bookingid": 5438
    },
    {
        "bookingid": 2724
    },
    {
        "bookingid": 1932
    },
    {
        "bookingid": 3738
    },
    {
        "bookingid": 1443
    },
    {
        "bookingid": 1028
    },
    {
        "bookingid": 4005
    },
    {
        "bookingid": 3471
    },
    {
        "bookingid": 4894
    },
    {
        "bookingid": 29
    },
    {
        "bookingid": 2914
    },
    {
        "bookingid": 4092
    },
    {
        "bookingid": 484
    },
    {
        "bookingid": 2099
    },
    {
        "bookingid": 5281
    },
    {
        "bookingid": 2205
    },
    {
        "bookingid": 3388
    },
    {
        "bookingid": 2063
    },
    {
        "bookingid": 3598
    },
    {
        "bookingid": 2128
    },
    {
        "bookingid": 3023
    },
    {
        "bookingid": 745
    },
    {
        "bookingid": 4465
    },
    {
        "bookingid": 914
    },
    {
        "bookingid": 3988
    },
    {
        "bookingid": 1229
    },
    {
        "bookingid": 4808
    },
    {
        "bookingid": 2256
    },
    {
        "bookingid": 3717
    },
    {
        "bookingid": 3983
    },
    {
        "bookingid": 548
    },
    {
        "bookingid": 1879
    },
    {
        "bookingid": 935
    },
    {
        "bookingid": 3169
    },
    {
        "bookingid": 4334
    },
    {
        "bookingid": 4215
    },
    {
        "bookingid": 625
    },
    {
        "bookingid": 3408
    },
    {
        "bookingid": 788
    },
    {
        "bookingid": 2267
    },
    {
        "bookingid": 4297
    },
    {
        "bookingid": 1846
    },
    {
        "bookingid": 1259
    },
    {
        "bookingid": 1382
    },
    {
        "bookingid": 2133
    },
    {
        "bookingid": 439
    },
    {
        "bookingid": 4306
    },
    {
        "bookingid": 288
    },
    {
        "bookingid": 4882
    },
    {
        "bookingid": 4157
    },
    {
        "bookingid": 82
    },
    {
        "bookingid": 5062
    },
    {
        "bookingid": 30
    },
    {
        "bookingid": 5426
    },
    {
        "bookingid": 3516
    },
    {
        "bookingid": 4128
    },
    {
        "bookingid": 3621
    },
    {
        "bookingid": 277
    },
    {
        "bookingid": 4109
    },
    {
        "bookingid": 1509
    },
    {
        "bookingid": 2889
    },
    {
        "bookingid": 2275
    },
    {
        "bookingid": 5401
    },
    {
        "bookingid": 5084
    },
    {
        "bookingid": 654
    },
    {
        "bookingid": 2425
    },
    {
        "bookingid": 3825
    },
    {
        "bookingid": 3216
    },
    {
        "bookingid": 1676
    },
    {
        "bookingid": 2315
    },
    {
        "bookingid": 2545
    },
    {
        "bookingid": 834
    },
    {
        "bookingid": 4511
    },
    {
        "bookingid": 2372
    },
    {
        "bookingid": 1744
    },
    {
        "bookingid": 5201
    },
    {
        "bookingid": 2878
    },
    {
        "bookingid": 4070
    },
    {
        "bookingid": 3017
    },
    {
        "bookingid": 4906
    },
    {
        "bookingid": 986
    },
    {
        "bookingid": 4815
    },
    {
        "bookingid": 2937
    },
    {
        "bookingid": 927
    },
    {
        "bookingid": 706
    },
    {
        "bookingid": 4946
    },
    {
        "bookingid": 286
    },
    {
        "bookingid": 4598
    },
    {
        "bookingid": 991
    },
    {
        "bookingid": 2501
    },
    {
        "bookingid": 1063
    },
    {
        "bookingid": 2194
    },
    {
        "bookingid": 3207
    },
    {
        "bookingid": 2726
    },
    {
        "bookingid": 4299
    },
    {
        "bookingid": 1725
    },
    {
        "bookingid": 4224
    },
    {
        "bookingid": 3697
    },
    {
        "bookingid": 3346
    },
    {
        "bookingid": 1481
    },
    {
        "bookingid": 3607
    },
    {
        "bookingid": 1901
    },
    {
        "bookingid": 2144
    },
    {
        "bookingid": 662
    },
    {
        "bookingid": 2534
    },
    {
        "bookingid": 3528
    },
    {
        "bookingid": 4915
    },
    {
        "bookingid": 2169
    },
    {
        "bookingid": 2160
    },
    {
        "bookingid": 643
    },
    {
        "bookingid": 2881
    },
    {
        "bookingid": 4583
    },
    {
        "bookingid": 3494
    },
    {
        "bookingid": 1163
    },
    {
        "bookingid": 4323
    },
    {
        "bookingid": 4469
    },
    {
        "bookingid": 2519
    },
    {
        "bookingid": 3434
    },
    {
        "bookingid": 2431
    },
    {
        "bookingid": 4923
    },
    {
        "bookingid": 4249
    },
    {
        "bookingid": 2182
    },
    {
        "bookingid": 1908
    },
    {
        "bookingid": 2665
    },
    {
        "bookingid": 1664
    },
    {
        "bookingid": 4039
    },
    {
        "bookingid": 776
    },
    {
        "bookingid": 2608
    },
    {
        "bookingid": 3266
    },
    {
        "bookingid": 4384
    },
    {
        "bookingid": 1145
    },
    {
        "bookingid": 4538
    },
    {
        "bookingid": 2863
    },
    {
        "bookingid": 3622
    },
    {
        "bookingid": 1123
    },
    {
        "bookingid": 4436
    },
    {
        "bookingid": 1679
    },
    {
        "bookingid": 1045
    },
    {
        "bookingid": 5429
    },
    {
        "bookingid": 4783
    },
    {
        "bookingid": 4718
    },
    {
        "bookingid": 849
    },
    {
        "bookingid": 3706
    },
    {
        "bookingid": 1544
    },
    {
        "bookingid": 1579
    },
    {
        "bookingid": 2806
    },
    {
        "bookingid": 681
    },
    {
        "bookingid": 2646
    },
    {
        "bookingid": 2697
    },
    {
        "bookingid": 3766
    },
    {
        "bookingid": 743
    },
    {
        "bookingid": 5126
    },
    {
        "bookingid": 5406
    },
    {
        "bookingid": 3618
    },
    {
        "bookingid": 521
    },
    {
        "bookingid": 1593
    },
    {
        "bookingid": 4559
    },
    {
        "bookingid": 4062
    },
    {
        "bookingid": 360
    },
    {
        "bookingid": 111
    },
    {
        "bookingid": 4801
    },
    {
        "bookingid": 5434
    },
    {
        "bookingid": 746
    },
    {
        "bookingid": 1236
    },
    {
        "bookingid": 3033
    },
    {
        "bookingid": 2265
    },
    {
        "bookingid": 1433
    },
    {
        "bookingid": 2698
    },
    {
        "bookingid": 2260
    },
    {
        "bookingid": 1645
    },
    {
        "bookingid": 3801
    },
    {
        "bookingid": 365
    },
    {
        "bookingid": 37
    },
    {
        "bookingid": 879
    },
    {
        "bookingid": 1224
    },
    {
        "bookingid": 1199
    },
    {
        "bookingid": 3210
    },
    {
        "bookingid": 3870
    },
    {
        "bookingid": 4277
    },
    {
        "bookingid": 1333
    },
    {
        "bookingid": 2335
    },
    {
        "bookingid": 5187
    },
    {
        "bookingid": 4123
    },
    {
        "bookingid": 4685
    },
    {
        "bookingid": 4219
    },
    {
        "bookingid": 2322
    },
    {
        "bookingid": 1861
    },
    {
        "bookingid": 4342
    },
    {
        "bookingid": 2505
    },
    {
        "bookingid": 2186
    },
    {
        "bookingid": 3428
    },
    {
        "bookingid": 522
    },
    {
        "bookingid": 3334
    },
    {
        "bookingid": 3720
    },
    {
        "bookingid": 336
    },
    {
        "bookingid": 4295
    },
    {
        "bookingid": 2804
    },
    {
        "bookingid": 1880
    }
]
Request URI:	https://restful-booker.herokuapp.com/booking?firstname=Sally
Body:			<none>
[
    {
        "bookingid": 9
    },
    {
        "bookingid": 4
    }
]
Request URI:	https://restful-booker.herokuapp.com/ping123456789
Body:			<none>
Request URI:	https://restful-booker.herokuapp.com/booking?lastname=Brown
Body:			<none>
[
    {
        "bookingid": 5
    },
    {
        "bookingid": 5073
    },
    {
        "bookingid": 500
    },
    {
        "bookingid": 2884
    },
    {
        "bookingid": 4185
    },
    {
        "bookingid": 5492
    }
]
Request URI:	https://restful-booker.herokuapp.com/booking?offset=10
Body:			<none>
[
    {
        "bookingid": 485
    },
    {
        "bookingid": 4498
    },
    {
        "bookingid": 2106
    },
    {
        "bookingid": 1696
    },
    {
        "bookingid": 3422
    },
    {
        "bookingid": 3335
    },
    {
        "bookingid": 1490
    },
    {
        "bookingid": 713
    },
    {
        "bookingid": 1374
    },
    {
        "bookingid": 2757
    },
    {
        "bookingid": 4484
    },
    {
        "bookingid": 1714
    },
    {
        "bookingid": 1475
    },
    {
        "bookingid": 1799
    },
    {
        "bookingid": 4474
    },
    {
        "bookingid": 1459
    },
    {
        "bookingid": 5
    },
    {
        "bookingid": 4080
    },
    {
        "bookingid": 3810
    },
    {
        "bookingid": 3380
    },
    {
        "bookingid": 1712
    },
    {
        "bookingid": 3393
    },
    {
        "bookingid": 4908
    },
    {
        "bookingid": 3372
    },
    {
        "bookingid": 995
    },
    {
        "bookingid": 783
    },
    {
        "bookingid": 605
    },
    {
        "bookingid": 1389
    },
    {
        "bookingid": 40
    },
    {
        "bookingid": 1494
    },
    {
        "bookingid": 3445
    },
    {
        "bookingid": 4707
    },
    {
        "bookingid": 1819
    },
    {
        "bookingid": 1151
    },
    {
        "bookingid": 2602
    },
    {
        "bookingid": 1457
    },
    {
        "bookingid": 3351
    },
    {
        "bookingid": 297
    },
    {
        "bookingid": 4740
    },
    {
        "bookingid": 1788
    },
    {
        "bookingid": 920
    },
    {
        "bookingid": 2158
    },
    {
        "bookingid": 4284
    },
    {
        "bookingid": 4910
    },
    {
        "bookingid": 1419
    },
    {
        "bookingid": 4432
    },
    {
        "bookingid": 2351
    },
    {
        "bookingid": 584
    },
    {
        "bookingid": 1656
    },
    {
        "bookingid": 480
    },
    {
        "bookingid": 4795
    },
    {
        "bookingid": 5358
    },
    {
        "bookingid": 2621
    },
    {
        "bookingid": 222
    },
    {
        "bookingid": 4035
    },
    {
        "bookingid": 497
    },
    {
        "bookingid": 5284
    },
    {
        "bookingid": 5006
    },
    {
        "bookingid": 3386
    },
    {
        "bookingid": 209
    },
    {
        "bookingid": 1139
    },
    {
        "bookingid": 5047
    },
    {
        "bookingid": 3970
    },
    {
        "bookingid": 5143
    },
    {
        "bookingid": 2549
    },
    {
        "bookingid": 3733
    },
    {
        "bookingid": 139
    },
    {
        "bookingid": 2463
    },
    {
        "bookingid": 983
    },
    {
        "bookingid": 678
    },
    {
        "bookingid": 2252
    },
    {
        "bookingid": 1263
    },
    {
        "bookingid": 2921
    },
    {
        "bookingid": 4360
    },
    {
        "bookingid": 445
    },
    {
        "bookingid": 2603
    },
    {
        "bookingid": 3382
    },
    {
        "bookingid": 1126
    },
    {
        "bookingid": 1311
    },
    {
        "bookingid": 2767
    },
    {
        "bookingid": 1252
    },
    {
        "bookingid": 1319
    },
    {
        "bookingid": 5289
    },
    {
        "bookingid": 198
    },
    {
        "bookingid": 291
    },
    {
        "bookingid": 5478
    },
    {
        "bookingid": 5243
    },
    {
        "bookingid": 3032
    },
    {
        "bookingid": 2842
    },
    {
        "bookingid": 3158
    },
    {
        "bookingid": 3805
    },
    {
        "bookingid": 4612
    },
    {
        "bookingid": 3544
    },
    {
        "bookingid": 177
    },
    {
        "bookingid": 67
    },
    {
        "bookingid": 1802
    },
    {
        "bookingid": 2381
    },
    {
        "bookingid": 105
    },
    {
        "bookingid": 2852
    },
    {
        "bookingid": 5105
    },
    {
        "bookingid": 2308
    },
    {
        "bookingid": 5214
    },
    {
        "bookingid": 1677
    },
    {
        "bookingid": 3729
    },
    {
        "bookingid": 3485
    },
    {
        "bookingid": 4019
    },
    {
        "bookingid": 3155
    },
    {
        "bookingid": 4174
    },
    {
        "bookingid": 2286
    },
    {
        "bookingid": 5029
    },
    {
        "bookingid": 1717
    },
    {
        "bookingid": 2728
    },
    {
        "bookingid": 5485
    },
    {
        "bookingid": 2016
    },
    {
        "bookingid": 4172
    },
    {
        "bookingid": 1905
    },
    {
        "bookingid": 3302
    },
    {
        "bookingid": 503
    },
    {
        "bookingid": 2890
    },
    {
        "bookingid": 3882
    },
    {
        "bookingid": 2468
    },
    {
        "bookingid": 2163
    },
    {
        "bookingid": 1009
    },
    {
        "bookingid": 3643
    },
    {
        "bookingid": 2790
    },
    {
        "bookingid": 3534
    },
    {
        "bookingid": 1899
    },
    {
        "bookingid": 2561
    },
    {
        "bookingid": 2689
    },
    {
        "bookingid": 581
    },
    {
        "bookingid": 4303
    },
    {
        "bookingid": 4512
    },
    {
        "bookingid": 3649
    },
    {
        "bookingid": 5135
    },
    {
        "bookingid": 873
    },
    {
        "bookingid": 1776
    },
    {
        "bookingid": 4670
    },
    {
        "bookingid": 610
    },
    {
        "bookingid": 1429
    },
    {
        "bookingid": 2801
    },
    {
        "bookingid": 2146
    },
    {
        "bookingid": 5213
    },
    {
        "bookingid": 190
    },
    {
        "bookingid": 2247
    },
    {
        "bookingid": 4374
    },
    {
        "bookingid": 504
    },
    {
        "bookingid": 4064
    },
    {
        "bookingid": 4524
    },
    {
        "bookingid": 3606
    },
    {
        "bookingid": 1424
    },
    {
        "bookingid": 147
    },
    {
        "bookingid": 4893
    },
    {
        "bookingid": 366
    },
    {
        "bookingid": 4566
    },
    {
        "bookingid": 3868
    },
    {
        "bookingid": 782
    },
    {
        "bookingid": 4395
    },
    {
        "bookingid": 1185
    },
    {
        "bookingid": 5022
    },
    {
        "bookingid": 1394
    },
    {
        "bookingid": 1545
    },
    {
        "bookingid": 2527
    },
    {
        "bookingid": 3149
    },
    {
        "bookingid": 1217
    },
    {
        "bookingid": 1313
    },
    {
        "bookingid": 5287
    },
    {
        "bookingid": 187
    },
    {
        "bookingid": 942
    },
    {
        "bookingid": 1204
    },
    {
        "bookingid": 2011
    },
    {
        "bookingid": 4527
    },
    {
        "bookingid": 5002
    },
    {
        "bookingid": 104
    },
    {
        "bookingid": 4448
    },
    {
        "bookingid": 1258
    },
    {
        "bookingid": 4195
    },
    {
        "bookingid": 4734
    },
    {
        "bookingid": 4322
    },
    {
        "bookingid": 3613
    },
    {
        "bookingid": 3765
    },
    {
        "bookingid": 1261
    },
    {
        "bookingid": 3863
    },
    {
        "bookingid": 3281
    },
    {
        "bookingid": 3803
    },
    {
        "bookingid": 2709
    },
    {
        "bookingid": 4653
    },
    {
        "bookingid": 4368
    },
    {
        "bookingid": 5238
    },
    {
        "bookingid": 5109
    },
    {
        "bookingid": 4648
    },
    {
        "bookingid": 3209
    },
    {
        "bookingid": 2457
    },
    {
        "bookingid": 411
    },
    {
        "bookingid": 1935
    },
    {
        "bookingid": 1307
    },
    {
        "bookingid": 278
    },
    {
        "bookingid": 1956
    },
    {
        "bookingid": 92
    },
    {
        "bookingid": 2539
    },
    {
        "bookingid": 5475
    },
    {
        "bookingid": 2167
    },
    {
        "bookingid": 3462
    },
    {
        "bookingid": 3492
    },
    {
        "bookingid": 1848
    },
    {
        "bookingid": 4293
    },
    {
        "bookingid": 897
    },
    {
        "bookingid": 3365
    },
    {
        "bookingid": 709
    },
    {
        "bookingid": 4746
    },
    {
        "bookingid": 699
    },
    {
        "bookingid": 95
    },
    {
        "bookingid": 5172
    },
    {
        "bookingid": 3640
    },
    {
        "bookingid": 3261
    },
    {
        "bookingid": 1304
    },
    {
        "bookingid": 3735
    },
    {
        "bookingid": 196
    },
    {
        "bookingid": 3128
    },
    {
        "bookingid": 132
    },
    {
        "bookingid": 3504
    },
    {
        "bookingid": 185
    },
    {
        "bookingid": 937
    },
    {
        "bookingid": 1951
    },
    {
        "bookingid": 603
    },
    {
        "bookingid": 4666
    },
    {
        "bookingid": 4227
    },
    {
        "bookingid": 3176
    },
    {
        "bookingid": 517
    },
    {
        "bookingid": 2711
    },
    {
        "bookingid": 2642
    },
    {
        "bookingid": 3170
    },
    {
        "bookingid": 3250
    },
    {
        "bookingid": 2888
    },
    {
        "bookingid": 1318
    },
    {
        "bookingid": 2796
    },
    {
        "bookingid": 1212
    },
    {
        "bookingid": 4833
    },
    {
        "bookingid": 5321
    },
    {
        "bookingid": 4091
    },
    {
        "bookingid": 1434
    },
    {
        "bookingid": 1867
    },
    {
        "bookingid": 3922
    },
    {
        "bookingid": 2793
    },
    {
        "bookingid": 1970
    },
    {
        "bookingid": 2883
    },
    {
        "bookingid": 1968
    },
    {
        "bookingid": 814
    },
    {
        "bookingid": 3681
    },
    {
        "bookingid": 1760
    },
    {
        "bookingid": 112
    },
    {
        "bookingid": 4964
    },
    {
        "bookingid": 315
    },
    {
        "bookingid": 4571
    },
    {
        "bookingid": 3873
    },
    {
        "bookingid": 5212
    },
    {
        "bookingid": 2090
    },
    {
        "bookingid": 493
    },
    {
        "bookingid": 5391
    },
    {
        "bookingid": 2370
    },
    {
        "bookingid": 3195
    },
    {
        "bookingid": 3768
    },
    {
        "bookingid": 3153
    },
    {
        "bookingid": 5200
    },
    {
        "bookingid": 1130
    },
    {
        "bookingid": 3223
    },
    {
        "bookingid": 1023
    },
    {
        "bookingid": 2744
    },
    {
        "bookingid": 4521
    },
    {
        "bookingid": 24
    },
    {
        "bookingid": 2312
    },
    {
        "bookingid": 5453
    },
    {
        "bookingid": 1474
    },
    {
        "bookingid": 1237
    },
    {
        "bookingid": 3327
    },
    {
        "bookingid": 1771
    },
    {
        "bookingid": 2742
    },
    {
        "bookingid": 1616
    },
    {
        "bookingid": 702
    },
    {
        "bookingid": 1093
    },
    {
        "bookingid": 3843
    },
    {
        "bookingid": 2317
    },
    {
        "bookingid": 1112
    },
    {
        "bookingid": 1109
    },
    {
        "bookingid": 1839
    },
    {
        "bookingid": 4129
    },
    {
        "bookingid": 3902
    },
    {
        "bookingid": 5154
    },
    {
        "bookingid": 3267
    },
    {
        "bookingid": 3981
    },
    {
        "bookingid": 903
    },
    {
        "bookingid": 4345
    },
    {
        "bookingid": 704
    },
    {
        "bookingid": 1132
    },
    {
        "bookingid": 5500
    },
    {
        "bookingid": 387
    },
    {
        "bookingid": 4060
    },
    {
        "bookingid": 1889
    },
    {
        "bookingid": 5353
    },
    {
        "bookingid": 1409
    },
    {
        "bookingid": 4385
    },
    {
        "bookingid": 2869
    },
    {
        "bookingid": 1428
    },
    {
        "bookingid": 4832
    },
    {
        "bookingid": 1177
    },
    {
        "bookingid": 421
    },
    {
        "bookingid": 650
    },
    {
        "bookingid": 5159
    },
    {
        "bookingid": 5226
    },
    {
        "bookingid": 63
    },
    {
        "bookingid": 3892
    },
    {
        "bookingid": 1506
    },
    {
        "bookingid": 1978
    },
    {
        "bookingid": 19
    },
    {
        "bookingid": 2836
    },
    {
        "bookingid": 1411
    },
    {
        "bookingid": 191
    },
    {
        "bookingid": 1930
    },
    {
        "bookingid": 3961
    },
    {
        "bookingid": 1759
    },
    {
        "bookingid": 168
    },
    {
        "bookingid": 3027
    },
    {
        "bookingid": 108
    },
    {
        "bookingid": 2198
    },
    {
        "bookingid": 3745
    },
    {
        "bookingid": 7
    },
    {
        "bookingid": 697
    },
    {
        "bookingid": 148
    },
    {
        "bookingid": 2626
    },
    {
        "bookingid": 4167
    },
    {
        "bookingid": 2482
    },
    {
        "bookingid": 2902
    },
    {
        "bookingid": 2882
    },
    {
        "bookingid": 488
    },
    {
        "bookingid": 815
    },
    {
        "bookingid": 5151
    },
    {
        "bookingid": 2137
    },
    {
        "bookingid": 4209
    },
    {
        "bookingid": 4271
    },
    {
        "bookingid": 3119
    },
    {
        "bookingid": 393
    },
    {
        "bookingid": 1927
    },
    {
        "bookingid": 5462
    },
    {
        "bookingid": 1779
    },
    {
        "bookingid": 453
    },
    {
        "bookingid": 1169
    },
    {
        "bookingid": 4775
    },
    {
        "bookingid": 2775
    },
    {
        "bookingid": 789
    },
    {
        "bookingid": 751
    },
    {
        "bookingid": 5415
    },
    {
        "bookingid": 2522
    },
    {
        "bookingid": 4352
    },
    {
        "bookingid": 3676
    },
    {
        "bookingid": 950
    },
    {
        "bookingid": 3199
    },
    {
        "bookingid": 2217
    },
    {
        "bookingid": 4158
    },
    {
        "bookingid": 2951
    },
    {
        "bookingid": 4320
    },
    {
        "bookingid": 2994
    },
    {
        "bookingid": 3097
    },
    {
        "bookingid": 4085
    },
    {
        "bookingid": 1270
    },
    {
        "bookingid": 2797
    },
    {
        "bookingid": 1573
    },
    {
        "bookingid": 5042
    },
    {
        "bookingid": 401
    },
    {
        "bookingid": 1780
    },
    {
        "bookingid": 3040
    },
    {
        "bookingid": 4375
    },
    {
        "bookingid": 4304
    },
    {
        "bookingid": 5297
    },
    {
        "bookingid": 679
    },
    {
        "bookingid": 4402
    },
    {
        "bookingid": 3284
    },
    {
        "bookingid": 289
    },
    {
        "bookingid": 4731
    },
    {
        "bookingid": 52
    },
    {
        "bookingid": 2306
    },
    {
        "bookingid": 2203
    },
    {
        "bookingid": 4829
    },
    {
        "bookingid": 5091
    },
    {
        "bookingid": 5193
    },
    {
        "bookingid": 3595
    },
    {
        "bookingid": 4763
    },
    {
        "bookingid": 489
    },
    {
        "bookingid": 4228
    },
    {
        "bookingid": 4714
    },
    {
        "bookingid": 1437
    },
    {
        "bookingid": 5299
    },
    {
        "bookingid": 1436
    },
    {
        "bookingid": 4139
    },
    {
        "bookingid": 3114
    },
    {
        "bookingid": 4998
    },
    {
        "bookingid": 4860
    },
    {
        "bookingid": 4682
    },
    {
        "bookingid": 5333
    },
    {
        "bookingid": 4133
    },
    {
        "bookingid": 2080
    },
    {
        "bookingid": 4401
    },
    {
        "bookingid": 3500
    },
    {
        "bookingid": 2246
    },
    {
        "bookingid": 4945
    },
    {
        "bookingid": 1857
    },
    {
        "bookingid": 2557
    },
    {
        "bookingid": 5040
    },
    {
        "bookingid": 3401
    },
    {
        "bookingid": 916
    },
    {
        "bookingid": 1478
    },
    {
        "bookingid": 3493
    },
    {
        "bookingid": 4678
    },
    {
        "bookingid": 1792
    },
    {
        "bookingid": 5330
    },
    {
        "bookingid": 4097
    },
    {
        "bookingid": 2776
    },
    {
        "bookingid": 3781
    },
    {
        "bookingid": 2925
    },
    {
        "bookingid": 3790
    },
    {
        "bookingid": 1845
    },
    {
        "bookingid": 5413
    },
    {
        "bookingid": 3778
    },
    {
        "bookingid": 5275
    },
    {
        "bookingid": 1644
    },
    {
        "bookingid": 1025
    },
    {
        "bookingid": 1723
    },
    {
        "bookingid": 726
    },
    {
        "bookingid": 4886
    },
    {
        "bookingid": 2445
    },
    {
        "bookingid": 3700
    },
    {
        "bookingid": 1495
    },
    {
        "bookingid": 3043
    },
    {
        "bookingid": 715
    },
    {
        "bookingid": 3679
    },
    {
        "bookingid": 4144
    },
    {
        "bookingid": 1530
    },
    {
        "bookingid": 5142
    },
    {
        "bookingid": 2904
    },
    {
        "bookingid": 1670
    },
    {
        "bookingid": 3597
    },
    {
        "bookingid": 4422
    },
    {
        "bookingid": 2655
    },
    {
        "bookingid": 1650
    },
    {
        "bookingid": 2047
    },
    {
        "bookingid": 750
    },
    {
        "bookingid": 2371
    },
    {
        "bookingid": 2732
    },
    {
        "bookingid": 4572
    },
    {
        "bookingid": 2955
    },
    {
        "bookingid": 4286
    },
    {
        "bookingid": 578
    },
    {
        "bookingid": 835
    },
    {
        "bookingid": 955
    },
    {
        "bookingid": 866
    },
    {
        "bookingid": 1385
    },
    {
        "bookingid": 367
    },
    {
        "bookingid": 4371
    },
    {
        "bookingid": 4482
    },
    {
        "bookingid": 757
    },
    {
        "bookingid": 5494
    },
    {
        "bookingid": 2478
    },
    {
        "bookingid": 1368
    },
    {
        "bookingid": 352
    },
    {
        "bookingid": 240
    },
    {
        "bookingid": 5013
    },
    {
        "bookingid": 638
    },
    {
        "bookingid": 3648
    },
    {
        "bookingid": 2860
    },
    {
        "bookingid": 1812
    },
    {
        "bookingid": 4581
    },
    {
        "bookingid": 3197
    },
    {
        "bookingid": 2458
    },
    {
        "bookingid": 4634
    },
    {
        "bookingid": 886
    },
    {
        "bookingid": 3826
    },
    {
        "bookingid": 1773
    },
    {
        "bookingid": 5277
    },
    {
        "bookingid": 3253
    },
    {
        "bookingid": 1902
    },
    {
        "bookingid": 4146
    },
    {
        "bookingid": 1054
    },
    {
        "bookingid": 840
    },
    {
        "bookingid": 1331
    },
    {
        "bookingid": 4217
    },
    {
        "bookingid": 5400
    },
    {
        "bookingid": 3081
    },
    {
        "bookingid": 2165
    },
    {
        "bookingid": 2480
    },
    {
        "bookingid": 2109
    },
    {
        "bookingid": 1662
    },
    {
        "bookingid": 2196
    },
    {
        "bookingid": 2280
    },
    {
        "bookingid": 1829
    },
    {
        "bookingid": 120
    },
    {
        "bookingid": 3403
    },
    {
        "bookingid": 2639
    },
    {
        "bookingid": 1906
    },
    {
        "bookingid": 5392
    },
    {
        "bookingid": 4732
    },
    {
        "bookingid": 3832
    },
    {
        "bookingid": 3404
    },
    {
        "bookingid": 2329
    },
    {
        "bookingid": 1121
    },
    {
        "bookingid": 2506
    },
    {
        "bookingid": 3794
    },
    {
        "bookingid": 807
    },
    {
        "bookingid": 3089
    },
    {
        "bookingid": 4614
    },
    {
        "bookingid": 4437
    },
    {
        "bookingid": 1920
    },
    {
        "bookingid": 1632
    },
    {
        "bookingid": 3533
    },
    {
        "bookingid": 14
    },
    {
        "bookingid": 774
    },
    {
        "bookingid": 4996
    },
    {
        "bookingid": 1189
    },
    {
        "bookingid": 2619
    },
    {
        "bookingid": 2083
    },
    {
        "bookingid": 2092
    },
    {
        "bookingid": 4421
    },
    {
        "bookingid": 3467
    },
    {
        "bookingid": 5025
    },
    {
        "bookingid": 2538
    },
    {
        "bookingid": 659
    },
    {
        "bookingid": 2218
    },
    {
        "bookingid": 4675
    },
    {
        "bookingid": 3566
    },
    {
        "bookingid": 3565
    },
    {
        "bookingid": 4810
    },
    {
        "bookingid": 2328
    },
    {
        "bookingid": 17
    },
    {
        "bookingid": 4606
    },
    {
        "bookingid": 5425
    },
    {
        "bookingid": 2791
    },
    {
        "bookingid": 3749
    },
    {
        "bookingid": 3906
    },
    {
        "bookingid": 754
    },
    {
        "bookingid": 3118
    },
    {
        "bookingid": 2485
    },
    {
        "bookingid": 4661
    },
    {
        "bookingid": 705
    },
    {
        "bookingid": 4820
    },
    {
        "bookingid": 1406
    },
    {
        "bookingid": 5294
    },
    {
        "bookingid": 3840
    },
    {
        "bookingid": 1142
    },
    {
        "bookingid": 2243
    },
    {
        "bookingid": 767
    },
    {
        "bookingid": 189
    },
    {
        "bookingid": 5372
    },
    {
        "bookingid": 4283
    },
    {
        "bookingid": 2969
    },
    {
        "bookingid": 5504
    },
    {
        "bookingid": 1466
    },
    {
        "bookingid": 2488
    },
    {
        "bookingid": 951
    },
    {
        "bookingid": 1783
    },
    {
        "bookingid": 2679
    },
    {
        "bookingid": 1610
    },
    {
        "bookingid": 4920
    },
    {
        "bookingid": 1500
    },
    {
        "bookingid": 4300
    },
    {
        "bookingid": 310
    },
    {
        "bookingid": 5292
    },
    {
        "bookingid": 4690
    },
    {
        "bookingid": 2872
    },
    {
        "bookingid": 5505
    },
    {
        "bookingid": 5432
    },
    {
        "bookingid": 307
    },
    {
        "bookingid": 4615
    },
    {
        "bookingid": 1219
    },
    {
        "bookingid": 3804
    },
    {
        "bookingid": 1949
    },
    {
        "bookingid": 2674
    },
    {
        "bookingid": 1038
    },
    {
        "bookingid": 3311
    },
    {
        "bookingid": 5360
    },
    {
        "bookingid": 2043
    },
    {
        "bookingid": 5257
    },
    {
        "bookingid": 5008
    },
    {
        "bookingid": 3943
    },
    {
        "bookingid": 5147
    },
    {
        "bookingid": 1953
    },
    {
        "bookingid": 2209
    },
    {
        "bookingid": 2112
    },
    {
        "bookingid": 3052
    },
    {
        "bookingid": 4631
    },
    {
        "bookingid": 519
    },
    {
        "bookingid": 830
    },
    {
        "bookingid": 2558
    },
    {
        "bookingid": 3844
    },
    {
        "bookingid": 1642
    },
    {
        "bookingid": 2405
    },
    {
        "bookingid": 910
    },
    {
        "bookingid": 982
    },
    {
        "bookingid": 3521
    },
    {
        "bookingid": 3944
    },
    {
        "bookingid": 4236
    },
    {
        "bookingid": 609
    },
    {
        "bookingid": 1004
    },
    {
        "bookingid": 4878
    },
    {
        "bookingid": 4891
    },
    {
        "bookingid": 5332
    },
    {
        "bookingid": 2232
    },
    {
        "bookingid": 4179
    },
    {
        "bookingid": 4809
    },
    {
        "bookingid": 441
    },
    {
        "bookingid": 91
    },
    {
        "bookingid": 2410
    },
    {
        "bookingid": 1480
    },
    {
        "bookingid": 1678
    },
    {
        "bookingid": 2851
    },
    {
        "bookingid": 4600
    },
    {
        "bookingid": 4318
    },
    {
        "bookingid": 1919
    },
    {
        "bookingid": 2451
    },
    {
        "bookingid": 427
    },
    {
        "bookingid": 4265
    },
    {
        "bookingid": 4969
    },
    {
        "bookingid": 544
    },
    {
        "bookingid": 1187
    },
    {
        "bookingid": 1365
    },
    {
        "bookingid": 5114
    },
    {
        "bookingid": 4399
    },
    {
        "bookingid": 880
    },
    {
        "bookingid": 184
    },
    {
        "bookingid": 4664
    },
    {
        "bookingid": 2896
    },
    {
        "bookingid": 4009
    },
    {
        "bookingid": 4602
    },
    {
        "bookingid": 3229
    },
    {
        "bookingid": 3469
    },
    {
        "bookingid": 1686
    },
    {
        "bookingid": 5224
    },
    {
        "bookingid": 3950
    },
    {
        "bookingid": 4335
    },
    {
        "bookingid": 3536
    },
    {
        "bookingid": 331
    },
    {
        "bookingid": 423
    },
    {
        "bookingid": 76
    },
    {
        "bookingid": 1503
    },
    {
        "bookingid": 2967
    },
    {
        "bookingid": 2486
    },
    {
        "bookingid": 1595
    },
    {
        "bookingid": 4885
    },
    {
        "bookingid": 1280
    },
    {
        "bookingid": 4515
    },
    {
        "bookingid": 4688
    },
    {
        "bookingid": 3439
    },
    {
        "bookingid": 3495
    },
    {
        "bookingid": 3096
    },
    {
        "bookingid": 3264
    },
    {
        "bookingid": 2035
    },
    {
        "bookingid": 4370
    },
    {
        "bookingid": 5071
    },
    {
        "bookingid": 2057
    },
    {
        "bookingid": 1118
    },
    {
        "bookingid": 4717
    },
    {
        "bookingid": 1913
    },
    {
        "bookingid": 2523
    },
    {
        "bookingid": 3851
    },
    {
        "bookingid": 3415
    },
    {
        "bookingid": 2025
    },
    {
        "bookingid": 3580
    },
    {
        "bookingid": 3038
    },
    {
        "bookingid": 36
    },
    {
        "bookingid": 2900
    },
    {
        "bookingid": 339
    },
    {
        "bookingid": 2667
    },
    {
        "bookingid": 1202
    },
    {
        "bookingid": 2250
    },
    {
        "bookingid": 4247
    },
    {
        "bookingid": 3009
    },
    {
        "bookingid": 1699
    },
    {
        "bookingid": 5502
    },
    {
        "bookingid": 2337
    },
    {
        "bookingid": 1853
    },
    {
        "bookingid": 1954
    },
    {
        "bookingid": 2692
    },
    {
        "bookingid": 4171
    },
    {
        "bookingid": 1826
    },
    {
        "bookingid": 3664
    },
    {
        "bookingid": 4903
    },
    {
        "bookingid": 4704
    },
    {
        "bookingid": 2963
    },
    {
        "bookingid": 3780
    },
    {
        "bookingid": 4002
    },
    {
        "bookingid": 10
    },
    {
        "bookingid": 449
    },
    {
        "bookingid": 5460
    },
    {
        "bookingid": 2344
    },
    {
        "bookingid": 577
    },
    {
        "bookingid": 1790
    },
    {
        "bookingid": 129
    },
    {
        "bookingid": 3546
    },
    {
        "bookingid": 4793
    },
    {
        "bookingid": 2972
    },
    {
        "bookingid": 1513
    },
    {
        "bookingid": 3898
    },
    {
        "bookingid": 3815
    },
    {
        "bookingid": 2550
    },
    {
        "bookingid": 2494
    },
    {
        "bookingid": 3910
    },
    {
        "bookingid": 3392
    },
    {
        "bookingid": 1015
    },
    {
        "bookingid": 4379
    },
    {
        "bookingid": 2918
    },
    {
        "bookingid": 4258
    },
    {
        "bookingid": 1674
    },
    {
        "bookingid": 2547
    },
    {
        "bookingid": 3511
    },
    {
        "bookingid": 2292
    },
    {
        "bookingid": 3067
    },
    {
        "bookingid": 397
    },
    {
        "bookingid": 3522
    },
    {
        "bookingid": 1986
    },
    {
        "bookingid": 4973
    },
    {
        "bookingid": 4591
    },
    {
        "bookingid": 1294
    },
    {
        "bookingid": 4713
    },
    {
        "bookingid": 3519
    },
    {
        "bookingid": 1734
    },
    {
        "bookingid": 2848
    },
    {
        "bookingid": 1958
    },
    {
        "bookingid": 4204
    },
    {
        "bookingid": 47
    },
    {
        "bookingid": 3068
    },
    {
        "bookingid": 2513
    },
    {
        "bookingid": 4966
    },
    {
        "bookingid": 1225
    },
    {
        "bookingid": 1884
    },
    {
        "bookingid": 3275
    },
    {
        "bookingid": 3687
    },
    {
        "bookingid": 4435
    },
    {
        "bookingid": 3214
    },
    {
        "bookingid": 2500
    },
    {
        "bookingid": 4084
    },
    {
        "bookingid": 1917
    },
    {
        "bookingid": 3044
    },
    {
        "bookingid": 3256
    },
    {
        "bookingid": 431
    },
    {
        "bookingid": 2036
    },
    {
        "bookingid": 1985
    },
    {
        "bookingid": 5116
    },
    {
        "bookingid": 3473
    },
    {
        "bookingid": 1376
    },
    {
        "bookingid": 2442
    },
    {
        "bookingid": 2140
    },
    {
        "bookingid": 1600
    },
    {
        "bookingid": 414
    },
    {
        "bookingid": 4736
    },
    {
        "bookingid": 5493
    },
    {
        "bookingid": 2224
    },
    {
        "bookingid": 685
    },
    {
        "bookingid": 5286
    },
    {
        "bookingid": 2283
    },
    {
        "bookingid": 658
    },
    {
        "bookingid": 5073
    },
    {
        "bookingid": 1108
    },
    {
        "bookingid": 2630
    },
    {
        "bookingid": 3712
    },
    {
        "bookingid": 1596
    },
    {
        "bookingid": 1286
    },
    {
        "bookingid": 4918
    },
    {
        "bookingid": 777
    },
    {
        "bookingid": 4071
    },
    {
        "bookingid": 2880
    },
    {
        "bookingid": 862
    },
    {
        "bookingid": 3340
    },
    {
        "bookingid": 2362
    },
    {
        "bookingid": 2301
    },
    {
        "bookingid": 2384
    },
    {
        "bookingid": 3226
    },
    {
        "bookingid": 3896
    },
    {
        "bookingid": 4267
    },
    {
        "bookingid": 1504
    },
    {
        "bookingid": 587
    },
    {
        "bookingid": 756
    },
    {
        "bookingid": 242
    },
    {
        "bookingid": 5122
    },
    {
        "bookingid": 2349
    },
    {
        "bookingid": 1510
    },
    {
        "bookingid": 440
    },
    {
        "bookingid": 2122
    },
    {
        "bookingid": 3064
    },
    {
        "bookingid": 2184
    },
    {
        "bookingid": 1438
    },
    {
        "bookingid": 3818
    },
    {
        "bookingid": 5048
    },
    {
        "bookingid": 4841
    },
    {
        "bookingid": 1959
    },
    {
        "bookingid": 4245
    },
    {
        "bookingid": 734
    },
    {
        "bookingid": 744
    },
    {
        "bookingid": 4671
    },
    {
        "bookingid": 1578
    },
    {
        "bookingid": 3296
    },
    {
        "bookingid": 3813
    },
    {
        "bookingid": 2568
    },
    {
        "bookingid": 3824
    },
    {
        "bookingid": 2129
    },
    {
        "bookingid": 3730
    },
    {
        "bookingid": 256
    },
    {
        "bookingid": 3254
    },
    {
        "bookingid": 2659
    },
    {
        "bookingid": 64
    },
    {
        "bookingid": 3338
    },
    {
        "bookingid": 3025
    },
    {
        "bookingid": 2954
    },
    {
        "bookingid": 1887
    },
    {
        "bookingid": 4686
    },
    {
        "bookingid": 5268
    },
    {
        "bookingid": 1402
    },
    {
        "bookingid": 4493
    },
    {
        "bookingid": 1749
    },
    {
        "bookingid": 5501
    },
    {
        "bookingid": 3535
    },
    {
        "bookingid": 5041
    },
    {
        "bookingid": 2374
    },
    {
        "bookingid": 1205
    },
    {
        "bookingid": 2544
    },
    {
        "bookingid": 4518
    },
    {
        "bookingid": 5445
    },
    {
        "bookingid": 192
    },
    {
        "bookingid": 3574
    },
    {
        "bookingid": 3326
    },
    {
        "bookingid": 3438
    },
    {
        "bookingid": 3308
    },
    {
        "bookingid": 1707
    },
    {
        "bookingid": 3650
    },
    {
        "bookingid": 4539
    },
    {
        "bookingid": 2583
    },
    {
        "bookingid": 2049
    },
    {
        "bookingid": 2376
    },
    {
        "bookingid": 312
    },
    {
        "bookingid": 1687
    },
    {
        "bookingid": 4165
    },
    {
        "bookingid": 4296
    },
    {
        "bookingid": 2407
    },
    {
        "bookingid": 2227
    },
    {
        "bookingid": 2989
    },
    {
        "bookingid": 3228
    },
    {
        "bookingid": 3938
    },
    {
        "bookingid": 4579
    },
    {
        "bookingid": 5506
    },
    {
        "bookingid": 546
    },
    {
        "bookingid": 896
    },
    {
        "bookingid": 58
    },
    {
        "bookingid": 4443
    },
    {
        "bookingid": 4941
    },
    {
        "bookingid": 5180
    },
    {
        "bookingid": 796
    },
    {
        "bookingid": 3520
    },
    {
        "bookingid": 462
    },
    {
        "bookingid": 265
    },
    {
        "bookingid": 3260
    },
    {
        "bookingid": 1742
    },
    {
        "bookingid": 2530
    },
    {
        "bookingid": 1262
    },
    {
        "bookingid": 1529
    },
    {
        "bookingid": 518
    },
    {
        "bookingid": 2104
    },
    {
        "bookingid": 4160
    },
    {
        "bookingid": 1030
    },
    {
        "bookingid": 1336
    },
    {
        "bookingid": 1414
    },
    {
        "bookingid": 2968
    },
    {
        "bookingid": 2947
    },
    {
        "bookingid": 623
    },
    {
        "bookingid": 5253
    },
    {
        "bookingid": 4667
    },
    {
        "bookingid": 606
    },
    {
        "bookingid": 1159
    },
    {
        "bookingid": 5361
    },
    {
        "bookingid": 2429
    },
    {
        "bookingid": 3699
    },
    {
        "bookingid": 1617
    },
    {
        "bookingid": 212
    },
    {
        "bookingid": 4607
    },
    {
        "bookingid": 3098
    },
    {
        "bookingid": 1751
    },
    {
        "bookingid": 2716
    },
    {
        "bookingid": 4826
    },
    {
        "bookingid": 820
    },
    {
        "bookingid": 3293
    },
    {
        "bookingid": 372
    },
    {
        "bookingid": 3232
    },
    {
        "bookingid": 34
    },
    {
        "bookingid": 4110
    },
    {
        "bookingid": 3890
    },
    {
        "bookingid": 753
    },
    {
        "bookingid": 2432
    },
    {
        "bookingid": 2898
    },
    {
        "bookingid": 214
    },
    {
        "bookingid": 5169
    },
    {
        "bookingid": 3045
    },
    {
        "bookingid": 5495
    },
    {
        "bookingid": 1663
    },
    {
        "bookingid": 3290
    },
    {
        "bookingid": 5382
    },
    {
        "bookingid": 4212
    },
    {
        "bookingid": 2208
    },
    {
        "bookingid": 3564
    },
    {
        "bookingid": 4372
    },
    {
        "bookingid": 533
    },
    {
        "bookingid": 2190
    },
    {
        "bookingid": 1647
    },
    {
        "bookingid": 1654
    },
    {
        "bookingid": 2986
    },
    {
        "bookingid": 2706
    },
    {
        "bookingid": 574
    },
    {
        "bookingid": 2206
    },
    {
        "bookingid": 3705
    },
    {
        "bookingid": 3821
    },
    {
        "bookingid": 1752
    },
    {
        "bookingid": 51
    },
    {
        "bookingid": 563
    },
    {
        "bookingid": 4787
    },
    {
        "bookingid": 1099
    },
    {
        "bookingid": 670
    },
    {
        "bookingid": 5150
    },
    {
        "bookingid": 21
    },
    {
        "bookingid": 2957
    },
    {
        "bookingid": 4120
    },
    {
        "bookingid": 1571
    },
    {
        "bookingid": 3767
    },
    {
        "bookingid": 4439
    },
    {
        "bookingid": 4761
    },
    {
        "bookingid": 48
    },
    {
        "bookingid": 3367
    },
    {
        "bookingid": 905
    },
    {
        "bookingid": 2295
    },
    {
        "bookingid": 1542
    },
    {
        "bookingid": 4733
    },
    {
        "bookingid": 5345
    },
    {
        "bookingid": 3569
    },
    {
        "bookingid": 4117
    },
    {
        "bookingid": 5264
    },
    {
        "bookingid": 2438
    },
    {
        "bookingid": 2285
    },
    {
        "bookingid": 2474
    },
    {
        "bookingid": 608
    },
    {
        "bookingid": 961
    },
    {
        "bookingid": 4470
    },
    {
        "bookingid": 3558
    },
    {
        "bookingid": 4788
    },
    {
        "bookingid": 1789
    },
    {
        "bookingid": 1446
    },
    {
        "bookingid": 4601
    },
    {
        "bookingid": 20
    },
    {
        "bookingid": 5269
    },
    {
        "bookingid": 762
    },
    {
        "bookingid": 3442
    },
    {
        "bookingid": 708
    },
    {
        "bookingid": 1301
    },
    {
        "bookingid": 476
    },
    {
        "bookingid": 2573
    },
    {
        "bookingid": 2616
    },
    {
        "bookingid": 357
    },
    {
        "bookingid": 853
    },
    {
        "bookingid": 4857
    },
    {
        "bookingid": 1174
    },
    {
        "bookingid": 1991
    },
    {
        "bookingid": 1316
    },
    {
        "bookingid": 588
    },
    {
        "bookingid": 964
    },
    {
        "bookingid": 1231
    },
    {
        "bookingid": 4190
    },
    {
        "bookingid": 2702
    },
    {
        "bookingid": 1810
    },
    {
        "bookingid": 4626
    },
    {
        "bookingid": 4242
    },
    {
        "bookingid": 144
    },
    {
        "bookingid": 3217
    },
    {
        "bookingid": 2223
    },
    {
        "bookingid": 18
    },
    {
        "bookingid": 5108
    },
    {
        "bookingid": 1210
    },
    {
        "bookingid": 4724
    },
    {
        "bookingid": 4420
    },
    {
        "bookingid": 5411
    },
    {
        "bookingid": 831
    },
    {
        "bookingid": 508
    },
    {
        "bookingid": 501
    },
    {
        "bookingid": 4499
    },
    {
        "bookingid": 2683
    },
    {
        "bookingid": 3273
    },
    {
        "bookingid": 5343
    },
    {
        "bookingid": 364
    },
    {
        "bookingid": 1969
    },
    {
        "bookingid": 5487
    },
    {
        "bookingid": 1912
    },
    {
        "bookingid": 2352
    },
    {
        "bookingid": 84
    },
    {
        "bookingid": 3590
    },
    {
        "bookingid": 5441
    },
    {
        "bookingid": 2075
    },
    {
        "bookingid": 4367
    },
    {
        "bookingid": 2935
    },
    {
        "bookingid": 4526
    },
    {
        "bookingid": 124
    },
    {
        "bookingid": 4024
    },
    {
        "bookingid": 3413
    },
    {
        "bookingid": 5418
    },
    {
        "bookingid": 3476
    },
    {
        "bookingid": 2517
    },
    {
        "bookingid": 4680
    },
    {
        "bookingid": 5037
    },
    {
        "bookingid": 2565
    },
    {
        "bookingid": 4874
    },
    {
        "bookingid": 1356
    },
    {
        "bookingid": 2251
    },
    {
        "bookingid": 933
    },
    {
        "bookingid": 965
    },
    {
        "bookingid": 2763
    },
    {
        "bookingid": 3945
    },
    {
        "bookingid": 3375
    },
    {
        "bookingid": 319
    },
    {
        "bookingid": 2684
    },
    {
        "bookingid": 845
    },
    {
        "bookingid": 5347
    },
    {
        "bookingid": 2391
    },
    {
        "bookingid": 3102
    },
    {
        "bookingid": 3130
    },
    {
        "bookingid": 3795
    },
    {
        "bookingid": 4610
    },
    {
        "bookingid": 5428
    },
    {
        "bookingid": 268
    },
    {
        "bookingid": 615
    },
    {
        "bookingid": 651
    },
    {
        "bookingid": 1607
    },
    {
        "bookingid": 2162
    },
    {
        "bookingid": 2005
    },
    {
        "bookingid": 4016
    },
    {
        "bookingid": 5348
    },
    {
        "bookingid": 1852
    },
    {
        "bookingid": 353
    },
    {
        "bookingid": 2142
    },
    {
        "bookingid": 1743
    },
    {
        "bookingid": 2300
    },
    {
        "bookingid": 1323
    },
    {
        "bookingid": 3157
    },
    {
        "bookingid": 163
    },
    {
        "bookingid": 2212
    },
    {
        "bookingid": 2464
    },
    {
        "bookingid": 1847
    },
    {
        "bookingid": 2118
    },
    {
        "bookingid": 4895
    },
    {
        "bookingid": 2056
    },
    {
        "bookingid": 1048
    },
    {
        "bookingid": 4428
    },
    {
        "bookingid": 2226
    },
    {
        "bookingid": 4806
    },
    {
        "bookingid": 2034
    },
    {
        "bookingid": 1914
    },
    {
        "bookingid": 4850
    },
    {
        "bookingid": 691
    },
    {
        "bookingid": 761
    },
    {
        "bookingid": 1794
    },
    {
        "bookingid": 2450
    },
    {
        "bookingid": 2520
    },
    {
        "bookingid": 3259
    },
    {
        "bookingid": 27
    },
    {
        "bookingid": 2870
    },
    {
        "bookingid": 4495
    },
    {
        "bookingid": 4543
    },
    {
        "bookingid": 5129
    },
    {
        "bookingid": 3146
    },
    {
        "bookingid": 5446
    },
    {
        "bookingid": 3662
    },
    {
        "bookingid": 3171
    },
    {
        "bookingid": 2148
    },
    {
        "bookingid": 2263
    },
    {
        "bookingid": 1648
    },
    {
        "bookingid": 1179
    },
    {
        "bookingid": 2125
    },
    {
        "bookingid": 564
    },
    {
        "bookingid": 4562
    },
    {
        "bookingid": 5158
    },
    {
        "bookingid": 1701
    },
    {
        "bookingid": 1395
    },
    {
        "bookingid": 4933
    },
    {
        "bookingid": 5300
    },
    {
        "bookingid": 2524
    },
    {
        "bookingid": 2640
    },
    {
        "bookingid": 4083
    },
    {
        "bookingid": 4872
    },
    {
        "bookingid": 5155
    },
    {
        "bookingid": 3251
    },
    {
        "bookingid": 391
    },
    {
        "bookingid": 2875
    },
    {
        "bookingid": 3862
    },
    {
        "bookingid": 1079
    },
    {
        "bookingid": 3757
    },
    {
        "bookingid": 2682
    },
    {
        "bookingid": 531
    },
    {
        "bookingid": 3479
    },
    {
        "bookingid": 1965
    },
    {
        "bookingid": 1077
    },
    {
        "bookingid": 4613
    },
    {
        "bookingid": 1485
    },
    {
        "bookingid": 2629
    },
    {
        "bookingid": 1782
    },
    {
        "bookingid": 1213
    },
    {
        "bookingid": 5474
    },
    {
        "bookingid": 2044
    },
    {
        "bookingid": 1704
    },
    {
        "bookingid": 231
    },
    {
        "bookingid": 59
    },
    {
        "bookingid": 1668
    },
    {
        "bookingid": 2424
    },
    {
        "bookingid": 2786
    },
    {
        "bookingid": 3689
    },
    {
        "bookingid": 4178
    },
    {
        "bookingid": 4934
    },
    {
        "bookingid": 3246
    },
    {
        "bookingid": 5440
    },
    {
        "bookingid": 3018
    },
    {
        "bookingid": 5472
    },
    {
        "bookingid": 1750
    },
    {
        "bookingid": 2254
    },
    {
        "bookingid": 1896
    },
    {
        "bookingid": 1133
    },
    {
        "bookingid": 4504
    },
    {
        "bookingid": 2587
    },
    {
        "bookingid": 1193
    },
    {
        "bookingid": 438
    },
    {
        "bookingid": 5120
    },
    {
        "bookingid": 3006
    },
    {
        "bookingid": 1816
    },
    {
        "bookingid": 239
    },
    {
        "bookingid": 3526
    },
    {
        "bookingid": 4692
    },
    {
        "bookingid": 5189
    },
    {
        "bookingid": 183
    },
    {
        "bookingid": 1014
    },
    {
        "bookingid": 2681
    },
    {
        "bookingid": 719
    },
    {
        "bookingid": 4944
    },
    {
        "bookingid": 997
    },
    {
        "bookingid": 4156
    },
    {
        "bookingid": 5118
    },
    {
        "bookingid": 1334
    },
    {
        "bookingid": 821
    },
    {
        "bookingid": 4223
    },
    {
        "bookingid": 1043
    },
    {
        "bookingid": 550
    },
    {
        "bookingid": 474
    },
    {
        "bookingid": 3233
    },
    {
        "bookingid": 4828
    },
    {
        "bookingid": 4762
    },
    {
        "bookingid": 4010
    },
    {
        "bookingid": 5034
    },
    {
        "bookingid": 2819
    },
    {
        "bookingid": 4045
    },
    {
        "bookingid": 2314
    },
    {
        "bookingid": 1923
    },
    {
        "bookingid": 2515
    },
    {
        "bookingid": 3636
    },
    {
        "bookingid": 2051
    },
    {
        "bookingid": 4703
    },
    {
        "bookingid": 4502
    },
    {
        "bookingid": 711
    },
    {
        "bookingid": 3984
    },
    {
        "bookingid": 3167
    },
    {
        "bookingid": 3396
    },
    {
        "bookingid": 4173
    },
    {
        "bookingid": 4722
    },
    {
        "bookingid": 3973
    },
    {
        "bookingid": 622
    },
    {
        "bookingid": 299
    },
    {
        "bookingid": 1241
    },
    {
        "bookingid": 2028
    },
    {
        "bookingid": 4362
    },
    {
        "bookingid": 2022
    },
    {
        "bookingid": 2399
    },
    {
        "bookingid": 5341
    },
    {
        "bookingid": 3828
    },
    {
        "bookingid": 3667
    },
    {
        "bookingid": 4359
    },
    {
        "bookingid": 450
    },
    {
        "bookingid": 5227
    },
    {
        "bookingid": 1337
    },
    {
        "bookingid": 5352
    },
    {
        "bookingid": 1868
    },
    {
        "bookingid": 2290
    },
    {
        "bookingid": 5092
    },
    {
        "bookingid": 917
    },
    {
        "bookingid": 304
    },
    {
        "bookingid": 228
    },
    {
        "bookingid": 410
    },
    {
        "bookingid": 3900
    },
    {
        "bookingid": 5018
    },
    {
        "bookingid": 1557
    },
    {
        "bookingid": 1098
    },
    {
        "bookingid": 4939
    },
    {
        "bookingid": 598
    },
    {
        "bookingid": 4754
    },
    {
        "bookingid": 2000
    },
    {
        "bookingid": 1472
    },
    {
        "bookingid": 4580
    },
    {
        "bookingid": 3131
    },
    {
        "bookingid": 5056
    },
    {
        "bookingid": 3463
    },
    {
        "bookingid": 4743
    },
    {
        "bookingid": 4390
    },
    {
        "bookingid": 2069
    },
    {
        "bookingid": 800
    },
    {
        "bookingid": 3946
    },
    {
        "bookingid": 1599
    },
    {
        "bookingid": 3530
    },
    {
        "bookingid": 1795
    },
    {
        "bookingid": 3110
    },
    {
        "bookingid": 4844
    },
    {
        "bookingid": 1407
    },
    {
        "bookingid": 1085
    },
    {
        "bookingid": 1071
    },
    {
        "bookingid": 5231
    },
    {
        "bookingid": 479
    },
    {
        "bookingid": 3656
    },
    {
        "bookingid": 2723
    },
    {
        "bookingid": 4350
    },
    {
        "bookingid": 5160
    },
    {
        "bookingid": 4739
    },
    {
        "bookingid": 5325
    },
    {
        "bookingid": 2210
    },
    {
        "bookingid": 2177
    },
    {
        "bookingid": 2987
    },
    {
        "bookingid": 1195
    },
    {
        "bookingid": 5208
    },
    {
        "bookingid": 714
    },
    {
        "bookingid": 4477
    },
    {
        "bookingid": 4817
    },
    {
        "bookingid": 1957
    },
    {
        "bookingid": 4737
    },
    {
        "bookingid": 4608
    },
    {
        "bookingid": 5455
    },
    {
        "bookingid": 405
    },
    {
        "bookingid": 3936
    },
    {
        "bookingid": 3499
    },
    {
        "bookingid": 1516
    },
    {
        "bookingid": 417
    },
    {
        "bookingid": 1836
    },
    {
        "bookingid": 652
    },
    {
        "bookingid": 3909
    },
    {
        "bookingid": 4198
    },
    {
        "bookingid": 23
    },
    {
        "bookingid": 75
    },
    {
        "bookingid": 1232
    },
    {
        "bookingid": 1890
    },
    {
        "bookingid": 4567
    },
    {
        "bookingid": 5366
    },
    {
        "bookingid": 1375
    },
    {
        "bookingid": 458
    },
    {
        "bookingid": 4340
    },
    {
        "bookingid": 4044
    },
    {
        "bookingid": 72
    },
    {
        "bookingid": 3080
    },
    {
        "bookingid": 1962
    },
    {
        "bookingid": 4038
    },
    {
        "bookingid": 3975
    },
    {
        "bookingid": 1641
    },
    {
        "bookingid": 4646
    },
    {
        "bookingid": 1410
    },
    {
        "bookingid": 3489
    },
    {
        "bookingid": 1467
    },
    {
        "bookingid": 1092
    },
    {
        "bookingid": 1585
    },
    {
        "bookingid": 4823
    },
    {
        "bookingid": 5036
    },
    {
        "bookingid": 2598
    },
    {
        "bookingid": 2856
    },
    {
        "bookingid": 4812
    },
    {
        "bookingid": 551
    },
    {
        "bookingid": 2459
    },
    {
        "bookingid": 4978
    },
    {
        "bookingid": 2688
    },
    {
        "bookingid": 4090
    },
    {
        "bookingid": 4550
    },
    {
        "bookingid": 4700
    },
    {
        "bookingid": 4102
    },
    {
        "bookingid": 2734
    },
    {
        "bookingid": 4028
    },
    {
        "bookingid": 2393
    },
    {
        "bookingid": 4327
    },
    {
        "bookingid": 3421
    },
    {
        "bookingid": 2718
    },
    {
        "bookingid": 990
    },
    {
        "bookingid": 1462
    },
    {
        "bookingid": 797
    },
    {
        "bookingid": 3461
    },
    {
        "bookingid": 5079
    },
    {
        "bookingid": 1076
    },
    {
        "bookingid": 1837
    },
    {
        "bookingid": 1667
    },
    {
        "bookingid": 5007
    },
    {
        "bookingid": 4535
    },
    {
        "bookingid": 2353
    },
    {
        "bookingid": 1412
    },
    {
        "bookingid": 3299
    },
    {
        "bookingid": 5185
    },
    {
        "bookingid": 4189
    },
    {
        "bookingid": 3062
    },
    {
        "bookingid": 4596
    },
    {
        "bookingid": 3920
    },
    {
        "bookingid": 4658
    },
    {
        "bookingid": 3402
    },
    {
        "bookingid": 4984
    },
    {
        "bookingid": 3416
    },
    {
        "bookingid": 4659
    },
    {
        "bookingid": 252
    },
    {
        "bookingid": 223
    },
    {
        "bookingid": 22
    },
    {
        "bookingid": 4835
    },
    {
        "bookingid": 5422
    },
    {
        "bookingid": 4919
    },
    {
        "bookingid": 2839
    },
    {
        "bookingid": 355
    },
    {
        "bookingid": 3957
    },
    {
        "bookingid": 2649
    },
    {
        "bookingid": 4466
    },
    {
        "bookingid": 764
    },
    {
        "bookingid": 1730
    },
    {
        "bookingid": 5250
    },
    {
        "bookingid": 2437
    },
    {
        "bookingid": 4827
    },
    {
        "bookingid": 1352
    },
    {
        "bookingid": 3287
    },
    {
        "bookingid": 2297
    },
    {
        "bookingid": 2660
    },
    {
        "bookingid": 2363
    },
    {
        "bookingid": 2939
    },
    {
        "bookingid": 542
    },
    {
        "bookingid": 5283
    },
    {
        "bookingid": 436
    },
    {
        "bookingid": 2503
    },
    {
        "bookingid": 5469
    },
    {
        "bookingid": 4480
    },
    {
        "bookingid": 594
    },
    {
        "bookingid": 5307
    },
    {
        "bookingid": 468
    },
    {
        "bookingid": 4230
    },
    {
        "bookingid": 1907
    },
    {
        "bookingid": 3796
    },
    {
        "bookingid": 3734
    },
    {
        "bookingid": 4938
    },
    {
        "bookingid": 3022
    },
    {
        "bookingid": 3645
    },
    {
        "bookingid": 4358
    },
    {
        "bookingid": 5381
    },
    {
        "bookingid": 2533
    },
    {
        "bookingid": 5035
    },
    {
        "bookingid": 3381
    },
    {
        "bookingid": 1705
    },
    {
        "bookingid": 3997
    },
    {
        "bookingid": 5336
    },
    {
        "bookingid": 399
    },
    {
        "bookingid": 1620
    },
    {
        "bookingid": 3486
    },
    {
        "bookingid": 2977
    },
    {
        "bookingid": 3095
    },
    {
        "bookingid": 217
    },
    {
        "bookingid": 5267
    },
    {
        "bookingid": 323
    },
    {
        "bookingid": 1148
    },
    {
        "bookingid": 4505
    },
    {
        "bookingid": 128
    },
    {
        "bookingid": 3152
    },
    {
        "bookingid": 2677
    },
    {
        "bookingid": 1122
    },
    {
        "bookingid": 1037
    },
    {
        "bookingid": 170
    },
    {
        "bookingid": 322
    },
    {
        "bookingid": 3940
    },
    {
        "bookingid": 3669
    },
    {
        "bookingid": 257
    },
    {
        "bookingid": 1306
    },
    {
        "bookingid": 1558
    },
    {
        "bookingid": 4201
    },
    {
        "bookingid": 2156
    },
    {
        "bookingid": 3106
    },
    {
        "bookingid": 4957
    },
    {
        "bookingid": 1929
    },
    {
        "bookingid": 4709
    },
    {
        "bookingid": 1626
    },
    {
        "bookingid": 2004
    },
    {
        "bookingid": 2269
    },
    {
        "bookingid": 3847
    },
    {
        "bookingid": 123
    },
    {
        "bookingid": 785
    },
    {
        "bookingid": 3754
    },
    {
        "bookingid": 2541
    },
    {
        "bookingid": 4523
    },
    {
        "bookingid": 138
    },
    {
        "bookingid": 4568
    },
    {
        "bookingid": 2891
    },
    {
        "bookingid": 2309
    },
    {
        "bookingid": 5117
    },
    {
        "bookingid": 5067
    },
    {
        "bookingid": 2065
    },
    {
        "bookingid": 827
    },
    {
        "bookingid": 4706
    },
    {
        "bookingid": 1083
    },
    {
        "bookingid": 4187
    },
    {
        "bookingid": 1266
    },
    {
        "bookingid": 1442
    },
    {
        "bookingid": 1001
    },
    {
        "bookingid": 3383
    },
    {
        "bookingid": 328
    },
    {
        "bookingid": 4971
    },
    {
        "bookingid": 243
    },
    {
        "bookingid": 1305
    },
    {
        "bookingid": 5152
    },
    {
        "bookingid": 316
    },
    {
        "bookingid": 3187
    },
    {
        "bookingid": 3552
    },
    {
        "bookingid": 1458
    },
    {
        "bookingid": 2402
    },
    {
        "bookingid": 4357
    },
    {
        "bookingid": 2172
    },
    {
        "bookingid": 1453
    },
    {
        "bookingid": 3992
    },
    {
        "bookingid": 648
    },
    {
        "bookingid": 3101
    },
    {
        "bookingid": 4510
    },
    {
        "bookingid": 3812
    },
    {
        "bookingid": 1149
    },
    {
        "bookingid": 861
    },
    {
        "bookingid": 3426
    },
    {
        "bookingid": 2779
    },
    {
        "bookingid": 2048
    },
    {
        "bookingid": 5178
    },
    {
        "bookingid": 3609
    },
    {
        "bookingid": 4890
    },
    {
        "bookingid": 2467
    },
    {
        "bookingid": 1583
    },
    {
        "bookingid": 3121
    },
    {
        "bookingid": 5403
    },
    {
        "bookingid": 5357
    },
    {
        "bookingid": 4769
    },
    {
        "bookingid": 5362
    },
    {
        "bookingid": 1766
    },
    {
        "bookingid": 151
    },
    {
        "bookingid": 369
    },
    {
        "bookingid": 2038
    },
    {
        "bookingid": 246
    },
    {
        "bookingid": 3577
    },
    {
        "bookingid": 1447
    },
    {
        "bookingid": 5342
    },
    {
        "bookingid": 4530
    },
    {
        "bookingid": 3937
    },
    {
        "bookingid": 3431
    },
    {
        "bookingid": 3193
    },
    {
        "bookingid": 4555
    },
    {
        "bookingid": 2607
    },
    {
        "bookingid": 842
    },
    {
        "bookingid": 5466
    },
    {
        "bookingid": 660
    },
    {
        "bookingid": 430
    },
    {
        "bookingid": 2680
    },
    {
        "bookingid": 1074
    },
    {
        "bookingid": 4590
    },
    {
        "bookingid": 2586
    },
    {
        "bookingid": 1256
    },
    {
        "bookingid": 2738
    },
    {
        "bookingid": 5503
    },
    {
        "bookingid": 1622
    },
    {
        "bookingid": 5319
    },
    {
        "bookingid": 262
    },
    {
        "bookingid": 5100
    },
    {
        "bookingid": 3057
    },
    {
        "bookingid": 3725
    },
    {
        "bookingid": 4789
    },
    {
        "bookingid": 5220
    },
    {
        "bookingid": 5420
    },
    {
        "bookingid": 1793
    },
    {
        "bookingid": 4726
    },
    {
        "bookingid": 4698
    },
    {
        "bookingid": 71
    },
    {
        "bookingid": 735
    },
    {
        "bookingid": 1702
    },
    {
        "bookingid": 601
    },
    {
        "bookingid": 4647
    },
    {
        "bookingid": 3238
    },
    {
        "bookingid": 4729
    },
    {
        "bookingid": 3186
    },
    {
        "bookingid": 559
    },
    {
        "bookingid": 3357
    },
    {
        "bookingid": 2435
    },
    {
        "bookingid": 2567
    },
    {
        "bookingid": 4561
    },
    {
        "bookingid": 4619
    },
    {
        "bookingid": 5093
    },
    {
        "bookingid": 385
    },
    {
        "bookingid": 2715
    },
    {
        "bookingid": 3985
    },
    {
        "bookingid": 2593
    },
    {
        "bookingid": 3077
    },
    {
        "bookingid": 1515
    },
    {
        "bookingid": 5335
    },
    {
        "bookingid": 2840
    },
    {
        "bookingid": 1729
    },
    {
        "bookingid": 731
    },
    {
        "bookingid": 4061
    },
    {
        "bookingid": 2017
    },
    {
        "bookingid": 4674
    },
    {
        "bookingid": 969
    },
    {
        "bookingid": 1539
    },
    {
        "bookingid": 4533
    },
    {
        "bookingid": 461
    },
    {
        "bookingid": 2411
    },
    {
        "bookingid": 3123
    },
    {
        "bookingid": 1413
    },
    {
        "bookingid": 2386
    },
    {
        "bookingid": 2940
    },
    {
        "bookingid": 3161
    },
    {
        "bookingid": 4589
    },
    {
        "bookingid": 3397
    },
    {
        "bookingid": 2012
    },
    {
        "bookingid": 1566
    },
    {
        "bookingid": 4426
    },
    {
        "bookingid": 406
    },
    {
        "bookingid": 596
    },
    {
        "bookingid": 4392
    },
    {
        "bookingid": 9
    },
    {
        "bookingid": 2449
    },
    {
        "bookingid": 4838
    },
    {
        "bookingid": 5452
    },
    {
        "bookingid": 1651
    },
    {
        "bookingid": 2548
    },
    {
        "bookingid": 637
    },
    {
        "bookingid": 3953
    },
    {
        "bookingid": 4468
    },
    {
        "bookingid": 1533
    },
    {
        "bookingid": 4986
    },
    {
        "bookingid": 5128
    },
    {
        "bookingid": 5439
    },
    {
        "bookingid": 2641
    },
    {
        "bookingid": 1060
    },
    {
        "bookingid": 1612
    },
    {
        "bookingid": 808
    },
    {
        "bookingid": 3407
    },
    {
        "bookingid": 358
    },
    {
        "bookingid": 2422
    },
    {
        "bookingid": 3736
    },
    {
        "bookingid": 2296
    },
    {
        "bookingid": 515
    },
    {
        "bookingid": 532
    },
    {
        "bookingid": 1290
    },
    {
        "bookingid": 1992
    },
    {
        "bookingid": 1635
    },
    {
        "bookingid": 1745
    },
    {
        "bookingid": 3964
    },
    {
        "bookingid": 1741
    },
    {
        "bookingid": 5049
    },
    {
        "bookingid": 631
    },
    {
        "bookingid": 2552
    },
    {
        "bookingid": 2006
    },
    {
        "bookingid": 4037
    },
    {
        "bookingid": 2446
    },
    {
        "bookingid": 918
    },
    {
        "bookingid": 3678
    },
    {
        "bookingid": 2009
    },
    {
        "bookingid": 4899
    },
    {
        "bookingid": 1016
    },
    {
        "bookingid": 3094
    },
    {
        "bookingid": 3817
    },
    {
        "bookingid": 833
    },
    {
        "bookingid": 90
    },
    {
        "bookingid": 3871
    },
    {
        "bookingid": 2810
    },
    {
        "bookingid": 3652
    },
    {
        "bookingid": 2865
    },
    {
        "bookingid": 5245
    },
    {
        "bookingid": 3634
    },
    {
        "bookingid": 3425
    },
    {
        "bookingid": 1355
    },
    {
        "bookingid": 5490
    },
    {
        "bookingid": 1525
    },
    {
        "bookingid": 858
    },
    {
        "bookingid": 3727
    },
    {
        "bookingid": 3453
    },
    {
        "bookingid": 2612
    },
    {
        "bookingid": 3861
    },
    {
        "bookingid": 1328
    },
    {
        "bookingid": 3993
    },
    {
        "bookingid": 2710
    },
    {
        "bookingid": 1570
    },
    {
        "bookingid": 1894
    },
    {
        "bookingid": 3316
    },
    {
        "bookingid": 4766
    },
    {
        "bookingid": 432
    },
    {
        "bookingid": 4847
    },
    {
        "bookingid": 779
    },
    {
        "bookingid": 1695
    },
    {
        "bookingid": 1340
    },
    {
        "bookingid": 2123
    },
    {
        "bookingid": 494
    },
    {
        "bookingid": 1445
    },
    {
        "bookingid": 4122
    },
    {
        "bookingid": 3661
    },
    {
        "bookingid": 2675
    },
    {
        "bookingid": 3163
    },
    {
        "bookingid": 1377
    },
    {
        "bookingid": 2074
    },
    {
        "bookingid": 5164
    },
    {
        "bookingid": 5447
    },
    {
        "bookingid": 2440
    },
    {
        "bookingid": 4290
    },
    {
        "bookingid": 1777
    },
    {
        "bookingid": 2417
    },
    {
        "bookingid": 3628
    },
    {
        "bookingid": 4574
    },
    {
        "bookingid": 3979
    },
    {
        "bookingid": 5123
    },
    {
        "bookingid": 2001
    },
    {
        "bookingid": 3837
    },
    {
        "bookingid": 1155
    },
    {
        "bookingid": 2026
    },
    {
        "bookingid": 3854
    },
    {
        "bookingid": 4127
    },
    {
        "bookingid": 3684
    },
    {
        "bookingid": 2960
    },
    {
        "bookingid": 3196
    },
    {
        "bookingid": 2346
    },
    {
        "bookingid": 4877
    },
    {
        "bookingid": 4855
    },
    {
        "bookingid": 502
    },
    {
        "bookingid": 2277
    },
    {
        "bookingid": 1226
    },
    {
        "bookingid": 701
    },
    {
        "bookingid": 1036
    },
    {
        "bookingid": 3091
    },
    {
        "bookingid": 3446
    },
    {
        "bookingid": 5247
    },
    {
        "bookingid": 869
    },
    {
        "bookingid": 2936
    },
    {
        "bookingid": 2274
    },
    {
        "bookingid": 3454
    },
    {
        "bookingid": 1484
    },
    {
        "bookingid": 4744
    },
    {
        "bookingid": 3575
    },
    {
        "bookingid": 5311
    },
    {
        "bookingid": 229
    },
    {
        "bookingid": 2748
    },
    {
        "bookingid": 1289
    },
    {
        "bookingid": 1979
    },
    {
        "bookingid": 1104
    },
    {
        "bookingid": 3323
    },
    {
        "bookingid": 4544
    },
    {
        "bookingid": 3548
    },
    {
        "bookingid": 3602
    },
    {
        "bookingid": 2481
    },
    {
        "bookingid": 1718
    },
    {
        "bookingid": 3205
    },
    {
        "bookingid": 3589
    },
    {
        "bookingid": 446
    },
    {
        "bookingid": 642
    },
    {
        "bookingid": 1973
    },
    {
        "bookingid": 2824
    },
    {
        "bookingid": 3905
    },
    {
        "bookingid": 5102
    },
    {
        "bookingid": 5385
    },
    {
        "bookingid": 4723
    },
    {
        "bookingid": 1692
    },
    {
        "bookingid": 3899
    },
    {
        "bookingid": 5368
    },
    {
        "bookingid": 4078
    },
    {
        "bookingid": 1131
    },
    {
        "bookingid": 3227
    },
    {
        "bookingid": 2664
    },
    {
        "bookingid": 1469
    },
    {
        "bookingid": 3672
    },
    {
        "bookingid": 5023
    },
    {
        "bookingid": 1242
    },
    {
        "bookingid": 3409
    },
    {
        "bookingid": 3310
    },
    {
        "bookingid": 1863
    },
    {
        "bookingid": 4445
    },
    {
        "bookingid": 157
    },
    {
        "bookingid": 2231
    },
    {
        "bookingid": 760
    },
    {
        "bookingid": 4781
    },
    {
        "bookingid": 1347
    },
    {
        "bookingid": 220
    },
    {
        "bookingid": 3849
    },
    {
        "bookingid": 3132
    },
    {
        "bookingid": 772
    },
    {
        "bookingid": 2809
    },
    {
        "bookingid": 4720
    },
    {
        "bookingid": 3942
    },
    {
        "bookingid": 1097
    },
    {
        "bookingid": 4992
    },
    {
        "bookingid": 3484
    },
    {
        "bookingid": 1540
    },
    {
        "bookingid": 1598
    },
    {
        "bookingid": 2634
    },
    {
        "bookingid": 373
    },
    {
        "bookingid": 118
    },
    {
        "bookingid": 2489
    },
    {
        "bookingid": 4026
    },
    {
        "bookingid": 4108
    },
    {
        "bookingid": 3013
    },
    {
        "bookingid": 236
    },
    {
        "bookingid": 3001
    },
    {
        "bookingid": 4491
    },
    {
        "bookingid": 5365
    },
    {
        "bookingid": 3024
    },
    {
        "bookingid": 4818
    },
    {
        "bookingid": 4479
    },
    {
        "bookingid": 2235
    },
    {
        "bookingid": 1563
    },
    {
        "bookingid": 1547
    },
    {
        "bookingid": 4702
    },
    {
        "bookingid": 4694
    },
    {
        "bookingid": 1157
    },
    {
        "bookingid": 1272
    },
    {
        "bookingid": 424
    },
    {
        "bookingid": 4753
    },
    {
        "bookingid": 4050
    },
    {
        "bookingid": 2173
    },
    {
        "bookingid": 1535
    },
    {
        "bookingid": 2516
    },
    {
        "bookingid": 1731
    },
    {
        "bookingid": 4721
    },
    {
        "bookingid": 5338
    },
    {
        "bookingid": 89
    },
    {
        "bookingid": 590
    },
    {
        "bookingid": 511
    },
    {
        "bookingid": 3838
    },
    {
        "bookingid": 2121
    },
    {
        "bookingid": 566
    },
    {
        "bookingid": 1888
    },
    {
        "bookingid": 4751
    },
    {
        "bookingid": 5473
    },
    {
        "bookingid": 4205
    },
    {
        "bookingid": 1737
    },
    {
        "bookingid": 2427
    },
    {
        "bookingid": 4563
    },
    {
        "bookingid": 2332
    },
    {
        "bookingid": 3603
    },
    {
        "bookingid": 4135
    },
    {
        "bookingid": 3616
    },
    {
        "bookingid": 4298
    },
    {
        "bookingid": 2421
    },
    {
        "bookingid": 5080
    },
    {
        "bookingid": 980
    },
    {
        "bookingid": 2769
    },
    {
        "bookingid": 871
    },
    {
        "bookingid": 361
    },
    {
        "bookingid": 3750
    },
    {
        "bookingid": 1996
    },
    {
        "bookingid": 1838
    },
    {
        "bookingid": 717
    },
    {
        "bookingid": 97
    },
    {
        "bookingid": 2340
    },
    {
        "bookingid": 3436
    },
    {
        "bookingid": 2795
    },
    {
        "bookingid": 976
    },
    {
        "bookingid": 3329
    },
    {
        "bookingid": 4155
    },
    {
        "bookingid": 4056
    },
    {
        "bookingid": 330
    },
    {
        "bookingid": 3347
    },
    {
        "bookingid": 3468
    },
    {
        "bookingid": 1089
    },
    {
        "bookingid": 2455
    },
    {
        "bookingid": 2238
    },
    {
        "bookingid": 4184
    },
    {
        "bookingid": 802
    },
    {
        "bookingid": 4274
    },
    {
        "bookingid": 135
    },
    {
        "bookingid": 2658
    },
    {
        "bookingid": 1379
    },
    {
        "bookingid": 5075
    },
    {
        "bookingid": 3352
    },
    {
        "bookingid": 1161
    },
    {
        "bookingid": 1881
    },
    {
        "bookingid": 944
    },
    {
        "bookingid": 1507
    },
    {
        "bookingid": 3215
    },
    {
        "bookingid": 3758
    },
    {
        "bookingid": 1592
    },
    {
        "bookingid": 2785
    },
    {
        "bookingid": 3631
    },
    {
        "bookingid": 5298
    },
    {
        "bookingid": 1218
    },
    {
        "bookingid": 38
    },
    {
        "bookingid": 6
    },
    {
        "bookingid": 3459
    },
    {
        "bookingid": 1051
    },
    {
        "bookingid": 4137
    },
    {
        "bookingid": 5005
    },
    {
        "bookingid": 1611
    },
    {
        "bookingid": 1964
    },
    {
        "bookingid": 5430
    },
    {
        "bookingid": 4260
    },
    {
        "bookingid": 632
    },
    {
        "bookingid": 616
    },
    {
        "bookingid": 3361
    },
    {
        "bookingid": 3711
    },
    {
        "bookingid": 3977
    },
    {
        "bookingid": 264
    },
    {
        "bookingid": 4642
    },
    {
        "bookingid": 4166
    },
    {
        "bookingid": 495
    },
    {
        "bookingid": 3
    },
    {
        "bookingid": 3074
    },
    {
        "bookingid": 3967
    },
    {
        "bookingid": 1934
    },
    {
        "bookingid": 3191
    },
    {
        "bookingid": 2542
    },
    {
        "bookingid": 499
    },
    {
        "bookingid": 5146
    },
    {
        "bookingid": 1824
    },
    {
        "bookingid": 4879
    },
    {
        "bookingid": 4447
    },
    {
        "bookingid": 3245
    },
    {
        "bookingid": 4153
    },
    {
        "bookingid": 2161
    },
    {
        "bookingid": 5077
    },
    {
        "bookingid": 2673
    },
    {
        "bookingid": 3389
    },
    {
        "bookingid": 4947
    },
    {
        "bookingid": 739
    },
    {
        "bookingid": 3437
    },
    {
        "bookingid": 5410
    },
    {
        "bookingid": 2498
    },
    {
        "bookingid": 1293
    },
    {
        "bookingid": 3480
    },
    {
        "bookingid": 259
    },
    {
        "bookingid": 872
    },
    {
        "bookingid": 2772
    },
    {
        "bookingid": 560
    },
    {
        "bookingid": 1827
    },
    {
        "bookingid": 5402
    },
    {
        "bookingid": 1807
    },
    {
        "bookingid": 87
    },
    {
        "bookingid": 2368
    },
    {
        "bookingid": 2982
    },
    {
        "bookingid": 255
    },
    {
        "bookingid": 2082
    },
    {
        "bookingid": 1332
    },
    {
        "bookingid": 4981
    },
    {
        "bookingid": 644
    },
    {
        "bookingid": 1396
    },
    {
        "bookingid": 5110
    },
    {
        "bookingid": 136
    },
    {
        "bookingid": 4121
    },
    {
        "bookingid": 2627
    },
    {
        "bookingid": 2476
    },
    {
        "bookingid": 249
    },
    {
        "bookingid": 4138
    },
    {
        "bookingid": 3578
    },
    {
        "bookingid": 3244
    },
    {
        "bookingid": 4308
    },
    {
        "bookingid": 3926
    },
    {
        "bookingid": 3931
    },
    {
        "bookingid": 1937
    },
    {
        "bookingid": 4207
    },
    {
        "bookingid": 2746
    },
    {
        "bookingid": 5134
    },
    {
        "bookingid": 1798
    },
    {
        "bookingid": 1191
    },
    {
        "bookingid": 2130
    },
    {
        "bookingid": 4845
    },
    {
        "bookingid": 1115
    },
    {
        "bookingid": 3702
    },
    {
        "bookingid": 3108
    },
    {
        "bookingid": 555
    },
    {
        "bookingid": 2953
    },
    {
        "bookingid": 2909
    },
    {
        "bookingid": 2670
    },
    {
        "bookingid": 500
    },
    {
        "bookingid": 13
    },
    {
        "bookingid": 4500
    },
    {
        "bookingid": 3630
    },
    {
        "bookingid": 218
    },
    {
        "bookingid": 4541
    },
    {
        "bookingid": 3309
    },
    {
        "bookingid": 2113
    },
    {
        "bookingid": 2383
    },
    {
        "bookingid": 3173
    },
    {
        "bookingid": 3515
    },
    {
        "bookingid": 854
    },
    {
        "bookingid": 2303
    },
    {
        "bookingid": 3104
    },
    {
        "bookingid": 694
    },
    {
        "bookingid": 1421
    },
    {
        "bookingid": 4386
    },
    {
        "bookingid": 3753
    },
    {
        "bookingid": 375
    },
    {
        "bookingid": 4124
    },
    {
        "bookingid": 1764
    },
    {
        "bookingid": 2491
    },
    {
        "bookingid": 4982
    },
    {
        "bookingid": 5510
    },
    {
        "bookingid": 5106
    },
    {
        "bookingid": 142
    },
    {
        "bookingid": 4406
    },
    {
        "bookingid": 1524
    },
    {
        "bookingid": 159
    },
    {
        "bookingid": 2884
    },
    {
        "bookingid": 2699
    },
    {
        "bookingid": 1882
    },
    {
        "bookingid": 1245
    },
    {
        "bookingid": 1859
    },
    {
        "bookingid": 1173
    },
    {
        "bookingid": 5112
    },
    {
        "bookingid": 611
    },
    {
        "bookingid": 5031
    },
    {
        "bookingid": 666
    },
    {
        "bookingid": 2439
    },
    {
        "bookingid": 2916
    },
    {
        "bookingid": 2323
    },
    {
        "bookingid": 4270
    },
    {
        "bookingid": 269
    },
    {
        "bookingid": 5261
    },
    {
        "bookingid": 1275
    },
    {
        "bookingid": 736
    },
    {
        "bookingid": 2219
    },
    {
        "bookingid": 723
    },
    {
        "bookingid": 2648
    },
    {
        "bookingid": 3137
    },
    {
        "bookingid": 5181
    },
    {
        "bookingid": 155
    },
    {
        "bookingid": 4115
    },
    {
        "bookingid": 2079
    },
    {
        "bookingid": 5448
    },
    {
        "bookingid": 195
    },
    {
        "bookingid": 806
    },
    {
        "bookingid": 2119
    },
    {
        "bookingid": 2469
    },
    {
        "bookingid": 5305
    },
    {
        "bookingid": 729
    },
    {
        "bookingid": 4604
    },
    {
        "bookingid": 5252
    },
    {
        "bookingid": 543
    },
    {
        "bookingid": 435
    },
    {
        "bookingid": 4588
    },
    {
        "bookingid": 1878
    },
    {
        "bookingid": 3639
    },
    {
        "bookingid": 655
    },
    {
        "bookingid": 1722
    },
    {
        "bookingid": 946
    },
    {
        "bookingid": 83
    },
    {
        "bookingid": 5463
    },
    {
        "bookingid": 4281
    },
    {
        "bookingid": 347
    },
    {
        "bookingid": 3333
    },
    {
        "bookingid": 1116
    },
    {
        "bookingid": 3785
    },
    {
        "bookingid": 418
    },
    {
        "bookingid": 3087
    },
    {
        "bookingid": 156
    },
    {
        "bookingid": 4220
    },
    {
        "bookingid": 3374
    },
    {
        "bookingid": 1657
    },
    {
        "bookingid": 4768
    },
    {
        "bookingid": 101
    },
    {
        "bookingid": 1349
    },
    {
        "bookingid": 86
    },
    {
        "bookingid": 206
    },
    {
        "bookingid": 346
    },
    {
        "bookingid": 3498
    },
    {
        "bookingid": 4147
    },
    {
        "bookingid": 2610
    },
    {
        "bookingid": 2877
    },
    {
        "bookingid": 884
    },
    {
        "bookingid": 1767
    },
    {
        "bookingid": 5388
    },
    {
        "bookingid": 2395
    },
    {
        "bookingid": 4193
    },
    {
        "bookingid": 4255
    },
    {
        "bookingid": 781
    },
    {
        "bookingid": 2787
    },
    {
        "bookingid": 974
    },
    {
        "bookingid": 669
    },
    {
        "bookingid": 41
    },
    {
        "bookingid": 2185
    },
    {
        "bookingid": 1900
    },
    {
        "bookingid": 3452
    },
    {
        "bookingid": 2690
    },
    {
        "bookingid": 3030
    },
    {
        "bookingid": 5331
    },
    {
        "bookingid": 4636
    },
    {
        "bookingid": 899
    },
    {
        "bookingid": 1203
    },
    {
        "bookingid": 885
    },
    {
        "bookingid": 392
    },
    {
        "bookingid": 4366
    },
    {
        "bookingid": 1370
    },
    {
        "bookingid": 1182
    },
    {
        "bookingid": 5496
    },
    {
        "bookingid": 4015
    },
    {
        "bookingid": 3510
    },
    {
        "bookingid": 938
    },
    {
        "bookingid": 1357
    },
    {
        "bookingid": 3501
    },
    {
        "bookingid": 400
    },
    {
        "bookingid": 822
    },
    {
        "bookingid": 558
    },
    {
        "bookingid": 5246
    },
    {
        "bookingid": 3142
    },
    {
        "bookingid": 1136
    },
    {
        "bookingid": 2510
    },
    {
        "bookingid": 5028
    },
    {
        "bookingid": 3328
    },
    {
        "bookingid": 1154
    },
    {
        "bookingid": 49
    },
    {
        "bookingid": 472
    },
    {
        "bookingid": 3369
    },
    {
        "bookingid": 2556
    },
    {
        "bookingid": 4355
    },
    {
        "bookingid": 3673
    },
    {
        "bookingid": 1989
    },
    {
        "bookingid": 3540
    },
    {
        "bookingid": 1031
    },
    {
        "bookingid": 2653
    },
    {
        "bookingid": 2200
    },
    {
        "bookingid": 5195
    },
    {
        "bookingid": 1059
    },
    {
        "bookingid": 2591
    },
    {
        "bookingid": 3878
    },
    {
        "bookingid": 5456
    },
    {
        "bookingid": 3897
    },
    {
        "bookingid": 1972
    },
    {
        "bookingid": 2743
    },
    {
        "bookingid": 2966
    },
    {
        "bookingid": 1366
    },
    {
        "bookingid": 416
    },
    {
        "bookingid": 4529
    },
    {
        "bookingid": 992
    },
    {
        "bookingid": 4077
    },
    {
        "bookingid": 948
    },
    {
        "bookingid": 3124
    },
    {
        "bookingid": 3929
    },
    {
        "bookingid": 3742
    },
    {
        "bookingid": 2508
    },
    {
        "bookingid": 1625
    },
    {
        "bookingid": 4408
    },
    {
        "bookingid": 2759
    },
    {
        "bookingid": 1875
    },
    {
        "bookingid": 443
    },
    {
        "bookingid": 5461
    },
    {
        "bookingid": 3049
    },
    {
        "bookingid": 790
    },
    {
        "bookingid": 3688
    },
    {
        "bookingid": 4344
    },
    {
        "bookingid": 5314
    },
    {
        "bookingid": 2719
    },
    {
        "bookingid": 390
    },
    {
        "bookingid": 1858
    },
    {
        "bookingid": 2512
    },
    {
        "bookingid": 1621
    },
    {
        "bookingid": 4803
    },
    {
        "bookingid": 274
    },
    {
        "bookingid": 4400
    },
    {
        "bookingid": 4861
    },
    {
        "bookingid": 1188
    },
    {
        "bookingid": 1223
    },
    {
        "bookingid": 526
    },
    {
        "bookingid": 682
    },
    {
        "bookingid": 68
    },
    {
        "bookingid": 5206
    },
    {
        "bookingid": 201
    },
    {
        "bookingid": 320
    },
    {
        "bookingid": 3395
    },
    {
        "bookingid": 1020
    },
    {
        "bookingid": 451
    },
    {
        "bookingid": 2311
    },
    {
        "bookingid": 1125
    },
    {
        "bookingid": 2258
    },
    {
        "bookingid": 3999
    },
    {
        "bookingid": 2318
    },
    {
        "bookingid": 727
    },
    {
        "bookingid": 3143
    },
    {
        "bookingid": 2361
    },
    {
        "bookingid": 1804
    },
    {
        "bookingid": 1165
    },
    {
        "bookingid": 232
    },
    {
        "bookingid": 2976
    },
    {
        "bookingid": 2008
    },
    {
        "bookingid": 2584
    },
    {
        "bookingid": 309
    },
    {
        "bookingid": 3220
    },
    {
        "bookingid": 5320
    },
    {
        "bookingid": 4397
    },
    {
        "bookingid": 3894
    },
    {
        "bookingid": 3691
    },
    {
        "bookingid": 247
    },
    {
        "bookingid": 4309
    },
    {
        "bookingid": 3760
    },
    {
        "bookingid": 3449
    },
    {
        "bookingid": 3387
    },
    {
        "bookingid": 1784
    },
    {
        "bookingid": 5255
    },
    {
        "bookingid": 2419
    },
    {
        "bookingid": 2661
    },
    {
        "bookingid": 2903
    },
    {
        "bookingid": 2180
    },
    {
        "bookingid": 5149
    },
    {
        "bookingid": 1426
    },
    {
        "bookingid": 3543
    },
    {
        "bookingid": 96
    },
    {
        "bookingid": 2336
    },
    {
        "bookingid": 4119
    },
    {
        "bookingid": 73
    },
    {
        "bookingid": 4712
    },
    {
        "bookingid": 5374
    },
    {
        "bookingid": 4364
    },
    {
        "bookingid": 1282
    },
    {
        "bookingid": 2834
    },
    {
        "bookingid": 3427
    },
    {
        "bookingid": 1761
    },
    {
        "bookingid": 3867
    },
    {
        "bookingid": 1353
    },
    {
        "bookingid": 3682
    },
    {
        "bookingid": 1344
    },
    {
        "bookingid": 2320
    },
    {
        "bookingid": 4662
    },
    {
        "bookingid": 4909
    },
    {
        "bookingid": 3947
    },
    {
        "bookingid": 741
    },
    {
        "bookingid": 1091
    },
    {
        "bookingid": 2944
    },
    {
        "bookingid": 2343
    },
    {
        "bookingid": 3965
    },
    {
        "bookingid": 4079
    },
    {
        "bookingid": 5165
    },
    {
        "bookingid": 4975
    },
    {
        "bookingid": 5065
    },
    {
        "bookingid": 1312
    },
    {
        "bookingid": 720
    },
    {
        "bookingid": 5199
    },
    {
        "bookingid": 828
    },
    {
        "bookingid": 4898
    },
    {
        "bookingid": 4269
    },
    {
        "bookingid": 4254
    },
    {
        "bookingid": 4232
    },
    {
        "bookingid": 4630
    },
    {
        "bookingid": 3079
    },
    {
        "bookingid": 306
    },
    {
        "bookingid": 2355
    },
    {
        "bookingid": 4824
    },
    {
        "bookingid": 1062
    },
    {
        "bookingid": 3779
    },
    {
        "bookingid": 130
    },
    {
        "bookingid": 1586
    },
    {
        "bookingid": 3584
    },
    {
        "bookingid": 326
    },
    {
        "bookingid": 1342
    },
    {
        "bookingid": 2652
    },
    {
        "bookingid": 4387
    },
    {
        "bookingid": 2632
    },
    {
        "bookingid": 5467
    },
    {
        "bookingid": 2638
    },
    {
        "bookingid": 1855
    },
    {
        "bookingid": 4183
    },
    {
        "bookingid": 1243
    },
    {
        "bookingid": 282
    },
    {
        "bookingid": 1628
    },
    {
        "bookingid": 968
    },
    {
        "bookingid": 226
    },
    {
        "bookingid": 2700
    },
    {
        "bookingid": 2828
    },
    {
        "bookingid": 153
    },
    {
        "bookingid": 1728
    },
    {
        "bookingid": 3570
    },
    {
        "bookingid": 267
    },
    {
        "bookingid": 3272
    },
    {
        "bookingid": 1468
    },
    {
        "bookingid": 4291
    },
    {
        "bookingid": 4576
    },
    {
        "bookingid": 1065
    },
    {
        "bookingid": 4214
    },
    {
        "bookingid": 795
    },
    {
        "bookingid": 5328
    },
    {
        "bookingid": 2606
    },
    {
        "bookingid": 3608
    },
    {
        "bookingid": 4558
    },
    {
        "bookingid": 881
    },
    {
        "bookingid": 4925
    },
    {
        "bookingid": 3054
    },
    {
        "bookingid": 4089
    },
    {
        "bookingid": 3082
    },
    {
        "bookingid": 293
    },
    {
        "bookingid": 1180
    },
    {
        "bookingid": 2948
    },
    {
        "bookingid": 5015
    },
    {
        "bookingid": 165
    },
    {
        "bookingid": 4131
    },
    {
        "bookingid": 3809
    },
    {
        "bookingid": 4931
    },
    {
        "bookingid": 2737
    },
    {
        "bookingid": 2377
    },
    {
        "bookingid": 1594
    },
    {
        "bookingid": 1047
    },
    {
        "bookingid": 2178
    },
    {
        "bookingid": 4411
    },
    {
        "bookingid": 4150
    },
    {
        "bookingid": 2941
    },
    {
        "bookingid": 3958
    },
    {
        "bookingid": 2923
    },
    {
        "bookingid": 5240
    },
    {
        "bookingid": 3792
    },
    {
        "bookingid": 4234
    },
    {
        "bookingid": 2241
    },
    {
        "bookingid": 3856
    },
    {
        "bookingid": 3775
    },
    {
        "bookingid": 2816
    },
    {
        "bookingid": 589
    },
    {
        "bookingid": 208
    },
    {
        "bookingid": 3527
    },
    {
        "bookingid": 5315
    },
    {
        "bookingid": 1473
    },
    {
        "bookingid": 4103
    },
    {
        "bookingid": 4008
    },
    {
        "bookingid": 5144
    },
    {
        "bookingid": 4068
    },
    {
        "bookingid": 4867
    },
    {
        "bookingid": 4
    },
    {
        "bookingid": 2174
    },
    {
        "bookingid": 3058
    },
    {
        "bookingid": 2400
    },
    {
        "bookingid": 537
    },
    {
        "bookingid": 791
    },
    {
        "bookingid": 4273
    },
    {
        "bookingid": 1068
    },
    {
        "bookingid": 5371
    },
    {
        "bookingid": 957
    },
    {
        "bookingid": 4252
    },
    {
        "bookingid": 2981
    },
    {
        "bookingid": 5058
    },
    {
        "bookingid": 1451
    },
    {
        "bookingid": 1292
    },
    {
        "bookingid": 1719
    },
    {
        "bookingid": 5186
    },
    {
        "bookingid": 4361
    },
    {
        "bookingid": 906
    },
    {
        "bookingid": 2691
    },
    {
        "bookingid": 1053
    },
    {
        "bookingid": 3692
    },
    {
        "bookingid": 3891
    },
    {
        "bookingid": 2934
    },
    {
        "bookingid": 1268
    },
    {
        "bookingid": 270
    },
    {
        "bookingid": 1756
    },
    {
        "bookingid": 4532
    },
    {
        "bookingid": 1736
    },
    {
        "bookingid": 1427
    },
    {
        "bookingid": 892
    },
    {
        "bookingid": 1364
    },
    {
        "bookingid": 5491
    },
    {
        "bookingid": 81
    },
    {
        "bookingid": 3968
    },
    {
        "bookingid": 4819
    },
    {
        "bookingid": 1605
    },
    {
        "bookingid": 4405
    },
    {
        "bookingid": 2666
    },
    {
        "bookingid": 1948
    },
    {
        "bookingid": 3202
    },
    {
        "bookingid": 2920
    },
    {
        "bookingid": 3841
    },
    {
        "bookingid": 408
    },
    {
        "bookingid": 768
    },
    {
        "bookingid": 2560
    },
    {
        "bookingid": 2792
    },
    {
        "bookingid": 2988
    },
    {
        "bookingid": 1418
    },
    {
        "bookingid": 4655
    },
    {
        "bookingid": 4632
    },
    {
        "bookingid": 161
    },
    {
        "bookingid": 4407
    },
    {
        "bookingid": 4263
    },
    {
        "bookingid": 4152
    },
    {
        "bookingid": 1604
    },
    {
        "bookingid": 5161
    },
    {
        "bookingid": 3353
    },
    {
        "bookingid": 3567
    },
    {
        "bookingid": 2230
    },
    {
        "bookingid": 273
    },
    {
        "bookingid": 2041
    },
    {
        "bookingid": 1806
    },
    {
        "bookingid": 4467
    },
    {
        "bookingid": 5086
    },
    {
        "bookingid": 117
    },
    {
        "bookingid": 3859
    },
    {
        "bookingid": 4940
    },
    {
        "bookingid": 4381
    },
    {
        "bookingid": 2091
    },
    {
        "bookingid": 4506
    },
    {
        "bookingid": 4756
    },
    {
        "bookingid": 5184
    },
    {
        "bookingid": 5468
    },
    {
        "bookingid": 4585
    },
    {
        "bookingid": 66
    },
    {
        "bookingid": 1895
    },
    {
        "bookingid": 823
    },
    {
        "bookingid": 380
    },
    {
        "bookingid": 3165
    },
    {
        "bookingid": 2175
    },
    {
        "bookingid": 2821
    },
    {
        "bookingid": 3322
    },
    {
        "bookingid": 428
    },
    {
        "bookingid": 4047
    },
    {
        "bookingid": 870
    },
    {
        "bookingid": 1040
    },
    {
        "bookingid": 4668
    },
    {
        "bookingid": 2154
    },
    {
        "bookingid": 2030
    },
    {
        "bookingid": 803
    },
    {
        "bookingid": 2722
    },
    {
        "bookingid": 1762
    },
    {
        "bookingid": 3291
    },
    {
        "bookingid": 5249
    },
    {
        "bookingid": 2215
    },
    {
        "bookingid": 4030
    },
    {
        "bookingid": 514
    },
    {
        "bookingid": 1577
    },
    {
        "bookingid": 279
    },
    {
        "bookingid": 466
    },
    {
        "bookingid": 3541
    },
    {
        "bookingid": 3637
    },
    {
        "bookingid": 4516
    },
    {
        "bookingid": 3772
    },
    {
        "bookingid": 2965
    },
    {
        "bookingid": 867
    },
    {
        "bookingid": 3858
    },
    {
        "bookingid": 4053
    },
    {
        "bookingid": 839
    },
    {
        "bookingid": 2578
    },
    {
        "bookingid": 3718
    },
    {
        "bookingid": 44
    },
    {
        "bookingid": 5001
    },
    {
        "bookingid": 1281
    },
    {
        "bookingid": 1244
    },
    {
        "bookingid": 1358
    },
    {
        "bookingid": 5433
    },
    {
        "bookingid": 1351
    },
    {
        "bookingid": 4988
    },
    {
        "bookingid": 3177
    },
    {
        "bookingid": 3537
    },
    {
        "bookingid": 4560
    },
    {
        "bookingid": 5221
    },
    {
        "bookingid": 3345
    },
    {
        "bookingid": 4771
    },
    {
        "bookingid": 106
    },
    {
        "bookingid": 4639
    },
    {
        "bookingid": 11
    },
    {
        "bookingid": 2822
    },
    {
        "bookingid": 2348
    },
    {
        "bookingid": 3783
    },
    {
        "bookingid": 2385
    },
    {
        "bookingid": 3004
    },
    {
        "bookingid": 2073
    },
    {
        "bookingid": 4261
    },
    {
        "bookingid": 4842
    },
    {
        "bookingid": 4673
    },
    {
        "bookingid": 491
    },
    {
        "bookingid": 801
    },
    {
        "bookingid": 5188
    },
    {
        "bookingid": 5363
    },
    {
        "bookingid": 4430
    },
    {
        "bookingid": 4725
    },
    {
        "bookingid": 3355
    },
    {
        "bookingid": 1627
    },
    {
        "bookingid": 313
    },
    {
        "bookingid": 4887
    },
    {
        "bookingid": 3410
    },
    {
        "bookingid": 4185
    },
    {
        "bookingid": 4577
    },
    {
        "bookingid": 4816
    },
    {
        "bookingid": 5163
    },
    {
        "bookingid": 665
    },
    {
        "bookingid": 5024
    },
    {
        "bookingid": 1638
    },
    {
        "bookingid": 2601
    },
    {
        "bookingid": 1918
    },
    {
        "bookingid": 467
    },
    {
        "bookingid": 3107
    },
    {
        "bookingid": 4396
    },
    {
        "bookingid": 5140
    },
    {
        "bookingid": 3136
    },
    {
        "bookingid": 3835
    },
    {
        "bookingid": 3005
    },
    {
        "bookingid": 1808
    },
    {
        "bookingid": 4454
    },
    {
        "bookingid": 3978
    },
    {
        "bookingid": 2731
    },
    {
        "bookingid": 2330
    },
    {
        "bookingid": 4960
    },
    {
        "bookingid": 5384
    },
    {
        "bookingid": 4778
    },
    {
        "bookingid": 2509
    },
    {
        "bookingid": 2189
    },
    {
        "bookingid": 1002
    },
    {
        "bookingid": 3990
    },
    {
        "bookingid": 374
    },
    {
        "bookingid": 1813
    },
    {
        "bookingid": 180
    },
    {
        "bookingid": 3271
    },
    {
        "bookingid": 3478
    },
    {
        "bookingid": 3623
    },
    {
        "bookingid": 1235
    },
    {
        "bookingid": 1931
    },
    {
        "bookingid": 1273
    },
    {
        "bookingid": 977
    },
    {
        "bookingid": 3908
    },
    {
        "bookingid": 3236
    },
    {
        "bookingid": 3601
    },
    {
        "bookingid": 2221
    },
    {
        "bookingid": 3737
    },
    {
        "bookingid": 5262
    },
    {
        "bookingid": 2590
    },
    {
        "bookingid": 2580
    },
    {
        "bookingid": 1999
    },
    {
        "bookingid": 3085
    },
    {
        "bookingid": 5256
    },
    {
        "bookingid": 2271
    },
    {
        "bookingid": 78
    },
    {
        "bookingid": 4417
    },
    {
        "bookingid": 1010
    },
    {
        "bookingid": 2460
    },
    {
        "bookingid": 3075
    },
    {
        "bookingid": 2595
    },
    {
        "bookingid": 3716
    },
    {
        "bookingid": 2288
    },
    {
        "bookingid": 2915
    },
    {
        "bookingid": 3109
    },
    {
        "bookingid": 3451
    },
    {
        "bookingid": 4777
    },
    {
        "bookingid": 1277
    },
    {
        "bookingid": 1138
    },
    {
        "bookingid": 2926
    },
    {
        "bookingid": 456
    },
    {
        "bookingid": 4584
    },
    {
        "bookingid": 725
    },
    {
        "bookingid": 1164
    },
    {
        "bookingid": 2812
    },
    {
        "bookingid": 4313
    },
    {
        "bookingid": 1448
    },
    {
        "bookingid": 2844
    },
    {
        "bookingid": 4650
    },
    {
        "bookingid": 954
    },
    {
        "bookingid": 3255
    },
    {
        "bookingid": 4074
    },
    {
        "bookingid": 3056
    },
    {
        "bookingid": 5176
    },
    {
        "bookingid": 2378
    },
    {
        "bookingid": 4953
    },
    {
        "bookingid": 5327
    },
    {
        "bookingid": 1371
    },
    {
        "bookingid": 3852
    },
    {
        "bookingid": 4905
    },
    {
        "bookingid": 1684
    },
    {
        "bookingid": 4620
    },
    {
        "bookingid": 5218
    },
    {
        "bookingid": 1619
    },
    {
        "bookingid": 2149
    },
    {
        "bookingid": 2695
    },
    {
        "bookingid": 5291
    },
    {
        "bookingid": 975
    },
    {
        "bookingid": 2999
    },
    {
        "bookingid": 3614
    },
    {
        "bookingid": 1397
    },
    {
        "bookingid": 1851
    },
    {
        "bookingid": 1661
    },
    {
        "bookingid": 908
    },
    {
        "bookingid": 2150
    },
    {
        "bookingid": 4486
    },
    {
        "bookingid": 4248
    },
    {
        "bookingid": 211
    },
    {
        "bookingid": 5053
    },
    {
        "bookingid": 4745
    },
    {
        "bookingid": 3031
    },
    {
        "bookingid": 3954
    },
    {
        "bookingid": 3300
    },
    {
        "bookingid": 1864
    },
    {
        "bookingid": 4755
    },
    {
        "bookingid": 1384
    },
    {
        "bookingid": 169
    },
    {
        "bookingid": 4536
    },
    {
        "bookingid": 524
    },
    {
        "bookingid": 3151
    },
    {
        "bookingid": 549
    },
    {
        "bookingid": 2908
    },
    {
        "bookingid": 384
    },
    {
        "bookingid": 890
    },
    {
        "bookingid": 4017
    },
    {
        "bookingid": 987
    },
    {
        "bookingid": 1390
    },
    {
        "bookingid": 4478
    },
    {
        "bookingid": 2229
    },
    {
        "bookingid": 1230
    },
    {
        "bookingid": 3588
    },
    {
        "bookingid": 4657
    },
    {
        "bookingid": 5085
    },
    {
        "bookingid": 5350
    },
    {
        "bookingid": 2950
    },
    {
        "bookingid": 3918
    },
    {
        "bookingid": 2152
    },
    {
        "bookingid": 4930
    },
    {
        "bookingid": 2938
    },
    {
        "bookingid": 1194
    },
    {
        "bookingid": 3655
    },
    {
        "bookingid": 2800
    },
    {
        "bookingid": 4380
    },
    {
        "bookingid": 4004
    },
    {
        "bookingid": 2975
    },
    {
        "bookingid": 178
    },
    {
        "bookingid": 4188
    },
    {
        "bookingid": 3627
    },
    {
        "bookingid": 200
    },
    {
        "bookingid": 593
    },
    {
        "bookingid": 2992
    },
    {
        "bookingid": 1825
    },
    {
        "bookingid": 4896
    },
    {
        "bookingid": 4266
    },
    {
        "bookingid": 600
    },
    {
        "bookingid": 926
    },
    {
        "bookingid": 3280
    },
    {
        "bookingid": 3625
    },
    {
        "bookingid": 1669
    },
    {
        "bookingid": 1565
    },
    {
        "bookingid": 3341
    },
    {
        "bookingid": 3912
    },
    {
        "bookingid": 5230
    },
    {
        "bookingid": 2633
    },
    {
        "bookingid": 4710
    },
    {
        "bookingid": 2647
    },
    {
        "bookingid": 1708
    },
    {
        "bookingid": 2019
    },
    {
        "bookingid": 4449
    },
    {
        "bookingid": 2132
    },
    {
        "bookingid": 2197
    },
    {
        "bookingid": 1724
    },
    {
        "bookingid": 1786
    },
    {
        "bookingid": 1373
    },
    {
        "bookingid": 4926
    },
    {
        "bookingid": 2897
    },
    {
        "bookingid": 2983
    },
    {
        "bookingid": 1631
    },
    {
        "bookingid": 1537
    },
    {
        "bookingid": 3394
    },
    {
        "bookingid": 1283
    },
    {
        "bookingid": 1095
    },
    {
        "bookingid": 5271
    },
    {
        "bookingid": 539
    },
    {
        "bookingid": 878
    },
    {
        "bookingid": 2830
    },
    {
        "bookingid": 4095
    },
    {
        "bookingid": 121
    },
    {
        "bookingid": 4785
    },
    {
        "bookingid": 1963
    },
    {
        "bookingid": 5443
    },
    {
        "bookingid": 340
    },
    {
        "bookingid": 2858
    },
    {
        "bookingid": 5340
    },
    {
        "bookingid": 4883
    },
    {
        "bookingid": 5303
    },
    {
        "bookingid": 2931
    },
    {
        "bookingid": 4962
    },
    {
        "bookingid": 1911
    },
    {
        "bookingid": 4324
    },
    {
        "bookingid": 349
    },
    {
        "bookingid": 2100
    },
    {
        "bookingid": 5304
    },
    {
        "bookingid": 1514
    },
    {
        "bookingid": 4459
    },
    {
        "bookingid": 3007
    },
    {
        "bookingid": 2625
    },
    {
        "bookingid": 5030
    },
    {
        "bookingid": 3070
    },
    {
        "bookingid": 4618
    },
    {
        "bookingid": 4594
    },
    {
        "bookingid": 204
    },
    {
        "bookingid": 671
    },
    {
        "bookingid": 1278
    },
    {
        "bookingid": 2753
    },
    {
        "bookingid": 3886
    },
    {
        "bookingid": 5263
    },
    {
        "bookingid": 4239
    },
    {
        "bookingid": 1403
    },
    {
        "bookingid": 4453
    },
    {
        "bookingid": 3188
    },
    {
        "bookingid": 2305
    },
    {
        "bookingid": 1493
    },
    {
        "bookingid": 667
    },
    {
        "bookingid": 2589
    },
    {
        "bookingid": 4460
    },
    {
        "bookingid": 2068
    },
    {
        "bookingid": 2497
    },
    {
        "bookingid": 1770
    },
    {
        "bookingid": 4979
    },
    {
        "bookingid": 1338
    },
    {
        "bookingid": 2862
    },
    {
        "bookingid": 530
    },
    {
        "bookingid": 2134
    },
    {
        "bookingid": 3690
    },
    {
        "bookingid": 2973
    },
    {
        "bookingid": 3159
    },
    {
        "bookingid": 2441
    },
    {
        "bookingid": 3505
    },
    {
        "bookingid": 673
    },
    {
        "bookingid": 2416
    },
    {
        "bookingid": 1520
    },
    {
        "bookingid": 4455
    },
    {
        "bookingid": 2266
    },
    {
        "bookingid": 173
    },
    {
        "bookingid": 620
    },
    {
        "bookingid": 1560
    },
    {
        "bookingid": 3728
    },
    {
        "bookingid": 4799
    },
    {
        "bookingid": 2454
    },
    {
        "bookingid": 3008
    },
    {
        "bookingid": 4347
    },
    {
        "bookingid": 2202
    },
    {
        "bookingid": 4373
    },
    {
        "bookingid": 238
    },
    {
        "bookingid": 3869
    },
    {
        "bookingid": 1150
    },
    {
        "bookingid": 721
    },
    {
        "bookingid": 3348
    },
    {
        "bookingid": 630
    },
    {
        "bookingid": 261
    },
    {
        "bookingid": 28
    },
    {
        "bookingid": 1945
    },
    {
        "bookingid": 3582
    },
    {
        "bookingid": 959
    },
    {
        "bookingid": 863
    },
    {
        "bookingid": 5479
    },
    {
        "bookingid": 3212
    },
    {
        "bookingid": 1200
    },
    {
        "bookingid": 5124
    },
    {
        "bookingid": 1487
    },
    {
        "bookingid": 3555
    },
    {
        "bookingid": 5171
    },
    {
        "bookingid": 4760
    },
    {
        "bookingid": 4415
    },
    {
        "bookingid": 3615
    },
    {
        "bookingid": 1872
    },
    {
        "bookingid": 2045
    },
    {
        "bookingid": 2059
    },
    {
        "bookingid": 1249
    },
    {
        "bookingid": 1383
    },
    {
        "bookingid": 419
    },
    {
        "bookingid": 5009
    },
    {
        "bookingid": 3996
    },
    {
        "bookingid": 1247
    },
    {
        "bookingid": 4431
    },
    {
        "bookingid": 4018
    },
    {
        "bookingid": 3314
    },
    {
        "bookingid": 2326
    },
    {
        "bookingid": 5089
    },
    {
        "bookingid": 3674
    },
    {
        "bookingid": 2168
    },
    {
        "bookingid": 2712
    },
    {
        "bookingid": 5081
    },
    {
        "bookingid": 454
    },
    {
        "bookingid": 624
    },
    {
        "bookingid": 5196
    },
    {
        "bookingid": 2039
    },
    {
        "bookingid": 45
    },
    {
        "bookingid": 3820
    },
    {
        "bookingid": 3295
    },
    {
        "bookingid": 3127
    },
    {
        "bookingid": 1440
    },
    {
        "bookingid": 1345
    },
    {
        "bookingid": 4902
    },
    {
        "bookingid": 4331
    },
    {
        "bookingid": 2535
    },
    {
        "bookingid": 2831
    },
    {
        "bookingid": 4811
    },
    {
        "bookingid": 56
    },
    {
        "bookingid": 2910
    },
    {
        "bookingid": 2859
    },
    {
        "bookingid": 172
    },
    {
        "bookingid": 3709
    },
    {
        "bookingid": 5379
    },
    {
        "bookingid": 4837
    },
    {
        "bookingid": 3612
    },
    {
        "bookingid": 1391
    },
    {
        "bookingid": 5136
    },
    {
        "bookingid": 936
    },
    {
        "bookingid": 4257
    },
    {
        "bookingid": 470
    },
    {
        "bookingid": 5074
    },
    {
        "bookingid": 4995
    },
    {
        "bookingid": 1580
    },
    {
        "bookingid": 851
    },
    {
        "bookingid": 110
    },
    {
        "bookingid": 4993
    },
    {
        "bookingid": 2995
    },
    {
        "bookingid": 2924
    },
    {
        "bookingid": 1056
    },
    {
        "bookingid": 3363
    },
    {
        "bookingid": 5242
    },
    {
        "bookingid": 2754
    },
    {
        "bookingid": 167
    },
    {
        "bookingid": 294
    },
    {
        "bookingid": 4624
    },
    {
        "bookingid": 4767
    },
    {
        "bookingid": 4489
    },
    {
        "bookingid": 4049
    },
    {
        "bookingid": 2114
    },
    {
        "bookingid": 333
    },
    {
        "bookingid": 4330
    },
    {
        "bookingid": 2555
    },
    {
        "bookingid": 2736
    },
    {
        "bookingid": 4251
    },
    {
        "bookingid": 1257
    },
    {
        "bookingid": 2333
    },
    {
        "bookingid": 318
    },
    {
        "bookingid": 1087
    },
    {
        "bookingid": 4487
    },
    {
        "bookingid": 4059
    },
    {
        "bookingid": 1697
    },
    {
        "bookingid": 404
    },
    {
        "bookingid": 3884
    },
    {
        "bookingid": 5004
    },
    {
        "bookingid": 2701
    },
    {
        "bookingid": 8
    },
    {
        "bookingid": 5424
    },
    {
        "bookingid": 4168
    },
    {
        "bookingid": 3122
    },
    {
        "bookingid": 3203
    },
    {
        "bookingid": 1050
    },
    {
        "bookingid": 818
    },
    {
        "bookingid": 2815
    },
    {
        "bookingid": 3294
    },
    {
        "bookingid": 80
    },
    {
        "bookingid": 447
    },
    {
        "bookingid": 5278
    },
    {
        "bookingid": 3531
    },
    {
        "bookingid": 2751
    },
    {
        "bookingid": 1754
    },
    {
        "bookingid": 4956
    },
    {
        "bookingid": 4349
    },
    {
        "bookingid": 4987
    },
    {
        "bookingid": 4679
    },
    {
        "bookingid": 2094
    },
    {
        "bookingid": 4040
    },
    {
        "bookingid": 4241
    },
    {
        "bookingid": 2239
    },
    {
        "bookingid": 4104
    },
    {
        "bookingid": 2574
    },
    {
        "bookingid": 4917
    },
    {
        "bookingid": 55
    },
    {
        "bookingid": 1822
    },
    {
        "bookingid": 4354
    },
    {
        "bookingid": 3806
    },
    {
        "bookingid": 5310
    },
    {
        "bookingid": 343
    },
    {
        "bookingid": 3320
    },
    {
        "bookingid": 2089
    },
    {
        "bookingid": 1971
    },
    {
        "bookingid": 3164
    },
    {
        "bookingid": 5407
    },
    {
        "bookingid": 4546
    },
    {
        "bookingid": 2088
    },
    {
        "bookingid": 3356
    },
    {
        "bookingid": 1022
    },
    {
        "bookingid": 283
    },
    {
        "bookingid": 3960
    },
    {
        "bookingid": 4112
    },
    {
        "bookingid": 2358
    },
    {
        "bookingid": 1523
    },
    {
        "bookingid": 145
    },
    {
        "bookingid": 1082
    },
    {
        "bookingid": 4351
    },
    {
        "bookingid": 5412
    },
    {
        "bookingid": 597
    },
    {
        "bookingid": 5207
    },
    {
        "bookingid": 1639
    },
    {
        "bookingid": 5054
    },
    {
        "bookingid": 509
    },
    {
        "bookingid": 2014
    },
    {
        "bookingid": 2155
    },
    {
        "bookingid": 1035
    },
    {
        "bookingid": 4758
    },
    {
        "bookingid": 2032
    },
    {
        "bookingid": 3050
    },
    {
        "bookingid": 1073
    },
    {
        "bookingid": 35
    },
    {
        "bookingid": 3799
    },
    {
        "bookingid": 2802
    },
    {
        "bookingid": 3916
    },
    {
        "bookingid": 1735
    },
    {
        "bookingid": 1388
    },
    {
        "bookingid": 3060
    },
    {
        "bookingid": 4451
    },
    {
        "bookingid": 3561
    },
    {
        "bookingid": 2866
    },
    {
        "bookingid": 4691
    },
    {
        "bookingid": 3483
    },
    {
        "bookingid": 3617
    },
    {
        "bookingid": 2727
    },
    {
        "bookingid": 1361
    },
    {
        "bookingid": 2528
    },
    {
        "bookingid": 5061
    },
    {
        "bookingid": 5138
    },
    {
        "bookingid": 3654
    },
    {
        "bookingid": 1137
    },
    {
        "bookingid": 3782
    },
    {
        "bookingid": 1081
    },
    {
        "bookingid": 2959
    },
    {
        "bookingid": 2472
    },
    {
        "bookingid": 1208
    },
    {
        "bookingid": 2414
    },
    {
        "bookingid": 3185
    },
    {
        "bookingid": 1299
    },
    {
        "bookingid": 1818
    },
    {
        "bookingid": 2126
    },
    {
        "bookingid": 758
    },
    {
        "bookingid": 3144
    },
    {
        "bookingid": 2188
    },
    {
        "bookingid": 3282
    },
    {
        "bookingid": 996
    },
    {
        "bookingid": 3814
    },
    {
        "bookingid": 568
    },
    {
        "bookingid": 2240
    },
    {
        "bookingid": 3465
    },
    {
        "bookingid": 902
    },
    {
        "bookingid": 1715
    },
    {
        "bookingid": 2298
    },
    {
        "bookingid": 4625
    },
    {
        "bookingid": 3759
    },
    {
        "bookingid": 4143
    },
    {
        "bookingid": 3265
    },
    {
        "bookingid": 3183
    },
    {
        "bookingid": 4412
    },
    {
        "bookingid": 536
    },
    {
        "bookingid": 4490
    },
    {
        "bookingid": 3113
    },
    {
        "bookingid": 2720
    },
    {
        "bookingid": 5234
    },
    {
        "bookingid": 1103
    },
    {
        "bookingid": 5099
    },
    {
        "bookingid": 3206
    },
    {
        "bookingid": 3586
    },
    {
        "bookingid": 510
    },
    {
        "bookingid": 4148
    },
    {
        "bookingid": 1101
    },
    {
        "bookingid": 2577
    },
    {
        "bookingid": 4508
    },
    {
        "bookingid": 5367
    },
    {
        "bookingid": 4951
    },
    {
        "bookingid": 945
    },
    {
        "bookingid": 1834
    },
    {
        "bookingid": 5509
    },
    {
        "bookingid": 970
    },
    {
        "bookingid": 2749
    },
    {
        "bookingid": 2055
    },
    {
        "bookingid": 3239
    },
    {
        "bookingid": 3376
    },
    {
        "bookingid": 2096
    },
    {
        "bookingid": 31
    },
    {
        "bookingid": 5014
    },
    {
        "bookingid": 4782
    },
    {
        "bookingid": 5293
    },
    {
        "bookingid": 3432
    },
    {
        "bookingid": 4413
    },
    {
        "bookingid": 2071
    },
    {
        "bookingid": 2850
    },
    {
        "bookingid": 2818
    },
    {
        "bookingid": 2282
    },
    {
        "bookingid": 1019
    },
    {
        "bookingid": 1866
    },
    {
        "bookingid": 77
    },
    {
        "bookingid": 205
    },
    {
        "bookingid": 4880
    },
    {
        "bookingid": 3525
    },
    {
        "bookingid": 74
    },
    {
        "bookingid": 2893
    },
    {
        "bookingid": 5241
    },
    {
        "bookingid": 4963
    },
    {
        "bookingid": 690
    },
    {
        "bookingid": 303
    },
    {
        "bookingid": 3234
    },
    {
        "bookingid": 1527
    },
    {
        "bookingid": 1555
    },
    {
        "bookingid": 1689
    },
    {
        "bookingid": 179
    },
    {
        "bookingid": 4796
    },
    {
        "bookingid": 4545
    },
    {
        "bookingid": 4225
    },
    {
        "bookingid": 1066
    },
    {
        "bookingid": 119
    },
    {
        "bookingid": 591
    },
    {
        "bookingid": 4914
    },
    {
        "bookingid": 4086
    },
    {
        "bookingid": 1711
    },
    {
        "bookingid": 5480
    },
    {
        "bookingid": 1658
    },
    {
        "bookingid": 3263
    },
    {
        "bookingid": 507
    },
    {
        "bookingid": 3339
    },
    {
        "bookingid": 4319
    },
    {
        "bookingid": 1984
    },
    {
        "bookingid": 2062
    },
    {
        "bookingid": 235
    },
    {
        "bookingid": 4162
    },
    {
        "bookingid": 689
    },
    {
        "bookingid": 3182
    },
    {
        "bookingid": 813
    },
    {
        "bookingid": 3444
    },
    {
        "bookingid": 3660
    },
    {
        "bookingid": 1184
    },
    {
        "bookingid": 4472
    },
    {
        "bookingid": 1264
    },
    {
        "bookingid": 1486
    },
    {
        "bookingid": 4457
    },
    {
        "bookingid": 4911
    },
    {
        "bookingid": 3715
    },
    {
        "bookingid": 3724
    },
    {
        "bookingid": 1521
    },
    {
        "bookingid": 2465
    },
    {
        "bookingid": 3063
    },
    {
        "bookingid": 4389
    },
    {
        "bookingid": 4003
    },
    {
        "bookingid": 1840
    },
    {
        "bookingid": 2617
    },
    {
        "bookingid": 2571
    },
    {
        "bookingid": 3915
    },
    {
        "bookingid": 1633
    },
    {
        "bookingid": 1550
    },
    {
        "bookingid": 3194
    },
    {
        "bookingid": 2887
    },
    {
        "bookingid": 3554
    },
    {
        "bookingid": 4644
    },
    {
        "bookingid": 4107
    },
    {
        "bookingid": 4036
    },
    {
        "bookingid": 60
    },
    {
        "bookingid": 2857
    },
    {
        "bookingid": 2843
    },
    {
        "bookingid": 3925
    },
    {
        "bookingid": 923
    },
    {
        "bookingid": 1008
    },
    {
        "bookingid": 2906
    },
    {
        "bookingid": 4132
    },
    {
        "bookingid": 3069
    },
    {
        "bookingid": 898
    },
    {
        "bookingid": 4869
    },
    {
        "bookingid": 4595
    },
    {
        "bookingid": 3642
    },
    {
        "bookingid": 4033
    },
    {
        "bookingid": 847
    },
    {
        "bookingid": 4027
    },
    {
        "bookingid": 3559
    },
    {
        "bookingid": 3321
    },
    {
        "bookingid": 4875
    },
    {
        "bookingid": 362
    },
    {
        "bookingid": 1078
    },
    {
        "bookingid": 3304
    },
    {
        "bookingid": 1980
    },
    {
        "bookingid": 3086
    },
    {
        "bookingid": 2367
    },
    {
        "bookingid": 396
    },
    {
        "bookingid": 5194
    },
    {
        "bookingid": 1167
    },
    {
        "bookingid": 1941
    },
    {
        "bookingid": 1113
    },
    {
        "bookingid": 3456
    },
    {
        "bookingid": 69
    },
    {
        "bookingid": 4326
    },
    {
        "bookingid": 3241
    },
    {
        "bookingid": 3092
    },
    {
        "bookingid": 930
    },
    {
        "bookingid": 3885
    },
    {
        "bookingid": 234
    },
    {
        "bookingid": 335
    },
    {
        "bookingid": 2654
    },
    {
        "bookingid": 4023
    },
    {
        "bookingid": 2993
    },
    {
        "bookingid": 3288
    },
    {
        "bookingid": 5313
    },
    {
        "bookingid": 1554
    },
    {
        "bookingid": 1893
    },
    {
        "bookingid": 3277
    },
    {
        "bookingid": 54
    },
    {
        "bookingid": 2448
    },
    {
        "bookingid": 3632
    },
    {
        "bookingid": 1430
    },
    {
        "bookingid": 473
    },
    {
        "bookingid": 1739
    },
    {
        "bookingid": 1492
    },
    {
        "bookingid": 3789
    },
    {
        "bookingid": 150
    },
    {
        "bookingid": 3053
    },
    {
        "bookingid": 4233
    },
    {
        "bookingid": 1178
    },
    {
        "bookingid": 3998
    },
    {
        "bookingid": 3377
    },
    {
        "bookingid": 1587
    },
    {
        "bookingid": 3879
    },
    {
        "bookingid": 3701
    },
    {
        "bookingid": 415
    },
    {
        "bookingid": 4096
    },
    {
        "bookingid": 4520
    },
    {
        "bookingid": 1011
    },
    {
        "bookingid": 2067
    },
    {
        "bookingid": 1536
    },
    {
        "bookingid": 141
    },
    {
        "bookingid": 2236
    },
    {
        "bookingid": 3683
    },
    {
        "bookingid": 1841
    },
    {
        "bookingid": 2827
    },
    {
        "bookingid": 693
    },
    {
        "bookingid": 4892
    },
    {
        "bookingid": 2281
    },
    {
        "bookingid": 1499
    },
    {
        "bookingid": 3668
    },
    {
        "bookingid": 3139
    },
    {
        "bookingid": 3116
    },
    {
        "bookingid": 3743
    },
    {
        "bookingid": 576
    },
    {
        "bookingid": 573
    },
    {
        "bookingid": 1601
    },
    {
        "bookingid": 305
    },
    {
        "bookingid": 3696
    },
    {
        "bookingid": 253
    },
    {
        "bookingid": 2768
    },
    {
        "bookingid": 2392
    },
    {
        "bookingid": 3420
    },
    {
        "bookingid": 3774
    },
    {
        "bookingid": 770
    },
    {
        "bookingid": 464
    },
    {
        "bookingid": 1584
    },
    {
        "bookingid": 5416
    },
    {
        "bookingid": 2471
    },
    {
        "bookingid": 290
    },
    {
        "bookingid": 4640
    },
    {
        "bookingid": 2961
    },
    {
        "bookingid": 2739
    },
    {
        "bookingid": 4553
    },
    {
        "bookingid": 1814
    },
    {
        "bookingid": 4218
    },
    {
        "bookingid": 1944
    },
    {
        "bookingid": 4338
    },
    {
        "bookingid": 5272
    },
    {
        "bookingid": 5377
    },
    {
        "bookingid": 341
    },
    {
        "bookingid": 4958
    },
    {
        "bookingid": 1998
    },
    {
        "bookingid": 4101
    },
    {
        "bookingid": 4282
    },
    {
        "bookingid": 1772
    },
    {
        "bookingid": 3846
    },
    {
        "bookingid": 381
    },
    {
        "bookingid": 4870
    },
    {
        "bookingid": 4202
    },
    {
        "bookingid": 696
    },
    {
        "bookingid": 426
    },
    {
        "bookingid": 4315
    },
    {
        "bookingid": 1653
    },
    {
        "bookingid": 1977
    },
    {
        "bookingid": 4977
    },
    {
        "bookingid": 2262
    },
    {
        "bookingid": 2784
    },
    {
        "bookingid": 2029
    },
    {
        "bookingid": 2084
    },
    {
        "bookingid": 2015
    },
    {
        "bookingid": 5354
    },
    {
        "bookingid": 4240
    },
    {
        "bookingid": 585
    },
    {
        "bookingid": 5103
    },
    {
        "bookingid": 925
    },
    {
        "bookingid": 3547
    },
    {
        "bookingid": 2020
    },
    {
        "bookingid": 5316
    },
    {
        "bookingid": 2098
    },
    {
        "bookingid": 1144
    },
    {
        "bookingid": 1143
    },
    {
        "bookingid": 2620
    },
    {
        "bookingid": 2752
    },
    {
        "bookingid": 3268
    },
    {
        "bookingid": 909
    },
    {
        "bookingid": 1269
    },
    {
        "bookingid": 1107
    },
    {
        "bookingid": 4423
    },
    {
        "bookingid": 2324
    },
    {
        "bookingid": 386
    },
    {
        "bookingid": 1832
    },
    {
        "bookingid": 2397
    },
    {
        "bookingid": 614
    },
    {
        "bookingid": 3658
    },
    {
        "bookingid": 832
    },
    {
        "bookingid": 2566
    },
    {
        "bookingid": 1768
    },
    {
        "bookingid": 5070
    },
    {
        "bookingid": 3419
    },
    {
        "bookingid": 5454
    },
    {
        "bookingid": 3723
    },
    {
        "bookingid": 4980
    },
    {
        "bookingid": 2138
    },
    {
        "bookingid": 2912
    },
    {
        "bookingid": 1032
    },
    {
        "bookingid": 2253
    },
    {
        "bookingid": 3708
    },
    {
        "bookingid": 176
    },
    {
        "bookingid": 4866
    },
    {
        "bookingid": 771
    },
    {
        "bookingid": 1680
    },
    {
        "bookingid": 5016
    },
    {
        "bookingid": 1158
    },
    {
        "bookingid": 4621
    },
    {
        "bookingid": 1057
    },
    {
        "bookingid": 4316
    },
    {
        "bookingid": 989
    },
    {
        "bookingid": 812
    },
    {
        "bookingid": 3933
    },
    {
        "bookingid": 4554
    },
    {
        "bookingid": 4967
    },
    {
        "bookingid": 1420
    },
    {
        "bookingid": 2849
    },
    {
        "bookingid": 5233
    },
    {
        "bookingid": 2101
    },
    {
        "bookingid": 780
    },
    {
        "bookingid": 5052
    },
    {
        "bookingid": 1400
    },
    {
        "bookingid": 3138
    },
    {
        "bookingid": 50
    },
    {
        "bookingid": 99
    },
    {
        "bookingid": 134
    },
    {
        "bookingid": 486
    },
    {
        "bookingid": 1569
    },
    {
        "bookingid": 4858
    },
    {
        "bookingid": 3976
    },
    {
        "bookingid": 181
    },
    {
        "bookingid": 1094
    },
    {
        "bookingid": 4805
    },
    {
        "bookingid": 4997
    },
    {
        "bookingid": 2572
    },
    {
        "bookingid": 2707
    },
    {
        "bookingid": 1693
    },
    {
        "bookingid": 3362
    },
    {
        "bookingid": 3507
    },
    {
        "bookingid": 1238
    },
    {
        "bookingid": 2623
    },
    {
        "bookingid": 3315
    },
    {
        "bookingid": 4275
    },
    {
        "bookingid": 4014
    },
    {
        "bookingid": 571
    },
    {
        "bookingid": 1830
    },
    {
        "bookingid": 1942
    },
    {
        "bookingid": 4210
    },
    {
        "bookingid": 1069
    },
    {
        "bookingid": 1166
    },
    {
        "bookingid": 5211
    },
    {
        "bookingid": 3016
    },
    {
        "bookingid": 5217
    },
    {
        "bookingid": 647
    },
    {
        "bookingid": 981
    },
    {
        "bookingid": 749
    },
    {
        "bookingid": 3247
    },
    {
        "bookingid": 2773
    },
    {
        "bookingid": 4441
    },
    {
        "bookingid": 3829
    },
    {
        "bookingid": 4836
    },
    {
        "bookingid": 2291
    },
    {
        "bookingid": 5139
    },
    {
        "bookingid": 5046
    },
    {
        "bookingid": 4048
    },
    {
        "bookingid": 3112
    },
    {
        "bookingid": 2532
    },
    {
        "bookingid": 2579
    },
    {
        "bookingid": 4425
    },
    {
        "bookingid": 4749
    },
    {
        "bookingid": 2408
    },
    {
        "bookingid": 1461
    },
    {
        "bookingid": 3303
    },
    {
        "bookingid": 4011
    },
    {
        "bookingid": 3035
    },
    {
        "bookingid": 116
    },
    {
        "bookingid": 2052
    },
    {
        "bookingid": 5055
    },
    {
        "bookingid": 3875
    },
    {
        "bookingid": 2187
    },
    {
        "bookingid": 1501
    },
    {
        "bookingid": 4159
    },
    {
        "bookingid": 4741
    },
    {
        "bookingid": 2764
    },
    {
        "bookingid": 4307
    },
    {
        "bookingid": 674
    },
    {
        "bookingid": 1172
    },
    {
        "bookingid": 2359
    },
    {
        "bookingid": 4790
    },
    {
        "bookingid": 4990
    },
    {
        "bookingid": 3301
    },
    {
        "bookingid": 4394
    },
    {
        "bookingid": 342
    },
    {
        "bookingid": 2107
    },
    {
        "bookingid": 1196
    },
    {
        "bookingid": 1933
    },
    {
        "bookingid": 2115
    },
    {
        "bookingid": 324
    },
    {
        "bookingid": 5175
    },
    {
        "bookingid": 3360
    },
    {
        "bookingid": 3014
    },
    {
        "bookingid": 5396
    },
    {
        "bookingid": 3748
    },
    {
        "bookingid": 4932
    },
    {
        "bookingid": 1671
    },
    {
        "bookingid": 378
    },
    {
        "bookingid": 1253
    },
    {
        "bookingid": 4627
    },
    {
        "bookingid": 5232
    },
    {
        "bookingid": 3714
    },
    {
        "bookingid": 1608
    },
    {
        "bookingid": 2614
    },
    {
        "bookingid": 2339
    },
    {
        "bookingid": 2781
    },
    {
        "bookingid": 3865
    },
    {
        "bookingid": 3600
    },
    {
        "bookingid": 5097
    },
    {
        "bookingid": 2637
    },
    {
        "bookingid": 1939
    },
    {
        "bookingid": 1574
    },
    {
        "bookingid": 98
    },
    {
        "bookingid": 4645
    },
    {
        "bookingid": 4697
    },
    {
        "bookingid": 3134
    },
    {
        "bookingid": 460
    },
    {
        "bookingid": 579
    },
    {
        "bookingid": 5306
    },
    {
        "bookingid": 5279
    },
    {
        "bookingid": 3198
    },
    {
        "bookingid": 4140
    },
    {
        "bookingid": 1209
    },
    {
        "bookingid": 1327
    },
    {
        "bookingid": 3224
    },
    {
        "bookingid": 4054
    },
    {
        "bookingid": 345
    },
    {
        "bookingid": 1317
    },
    {
        "bookingid": 3344
    },
    {
        "bookingid": 32
    },
    {
        "bookingid": 1041
    },
    {
        "bookingid": 2103
    },
    {
        "bookingid": 2600
    },
    {
        "bookingid": 2364
    },
    {
        "bookingid": 3921
    },
    {
        "bookingid": 5397
    },
    {
        "bookingid": 617
    },
    {
        "bookingid": 5423
    },
    {
        "bookingid": 4332
    },
    {
        "bookingid": 1688
    },
    {
        "bookingid": 2492
    },
    {
        "bookingid": 2765
    },
    {
        "bookingid": 556
    },
    {
        "bookingid": 379
    },
    {
        "bookingid": 4750
    },
    {
        "bookingid": 4846
    },
    {
        "bookingid": 686
    },
    {
        "bookingid": 4696
    },
    {
        "bookingid": 2272
    },
    {
        "bookingid": 225
    },
    {
        "bookingid": 4950
    },
    {
        "bookingid": 5064
    },
    {
        "bookingid": 3963
    },
    {
        "bookingid": 657
    },
    {
        "bookingid": 2412
    },
    {
        "bookingid": 4852
    },
    {
        "bookingid": 3221
    },
    {
        "bookingid": 5202
    },
    {
        "bookingid": 956
    },
    {
        "bookingid": 677
    },
    {
        "bookingid": 1422
    },
    {
        "bookingid": 3798
    },
    {
        "bookingid": 857
    },
    {
        "bookingid": 3487
    },
    {
        "bookingid": 1220
    },
    {
        "bookingid": 5323
    },
    {
        "bookingid": 4638
    },
    {
        "bookingid": 4462
    },
    {
        "bookingid": 43
    },
    {
        "bookingid": 1287
    },
    {
        "bookingid": 2671
    },
    {
        "bookingid": 5258
    },
    {
        "bookingid": 931
    },
    {
        "bookingid": 42
    },
    {
        "bookingid": 5435
    },
    {
        "bookingid": 523
    },
    {
        "bookingid": 4278
    },
    {
        "bookingid": 860
    },
    {
        "bookingid": 3888
    },
    {
        "bookingid": 887
    },
    {
        "bookingid": 3279
    },
    {
        "bookingid": 2077
    },
    {
        "bookingid": 3240
    },
    {
        "bookingid": 301
    },
    {
        "bookingid": 841
    },
    {
        "bookingid": 4072
    },
    {
        "bookingid": 5095
    },
    {
        "bookingid": 5179
    },
    {
        "bookingid": 4854
    },
    {
        "bookingid": 3317
    },
    {
        "bookingid": 3553
    },
    {
        "bookingid": 2244
    },
    {
        "bookingid": 3514
    },
    {
        "bookingid": 1983
    },
    {
        "bookingid": 3752
    },
    {
        "bookingid": 3773
    },
    {
        "bookingid": 3831
    },
    {
        "bookingid": 629
    },
    {
        "bookingid": 1757
    },
    {
        "bookingid": 5236
    },
    {
        "bookingid": 5408
    },
    {
        "bookingid": 2021
    },
    {
        "bookingid": 1401
    },
    {
        "bookingid": 2193
    },
    {
        "bookingid": 3037
    },
    {
        "bookingid": 3592
    },
    {
        "bookingid": 2814
    },
    {
        "bookingid": 3698
    },
    {
        "bookingid": 5274
    },
    {
        "bookingid": 2847
    },
    {
        "bookingid": 4952
    },
    {
        "bookingid": 4794
    },
    {
        "bookingid": 1251
    },
    {
        "bookingid": 732
    },
    {
        "bookingid": 635
    },
    {
        "bookingid": 4069
    },
    {
        "bookingid": 1106
    },
    {
        "bookingid": 4197
    },
    {
        "bookingid": 4864
    },
    {
        "bookingid": 1013
    },
    {
        "bookingid": 2108
    },
    {
        "bookingid": 809
    },
    {
        "bookingid": 794
    },
    {
        "bookingid": 3955
    },
    {
        "bookingid": 941
    },
    {
        "bookingid": 1007
    },
    {
        "bookingid": 636
    },
    {
        "bookingid": 4770
    },
    {
        "bookingid": 2932
    },
    {
        "bookingid": 3876
    },
    {
        "bookingid": 1532
    },
    {
        "bookingid": 911
    },
    {
        "bookingid": 4684
    },
    {
        "bookingid": 3834
    },
    {
        "bookingid": 3447
    },
    {
        "bookingid": 1636
    },
    {
        "bookingid": 3020
    },
    {
        "bookingid": 2342
    },
    {
        "bookingid": 3666
    },
    {
        "bookingid": 3435
    },
    {
        "bookingid": 3181
    },
    {
        "bookingid": 3000
    },
    {
        "bookingid": 4063
    },
    {
        "bookingid": 199
    },
    {
        "bookingid": 3073
    },
    {
        "bookingid": 3644
    },
    {
        "bookingid": 1801
    },
    {
        "bookingid": 4057
    },
    {
        "bookingid": 1873
    },
    {
        "bookingid": 248
    },
    {
        "bookingid": 2403
    },
    {
        "bookingid": 5166
    },
    {
        "bookingid": 2477
    },
    {
        "bookingid": 5394
    },
    {
        "bookingid": 3971
    },
    {
        "bookingid": 3594
    },
    {
        "bookingid": 2611
    },
    {
        "bookingid": 2085
    },
    {
        "bookingid": 2356
    },
    {
        "bookingid": 3914
    },
    {
        "bookingid": 5063
    },
    {
        "bookingid": 2833
    },
    {
        "bookingid": 478
    },
    {
        "bookingid": 4098
    },
    {
        "bookingid": 5322
    },
    {
        "bookingid": 1511
    },
    {
        "bookingid": 919
    },
    {
        "bookingid": 4968
    },
    {
        "bookingid": 3560
    },
    {
        "bookingid": 281
    },
    {
        "bookingid": 4496
    },
    {
        "bookingid": 4114
    },
    {
        "bookingid": 4514
    },
    {
        "bookingid": 5130
    },
    {
        "bookingid": 1479
    },
    {
        "bookingid": 1298
    },
    {
        "bookingid": 4377
    },
    {
        "bookingid": 971
    },
    {
        "bookingid": 1029
    },
    {
        "bookingid": 3175
    },
    {
        "bookingid": 4194
    },
    {
        "bookingid": 3145
    },
    {
        "bookingid": 2782
    },
    {
        "bookingid": 525
    },
    {
        "bookingid": 1553
    },
    {
        "bookingid": 1995
    },
    {
        "bookingid": 2426
    },
    {
        "bookingid": 3370
    },
    {
        "bookingid": 5090
    },
    {
        "bookingid": 2758
    },
    {
        "bookingid": 3924
    },
    {
        "bookingid": 2998
    },
    {
        "bookingid": 5225
    },
    {
        "bookingid": 621
    },
    {
        "bookingid": 4800
    },
    {
        "bookingid": 1614
    },
    {
        "bookingid": 1460
    },
    {
        "bookingid": 4181
    },
    {
        "bookingid": 1546
    },
    {
        "bookingid": 3935
    },
    {
        "bookingid": 4863
    },
    {
        "bookingid": 1124
    },
    {
        "bookingid": 2496
    },
    {
        "bookingid": 2868
    },
    {
        "bookingid": 4312
    },
    {
        "bookingid": 4208
    },
    {
        "bookingid": 4463
    },
    {
        "bookingid": 114
    },
    {
        "bookingid": 1548
    },
    {
        "bookingid": 2398
    },
    {
        "bookingid": 3178
    },
    {
        "bookingid": 2276
    },
    {
        "bookingid": 2599
    },
    {
        "bookingid": 332
    },
    {
        "bookingid": 1026
    },
    {
        "bookingid": 3028
    },
    {
        "bookingid": 848
    },
    {
        "bookingid": 5481
    },
    {
        "bookingid": 3039
    },
    {
        "bookingid": 1947
    },
    {
        "bookingid": 1346
    },
    {
        "bookingid": 3513
    },
    {
        "bookingid": 763
    },
    {
        "bookingid": 3784
    },
    {
        "bookingid": 4200
    },
    {
        "bookingid": 1454
    },
    {
        "bookingid": 5083
    },
    {
        "bookingid": 4442
    },
    {
        "bookingid": 1117
    },
    {
        "bookingid": 5389
    },
    {
        "bookingid": 2874
    },
    {
        "bookingid": 3744
    },
    {
        "bookingid": 5375
    },
    {
        "bookingid": 4570
    },
    {
        "bookingid": 891
    },
    {
        "bookingid": 737
    },
    {
        "bookingid": 2808
    },
    {
        "bookingid": 928
    },
    {
        "bookingid": 2930
    },
    {
        "bookingid": 1874
    },
    {
        "bookingid": 915
    },
    {
        "bookingid": 3474
    },
    {
        "bookingid": 1990
    },
    {
        "bookingid": 3763
    },
    {
        "bookingid": 1326
    },
    {
        "bookingid": 5017
    },
    {
        "bookingid": 4418
    },
    {
        "bookingid": 1921
    },
    {
        "bookingid": 5170
    },
    {
        "bookingid": 2061
    },
    {
        "bookingid": 1491
    },
    {
        "bookingid": 3764
    },
    {
        "bookingid": 4652
    },
    {
        "bookingid": 1322
    },
    {
        "bookingid": 3371
    },
    {
        "bookingid": 2766
    },
    {
        "bookingid": 298
    },
    {
        "bookingid": 3951
    },
    {
        "bookingid": 1924
    },
    {
        "bookingid": 1567
    },
    {
        "bookingid": 4549
    },
    {
        "bookingid": 2777
    },
    {
        "bookingid": 2694
    },
    {
        "bookingid": 4776
    },
    {
        "bookingid": 570
    },
    {
        "bookingid": 3046
    },
    {
        "bookingid": 963
    },
    {
        "bookingid": 5132
    },
    {
        "bookingid": 4929
    },
    {
        "bookingid": 4851
    },
    {
        "bookingid": 1820
    },
    {
        "bookingid": 4924
    },
    {
        "bookingid": 402
    },
    {
        "bookingid": 3332
    },
    {
        "bookingid": 1452
    },
    {
        "bookingid": 1850
    },
    {
        "bookingid": 215
    },
    {
        "bookingid": 4032
    },
    {
        "bookingid": 1003
    },
    {
        "bookingid": 3583
    },
    {
        "bookingid": 4292
    },
    {
        "bookingid": 1706
    },
    {
        "bookingid": 4337
    },
    {
        "bookingid": 1869
    },
    {
        "bookingid": 2379
    },
    {
        "bookingid": 1683
    },
    {
        "bookingid": 2760
    },
    {
        "bookingid": 1561
    },
    {
        "bookingid": 3855
    },
    {
        "bookingid": 4285
    },
    {
        "bookingid": 3572
    },
    {
        "bookingid": 3276
    },
    {
        "bookingid": 1176
    },
    {
        "bookingid": 999
    },
    {
        "bookingid": 3549
    },
    {
        "bookingid": 5205
    },
    {
        "bookingid": 4034
    },
    {
        "bookingid": 2389
    },
    {
        "bookingid": 641
    },
    {
        "bookingid": 2592
    },
    {
        "bookingid": 538
    },
    {
        "bookingid": 4552
    },
    {
        "bookingid": 3930
    },
    {
        "bookingid": 3414
    },
    {
        "bookingid": 2551
    },
    {
        "bookingid": 482
    },
    {
        "bookingid": 2837
    },
    {
        "bookingid": 2825
    },
    {
        "bookingid": 5043
    },
    {
        "bookingid": 162
    },
    {
        "bookingid": 1211
    },
    {
        "bookingid": 4383
    },
    {
        "bookingid": 2525
    },
    {
        "bookingid": 4177
    },
    {
        "bookingid": 893
    },
    {
        "bookingid": 275
    },
    {
        "bookingid": 4238
    },
    {
        "bookingid": 3791
    },
    {
        "bookingid": 5351
    },
    {
        "bookingid": 2257
    },
    {
        "bookingid": 1325
    },
    {
        "bookingid": 843
    },
    {
        "bookingid": 4341
    },
    {
        "bookingid": 852
    },
    {
        "bookingid": 1310
    },
    {
        "bookingid": 875
    },
    {
        "bookingid": 565
    },
    {
        "bookingid": 1588
    },
    {
        "bookingid": 3991
    },
    {
        "bookingid": 5486
    },
    {
        "bookingid": 1291
    },
    {
        "bookingid": 5076
    },
    {
        "bookingid": 2
    },
    {
        "bookingid": 953
    },
    {
        "bookingid": 12
    },
    {
        "bookingid": 4635
    },
    {
        "bookingid": 2928
    },
    {
        "bookingid": 4481
    },
    {
        "bookingid": 351
    },
    {
        "bookingid": 3458
    },
    {
        "bookingid": 672
    },
    {
        "bookingid": 1362
    },
    {
        "bookingid": 2143
    },
    {
        "bookingid": 1300
    },
    {
        "bookingid": 3477
    },
    {
        "bookingid": 684
    },
    {
        "bookingid": 1518
    },
    {
        "bookingid": 554
    },
    {
        "bookingid": 5451
    },
    {
        "bookingid": 819
    },
    {
        "bookingid": 2980
    },
    {
        "bookingid": 3506
    },
    {
        "bookingid": 3880
    },
    {
        "bookingid": 2434
    },
    {
        "bookingid": 5438
    },
    {
        "bookingid": 2724
    },
    {
        "bookingid": 1932
    },
    {
        "bookingid": 3738
    },
    {
        "bookingid": 1443
    },
    {
        "bookingid": 1028
    },
    {
        "bookingid": 4005
    },
    {
        "bookingid": 3471
    },
    {
        "bookingid": 4894
    },
    {
        "bookingid": 29
    },
    {
        "bookingid": 2914
    },
    {
        "bookingid": 4092
    },
    {
        "bookingid": 484
    },
    {
        "bookingid": 2099
    },
    {
        "bookingid": 5281
    },
    {
        "bookingid": 2205
    },
    {
        "bookingid": 3388
    },
    {
        "bookingid": 2063
    },
    {
        "bookingid": 3598
    },
    {
        "bookingid": 2128
    },
    {
        "bookingid": 3023
    },
    {
        "bookingid": 745
    },
    {
        "bookingid": 4465
    },
    {
        "bookingid": 914
    },
    {
        "bookingid": 3988
    },
    {
        "bookingid": 1229
    },
    {
        "bookingid": 4808
    },
    {
        "bookingid": 2256
    },
    {
        "bookingid": 3717
    },
    {
        "bookingid": 3983
    },
    {
        "bookingid": 548
    },
    {
        "bookingid": 1879
    },
    {
        "bookingid": 935
    },
    {
        "bookingid": 3169
    },
    {
        "bookingid": 4334
    },
    {
        "bookingid": 4215
    },
    {
        "bookingid": 625
    },
    {
        "bookingid": 3408
    },
    {
        "bookingid": 788
    },
    {
        "bookingid": 2267
    },
    {
        "bookingid": 4297
    },
    {
        "bookingid": 1846
    },
    {
        "bookingid": 1259
    },
    {
        "bookingid": 1382
    },
    {
        "bookingid": 2133
    },
    {
        "bookingid": 439
    },
    {
        "bookingid": 4306
    },
    {
        "bookingid": 288
    },
    {
        "bookingid": 4882
    },
    {
        "bookingid": 4157
    },
    {
        "bookingid": 82
    },
    {
        "bookingid": 5062
    },
    {
        "bookingid": 30
    },
    {
        "bookingid": 5426
    },
    {
        "bookingid": 3516
    },
    {
        "bookingid": 4128
    },
    {
        "bookingid": 3621
    },
    {
        "bookingid": 277
    },
    {
        "bookingid": 4109
    },
    {
        "bookingid": 1509
    },
    {
        "bookingid": 2889
    },
    {
        "bookingid": 2275
    },
    {
        "bookingid": 5401
    },
    {
        "bookingid": 5084
    },
    {
        "bookingid": 654
    },
    {
        "bookingid": 2425
    },
    {
        "bookingid": 3825
    },
    {
        "bookingid": 3216
    },
    {
        "bookingid": 1676
    },
    {
        "bookingid": 2315
    },
    {
        "bookingid": 2545
    },
    {
        "bookingid": 834
    },
    {
        "bookingid": 4511
    },
    {
        "bookingid": 2372
    },
    {
        "bookingid": 1744
    },
    {
        "bookingid": 5201
    },
    {
        "bookingid": 2878
    },
    {
        "bookingid": 4070
    },
    {
        "bookingid": 3017
    },
    {
        "bookingid": 4906
    },
    {
        "bookingid": 986
    },
    {
        "bookingid": 4815
    },
    {
        "bookingid": 2937
    },
    {
        "bookingid": 927
    },
    {
        "bookingid": 706
    },
    {
        "bookingid": 4946
    },
    {
        "bookingid": 286
    },
    {
        "bookingid": 4598
    },
    {
        "bookingid": 991
    },
    {
        "bookingid": 2501
    },
    {
        "bookingid": 1063
    },
    {
        "bookingid": 2194
    },
    {
        "bookingid": 3207
    },
    {
        "bookingid": 2726
    },
    {
        "bookingid": 4299
    },
    {
        "bookingid": 1725
    },
    {
        "bookingid": 4224
    },
    {
        "bookingid": 3697
    },
    {
        "bookingid": 3346
    },
    {
        "bookingid": 1481
    },
    {
        "bookingid": 3607
    },
    {
        "bookingid": 1901
    },
    {
        "bookingid": 2144
    },
    {
        "bookingid": 662
    },
    {
        "bookingid": 2534
    },
    {
        "bookingid": 3528
    },
    {
        "bookingid": 4915
    },
    {
        "bookingid": 2169
    },
    {
        "bookingid": 2160
    },
    {
        "bookingid": 643
    },
    {
        "bookingid": 2881
    },
    {
        "bookingid": 4583
    },
    {
        "bookingid": 3494
    },
    {
        "bookingid": 1163
    },
    {
        "bookingid": 4323
    },
    {
        "bookingid": 4469
    },
    {
        "bookingid": 2519
    },
    {
        "bookingid": 3434
    },
    {
        "bookingid": 2431
    },
    {
        "bookingid": 4923
    },
    {
        "bookingid": 4249
    },
    {
        "bookingid": 2182
    },
    {
        "bookingid": 1908
    },
    {
        "bookingid": 2665
    },
    {
        "bookingid": 1664
    },
    {
        "bookingid": 4039
    },
    {
        "bookingid": 776
    },
    {
        "bookingid": 2608
    },
    {
        "bookingid": 3266
    },
    {
        "bookingid": 4384
    },
    {
        "bookingid": 1145
    },
    {
        "bookingid": 4538
    },
    {
        "bookingid": 2863
    },
    {
        "bookingid": 3622
    },
    {
        "bookingid": 1123
    },
    {
        "bookingid": 5484
    },
    {
        "bookingid": 4436
    },
    {
        "bookingid": 1679
    },
    {
        "bookingid": 1045
    },
    {
        "bookingid": 5429
    },
    {
        "bookingid": 4783
    },
    {
        "bookingid": 4718
    },
    {
        "bookingid": 849
    },
    {
        "bookingid": 3706
    },
    {
        "bookingid": 1544
    },
    {
        "bookingid": 1579
    },
    {
        "bookingid": 2806
    },
    {
        "bookingid": 681
    },
    {
        "bookingid": 2646
    },
    {
        "bookingid": 2697
    },
    {
        "bookingid": 3766
    },
    {
        "bookingid": 743
    },
    {
        "bookingid": 5126
    },
    {
        "bookingid": 5406
    },
    {
        "bookingid": 3618
    },
    {
        "bookingid": 521
    },
    {
        "bookingid": 1593
    },
    {
        "bookingid": 4559
    },
    {
        "bookingid": 4062
    },
    {
        "bookingid": 360
    },
    {
        "bookingid": 111
    },
    {
        "bookingid": 4801
    },
    {
        "bookingid": 5434
    },
    {
        "bookingid": 746
    },
    {
        "bookingid": 1236
    },
    {
        "bookingid": 3033
    },
    {
        "bookingid": 2265
    },
    {
        "bookingid": 1433
    },
    {
        "bookingid": 2698
    },
    {
        "bookingid": 2260
    },
    {
        "bookingid": 1645
    },
    {
        "bookingid": 3801
    },
    {
        "bookingid": 365
    },
    {
        "bookingid": 37
    },
    {
        "bookingid": 879
    },
    {
        "bookingid": 1224
    },
    {
        "bookingid": 1199
    },
    {
        "bookingid": 3210
    },
    {
        "bookingid": 3870
    },
    {
        "bookingid": 4277
    },
    {
        "bookingid": 1333
    },
    {
        "bookingid": 2335
    },
    {
        "bookingid": 5187
    },
    {
        "bookingid": 4123
    },
    {
        "bookingid": 4685
    },
    {
        "bookingid": 4219
    },
    {
        "bookingid": 2322
    },
    {
        "bookingid": 1861
    },
    {
        "bookingid": 4342
    },
    {
        "bookingid": 2505
    },
    {
        "bookingid": 2186
    },
    {
        "bookingid": 3428
    },
    {
        "bookingid": 522
    },
    {
        "bookingid": 3334
    },
    {
        "bookingid": 3720
    },
    {
        "bookingid": 336
    },
    {
        "bookingid": 4295
    },
    {
        "bookingid": 2804
    },
    {
        "bookingid": 1880
    }
]
Request URI:	https://restful-booker.herokuapp.com/booking?is-active=true
Body:			<none>
[
    {
        "bookingid": 485
    },
    {
        "bookingid": 4498
    },
    {
        "bookingid": 2106
    },
    {
        "bookingid": 1696
    },
    {
        "bookingid": 3422
    },
    {
        "bookingid": 3335
    },
    {
        "bookingid": 1490
    },
    {
        "bookingid": 713
    },
    {
        "bookingid": 1374
    },
    {
        "bookingid": 2757
    },
    {
        "bookingid": 4484
    },
    {
        "bookingid": 1714
    },
    {
        "bookingid": 1475
    },
    {
        "bookingid": 1799
    },
    {
        "bookingid": 4474
    },
    {
        "bookingid": 1459
    },
    {
        "bookingid": 5
    },
    {
        "bookingid": 4080
    },
    {
        "bookingid": 3810
    },
    {
        "bookingid": 3380
    },
    {
        "bookingid": 1712
    },
    {
        "bookingid": 3393
    },
    {
        "bookingid": 4908
    },
    {
        "bookingid": 3372
    },
    {
        "bookingid": 995
    },
    {
        "bookingid": 783
    },
    {
        "bookingid": 605
    },
    {
        "bookingid": 1389
    },
    {
        "bookingid": 40
    },
    {
        "bookingid": 1494
    },
    {
        "bookingid": 3445
    },
    {
        "bookingid": 4707
    },
    {
        "bookingid": 1819
    },
    {
        "bookingid": 1151
    },
    {
        "bookingid": 2602
    },
    {
        "bookingid": 1457
    },
    {
        "bookingid": 3351
    },
    {
        "bookingid": 297
    },
    {
        "bookingid": 4740
    },
    {
        "bookingid": 1788
    },
    {
        "bookingid": 920
    },
    {
        "bookingid": 2158
    },
    {
        "bookingid": 4284
    },
    {
        "bookingid": 4910
    },
    {
        "bookingid": 1419
    },
    {
        "bookingid": 4432
    },
    {
        "bookingid": 2351
    },
    {
        "bookingid": 584
    },
    {
        "bookingid": 1656
    },
    {
        "bookingid": 480
    },
    {
        "bookingid": 4795
    },
    {
        "bookingid": 5358
    },
    {
        "bookingid": 2621
    },
    {
        "bookingid": 222
    },
    {
        "bookingid": 4035
    },
    {
        "bookingid": 497
    },
    {
        "bookingid": 5284
    },
    {
        "bookingid": 5006
    },
    {
        "bookingid": 3386
    },
    {
        "bookingid": 209
    },
    {
        "bookingid": 1139
    },
    {
        "bookingid": 5047
    },
    {
        "bookingid": 3970
    },
    {
        "bookingid": 5143
    },
    {
        "bookingid": 2549
    },
    {
        "bookingid": 3733
    },
    {
        "bookingid": 139
    },
    {
        "bookingid": 2463
    },
    {
        "bookingid": 983
    },
    {
        "bookingid": 678
    },
    {
        "bookingid": 2252
    },
    {
        "bookingid": 1263
    },
    {
        "bookingid": 2921
    },
    {
        "bookingid": 4360
    },
    {
        "bookingid": 445
    },
    {
        "bookingid": 2603
    },
    {
        "bookingid": 3382
    },
    {
        "bookingid": 1126
    },
    {
        "bookingid": 1311
    },
    {
        "bookingid": 2767
    },
    {
        "bookingid": 1252
    },
    {
        "bookingid": 1319
    },
    {
        "bookingid": 5289
    },
    {
        "bookingid": 198
    },
    {
        "bookingid": 291
    },
    {
        "bookingid": 5478
    },
    {
        "bookingid": 5243
    },
    {
        "bookingid": 3032
    },
    {
        "bookingid": 2842
    },
    {
        "bookingid": 3158
    },
    {
        "bookingid": 3805
    },
    {
        "bookingid": 4612
    },
    {
        "bookingid": 3544
    },
    {
        "bookingid": 177
    },
    {
        "bookingid": 67
    },
    {
        "bookingid": 1802
    },
    {
        "bookingid": 2381
    },
    {
        "bookingid": 105
    },
    {
        "bookingid": 2852
    },
    {
        "bookingid": 5105
    },
    {
        "bookingid": 2308
    },
    {
        "bookingid": 5214
    },
    {
        "bookingid": 1677
    },
    {
        "bookingid": 3729
    },
    {
        "bookingid": 3485
    },
    {
        "bookingid": 4019
    },
    {
        "bookingid": 3155
    },
    {
        "bookingid": 4174
    },
    {
        "bookingid": 2286
    },
    {
        "bookingid": 5029
    },
    {
        "bookingid": 1717
    },
    {
        "bookingid": 2728
    },
    {
        "bookingid": 5485
    },
    {
        "bookingid": 2016
    },
    {
        "bookingid": 4172
    },
    {
        "bookingid": 1905
    },
    {
        "bookingid": 3302
    },
    {
        "bookingid": 503
    },
    {
        "bookingid": 2890
    },
    {
        "bookingid": 3882
    },
    {
        "bookingid": 2468
    },
    {
        "bookingid": 2163
    },
    {
        "bookingid": 1009
    },
    {
        "bookingid": 3643
    },
    {
        "bookingid": 2790
    },
    {
        "bookingid": 3534
    },
    {
        "bookingid": 1899
    },
    {
        "bookingid": 2561
    },
    {
        "bookingid": 2689
    },
    {
        "bookingid": 581
    },
    {
        "bookingid": 4303
    },
    {
        "bookingid": 4512
    },
    {
        "bookingid": 3649
    },
    {
        "bookingid": 5135
    },
    {
        "bookingid": 873
    },
    {
        "bookingid": 1776
    },
    {
        "bookingid": 4670
    },
    {
        "bookingid": 610
    },
    {
        "bookingid": 1429
    },
    {
        "bookingid": 2801
    },
    {
        "bookingid": 2146
    },
    {
        "bookingid": 5213
    },
    {
        "bookingid": 190
    },
    {
        "bookingid": 2247
    },
    {
        "bookingid": 4374
    },
    {
        "bookingid": 504
    },
    {
        "bookingid": 4064
    },
    {
        "bookingid": 4524
    },
    {
        "bookingid": 3606
    },
    {
        "bookingid": 1424
    },
    {
        "bookingid": 147
    },
    {
        "bookingid": 4893
    },
    {
        "bookingid": 366
    },
    {
        "bookingid": 4566
    },
    {
        "bookingid": 3868
    },
    {
        "bookingid": 782
    },
    {
        "bookingid": 4395
    },
    {
        "bookingid": 1185
    },
    {
        "bookingid": 5022
    },
    {
        "bookingid": 1394
    },
    {
        "bookingid": 1545
    },
    {
        "bookingid": 2527
    },
    {
        "bookingid": 3149
    },
    {
        "bookingid": 1217
    },
    {
        "bookingid": 1313
    },
    {
        "bookingid": 5287
    },
    {
        "bookingid": 187
    },
    {
        "bookingid": 942
    },
    {
        "bookingid": 1204
    },
    {
        "bookingid": 2011
    },
    {
        "bookingid": 4527
    },
    {
        "bookingid": 5002
    },
    {
        "bookingid": 104
    },
    {
        "bookingid": 4448
    },
    {
        "bookingid": 1258
    },
    {
        "bookingid": 4195
    },
    {
        "bookingid": 4734
    },
    {
        "bookingid": 4322
    },
    {
        "bookingid": 3613
    },
    {
        "bookingid": 3765
    },
    {
        "bookingid": 1261
    },
    {
        "bookingid": 3863
    },
    {
        "bookingid": 3281
    },
    {
        "bookingid": 3803
    },
    {
        "bookingid": 2709
    },
    {
        "bookingid": 4653
    },
    {
        "bookingid": 4368
    },
    {
        "bookingid": 5238
    },
    {
        "bookingid": 5109
    },
    {
        "bookingid": 4648
    },
    {
        "bookingid": 3209
    },
    {
        "bookingid": 2457
    },
    {
        "bookingid": 411
    },
    {
        "bookingid": 1935
    },
    {
        "bookingid": 1307
    },
    {
        "bookingid": 278
    },
    {
        "bookingid": 1956
    },
    {
        "bookingid": 92
    },
    {
        "bookingid": 2539
    },
    {
        "bookingid": 5475
    },
    {
        "bookingid": 2167
    },
    {
        "bookingid": 3462
    },
    {
        "bookingid": 3492
    },
    {
        "bookingid": 1848
    },
    {
        "bookingid": 4293
    },
    {
        "bookingid": 897
    },
    {
        "bookingid": 3365
    },
    {
        "bookingid": 709
    },
    {
        "bookingid": 4746
    },
    {
        "bookingid": 699
    },
    {
        "bookingid": 95
    },
    {
        "bookingid": 5172
    },
    {
        "bookingid": 3640
    },
    {
        "bookingid": 3261
    },
    {
        "bookingid": 1304
    },
    {
        "bookingid": 3735
    },
    {
        "bookingid": 196
    },
    {
        "bookingid": 3128
    },
    {
        "bookingid": 132
    },
    {
        "bookingid": 3504
    },
    {
        "bookingid": 185
    },
    {
        "bookingid": 937
    },
    {
        "bookingid": 1951
    },
    {
        "bookingid": 603
    },
    {
        "bookingid": 4666
    },
    {
        "bookingid": 4227
    },
    {
        "bookingid": 3176
    },
    {
        "bookingid": 517
    },
    {
        "bookingid": 2711
    },
    {
        "bookingid": 2642
    },
    {
        "bookingid": 3170
    },
    {
        "bookingid": 3250
    },
    {
        "bookingid": 2888
    },
    {
        "bookingid": 1318
    },
    {
        "bookingid": 2796
    },
    {
        "bookingid": 1212
    },
    {
        "bookingid": 4833
    },
    {
        "bookingid": 5321
    },
    {
        "bookingid": 4091
    },
    {
        "bookingid": 1434
    },
    {
        "bookingid": 1867
    },
    {
        "bookingid": 3922
    },
    {
        "bookingid": 2793
    },
    {
        "bookingid": 1970
    },
    {
        "bookingid": 2883
    },
    {
        "bookingid": 1968
    },
    {
        "bookingid": 814
    },
    {
        "bookingid": 3681
    },
    {
        "bookingid": 1760
    },
    {
        "bookingid": 112
    },
    {
        "bookingid": 4964
    },
    {
        "bookingid": 315
    },
    {
        "bookingid": 4571
    },
    {
        "bookingid": 3873
    },
    {
        "bookingid": 5212
    },
    {
        "bookingid": 2090
    },
    {
        "bookingid": 493
    },
    {
        "bookingid": 5391
    },
    {
        "bookingid": 2370
    },
    {
        "bookingid": 3195
    },
    {
        "bookingid": 3768
    },
    {
        "bookingid": 3153
    },
    {
        "bookingid": 5200
    },
    {
        "bookingid": 1130
    },
    {
        "bookingid": 3223
    },
    {
        "bookingid": 1023
    },
    {
        "bookingid": 2744
    },
    {
        "bookingid": 4521
    },
    {
        "bookingid": 24
    },
    {
        "bookingid": 2312
    },
    {
        "bookingid": 5453
    },
    {
        "bookingid": 1474
    },
    {
        "bookingid": 1237
    },
    {
        "bookingid": 3327
    },
    {
        "bookingid": 1771
    },
    {
        "bookingid": 2742
    },
    {
        "bookingid": 1616
    },
    {
        "bookingid": 702
    },
    {
        "bookingid": 1093
    },
    {
        "bookingid": 3843
    },
    {
        "bookingid": 2317
    },
    {
        "bookingid": 1112
    },
    {
        "bookingid": 1109
    },
    {
        "bookingid": 1839
    },
    {
        "bookingid": 4129
    },
    {
        "bookingid": 3902
    },
    {
        "bookingid": 5154
    },
    {
        "bookingid": 3267
    },
    {
        "bookingid": 3981
    },
    {
        "bookingid": 903
    },
    {
        "bookingid": 4345
    },
    {
        "bookingid": 704
    },
    {
        "bookingid": 1132
    },
    {
        "bookingid": 5500
    },
    {
        "bookingid": 387
    },
    {
        "bookingid": 4060
    },
    {
        "bookingid": 1889
    },
    {
        "bookingid": 5353
    },
    {
        "bookingid": 1409
    },
    {
        "bookingid": 4385
    },
    {
        "bookingid": 2869
    },
    {
        "bookingid": 1428
    },
    {
        "bookingid": 4832
    },
    {
        "bookingid": 1177
    },
    {
        "bookingid": 421
    },
    {
        "bookingid": 650
    },
    {
        "bookingid": 5159
    },
    {
        "bookingid": 5226
    },
    {
        "bookingid": 63
    },
    {
        "bookingid": 3892
    },
    {
        "bookingid": 1506
    },
    {
        "bookingid": 1978
    },
    {
        "bookingid": 19
    },
    {
        "bookingid": 2836
    },
    {
        "bookingid": 1411
    },
    {
        "bookingid": 191
    },
    {
        "bookingid": 1930
    },
    {
        "bookingid": 3961
    },
    {
        "bookingid": 1759
    },
    {
        "bookingid": 168
    },
    {
        "bookingid": 3027
    },
    {
        "bookingid": 108
    },
    {
        "bookingid": 2198
    },
    {
        "bookingid": 3745
    },
    {
        "bookingid": 7
    },
    {
        "bookingid": 697
    },
    {
        "bookingid": 148
    },
    {
        "bookingid": 2626
    },
    {
        "bookingid": 4167
    },
    {
        "bookingid": 2482
    },
    {
        "bookingid": 2902
    },
    {
        "bookingid": 2882
    },
    {
        "bookingid": 488
    },
    {
        "bookingid": 815
    },
    {
        "bookingid": 5151
    },
    {
        "bookingid": 2137
    },
    {
        "bookingid": 4209
    },
    {
        "bookingid": 4271
    },
    {
        "bookingid": 3119
    },
    {
        "bookingid": 393
    },
    {
        "bookingid": 1927
    },
    {
        "bookingid": 5462
    },
    {
        "bookingid": 1779
    },
    {
        "bookingid": 453
    },
    {
        "bookingid": 1169
    },
    {
        "bookingid": 4775
    },
    {
        "bookingid": 2775
    },
    {
        "bookingid": 789
    },
    {
        "bookingid": 751
    },
    {
        "bookingid": 5415
    },
    {
        "bookingid": 2522
    },
    {
        "bookingid": 4352
    },
    {
        "bookingid": 3676
    },
    {
        "bookingid": 950
    },
    {
        "bookingid": 3199
    },
    {
        "bookingid": 2217
    },
    {
        "bookingid": 4158
    },
    {
        "bookingid": 2951
    },
    {
        "bookingid": 4320
    },
    {
        "bookingid": 2994
    },
    {
        "bookingid": 3097
    },
    {
        "bookingid": 4085
    },
    {
        "bookingid": 1270
    },
    {
        "bookingid": 2797
    },
    {
        "bookingid": 1573
    },
    {
        "bookingid": 5042
    },
    {
        "bookingid": 401
    },
    {
        "bookingid": 1780
    },
    {
        "bookingid": 3040
    },
    {
        "bookingid": 4375
    },
    {
        "bookingid": 4304
    },
    {
        "bookingid": 5297
    },
    {
        "bookingid": 679
    },
    {
        "bookingid": 4402
    },
    {
        "bookingid": 3284
    },
    {
        "bookingid": 289
    },
    {
        "bookingid": 4731
    },
    {
        "bookingid": 52
    },
    {
        "bookingid": 2306
    },
    {
        "bookingid": 2203
    },
    {
        "bookingid": 4829
    },
    {
        "bookingid": 5091
    },
    {
        "bookingid": 5193
    },
    {
        "bookingid": 3595
    },
    {
        "bookingid": 4763
    },
    {
        "bookingid": 489
    },
    {
        "bookingid": 4228
    },
    {
        "bookingid": 4714
    },
    {
        "bookingid": 1437
    },
    {
        "bookingid": 5299
    },
    {
        "bookingid": 1436
    },
    {
        "bookingid": 4139
    },
    {
        "bookingid": 3114
    },
    {
        "bookingid": 4998
    },
    {
        "bookingid": 4860
    },
    {
        "bookingid": 4682
    },
    {
        "bookingid": 5333
    },
    {
        "bookingid": 4133
    },
    {
        "bookingid": 2080
    },
    {
        "bookingid": 4401
    },
    {
        "bookingid": 3500
    },
    {
        "bookingid": 2246
    },
    {
        "bookingid": 4945
    },
    {
        "bookingid": 1857
    },
    {
        "bookingid": 2557
    },
    {
        "bookingid": 5040
    },
    {
        "bookingid": 3401
    },
    {
        "bookingid": 916
    },
    {
        "bookingid": 1478
    },
    {
        "bookingid": 3493
    },
    {
        "bookingid": 4678
    },
    {
        "bookingid": 1792
    },
    {
        "bookingid": 5330
    },
    {
        "bookingid": 4097
    },
    {
        "bookingid": 2776
    },
    {
        "bookingid": 3781
    },
    {
        "bookingid": 2925
    },
    {
        "bookingid": 3790
    },
    {
        "bookingid": 1845
    },
    {
        "bookingid": 5413
    },
    {
        "bookingid": 3778
    },
    {
        "bookingid": 5275
    },
    {
        "bookingid": 1644
    },
    {
        "bookingid": 1025
    },
    {
        "bookingid": 1723
    },
    {
        "bookingid": 726
    },
    {
        "bookingid": 4886
    },
    {
        "bookingid": 2445
    },
    {
        "bookingid": 3700
    },
    {
        "bookingid": 1495
    },
    {
        "bookingid": 3043
    },
    {
        "bookingid": 715
    },
    {
        "bookingid": 3679
    },
    {
        "bookingid": 4144
    },
    {
        "bookingid": 1530
    },
    {
        "bookingid": 5142
    },
    {
        "bookingid": 2904
    },
    {
        "bookingid": 1670
    },
    {
        "bookingid": 3597
    },
    {
        "bookingid": 4422
    },
    {
        "bookingid": 2655
    },
    {
        "bookingid": 1650
    },
    {
        "bookingid": 2047
    },
    {
        "bookingid": 750
    },
    {
        "bookingid": 2371
    },
    {
        "bookingid": 2732
    },
    {
        "bookingid": 4572
    },
    {
        "bookingid": 2955
    },
    {
        "bookingid": 4286
    },
    {
        "bookingid": 578
    },
    {
        "bookingid": 835
    },
    {
        "bookingid": 955
    },
    {
        "bookingid": 866
    },
    {
        "bookingid": 1385
    },
    {
        "bookingid": 367
    },
    {
        "bookingid": 4371
    },
    {
        "bookingid": 4482
    },
    {
        "bookingid": 757
    },
    {
        "bookingid": 5494
    },
    {
        "bookingid": 2478
    },
    {
        "bookingid": 1368
    },
    {
        "bookingid": 352
    },
    {
        "bookingid": 240
    },
    {
        "bookingid": 5013
    },
    {
        "bookingid": 638
    },
    {
        "bookingid": 3648
    },
    {
        "bookingid": 2860
    },
    {
        "bookingid": 1812
    },
    {
        "bookingid": 4581
    },
    {
        "bookingid": 3197
    },
    {
        "bookingid": 2458
    },
    {
        "bookingid": 4634
    },
    {
        "bookingid": 886
    },
    {
        "bookingid": 3826
    },
    {
        "bookingid": 1773
    },
    {
        "bookingid": 5277
    },
    {
        "bookingid": 3253
    },
    {
        "bookingid": 1902
    },
    {
        "bookingid": 4146
    },
    {
        "bookingid": 1054
    },
    {
        "bookingid": 840
    },
    {
        "bookingid": 1331
    },
    {
        "bookingid": 4217
    },
    {
        "bookingid": 5400
    },
    {
        "bookingid": 3081
    },
    {
        "bookingid": 2165
    },
    {
        "bookingid": 2480
    },
    {
        "bookingid": 2109
    },
    {
        "bookingid": 1662
    },
    {
        "bookingid": 2196
    },
    {
        "bookingid": 2280
    },
    {
        "bookingid": 1829
    },
    {
        "bookingid": 120
    },
    {
        "bookingid": 3403
    },
    {
        "bookingid": 2639
    },
    {
        "bookingid": 1906
    },
    {
        "bookingid": 5392
    },
    {
        "bookingid": 4732
    },
    {
        "bookingid": 3832
    },
    {
        "bookingid": 3404
    },
    {
        "bookingid": 2329
    },
    {
        "bookingid": 1121
    },
    {
        "bookingid": 2506
    },
    {
        "bookingid": 3794
    },
    {
        "bookingid": 807
    },
    {
        "bookingid": 3089
    },
    {
        "bookingid": 4614
    },
    {
        "bookingid": 4437
    },
    {
        "bookingid": 1920
    },
    {
        "bookingid": 1632
    },
    {
        "bookingid": 3533
    },
    {
        "bookingid": 14
    },
    {
        "bookingid": 774
    },
    {
        "bookingid": 4996
    },
    {
        "bookingid": 1189
    },
    {
        "bookingid": 2619
    },
    {
        "bookingid": 2083
    },
    {
        "bookingid": 2092
    },
    {
        "bookingid": 4421
    },
    {
        "bookingid": 3467
    },
    {
        "bookingid": 5025
    },
    {
        "bookingid": 2538
    },
    {
        "bookingid": 659
    },
    {
        "bookingid": 2218
    },
    {
        "bookingid": 4675
    },
    {
        "bookingid": 3566
    },
    {
        "bookingid": 3565
    },
    {
        "bookingid": 4810
    },
    {
        "bookingid": 2328
    },
    {
        "bookingid": 17
    },
    {
        "bookingid": 4606
    },
    {
        "bookingid": 5425
    },
    {
        "bookingid": 2791
    },
    {
        "bookingid": 3749
    },
    {
        "bookingid": 3906
    },
    {
        "bookingid": 754
    },
    {
        "bookingid": 3118
    },
    {
        "bookingid": 2485
    },
    {
        "bookingid": 4661
    },
    {
        "bookingid": 705
    },
    {
        "bookingid": 4820
    },
    {
        "bookingid": 1406
    },
    {
        "bookingid": 5294
    },
    {
        "bookingid": 3840
    },
    {
        "bookingid": 1142
    },
    {
        "bookingid": 2243
    },
    {
        "bookingid": 767
    },
    {
        "bookingid": 189
    },
    {
        "bookingid": 5372
    },
    {
        "bookingid": 4283
    },
    {
        "bookingid": 2969
    },
    {
        "bookingid": 5504
    },
    {
        "bookingid": 1466
    },
    {
        "bookingid": 2488
    },
    {
        "bookingid": 951
    },
    {
        "bookingid": 1783
    },
    {
        "bookingid": 2679
    },
    {
        "bookingid": 1610
    },
    {
        "bookingid": 4920
    },
    {
        "bookingid": 1500
    },
    {
        "bookingid": 4300
    },
    {
        "bookingid": 310
    },
    {
        "bookingid": 5292
    },
    {
        "bookingid": 4690
    },
    {
        "bookingid": 2872
    },
    {
        "bookingid": 5505
    },
    {
        "bookingid": 5432
    },
    {
        "bookingid": 307
    },
    {
        "bookingid": 4615
    },
    {
        "bookingid": 1219
    },
    {
        "bookingid": 3804
    },
    {
        "bookingid": 1949
    },
    {
        "bookingid": 2674
    },
    {
        "bookingid": 1038
    },
    {
        "bookingid": 3311
    },
    {
        "bookingid": 5360
    },
    {
        "bookingid": 2043
    },
    {
        "bookingid": 5257
    },
    {
        "bookingid": 5008
    },
    {
        "bookingid": 3943
    },
    {
        "bookingid": 5147
    },
    {
        "bookingid": 1953
    },
    {
        "bookingid": 2209
    },
    {
        "bookingid": 2112
    },
    {
        "bookingid": 3052
    },
    {
        "bookingid": 4631
    },
    {
        "bookingid": 519
    },
    {
        "bookingid": 830
    },
    {
        "bookingid": 2558
    },
    {
        "bookingid": 3844
    },
    {
        "bookingid": 1642
    },
    {
        "bookingid": 2405
    },
    {
        "bookingid": 910
    },
    {
        "bookingid": 982
    },
    {
        "bookingid": 3521
    },
    {
        "bookingid": 3944
    },
    {
        "bookingid": 4236
    },
    {
        "bookingid": 609
    },
    {
        "bookingid": 1004
    },
    {
        "bookingid": 4878
    },
    {
        "bookingid": 4891
    },
    {
        "bookingid": 5332
    },
    {
        "bookingid": 2232
    },
    {
        "bookingid": 4179
    },
    {
        "bookingid": 4809
    },
    {
        "bookingid": 441
    },
    {
        "bookingid": 91
    },
    {
        "bookingid": 2410
    },
    {
        "bookingid": 1480
    },
    {
        "bookingid": 1678
    },
    {
        "bookingid": 2851
    },
    {
        "bookingid": 4600
    },
    {
        "bookingid": 4318
    },
    {
        "bookingid": 1919
    },
    {
        "bookingid": 2451
    },
    {
        "bookingid": 427
    },
    {
        "bookingid": 4265
    },
    {
        "bookingid": 4969
    },
    {
        "bookingid": 544
    },
    {
        "bookingid": 1187
    },
    {
        "bookingid": 1365
    },
    {
        "bookingid": 5114
    },
    {
        "bookingid": 4399
    },
    {
        "bookingid": 880
    },
    {
        "bookingid": 184
    },
    {
        "bookingid": 4664
    },
    {
        "bookingid": 2896
    },
    {
        "bookingid": 4009
    },
    {
        "bookingid": 4602
    },
    {
        "bookingid": 3229
    },
    {
        "bookingid": 3469
    },
    {
        "bookingid": 1686
    },
    {
        "bookingid": 5224
    },
    {
        "bookingid": 3950
    },
    {
        "bookingid": 4335
    },
    {
        "bookingid": 3536
    },
    {
        "bookingid": 331
    },
    {
        "bookingid": 423
    },
    {
        "bookingid": 76
    },
    {
        "bookingid": 1503
    },
    {
        "bookingid": 2967
    },
    {
        "bookingid": 2486
    },
    {
        "bookingid": 1595
    },
    {
        "bookingid": 4885
    },
    {
        "bookingid": 1280
    },
    {
        "bookingid": 4515
    },
    {
        "bookingid": 4688
    },
    {
        "bookingid": 3439
    },
    {
        "bookingid": 3495
    },
    {
        "bookingid": 3096
    },
    {
        "bookingid": 3264
    },
    {
        "bookingid": 2035
    },
    {
        "bookingid": 4370
    },
    {
        "bookingid": 5071
    },
    {
        "bookingid": 2057
    },
    {
        "bookingid": 1118
    },
    {
        "bookingid": 4717
    },
    {
        "bookingid": 1913
    },
    {
        "bookingid": 2523
    },
    {
        "bookingid": 3851
    },
    {
        "bookingid": 3415
    },
    {
        "bookingid": 2025
    },
    {
        "bookingid": 3580
    },
    {
        "bookingid": 3038
    },
    {
        "bookingid": 36
    },
    {
        "bookingid": 2900
    },
    {
        "bookingid": 339
    },
    {
        "bookingid": 2667
    },
    {
        "bookingid": 1202
    },
    {
        "bookingid": 2250
    },
    {
        "bookingid": 4247
    },
    {
        "bookingid": 3009
    },
    {
        "bookingid": 1699
    },
    {
        "bookingid": 5502
    },
    {
        "bookingid": 2337
    },
    {
        "bookingid": 1853
    },
    {
        "bookingid": 1954
    },
    {
        "bookingid": 2692
    },
    {
        "bookingid": 4171
    },
    {
        "bookingid": 1826
    },
    {
        "bookingid": 3664
    },
    {
        "bookingid": 4903
    },
    {
        "bookingid": 4704
    },
    {
        "bookingid": 2963
    },
    {
        "bookingid": 3780
    },
    {
        "bookingid": 4002
    },
    {
        "bookingid": 10
    },
    {
        "bookingid": 449
    },
    {
        "bookingid": 5460
    },
    {
        "bookingid": 2344
    },
    {
        "bookingid": 577
    },
    {
        "bookingid": 1790
    },
    {
        "bookingid": 129
    },
    {
        "bookingid": 3546
    },
    {
        "bookingid": 4793
    },
    {
        "bookingid": 2972
    },
    {
        "bookingid": 1513
    },
    {
        "bookingid": 3898
    },
    {
        "bookingid": 3815
    },
    {
        "bookingid": 2550
    },
    {
        "bookingid": 2494
    },
    {
        "bookingid": 3910
    },
    {
        "bookingid": 3392
    },
    {
        "bookingid": 1015
    },
    {
        "bookingid": 4379
    },
    {
        "bookingid": 2918
    },
    {
        "bookingid": 4258
    },
    {
        "bookingid": 1674
    },
    {
        "bookingid": 2547
    },
    {
        "bookingid": 3511
    },
    {
        "bookingid": 2292
    },
    {
        "bookingid": 3067
    },
    {
        "bookingid": 397
    },
    {
        "bookingid": 3522
    },
    {
        "bookingid": 1986
    },
    {
        "bookingid": 4973
    },
    {
        "bookingid": 4591
    },
    {
        "bookingid": 1294
    },
    {
        "bookingid": 4713
    },
    {
        "bookingid": 3519
    },
    {
        "bookingid": 1734
    },
    {
        "bookingid": 2848
    },
    {
        "bookingid": 1958
    },
    {
        "bookingid": 4204
    },
    {
        "bookingid": 47
    },
    {
        "bookingid": 3068
    },
    {
        "bookingid": 2513
    },
    {
        "bookingid": 4966
    },
    {
        "bookingid": 1225
    },
    {
        "bookingid": 1884
    },
    {
        "bookingid": 3275
    },
    {
        "bookingid": 3687
    },
    {
        "bookingid": 4435
    },
    {
        "bookingid": 3214
    },
    {
        "bookingid": 2500
    },
    {
        "bookingid": 4084
    },
    {
        "bookingid": 1917
    },
    {
        "bookingid": 3044
    },
    {
        "bookingid": 3256
    },
    {
        "bookingid": 431
    },
    {
        "bookingid": 2036
    },
    {
        "bookingid": 1985
    },
    {
        "bookingid": 5116
    },
    {
        "bookingid": 3473
    },
    {
        "bookingid": 1376
    },
    {
        "bookingid": 2442
    },
    {
        "bookingid": 2140
    },
    {
        "bookingid": 1600
    },
    {
        "bookingid": 414
    },
    {
        "bookingid": 4736
    },
    {
        "bookingid": 5493
    },
    {
        "bookingid": 2224
    },
    {
        "bookingid": 685
    },
    {
        "bookingid": 5286
    },
    {
        "bookingid": 2283
    },
    {
        "bookingid": 658
    },
    {
        "bookingid": 5073
    },
    {
        "bookingid": 1108
    },
    {
        "bookingid": 2630
    },
    {
        "bookingid": 3712
    },
    {
        "bookingid": 1596
    },
    {
        "bookingid": 1286
    },
    {
        "bookingid": 4918
    },
    {
        "bookingid": 777
    },
    {
        "bookingid": 4071
    },
    {
        "bookingid": 2880
    },
    {
        "bookingid": 862
    },
    {
        "bookingid": 3340
    },
    {
        "bookingid": 2362
    },
    {
        "bookingid": 2301
    },
    {
        "bookingid": 2384
    },
    {
        "bookingid": 3226
    },
    {
        "bookingid": 3896
    },
    {
        "bookingid": 4267
    },
    {
        "bookingid": 1504
    },
    {
        "bookingid": 587
    },
    {
        "bookingid": 756
    },
    {
        "bookingid": 242
    },
    {
        "bookingid": 5122
    },
    {
        "bookingid": 2349
    },
    {
        "bookingid": 1510
    },
    {
        "bookingid": 440
    },
    {
        "bookingid": 2122
    },
    {
        "bookingid": 3064
    },
    {
        "bookingid": 2184
    },
    {
        "bookingid": 1438
    },
    {
        "bookingid": 3818
    },
    {
        "bookingid": 5048
    },
    {
        "bookingid": 4841
    },
    {
        "bookingid": 1959
    },
    {
        "bookingid": 4245
    },
    {
        "bookingid": 734
    },
    {
        "bookingid": 744
    },
    {
        "bookingid": 4671
    },
    {
        "bookingid": 1578
    },
    {
        "bookingid": 3296
    },
    {
        "bookingid": 3813
    },
    {
        "bookingid": 2568
    },
    {
        "bookingid": 3824
    },
    {
        "bookingid": 2129
    },
    {
        "bookingid": 3730
    },
    {
        "bookingid": 256
    },
    {
        "bookingid": 3254
    },
    {
        "bookingid": 2659
    },
    {
        "bookingid": 64
    },
    {
        "bookingid": 3338
    },
    {
        "bookingid": 3025
    },
    {
        "bookingid": 2954
    },
    {
        "bookingid": 1887
    },
    {
        "bookingid": 4686
    },
    {
        "bookingid": 5268
    },
    {
        "bookingid": 1402
    },
    {
        "bookingid": 4493
    },
    {
        "bookingid": 1749
    },
    {
        "bookingid": 5501
    },
    {
        "bookingid": 3535
    },
    {
        "bookingid": 5041
    },
    {
        "bookingid": 2374
    },
    {
        "bookingid": 1205
    },
    {
        "bookingid": 2544
    },
    {
        "bookingid": 4518
    },
    {
        "bookingid": 5445
    },
    {
        "bookingid": 192
    },
    {
        "bookingid": 3574
    },
    {
        "bookingid": 3326
    },
    {
        "bookingid": 3438
    },
    {
        "bookingid": 3308
    },
    {
        "bookingid": 1707
    },
    {
        "bookingid": 3650
    },
    {
        "bookingid": 4539
    },
    {
        "bookingid": 2583
    },
    {
        "bookingid": 2049
    },
    {
        "bookingid": 2376
    },
    {
        "bookingid": 312
    },
    {
        "bookingid": 1687
    },
    {
        "bookingid": 4165
    },
    {
        "bookingid": 4296
    },
    {
        "bookingid": 2407
    },
    {
        "bookingid": 2227
    },
    {
        "bookingid": 2989
    },
    {
        "bookingid": 3228
    },
    {
        "bookingid": 3938
    },
    {
        "bookingid": 4579
    },
    {
        "bookingid": 5506
    },
    {
        "bookingid": 546
    },
    {
        "bookingid": 896
    },
    {
        "bookingid": 58
    },
    {
        "bookingid": 4443
    },
    {
        "bookingid": 4941
    },
    {
        "bookingid": 5180
    },
    {
        "bookingid": 796
    },
    {
        "bookingid": 3520
    },
    {
        "bookingid": 462
    },
    {
        "bookingid": 265
    },
    {
        "bookingid": 3260
    },
    {
        "bookingid": 1742
    },
    {
        "bookingid": 2530
    },
    {
        "bookingid": 1262
    },
    {
        "bookingid": 1529
    },
    {
        "bookingid": 518
    },
    {
        "bookingid": 2104
    },
    {
        "bookingid": 4160
    },
    {
        "bookingid": 1030
    },
    {
        "bookingid": 1336
    },
    {
        "bookingid": 1414
    },
    {
        "bookingid": 2968
    },
    {
        "bookingid": 2947
    },
    {
        "bookingid": 623
    },
    {
        "bookingid": 5253
    },
    {
        "bookingid": 4667
    },
    {
        "bookingid": 606
    },
    {
        "bookingid": 1159
    },
    {
        "bookingid": 5361
    },
    {
        "bookingid": 2429
    },
    {
        "bookingid": 3699
    },
    {
        "bookingid": 1617
    },
    {
        "bookingid": 212
    },
    {
        "bookingid": 4607
    },
    {
        "bookingid": 3098
    },
    {
        "bookingid": 1751
    },
    {
        "bookingid": 2716
    },
    {
        "bookingid": 4826
    },
    {
        "bookingid": 820
    },
    {
        "bookingid": 3293
    },
    {
        "bookingid": 372
    },
    {
        "bookingid": 3232
    },
    {
        "bookingid": 34
    },
    {
        "bookingid": 4110
    },
    {
        "bookingid": 3890
    },
    {
        "bookingid": 753
    },
    {
        "bookingid": 2432
    },
    {
        "bookingid": 2898
    },
    {
        "bookingid": 214
    },
    {
        "bookingid": 5169
    },
    {
        "bookingid": 3045
    },
    {
        "bookingid": 5495
    },
    {
        "bookingid": 1663
    },
    {
        "bookingid": 3290
    },
    {
        "bookingid": 5382
    },
    {
        "bookingid": 4212
    },
    {
        "bookingid": 2208
    },
    {
        "bookingid": 3564
    },
    {
        "bookingid": 4372
    },
    {
        "bookingid": 533
    },
    {
        "bookingid": 2190
    },
    {
        "bookingid": 1647
    },
    {
        "bookingid": 1654
    },
    {
        "bookingid": 2986
    },
    {
        "bookingid": 2706
    },
    {
        "bookingid": 574
    },
    {
        "bookingid": 2206
    },
    {
        "bookingid": 3705
    },
    {
        "bookingid": 3821
    },
    {
        "bookingid": 1752
    },
    {
        "bookingid": 51
    },
    {
        "bookingid": 563
    },
    {
        "bookingid": 4787
    },
    {
        "bookingid": 1099
    },
    {
        "bookingid": 670
    },
    {
        "bookingid": 5150
    },
    {
        "bookingid": 21
    },
    {
        "bookingid": 2957
    },
    {
        "bookingid": 4120
    },
    {
        "bookingid": 1571
    },
    {
        "bookingid": 3767
    },
    {
        "bookingid": 4439
    },
    {
        "bookingid": 4761
    },
    {
        "bookingid": 48
    },
    {
        "bookingid": 3367
    },
    {
        "bookingid": 905
    },
    {
        "bookingid": 2295
    },
    {
        "bookingid": 1542
    },
    {
        "bookingid": 4733
    },
    {
        "bookingid": 5345
    },
    {
        "bookingid": 3569
    },
    {
        "bookingid": 4117
    },
    {
        "bookingid": 5264
    },
    {
        "bookingid": 2438
    },
    {
        "bookingid": 2285
    },
    {
        "bookingid": 2474
    },
    {
        "bookingid": 608
    },
    {
        "bookingid": 961
    },
    {
        "bookingid": 4470
    },
    {
        "bookingid": 3558
    },
    {
        "bookingid": 4788
    },
    {
        "bookingid": 1789
    },
    {
        "bookingid": 1446
    },
    {
        "bookingid": 4601
    },
    {
        "bookingid": 20
    },
    {
        "bookingid": 5269
    },
    {
        "bookingid": 762
    },
    {
        "bookingid": 3442
    },
    {
        "bookingid": 708
    },
    {
        "bookingid": 1301
    },
    {
        "bookingid": 476
    },
    {
        "bookingid": 2573
    },
    {
        "bookingid": 2616
    },
    {
        "bookingid": 357
    },
    {
        "bookingid": 853
    },
    {
        "bookingid": 4857
    },
    {
        "bookingid": 1174
    },
    {
        "bookingid": 1991
    },
    {
        "bookingid": 1316
    },
    {
        "bookingid": 588
    },
    {
        "bookingid": 964
    },
    {
        "bookingid": 1231
    },
    {
        "bookingid": 4190
    },
    {
        "bookingid": 2702
    },
    {
        "bookingid": 1810
    },
    {
        "bookingid": 4626
    },
    {
        "bookingid": 4242
    },
    {
        "bookingid": 144
    },
    {
        "bookingid": 3217
    },
    {
        "bookingid": 2223
    },
    {
        "bookingid": 18
    },
    {
        "bookingid": 5108
    },
    {
        "bookingid": 1210
    },
    {
        "bookingid": 4724
    },
    {
        "bookingid": 4420
    },
    {
        "bookingid": 5411
    },
    {
        "bookingid": 831
    },
    {
        "bookingid": 508
    },
    {
        "bookingid": 501
    },
    {
        "bookingid": 4499
    },
    {
        "bookingid": 2683
    },
    {
        "bookingid": 3273
    },
    {
        "bookingid": 5343
    },
    {
        "bookingid": 364
    },
    {
        "bookingid": 1969
    },
    {
        "bookingid": 5487
    },
    {
        "bookingid": 1912
    },
    {
        "bookingid": 2352
    },
    {
        "bookingid": 84
    },
    {
        "bookingid": 3590
    },
    {
        "bookingid": 5441
    },
    {
        "bookingid": 2075
    },
    {
        "bookingid": 4367
    },
    {
        "bookingid": 2935
    },
    {
        "bookingid": 4526
    },
    {
        "bookingid": 124
    },
    {
        "bookingid": 4024
    },
    {
        "bookingid": 3413
    },
    {
        "bookingid": 5418
    },
    {
        "bookingid": 3476
    },
    {
        "bookingid": 2517
    },
    {
        "bookingid": 4680
    },
    {
        "bookingid": 5037
    },
    {
        "bookingid": 2565
    },
    {
        "bookingid": 4874
    },
    {
        "bookingid": 1356
    },
    {
        "bookingid": 2251
    },
    {
        "bookingid": 933
    },
    {
        "bookingid": 965
    },
    {
        "bookingid": 2763
    },
    {
        "bookingid": 3945
    },
    {
        "bookingid": 3375
    },
    {
        "bookingid": 319
    },
    {
        "bookingid": 2684
    },
    {
        "bookingid": 845
    },
    {
        "bookingid": 5347
    },
    {
        "bookingid": 2391
    },
    {
        "bookingid": 3102
    },
    {
        "bookingid": 3130
    },
    {
        "bookingid": 3795
    },
    {
        "bookingid": 4610
    },
    {
        "bookingid": 5428
    },
    {
        "bookingid": 268
    },
    {
        "bookingid": 615
    },
    {
        "bookingid": 651
    },
    {
        "bookingid": 1607
    },
    {
        "bookingid": 2162
    },
    {
        "bookingid": 2005
    },
    {
        "bookingid": 4016
    },
    {
        "bookingid": 5348
    },
    {
        "bookingid": 1852
    },
    {
        "bookingid": 353
    },
    {
        "bookingid": 2142
    },
    {
        "bookingid": 1743
    },
    {
        "bookingid": 2300
    },
    {
        "bookingid": 1323
    },
    {
        "bookingid": 3157
    },
    {
        "bookingid": 163
    },
    {
        "bookingid": 2212
    },
    {
        "bookingid": 2464
    },
    {
        "bookingid": 1847
    },
    {
        "bookingid": 2118
    },
    {
        "bookingid": 4895
    },
    {
        "bookingid": 2056
    },
    {
        "bookingid": 1048
    },
    {
        "bookingid": 4428
    },
    {
        "bookingid": 2226
    },
    {
        "bookingid": 4806
    },
    {
        "bookingid": 2034
    },
    {
        "bookingid": 1914
    },
    {
        "bookingid": 4850
    },
    {
        "bookingid": 691
    },
    {
        "bookingid": 761
    },
    {
        "bookingid": 1794
    },
    {
        "bookingid": 2450
    },
    {
        "bookingid": 2520
    },
    {
        "bookingid": 3259
    },
    {
        "bookingid": 27
    },
    {
        "bookingid": 2870
    },
    {
        "bookingid": 4495
    },
    {
        "bookingid": 4543
    },
    {
        "bookingid": 5129
    },
    {
        "bookingid": 3146
    },
    {
        "bookingid": 5446
    },
    {
        "bookingid": 3662
    },
    {
        "bookingid": 3171
    },
    {
        "bookingid": 2148
    },
    {
        "bookingid": 2263
    },
    {
        "bookingid": 5520
    },
    {
        "bookingid": 1648
    },
    {
        "bookingid": 1179
    },
    {
        "bookingid": 2125
    },
    {
        "bookingid": 564
    },
    {
        "bookingid": 4562
    },
    {
        "bookingid": 5158
    },
    {
        "bookingid": 1701
    },
    {
        "bookingid": 1395
    },
    {
        "bookingid": 4933
    },
    {
        "bookingid": 5300
    },
    {
        "bookingid": 2524
    },
    {
        "bookingid": 2640
    },
    {
        "bookingid": 4083
    },
    {
        "bookingid": 4872
    },
    {
        "bookingid": 5155
    },
    {
        "bookingid": 3251
    },
    {
        "bookingid": 391
    },
    {
        "bookingid": 2875
    },
    {
        "bookingid": 3862
    },
    {
        "bookingid": 1079
    },
    {
        "bookingid": 3757
    },
    {
        "bookingid": 2682
    },
    {
        "bookingid": 531
    },
    {
        "bookingid": 3479
    },
    {
        "bookingid": 1965
    },
    {
        "bookingid": 1077
    },
    {
        "bookingid": 4613
    },
    {
        "bookingid": 1485
    },
    {
        "bookingid": 2629
    },
    {
        "bookingid": 1782
    },
    {
        "bookingid": 1213
    },
    {
        "bookingid": 5474
    },
    {
        "bookingid": 2044
    },
    {
        "bookingid": 5514
    },
    {
        "bookingid": 1704
    },
    {
        "bookingid": 231
    },
    {
        "bookingid": 59
    },
    {
        "bookingid": 1668
    },
    {
        "bookingid": 2424
    },
    {
        "bookingid": 2786
    },
    {
        "bookingid": 3689
    },
    {
        "bookingid": 4178
    },
    {
        "bookingid": 4934
    },
    {
        "bookingid": 3246
    },
    {
        "bookingid": 5440
    },
    {
        "bookingid": 3018
    },
    {
        "bookingid": 5472
    },
    {
        "bookingid": 1750
    },
    {
        "bookingid": 2254
    },
    {
        "bookingid": 1896
    },
    {
        "bookingid": 1133
    },
    {
        "bookingid": 4504
    },
    {
        "bookingid": 2587
    },
    {
        "bookingid": 1193
    },
    {
        "bookingid": 438
    },
    {
        "bookingid": 5120
    },
    {
        "bookingid": 3006
    },
    {
        "bookingid": 1816
    },
    {
        "bookingid": 239
    },
    {
        "bookingid": 3526
    },
    {
        "bookingid": 4692
    },
    {
        "bookingid": 5189
    },
    {
        "bookingid": 183
    },
    {
        "bookingid": 1014
    },
    {
        "bookingid": 2681
    },
    {
        "bookingid": 719
    },
    {
        "bookingid": 4944
    },
    {
        "bookingid": 997
    },
    {
        "bookingid": 4156
    },
    {
        "bookingid": 5118
    },
    {
        "bookingid": 1334
    },
    {
        "bookingid": 821
    },
    {
        "bookingid": 4223
    },
    {
        "bookingid": 1043
    },
    {
        "bookingid": 550
    },
    {
        "bookingid": 474
    },
    {
        "bookingid": 3233
    },
    {
        "bookingid": 4828
    },
    {
        "bookingid": 4762
    },
    {
        "bookingid": 4010
    },
    {
        "bookingid": 5034
    },
    {
        "bookingid": 2819
    },
    {
        "bookingid": 4045
    },
    {
        "bookingid": 2314
    },
    {
        "bookingid": 1923
    },
    {
        "bookingid": 2515
    },
    {
        "bookingid": 3636
    },
    {
        "bookingid": 2051
    },
    {
        "bookingid": 4703
    },
    {
        "bookingid": 4502
    },
    {
        "bookingid": 711
    },
    {
        "bookingid": 3984
    },
    {
        "bookingid": 3167
    },
    {
        "bookingid": 3396
    },
    {
        "bookingid": 4173
    },
    {
        "bookingid": 4722
    },
    {
        "bookingid": 3973
    },
    {
        "bookingid": 622
    },
    {
        "bookingid": 299
    },
    {
        "bookingid": 1241
    },
    {
        "bookingid": 2028
    },
    {
        "bookingid": 4362
    },
    {
        "bookingid": 2022
    },
    {
        "bookingid": 2399
    },
    {
        "bookingid": 5341
    },
    {
        "bookingid": 3828
    },
    {
        "bookingid": 3667
    },
    {
        "bookingid": 4359
    },
    {
        "bookingid": 450
    },
    {
        "bookingid": 5227
    },
    {
        "bookingid": 1337
    },
    {
        "bookingid": 5352
    },
    {
        "bookingid": 1868
    },
    {
        "bookingid": 2290
    },
    {
        "bookingid": 5092
    },
    {
        "bookingid": 917
    },
    {
        "bookingid": 304
    },
    {
        "bookingid": 228
    },
    {
        "bookingid": 410
    },
    {
        "bookingid": 3900
    },
    {
        "bookingid": 5018
    },
    {
        "bookingid": 1557
    },
    {
        "bookingid": 1098
    },
    {
        "bookingid": 4939
    },
    {
        "bookingid": 598
    },
    {
        "bookingid": 4754
    },
    {
        "bookingid": 2000
    },
    {
        "bookingid": 1472
    },
    {
        "bookingid": 4580
    },
    {
        "bookingid": 3131
    },
    {
        "bookingid": 5056
    },
    {
        "bookingid": 3463
    },
    {
        "bookingid": 4743
    },
    {
        "bookingid": 4390
    },
    {
        "bookingid": 2069
    },
    {
        "bookingid": 800
    },
    {
        "bookingid": 3946
    },
    {
        "bookingid": 1599
    },
    {
        "bookingid": 3530
    },
    {
        "bookingid": 1795
    },
    {
        "bookingid": 3110
    },
    {
        "bookingid": 4844
    },
    {
        "bookingid": 1407
    },
    {
        "bookingid": 1085
    },
    {
        "bookingid": 1071
    },
    {
        "bookingid": 5231
    },
    {
        "bookingid": 479
    },
    {
        "bookingid": 3656
    },
    {
        "bookingid": 2723
    },
    {
        "bookingid": 4350
    },
    {
        "bookingid": 5160
    },
    {
        "bookingid": 4739
    },
    {
        "bookingid": 5325
    },
    {
        "bookingid": 2210
    },
    {
        "bookingid": 2177
    },
    {
        "bookingid": 2987
    },
    {
        "bookingid": 1195
    },
    {
        "bookingid": 5208
    },
    {
        "bookingid": 714
    },
    {
        "bookingid": 4477
    },
    {
        "bookingid": 4817
    },
    {
        "bookingid": 1957
    },
    {
        "bookingid": 4737
    },
    {
        "bookingid": 4608
    },
    {
        "bookingid": 5455
    },
    {
        "bookingid": 405
    },
    {
        "bookingid": 3936
    },
    {
        "bookingid": 3499
    },
    {
        "bookingid": 1516
    },
    {
        "bookingid": 417
    },
    {
        "bookingid": 1836
    },
    {
        "bookingid": 652
    },
    {
        "bookingid": 3909
    },
    {
        "bookingid": 4198
    },
    {
        "bookingid": 23
    },
    {
        "bookingid": 75
    },
    {
        "bookingid": 1232
    },
    {
        "bookingid": 1890
    },
    {
        "bookingid": 4567
    },
    {
        "bookingid": 5366
    },
    {
        "bookingid": 1375
    },
    {
        "bookingid": 458
    },
    {
        "bookingid": 4340
    },
    {
        "bookingid": 4044
    },
    {
        "bookingid": 72
    },
    {
        "bookingid": 3080
    },
    {
        "bookingid": 1962
    },
    {
        "bookingid": 4038
    },
    {
        "bookingid": 3975
    },
    {
        "bookingid": 1641
    },
    {
        "bookingid": 4646
    },
    {
        "bookingid": 1410
    },
    {
        "bookingid": 3489
    },
    {
        "bookingid": 1467
    },
    {
        "bookingid": 1092
    },
    {
        "bookingid": 1585
    },
    {
        "bookingid": 4823
    },
    {
        "bookingid": 5036
    },
    {
        "bookingid": 2598
    },
    {
        "bookingid": 2856
    },
    {
        "bookingid": 4812
    },
    {
        "bookingid": 551
    },
    {
        "bookingid": 2459
    },
    {
        "bookingid": 4978
    },
    {
        "bookingid": 2688
    },
    {
        "bookingid": 4090
    },
    {
        "bookingid": 4550
    },
    {
        "bookingid": 4700
    },
    {
        "bookingid": 4102
    },
    {
        "bookingid": 2734
    },
    {
        "bookingid": 4028
    },
    {
        "bookingid": 2393
    },
    {
        "bookingid": 4327
    },
    {
        "bookingid": 3421
    },
    {
        "bookingid": 2718
    },
    {
        "bookingid": 990
    },
    {
        "bookingid": 1462
    },
    {
        "bookingid": 797
    },
    {
        "bookingid": 3461
    },
    {
        "bookingid": 5079
    },
    {
        "bookingid": 1076
    },
    {
        "bookingid": 1837
    },
    {
        "bookingid": 1667
    },
    {
        "bookingid": 5007
    },
    {
        "bookingid": 4535
    },
    {
        "bookingid": 2353
    },
    {
        "bookingid": 1412
    },
    {
        "bookingid": 3299
    },
    {
        "bookingid": 5185
    },
    {
        "bookingid": 4189
    },
    {
        "bookingid": 3062
    },
    {
        "bookingid": 4596
    },
    {
        "bookingid": 3920
    },
    {
        "bookingid": 4658
    },
    {
        "bookingid": 3402
    },
    {
        "bookingid": 4984
    },
    {
        "bookingid": 3416
    },
    {
        "bookingid": 4659
    },
    {
        "bookingid": 252
    },
    {
        "bookingid": 223
    },
    {
        "bookingid": 22
    },
    {
        "bookingid": 4835
    },
    {
        "bookingid": 5422
    },
    {
        "bookingid": 4919
    },
    {
        "bookingid": 2839
    },
    {
        "bookingid": 355
    },
    {
        "bookingid": 3957
    },
    {
        "bookingid": 2649
    },
    {
        "bookingid": 4466
    },
    {
        "bookingid": 764
    },
    {
        "bookingid": 1730
    },
    {
        "bookingid": 5250
    },
    {
        "bookingid": 2437
    },
    {
        "bookingid": 4827
    },
    {
        "bookingid": 1352
    },
    {
        "bookingid": 3287
    },
    {
        "bookingid": 2297
    },
    {
        "bookingid": 2660
    },
    {
        "bookingid": 2363
    },
    {
        "bookingid": 2939
    },
    {
        "bookingid": 542
    },
    {
        "bookingid": 5283
    },
    {
        "bookingid": 436
    },
    {
        "bookingid": 2503
    },
    {
        "bookingid": 5469
    },
    {
        "bookingid": 4480
    },
    {
        "bookingid": 594
    },
    {
        "bookingid": 5307
    },
    {
        "bookingid": 468
    },
    {
        "bookingid": 4230
    },
    {
        "bookingid": 1907
    },
    {
        "bookingid": 3796
    },
    {
        "bookingid": 3734
    },
    {
        "bookingid": 4938
    },
    {
        "bookingid": 3022
    },
    {
        "bookingid": 3645
    },
    {
        "bookingid": 4358
    },
    {
        "bookingid": 5381
    },
    {
        "bookingid": 2533
    },
    {
        "bookingid": 5035
    },
    {
        "bookingid": 3381
    },
    {
        "bookingid": 1705
    },
    {
        "bookingid": 3997
    },
    {
        "bookingid": 5336
    },
    {
        "bookingid": 399
    },
    {
        "bookingid": 1620
    },
    {
        "bookingid": 3486
    },
    {
        "bookingid": 2977
    },
    {
        "bookingid": 3095
    },
    {
        "bookingid": 217
    },
    {
        "bookingid": 5267
    },
    {
        "bookingid": 323
    },
    {
        "bookingid": 1148
    },
    {
        "bookingid": 4505
    },
    {
        "bookingid": 128
    },
    {
        "bookingid": 3152
    },
    {
        "bookingid": 2677
    },
    {
        "bookingid": 1122
    },
    {
        "bookingid": 1037
    },
    {
        "bookingid": 170
    },
    {
        "bookingid": 322
    },
    {
        "bookingid": 3940
    },
    {
        "bookingid": 3669
    },
    {
        "bookingid": 257
    },
    {
        "bookingid": 1306
    },
    {
        "bookingid": 1558
    },
    {
        "bookingid": 4201
    },
    {
        "bookingid": 2156
    },
    {
        "bookingid": 3106
    },
    {
        "bookingid": 4957
    },
    {
        "bookingid": 1929
    },
    {
        "bookingid": 4709
    },
    {
        "bookingid": 1626
    },
    {
        "bookingid": 2004
    },
    {
        "bookingid": 2269
    },
    {
        "bookingid": 3847
    },
    {
        "bookingid": 123
    },
    {
        "bookingid": 785
    },
    {
        "bookingid": 3754
    },
    {
        "bookingid": 2541
    },
    {
        "bookingid": 4523
    },
    {
        "bookingid": 138
    },
    {
        "bookingid": 4568
    },
    {
        "bookingid": 2891
    },
    {
        "bookingid": 2309
    },
    {
        "bookingid": 5117
    },
    {
        "bookingid": 5067
    },
    {
        "bookingid": 2065
    },
    {
        "bookingid": 827
    },
    {
        "bookingid": 4706
    },
    {
        "bookingid": 1083
    },
    {
        "bookingid": 4187
    },
    {
        "bookingid": 1266
    },
    {
        "bookingid": 1442
    },
    {
        "bookingid": 1001
    },
    {
        "bookingid": 3383
    },
    {
        "bookingid": 328
    },
    {
        "bookingid": 4971
    },
    {
        "bookingid": 243
    },
    {
        "bookingid": 1305
    },
    {
        "bookingid": 5152
    },
    {
        "bookingid": 316
    },
    {
        "bookingid": 3187
    },
    {
        "bookingid": 3552
    },
    {
        "bookingid": 1458
    },
    {
        "bookingid": 2402
    },
    {
        "bookingid": 4357
    },
    {
        "bookingid": 2172
    },
    {
        "bookingid": 1453
    },
    {
        "bookingid": 3992
    },
    {
        "bookingid": 648
    },
    {
        "bookingid": 3101
    },
    {
        "bookingid": 4510
    },
    {
        "bookingid": 3812
    },
    {
        "bookingid": 1149
    },
    {
        "bookingid": 861
    },
    {
        "bookingid": 3426
    },
    {
        "bookingid": 2779
    },
    {
        "bookingid": 2048
    },
    {
        "bookingid": 5178
    },
    {
        "bookingid": 3609
    },
    {
        "bookingid": 4890
    },
    {
        "bookingid": 2467
    },
    {
        "bookingid": 1583
    },
    {
        "bookingid": 3121
    },
    {
        "bookingid": 5403
    },
    {
        "bookingid": 5357
    },
    {
        "bookingid": 4769
    },
    {
        "bookingid": 5362
    },
    {
        "bookingid": 1766
    },
    {
        "bookingid": 151
    },
    {
        "bookingid": 5513
    },
    {
        "bookingid": 369
    },
    {
        "bookingid": 2038
    },
    {
        "bookingid": 246
    },
    {
        "bookingid": 3577
    },
    {
        "bookingid": 1447
    },
    {
        "bookingid": 5342
    },
    {
        "bookingid": 4530
    },
    {
        "bookingid": 3937
    },
    {
        "bookingid": 3431
    },
    {
        "bookingid": 3193
    },
    {
        "bookingid": 4555
    },
    {
        "bookingid": 2607
    },
    {
        "bookingid": 842
    },
    {
        "bookingid": 5466
    },
    {
        "bookingid": 660
    },
    {
        "bookingid": 430
    },
    {
        "bookingid": 2680
    },
    {
        "bookingid": 1074
    },
    {
        "bookingid": 4590
    },
    {
        "bookingid": 2586
    },
    {
        "bookingid": 1256
    },
    {
        "bookingid": 2738
    },
    {
        "bookingid": 5503
    },
    {
        "bookingid": 1622
    },
    {
        "bookingid": 5319
    },
    {
        "bookingid": 262
    },
    {
        "bookingid": 5100
    },
    {
        "bookingid": 3057
    },
    {
        "bookingid": 3725
    },
    {
        "bookingid": 4789
    },
    {
        "bookingid": 5220
    },
    {
        "bookingid": 5420
    },
    {
        "bookingid": 1793
    },
    {
        "bookingid": 4726
    },
    {
        "bookingid": 4698
    },
    {
        "bookingid": 71
    },
    {
        "bookingid": 735
    },
    {
        "bookingid": 1702
    },
    {
        "bookingid": 601
    },
    {
        "bookingid": 4647
    },
    {
        "bookingid": 3238
    },
    {
        "bookingid": 4729
    },
    {
        "bookingid": 3186
    },
    {
        "bookingid": 559
    },
    {
        "bookingid": 3357
    },
    {
        "bookingid": 2435
    },
    {
        "bookingid": 2567
    },
    {
        "bookingid": 4561
    },
    {
        "bookingid": 4619
    },
    {
        "bookingid": 5093
    },
    {
        "bookingid": 385
    },
    {
        "bookingid": 2715
    },
    {
        "bookingid": 3985
    },
    {
        "bookingid": 2593
    },
    {
        "bookingid": 3077
    },
    {
        "bookingid": 1515
    },
    {
        "bookingid": 5335
    },
    {
        "bookingid": 2840
    },
    {
        "bookingid": 1729
    },
    {
        "bookingid": 731
    },
    {
        "bookingid": 4061
    },
    {
        "bookingid": 2017
    },
    {
        "bookingid": 4674
    },
    {
        "bookingid": 969
    },
    {
        "bookingid": 1539
    },
    {
        "bookingid": 4533
    },
    {
        "bookingid": 461
    },
    {
        "bookingid": 2411
    },
    {
        "bookingid": 3123
    },
    {
        "bookingid": 1413
    },
    {
        "bookingid": 2386
    },
    {
        "bookingid": 2940
    },
    {
        "bookingid": 3161
    },
    {
        "bookingid": 4589
    },
    {
        "bookingid": 3397
    },
    {
        "bookingid": 2012
    },
    {
        "bookingid": 1566
    },
    {
        "bookingid": 4426
    },
    {
        "bookingid": 406
    },
    {
        "bookingid": 596
    },
    {
        "bookingid": 4392
    },
    {
        "bookingid": 9
    },
    {
        "bookingid": 2449
    },
    {
        "bookingid": 4838
    },
    {
        "bookingid": 5452
    },
    {
        "bookingid": 1651
    },
    {
        "bookingid": 2548
    },
    {
        "bookingid": 637
    },
    {
        "bookingid": 3953
    },
    {
        "bookingid": 4468
    },
    {
        "bookingid": 1533
    },
    {
        "bookingid": 4986
    },
    {
        "bookingid": 5128
    },
    {
        "bookingid": 5439
    },
    {
        "bookingid": 2641
    },
    {
        "bookingid": 1060
    },
    {
        "bookingid": 1612
    },
    {
        "bookingid": 808
    },
    {
        "bookingid": 3407
    },
    {
        "bookingid": 358
    },
    {
        "bookingid": 2422
    },
    {
        "bookingid": 3736
    },
    {
        "bookingid": 2296
    },
    {
        "bookingid": 515
    },
    {
        "bookingid": 532
    },
    {
        "bookingid": 1290
    },
    {
        "bookingid": 1992
    },
    {
        "bookingid": 1635
    },
    {
        "bookingid": 1745
    },
    {
        "bookingid": 3964
    },
    {
        "bookingid": 1741
    },
    {
        "bookingid": 5049
    },
    {
        "bookingid": 631
    },
    {
        "bookingid": 2552
    },
    {
        "bookingid": 2006
    },
    {
        "bookingid": 4037
    },
    {
        "bookingid": 2446
    },
    {
        "bookingid": 918
    },
    {
        "bookingid": 3678
    },
    {
        "bookingid": 2009
    },
    {
        "bookingid": 4899
    },
    {
        "bookingid": 1016
    },
    {
        "bookingid": 3094
    },
    {
        "bookingid": 3817
    },
    {
        "bookingid": 833
    },
    {
        "bookingid": 90
    },
    {
        "bookingid": 3871
    },
    {
        "bookingid": 2810
    },
    {
        "bookingid": 3652
    },
    {
        "bookingid": 2865
    },
    {
        "bookingid": 5245
    },
    {
        "bookingid": 3634
    },
    {
        "bookingid": 3425
    },
    {
        "bookingid": 1355
    },
    {
        "bookingid": 5490
    },
    {
        "bookingid": 1525
    },
    {
        "bookingid": 858
    },
    {
        "bookingid": 3727
    },
    {
        "bookingid": 3453
    },
    {
        "bookingid": 2612
    },
    {
        "bookingid": 3861
    },
    {
        "bookingid": 1328
    },
    {
        "bookingid": 3993
    },
    {
        "bookingid": 2710
    },
    {
        "bookingid": 1570
    },
    {
        "bookingid": 1894
    },
    {
        "bookingid": 3316
    },
    {
        "bookingid": 4766
    },
    {
        "bookingid": 432
    },
    {
        "bookingid": 4847
    },
    {
        "bookingid": 779
    },
    {
        "bookingid": 1695
    },
    {
        "bookingid": 1340
    },
    {
        "bookingid": 2123
    },
    {
        "bookingid": 494
    },
    {
        "bookingid": 1445
    },
    {
        "bookingid": 4122
    },
    {
        "bookingid": 3661
    },
    {
        "bookingid": 2675
    },
    {
        "bookingid": 3163
    },
    {
        "bookingid": 1377
    },
    {
        "bookingid": 2074
    },
    {
        "bookingid": 5164
    },
    {
        "bookingid": 5447
    },
    {
        "bookingid": 2440
    },
    {
        "bookingid": 4290
    },
    {
        "bookingid": 1777
    },
    {
        "bookingid": 2417
    },
    {
        "bookingid": 3628
    },
    {
        "bookingid": 4574
    },
    {
        "bookingid": 3979
    },
    {
        "bookingid": 5123
    },
    {
        "bookingid": 2001
    },
    {
        "bookingid": 3837
    },
    {
        "bookingid": 1155
    },
    {
        "bookingid": 2026
    },
    {
        "bookingid": 3854
    },
    {
        "bookingid": 4127
    },
    {
        "bookingid": 3684
    },
    {
        "bookingid": 2960
    },
    {
        "bookingid": 3196
    },
    {
        "bookingid": 2346
    },
    {
        "bookingid": 4877
    },
    {
        "bookingid": 4855
    },
    {
        "bookingid": 502
    },
    {
        "bookingid": 2277
    },
    {
        "bookingid": 1226
    },
    {
        "bookingid": 701
    },
    {
        "bookingid": 1036
    },
    {
        "bookingid": 3091
    },
    {
        "bookingid": 3446
    },
    {
        "bookingid": 5247
    },
    {
        "bookingid": 869
    },
    {
        "bookingid": 2936
    },
    {
        "bookingid": 2274
    },
    {
        "bookingid": 3454
    },
    {
        "bookingid": 1484
    },
    {
        "bookingid": 4744
    },
    {
        "bookingid": 3575
    },
    {
        "bookingid": 5311
    },
    {
        "bookingid": 229
    },
    {
        "bookingid": 2748
    },
    {
        "bookingid": 1289
    },
    {
        "bookingid": 1979
    },
    {
        "bookingid": 1104
    },
    {
        "bookingid": 3323
    },
    {
        "bookingid": 4544
    },
    {
        "bookingid": 3548
    },
    {
        "bookingid": 3602
    },
    {
        "bookingid": 2481
    },
    {
        "bookingid": 1718
    },
    {
        "bookingid": 3205
    },
    {
        "bookingid": 3589
    },
    {
        "bookingid": 446
    },
    {
        "bookingid": 642
    },
    {
        "bookingid": 1973
    },
    {
        "bookingid": 2824
    },
    {
        "bookingid": 3905
    },
    {
        "bookingid": 5102
    },
    {
        "bookingid": 5385
    },
    {
        "bookingid": 4723
    },
    {
        "bookingid": 1692
    },
    {
        "bookingid": 3899
    },
    {
        "bookingid": 5368
    },
    {
        "bookingid": 4078
    },
    {
        "bookingid": 1131
    },
    {
        "bookingid": 3227
    },
    {
        "bookingid": 2664
    },
    {
        "bookingid": 1469
    },
    {
        "bookingid": 3672
    },
    {
        "bookingid": 5023
    },
    {
        "bookingid": 1242
    },
    {
        "bookingid": 3409
    },
    {
        "bookingid": 3310
    },
    {
        "bookingid": 1863
    },
    {
        "bookingid": 4445
    },
    {
        "bookingid": 157
    },
    {
        "bookingid": 2231
    },
    {
        "bookingid": 760
    },
    {
        "bookingid": 4781
    },
    {
        "bookingid": 1347
    },
    {
        "bookingid": 220
    },
    {
        "bookingid": 3849
    },
    {
        "bookingid": 3132
    },
    {
        "bookingid": 772
    },
    {
        "bookingid": 2809
    },
    {
        "bookingid": 4720
    },
    {
        "bookingid": 3942
    },
    {
        "bookingid": 1097
    },
    {
        "bookingid": 4992
    },
    {
        "bookingid": 3484
    },
    {
        "bookingid": 1540
    },
    {
        "bookingid": 1598
    },
    {
        "bookingid": 2634
    },
    {
        "bookingid": 373
    },
    {
        "bookingid": 118
    },
    {
        "bookingid": 2489
    },
    {
        "bookingid": 4026
    },
    {
        "bookingid": 4108
    },
    {
        "bookingid": 3013
    },
    {
        "bookingid": 236
    },
    {
        "bookingid": 3001
    },
    {
        "bookingid": 4491
    },
    {
        "bookingid": 5365
    },
    {
        "bookingid": 3024
    },
    {
        "bookingid": 4818
    },
    {
        "bookingid": 4479
    },
    {
        "bookingid": 2235
    },
    {
        "bookingid": 1563
    },
    {
        "bookingid": 1547
    },
    {
        "bookingid": 4702
    },
    {
        "bookingid": 4694
    },
    {
        "bookingid": 1157
    },
    {
        "bookingid": 1272
    },
    {
        "bookingid": 424
    },
    {
        "bookingid": 4753
    },
    {
        "bookingid": 4050
    },
    {
        "bookingid": 2173
    },
    {
        "bookingid": 1535
    },
    {
        "bookingid": 2516
    },
    {
        "bookingid": 1731
    },
    {
        "bookingid": 4721
    },
    {
        "bookingid": 5338
    },
    {
        "bookingid": 89
    },
    {
        "bookingid": 590
    },
    {
        "bookingid": 511
    },
    {
        "bookingid": 3838
    },
    {
        "bookingid": 2121
    },
    {
        "bookingid": 566
    },
    {
        "bookingid": 1888
    },
    {
        "bookingid": 4751
    },
    {
        "bookingid": 5473
    },
    {
        "bookingid": 4205
    },
    {
        "bookingid": 1737
    },
    {
        "bookingid": 2427
    },
    {
        "bookingid": 4563
    },
    {
        "bookingid": 2332
    },
    {
        "bookingid": 3603
    },
    {
        "bookingid": 4135
    },
    {
        "bookingid": 3616
    },
    {
        "bookingid": 4298
    },
    {
        "bookingid": 2421
    },
    {
        "bookingid": 5080
    },
    {
        "bookingid": 980
    },
    {
        "bookingid": 2769
    },
    {
        "bookingid": 871
    },
    {
        "bookingid": 361
    },
    {
        "bookingid": 3750
    },
    {
        "bookingid": 1996
    },
    {
        "bookingid": 1838
    },
    {
        "bookingid": 717
    },
    {
        "bookingid": 97
    },
    {
        "bookingid": 2340
    },
    {
        "bookingid": 3436
    },
    {
        "bookingid": 2795
    },
    {
        "bookingid": 976
    },
    {
        "bookingid": 3329
    },
    {
        "bookingid": 4155
    },
    {
        "bookingid": 4056
    },
    {
        "bookingid": 330
    },
    {
        "bookingid": 3347
    },
    {
        "bookingid": 3468
    },
    {
        "bookingid": 1089
    },
    {
        "bookingid": 2455
    },
    {
        "bookingid": 2238
    },
    {
        "bookingid": 4184
    },
    {
        "bookingid": 802
    },
    {
        "bookingid": 4274
    },
    {
        "bookingid": 135
    },
    {
        "bookingid": 2658
    },
    {
        "bookingid": 1379
    },
    {
        "bookingid": 5075
    },
    {
        "bookingid": 3352
    },
    {
        "bookingid": 1161
    },
    {
        "bookingid": 1881
    },
    {
        "bookingid": 944
    },
    {
        "bookingid": 1507
    },
    {
        "bookingid": 3215
    },
    {
        "bookingid": 3758
    },
    {
        "bookingid": 1592
    },
    {
        "bookingid": 2785
    },
    {
        "bookingid": 3631
    },
    {
        "bookingid": 5298
    },
    {
        "bookingid": 1218
    },
    {
        "bookingid": 38
    },
    {
        "bookingid": 6
    },
    {
        "bookingid": 3459
    },
    {
        "bookingid": 1051
    },
    {
        "bookingid": 4137
    },
    {
        "bookingid": 5005
    },
    {
        "bookingid": 1611
    },
    {
        "bookingid": 1964
    },
    {
        "bookingid": 5430
    },
    {
        "bookingid": 4260
    },
    {
        "bookingid": 632
    },
    {
        "bookingid": 616
    },
    {
        "bookingid": 3361
    },
    {
        "bookingid": 3711
    },
    {
        "bookingid": 3977
    },
    {
        "bookingid": 264
    },
    {
        "bookingid": 4642
    },
    {
        "bookingid": 4166
    },
    {
        "bookingid": 495
    },
    {
        "bookingid": 3
    },
    {
        "bookingid": 3074
    },
    {
        "bookingid": 3967
    },
    {
        "bookingid": 1934
    },
    {
        "bookingid": 3191
    },
    {
        "bookingid": 2542
    },
    {
        "bookingid": 499
    },
    {
        "bookingid": 5146
    },
    {
        "bookingid": 1824
    },
    {
        "bookingid": 4879
    },
    {
        "bookingid": 4447
    },
    {
        "bookingid": 3245
    },
    {
        "bookingid": 4153
    },
    {
        "bookingid": 2161
    },
    {
        "bookingid": 5077
    },
    {
        "bookingid": 2673
    },
    {
        "bookingid": 3389
    },
    {
        "bookingid": 4947
    },
    {
        "bookingid": 739
    },
    {
        "bookingid": 3437
    },
    {
        "bookingid": 5410
    },
    {
        "bookingid": 2498
    },
    {
        "bookingid": 1293
    },
    {
        "bookingid": 3480
    },
    {
        "bookingid": 259
    },
    {
        "bookingid": 872
    },
    {
        "bookingid": 2772
    },
    {
        "bookingid": 560
    },
    {
        "bookingid": 1827
    },
    {
        "bookingid": 5402
    },
    {
        "bookingid": 1807
    },
    {
        "bookingid": 87
    },
    {
        "bookingid": 2368
    },
    {
        "bookingid": 2982
    },
    {
        "bookingid": 255
    },
    {
        "bookingid": 2082
    },
    {
        "bookingid": 1332
    },
    {
        "bookingid": 4981
    },
    {
        "bookingid": 644
    },
    {
        "bookingid": 1396
    },
    {
        "bookingid": 5110
    },
    {
        "bookingid": 136
    },
    {
        "bookingid": 4121
    },
    {
        "bookingid": 2627
    },
    {
        "bookingid": 2476
    },
    {
        "bookingid": 249
    },
    {
        "bookingid": 4138
    },
    {
        "bookingid": 5516
    },
    {
        "bookingid": 3578
    },
    {
        "bookingid": 3244
    },
    {
        "bookingid": 4308
    },
    {
        "bookingid": 3926
    },
    {
        "bookingid": 3931
    },
    {
        "bookingid": 1937
    },
    {
        "bookingid": 4207
    },
    {
        "bookingid": 2746
    },
    {
        "bookingid": 5134
    },
    {
        "bookingid": 1798
    },
    {
        "bookingid": 1191
    },
    {
        "bookingid": 2130
    },
    {
        "bookingid": 4845
    },
    {
        "bookingid": 1115
    },
    {
        "bookingid": 3702
    },
    {
        "bookingid": 3108
    },
    {
        "bookingid": 555
    },
    {
        "bookingid": 2953
    },
    {
        "bookingid": 2909
    },
    {
        "bookingid": 2670
    },
    {
        "bookingid": 500
    },
    {
        "bookingid": 13
    },
    {
        "bookingid": 4500
    },
    {
        "bookingid": 3630
    },
    {
        "bookingid": 218
    },
    {
        "bookingid": 4541
    },
    {
        "bookingid": 3309
    },
    {
        "bookingid": 2113
    },
    {
        "bookingid": 2383
    },
    {
        "bookingid": 3173
    },
    {
        "bookingid": 3515
    },
    {
        "bookingid": 854
    },
    {
        "bookingid": 2303
    },
    {
        "bookingid": 3104
    },
    {
        "bookingid": 694
    },
    {
        "bookingid": 1421
    },
    {
        "bookingid": 4386
    },
    {
        "bookingid": 3753
    },
    {
        "bookingid": 375
    },
    {
        "bookingid": 4124
    },
    {
        "bookingid": 1764
    },
    {
        "bookingid": 2491
    },
    {
        "bookingid": 4982
    },
    {
        "bookingid": 5510
    },
    {
        "bookingid": 5106
    },
    {
        "bookingid": 142
    },
    {
        "bookingid": 4406
    },
    {
        "bookingid": 1524
    },
    {
        "bookingid": 159
    },
    {
        "bookingid": 2884
    },
    {
        "bookingid": 2699
    },
    {
        "bookingid": 1882
    },
    {
        "bookingid": 1245
    },
    {
        "bookingid": 1859
    },
    {
        "bookingid": 1173
    },
    {
        "bookingid": 5112
    },
    {
        "bookingid": 611
    },
    {
        "bookingid": 5031
    },
    {
        "bookingid": 666
    },
    {
        "bookingid": 2439
    },
    {
        "bookingid": 2916
    },
    {
        "bookingid": 2323
    },
    {
        "bookingid": 4270
    },
    {
        "bookingid": 269
    },
    {
        "bookingid": 5261
    },
    {
        "bookingid": 1275
    },
    {
        "bookingid": 736
    },
    {
        "bookingid": 2219
    },
    {
        "bookingid": 723
    },
    {
        "bookingid": 2648
    },
    {
        "bookingid": 3137
    },
    {
        "bookingid": 5181
    },
    {
        "bookingid": 155
    },
    {
        "bookingid": 4115
    },
    {
        "bookingid": 2079
    },
    {
        "bookingid": 5448
    },
    {
        "bookingid": 195
    },
    {
        "bookingid": 806
    },
    {
        "bookingid": 2119
    },
    {
        "bookingid": 2469
    },
    {
        "bookingid": 5305
    },
    {
        "bookingid": 729
    },
    {
        "bookingid": 4604
    },
    {
        "bookingid": 5252
    },
    {
        "bookingid": 543
    },
    {
        "bookingid": 435
    },
    {
        "bookingid": 4588
    },
    {
        "bookingid": 1878
    },
    {
        "bookingid": 3639
    },
    {
        "bookingid": 655
    },
    {
        "bookingid": 1722
    },
    {
        "bookingid": 946
    },
    {
        "bookingid": 83
    },
    {
        "bookingid": 5463
    },
    {
        "bookingid": 4281
    },
    {
        "bookingid": 347
    },
    {
        "bookingid": 3333
    },
    {
        "bookingid": 1116
    },
    {
        "bookingid": 3785
    },
    {
        "bookingid": 418
    },
    {
        "bookingid": 3087
    },
    {
        "bookingid": 156
    },
    {
        "bookingid": 4220
    },
    {
        "bookingid": 3374
    },
    {
        "bookingid": 1657
    },
    {
        "bookingid": 4768
    },
    {
        "bookingid": 101
    },
    {
        "bookingid": 1349
    },
    {
        "bookingid": 86
    },
    {
        "bookingid": 206
    },
    {
        "bookingid": 346
    },
    {
        "bookingid": 3498
    },
    {
        "bookingid": 4147
    },
    {
        "bookingid": 2610
    },
    {
        "bookingid": 2877
    },
    {
        "bookingid": 884
    },
    {
        "bookingid": 1767
    },
    {
        "bookingid": 5388
    },
    {
        "bookingid": 2395
    },
    {
        "bookingid": 4193
    },
    {
        "bookingid": 4255
    },
    {
        "bookingid": 781
    },
    {
        "bookingid": 2787
    },
    {
        "bookingid": 974
    },
    {
        "bookingid": 669
    },
    {
        "bookingid": 41
    },
    {
        "bookingid": 2185
    },
    {
        "bookingid": 1900
    },
    {
        "bookingid": 3452
    },
    {
        "bookingid": 2690
    },
    {
        "bookingid": 3030
    },
    {
        "bookingid": 5331
    },
    {
        "bookingid": 4636
    },
    {
        "bookingid": 899
    },
    {
        "bookingid": 1203
    },
    {
        "bookingid": 885
    },
    {
        "bookingid": 392
    },
    {
        "bookingid": 4366
    },
    {
        "bookingid": 1370
    },
    {
        "bookingid": 1182
    },
    {
        "bookingid": 5496
    },
    {
        "bookingid": 4015
    },
    {
        "bookingid": 3510
    },
    {
        "bookingid": 938
    },
    {
        "bookingid": 1357
    },
    {
        "bookingid": 3501
    },
    {
        "bookingid": 400
    },
    {
        "bookingid": 822
    },
    {
        "bookingid": 558
    },
    {
        "bookingid": 5246
    },
    {
        "bookingid": 3142
    },
    {
        "bookingid": 1136
    },
    {
        "bookingid": 2510
    },
    {
        "bookingid": 5028
    },
    {
        "bookingid": 3328
    },
    {
        "bookingid": 1154
    },
    {
        "bookingid": 49
    },
    {
        "bookingid": 472
    },
    {
        "bookingid": 3369
    },
    {
        "bookingid": 2556
    },
    {
        "bookingid": 4355
    },
    {
        "bookingid": 3673
    },
    {
        "bookingid": 1989
    },
    {
        "bookingid": 3540
    },
    {
        "bookingid": 1031
    },
    {
        "bookingid": 2653
    },
    {
        "bookingid": 2200
    },
    {
        "bookingid": 5195
    },
    {
        "bookingid": 1059
    },
    {
        "bookingid": 2591
    },
    {
        "bookingid": 3878
    },
    {
        "bookingid": 5456
    },
    {
        "bookingid": 3897
    },
    {
        "bookingid": 1972
    },
    {
        "bookingid": 2743
    },
    {
        "bookingid": 2966
    },
    {
        "bookingid": 1366
    },
    {
        "bookingid": 416
    },
    {
        "bookingid": 4529
    },
    {
        "bookingid": 992
    },
    {
        "bookingid": 4077
    },
    {
        "bookingid": 948
    },
    {
        "bookingid": 3124
    },
    {
        "bookingid": 3929
    },
    {
        "bookingid": 3742
    },
    {
        "bookingid": 2508
    },
    {
        "bookingid": 1625
    },
    {
        "bookingid": 4408
    },
    {
        "bookingid": 2759
    },
    {
        "bookingid": 1875
    },
    {
        "bookingid": 443
    },
    {
        "bookingid": 5461
    },
    {
        "bookingid": 3049
    },
    {
        "bookingid": 790
    },
    {
        "bookingid": 3688
    },
    {
        "bookingid": 4344
    },
    {
        "bookingid": 5314
    },
    {
        "bookingid": 2719
    },
    {
        "bookingid": 390
    },
    {
        "bookingid": 1858
    },
    {
        "bookingid": 2512
    },
    {
        "bookingid": 1621
    },
    {
        "bookingid": 4803
    },
    {
        "bookingid": 274
    },
    {
        "bookingid": 4400
    },
    {
        "bookingid": 4861
    },
    {
        "bookingid": 1188
    },
    {
        "bookingid": 1223
    },
    {
        "bookingid": 526
    },
    {
        "bookingid": 682
    },
    {
        "bookingid": 68
    },
    {
        "bookingid": 5206
    },
    {
        "bookingid": 201
    },
    {
        "bookingid": 320
    },
    {
        "bookingid": 3395
    },
    {
        "bookingid": 1020
    },
    {
        "bookingid": 451
    },
    {
        "bookingid": 2311
    },
    {
        "bookingid": 1125
    },
    {
        "bookingid": 2258
    },
    {
        "bookingid": 3999
    },
    {
        "bookingid": 2318
    },
    {
        "bookingid": 727
    },
    {
        "bookingid": 3143
    },
    {
        "bookingid": 2361
    },
    {
        "bookingid": 1804
    },
    {
        "bookingid": 1165
    },
    {
        "bookingid": 232
    },
    {
        "bookingid": 2976
    },
    {
        "bookingid": 2008
    },
    {
        "bookingid": 2584
    },
    {
        "bookingid": 309
    },
    {
        "bookingid": 3220
    },
    {
        "bookingid": 5320
    },
    {
        "bookingid": 4397
    },
    {
        "bookingid": 3894
    },
    {
        "bookingid": 3691
    },
    {
        "bookingid": 247
    },
    {
        "bookingid": 4309
    },
    {
        "bookingid": 3760
    },
    {
        "bookingid": 3449
    },
    {
        "bookingid": 3387
    },
    {
        "bookingid": 1784
    },
    {
        "bookingid": 5255
    },
    {
        "bookingid": 2419
    },
    {
        "bookingid": 2661
    },
    {
        "bookingid": 2903
    },
    {
        "bookingid": 2180
    },
    {
        "bookingid": 5149
    },
    {
        "bookingid": 1426
    },
    {
        "bookingid": 3543
    },
    {
        "bookingid": 96
    },
    {
        "bookingid": 2336
    },
    {
        "bookingid": 4119
    },
    {
        "bookingid": 73
    },
    {
        "bookingid": 4712
    },
    {
        "bookingid": 5374
    },
    {
        "bookingid": 4364
    },
    {
        "bookingid": 1282
    },
    {
        "bookingid": 2834
    },
    {
        "bookingid": 3427
    },
    {
        "bookingid": 1761
    },
    {
        "bookingid": 3867
    },
    {
        "bookingid": 1353
    },
    {
        "bookingid": 3682
    },
    {
        "bookingid": 1344
    },
    {
        "bookingid": 2320
    },
    {
        "bookingid": 4662
    },
    {
        "bookingid": 4909
    },
    {
        "bookingid": 3947
    },
    {
        "bookingid": 741
    },
    {
        "bookingid": 1091
    },
    {
        "bookingid": 2944
    },
    {
        "bookingid": 2343
    },
    {
        "bookingid": 3965
    },
    {
        "bookingid": 4079
    },
    {
        "bookingid": 5165
    },
    {
        "bookingid": 4975
    },
    {
        "bookingid": 5065
    },
    {
        "bookingid": 1312
    },
    {
        "bookingid": 720
    },
    {
        "bookingid": 5199
    },
    {
        "bookingid": 828
    },
    {
        "bookingid": 4898
    },
    {
        "bookingid": 4269
    },
    {
        "bookingid": 4254
    },
    {
        "bookingid": 4232
    },
    {
        "bookingid": 4630
    },
    {
        "bookingid": 3079
    },
    {
        "bookingid": 306
    },
    {
        "bookingid": 2355
    },
    {
        "bookingid": 4824
    },
    {
        "bookingid": 1062
    },
    {
        "bookingid": 3779
    },
    {
        "bookingid": 130
    },
    {
        "bookingid": 1586
    },
    {
        "bookingid": 3584
    },
    {
        "bookingid": 326
    },
    {
        "bookingid": 1342
    },
    {
        "bookingid": 2652
    },
    {
        "bookingid": 4387
    },
    {
        "bookingid": 2632
    },
    {
        "bookingid": 5467
    },
    {
        "bookingid": 2638
    },
    {
        "bookingid": 1855
    },
    {
        "bookingid": 4183
    },
    {
        "bookingid": 1243
    },
    {
        "bookingid": 282
    },
    {
        "bookingid": 1628
    },
    {
        "bookingid": 968
    },
    {
        "bookingid": 226
    },
    {
        "bookingid": 2700
    },
    {
        "bookingid": 2828
    },
    {
        "bookingid": 153
    },
    {
        "bookingid": 1728
    },
    {
        "bookingid": 3570
    },
    {
        "bookingid": 267
    },
    {
        "bookingid": 3272
    },
    {
        "bookingid": 1468
    },
    {
        "bookingid": 4291
    },
    {
        "bookingid": 4576
    },
    {
        "bookingid": 1065
    },
    {
        "bookingid": 4214
    },
    {
        "bookingid": 795
    },
    {
        "bookingid": 5328
    },
    {
        "bookingid": 2606
    },
    {
        "bookingid": 3608
    },
    {
        "bookingid": 4558
    },
    {
        "bookingid": 881
    },
    {
        "bookingid": 4925
    },
    {
        "bookingid": 3054
    },
    {
        "bookingid": 4089
    },
    {
        "bookingid": 3082
    },
    {
        "bookingid": 5521
    },
    {
        "bookingid": 293
    },
    {
        "bookingid": 1180
    },
    {
        "bookingid": 2948
    },
    {
        "bookingid": 5015
    },
    {
        "bookingid": 165
    },
    {
        "bookingid": 4131
    },
    {
        "bookingid": 3809
    },
    {
        "bookingid": 4931
    },
    {
        "bookingid": 2737
    },
    {
        "bookingid": 2377
    },
    {
        "bookingid": 1594
    },
    {
        "bookingid": 1047
    },
    {
        "bookingid": 2178
    },
    {
        "bookingid": 4411
    },
    {
        "bookingid": 4150
    },
    {
        "bookingid": 2941
    },
    {
        "bookingid": 3958
    },
    {
        "bookingid": 2923
    },
    {
        "bookingid": 5240
    },
    {
        "bookingid": 3792
    },
    {
        "bookingid": 4234
    },
    {
        "bookingid": 2241
    },
    {
        "bookingid": 3856
    },
    {
        "bookingid": 3775
    },
    {
        "bookingid": 2816
    },
    {
        "bookingid": 589
    },
    {
        "bookingid": 208
    },
    {
        "bookingid": 3527
    },
    {
        "bookingid": 5315
    },
    {
        "bookingid": 1473
    },
    {
        "bookingid": 4103
    },
    {
        "bookingid": 4008
    },
    {
        "bookingid": 5144
    },
    {
        "bookingid": 4068
    },
    {
        "bookingid": 4867
    },
    {
        "bookingid": 4
    },
    {
        "bookingid": 2174
    },
    {
        "bookingid": 3058
    },
    {
        "bookingid": 2400
    },
    {
        "bookingid": 537
    },
    {
        "bookingid": 791
    },
    {
        "bookingid": 4273
    },
    {
        "bookingid": 1068
    },
    {
        "bookingid": 5371
    },
    {
        "bookingid": 957
    },
    {
        "bookingid": 4252
    },
    {
        "bookingid": 2981
    },
    {
        "bookingid": 5058
    },
    {
        "bookingid": 1451
    },
    {
        "bookingid": 1292
    },
    {
        "bookingid": 1719
    },
    {
        "bookingid": 5186
    },
    {
        "bookingid": 4361
    },
    {
        "bookingid": 906
    },
    {
        "bookingid": 2691
    },
    {
        "bookingid": 1053
    },
    {
        "bookingid": 3692
    },
    {
        "bookingid": 3891
    },
    {
        "bookingid": 2934
    },
    {
        "bookingid": 1268
    },
    {
        "bookingid": 270
    },
    {
        "bookingid": 1756
    },
    {
        "bookingid": 4532
    },
    {
        "bookingid": 1736
    },
    {
        "bookingid": 1427
    },
    {
        "bookingid": 892
    },
    {
        "bookingid": 1364
    },
    {
        "bookingid": 5491
    },
    {
        "bookingid": 81
    },
    {
        "bookingid": 3968
    },
    {
        "bookingid": 4819
    },
    {
        "bookingid": 1605
    },
    {
        "bookingid": 4405
    },
    {
        "bookingid": 2666
    },
    {
        "bookingid": 1948
    },
    {
        "bookingid": 3202
    },
    {
        "bookingid": 2920
    },
    {
        "bookingid": 3841
    },
    {
        "bookingid": 408
    },
    {
        "bookingid": 768
    },
    {
        "bookingid": 2560
    },
    {
        "bookingid": 2792
    },
    {
        "bookingid": 2988
    },
    {
        "bookingid": 1418
    },
    {
        "bookingid": 4655
    },
    {
        "bookingid": 4632
    },
    {
        "bookingid": 161
    },
    {
        "bookingid": 4407
    },
    {
        "bookingid": 4263
    },
    {
        "bookingid": 4152
    },
    {
        "bookingid": 1604
    },
    {
        "bookingid": 5161
    },
    {
        "bookingid": 3353
    },
    {
        "bookingid": 3567
    },
    {
        "bookingid": 2230
    },
    {
        "bookingid": 273
    },
    {
        "bookingid": 2041
    },
    {
        "bookingid": 1806
    },
    {
        "bookingid": 4467
    },
    {
        "bookingid": 5086
    },
    {
        "bookingid": 117
    },
    {
        "bookingid": 3859
    },
    {
        "bookingid": 4940
    },
    {
        "bookingid": 4381
    },
    {
        "bookingid": 2091
    },
    {
        "bookingid": 4506
    },
    {
        "bookingid": 4756
    },
    {
        "bookingid": 5184
    },
    {
        "bookingid": 5468
    },
    {
        "bookingid": 4585
    },
    {
        "bookingid": 66
    },
    {
        "bookingid": 1895
    },
    {
        "bookingid": 823
    },
    {
        "bookingid": 380
    },
    {
        "bookingid": 3165
    },
    {
        "bookingid": 2175
    },
    {
        "bookingid": 2821
    },
    {
        "bookingid": 3322
    },
    {
        "bookingid": 428
    },
    {
        "bookingid": 4047
    },
    {
        "bookingid": 870
    },
    {
        "bookingid": 1040
    },
    {
        "bookingid": 4668
    },
    {
        "bookingid": 2154
    },
    {
        "bookingid": 2030
    },
    {
        "bookingid": 803
    },
    {
        "bookingid": 2722
    },
    {
        "bookingid": 1762
    },
    {
        "bookingid": 3291
    },
    {
        "bookingid": 5249
    },
    {
        "bookingid": 2215
    },
    {
        "bookingid": 4030
    },
    {
        "bookingid": 514
    },
    {
        "bookingid": 1577
    },
    {
        "bookingid": 279
    },
    {
        "bookingid": 466
    },
    {
        "bookingid": 3541
    },
    {
        "bookingid": 3637
    },
    {
        "bookingid": 4516
    },
    {
        "bookingid": 3772
    },
    {
        "bookingid": 2965
    },
    {
        "bookingid": 867
    },
    {
        "bookingid": 3858
    },
    {
        "bookingid": 4053
    },
    {
        "bookingid": 839
    },
    {
        "bookingid": 2578
    },
    {
        "bookingid": 3718
    },
    {
        "bookingid": 44
    },
    {
        "bookingid": 5001
    },
    {
        "bookingid": 1281
    },
    {
        "bookingid": 1244
    },
    {
        "bookingid": 1358
    },
    {
        "bookingid": 5433
    },
    {
        "bookingid": 1351
    },
    {
        "bookingid": 4988
    },
    {
        "bookingid": 3177
    },
    {
        "bookingid": 3537
    },
    {
        "bookingid": 4560
    },
    {
        "bookingid": 5221
    },
    {
        "bookingid": 3345
    },
    {
        "bookingid": 4771
    },
    {
        "bookingid": 106
    },
    {
        "bookingid": 4639
    },
    {
        "bookingid": 11
    },
    {
        "bookingid": 2822
    },
    {
        "bookingid": 2348
    },
    {
        "bookingid": 3783
    },
    {
        "bookingid": 2385
    },
    {
        "bookingid": 3004
    },
    {
        "bookingid": 2073
    },
    {
        "bookingid": 4261
    },
    {
        "bookingid": 4842
    },
    {
        "bookingid": 4673
    },
    {
        "bookingid": 491
    },
    {
        "bookingid": 801
    },
    {
        "bookingid": 5188
    },
    {
        "bookingid": 5363
    },
    {
        "bookingid": 4430
    },
    {
        "bookingid": 4725
    },
    {
        "bookingid": 3355
    },
    {
        "bookingid": 1627
    },
    {
        "bookingid": 313
    },
    {
        "bookingid": 4887
    },
    {
        "bookingid": 3410
    },
    {
        "bookingid": 4185
    },
    {
        "bookingid": 4577
    },
    {
        "bookingid": 4816
    },
    {
        "bookingid": 5163
    },
    {
        "bookingid": 665
    },
    {
        "bookingid": 5024
    },
    {
        "bookingid": 1638
    },
    {
        "bookingid": 2601
    },
    {
        "bookingid": 1918
    },
    {
        "bookingid": 467
    },
    {
        "bookingid": 3107
    },
    {
        "bookingid": 4396
    },
    {
        "bookingid": 5140
    },
    {
        "bookingid": 3136
    },
    {
        "bookingid": 3835
    },
    {
        "bookingid": 3005
    },
    {
        "bookingid": 1808
    },
    {
        "bookingid": 4454
    },
    {
        "bookingid": 3978
    },
    {
        "bookingid": 2731
    },
    {
        "bookingid": 2330
    },
    {
        "bookingid": 4960
    },
    {
        "bookingid": 5384
    },
    {
        "bookingid": 4778
    },
    {
        "bookingid": 2509
    },
    {
        "bookingid": 2189
    },
    {
        "bookingid": 1002
    },
    {
        "bookingid": 3990
    },
    {
        "bookingid": 374
    },
    {
        "bookingid": 1813
    },
    {
        "bookingid": 180
    },
    {
        "bookingid": 3271
    },
    {
        "bookingid": 3478
    },
    {
        "bookingid": 3623
    },
    {
        "bookingid": 1235
    },
    {
        "bookingid": 1931
    },
    {
        "bookingid": 1273
    },
    {
        "bookingid": 977
    },
    {
        "bookingid": 3908
    },
    {
        "bookingid": 3236
    },
    {
        "bookingid": 3601
    },
    {
        "bookingid": 2221
    },
    {
        "bookingid": 3737
    },
    {
        "bookingid": 5262
    },
    {
        "bookingid": 2590
    },
    {
        "bookingid": 2580
    },
    {
        "bookingid": 1999
    },
    {
        "bookingid": 3085
    },
    {
        "bookingid": 5256
    },
    {
        "bookingid": 2271
    },
    {
        "bookingid": 78
    },
    {
        "bookingid": 4417
    },
    {
        "bookingid": 1010
    },
    {
        "bookingid": 2460
    },
    {
        "bookingid": 3075
    },
    {
        "bookingid": 2595
    },
    {
        "bookingid": 3716
    },
    {
        "bookingid": 2288
    },
    {
        "bookingid": 2915
    },
    {
        "bookingid": 3109
    },
    {
        "bookingid": 3451
    },
    {
        "bookingid": 4777
    },
    {
        "bookingid": 1277
    },
    {
        "bookingid": 1138
    },
    {
        "bookingid": 2926
    },
    {
        "bookingid": 456
    },
    {
        "bookingid": 4584
    },
    {
        "bookingid": 725
    },
    {
        "bookingid": 1164
    },
    {
        "bookingid": 2812
    },
    {
        "bookingid": 4313
    },
    {
        "bookingid": 1448
    },
    {
        "bookingid": 2844
    },
    {
        "bookingid": 4650
    },
    {
        "bookingid": 954
    },
    {
        "bookingid": 3255
    },
    {
        "bookingid": 4074
    },
    {
        "bookingid": 3056
    },
    {
        "bookingid": 5176
    },
    {
        "bookingid": 2378
    },
    {
        "bookingid": 4953
    },
    {
        "bookingid": 5327
    },
    {
        "bookingid": 1371
    },
    {
        "bookingid": 3852
    },
    {
        "bookingid": 4905
    },
    {
        "bookingid": 1684
    },
    {
        "bookingid": 4620
    },
    {
        "bookingid": 5218
    },
    {
        "bookingid": 1619
    },
    {
        "bookingid": 2149
    },
    {
        "bookingid": 2695
    },
    {
        "bookingid": 5291
    },
    {
        "bookingid": 975
    },
    {
        "bookingid": 2999
    },
    {
        "bookingid": 3614
    },
    {
        "bookingid": 1397
    },
    {
        "bookingid": 1851
    },
    {
        "bookingid": 1661
    },
    {
        "bookingid": 908
    },
    {
        "bookingid": 2150
    },
    {
        "bookingid": 4486
    },
    {
        "bookingid": 4248
    },
    {
        "bookingid": 211
    },
    {
        "bookingid": 5053
    },
    {
        "bookingid": 4745
    },
    {
        "bookingid": 3031
    },
    {
        "bookingid": 3954
    },
    {
        "bookingid": 3300
    },
    {
        "bookingid": 1864
    },
    {
        "bookingid": 4755
    },
    {
        "bookingid": 1384
    },
    {
        "bookingid": 169
    },
    {
        "bookingid": 4536
    },
    {
        "bookingid": 524
    },
    {
        "bookingid": 3151
    },
    {
        "bookingid": 549
    },
    {
        "bookingid": 2908
    },
    {
        "bookingid": 384
    },
    {
        "bookingid": 890
    },
    {
        "bookingid": 4017
    },
    {
        "bookingid": 987
    },
    {
        "bookingid": 1390
    },
    {
        "bookingid": 4478
    },
    {
        "bookingid": 2229
    },
    {
        "bookingid": 1230
    },
    {
        "bookingid": 3588
    },
    {
        "bookingid": 4657
    },
    {
        "bookingid": 5085
    },
    {
        "bookingid": 5350
    },
    {
        "bookingid": 2950
    },
    {
        "bookingid": 3918
    },
    {
        "bookingid": 2152
    },
    {
        "bookingid": 4930
    },
    {
        "bookingid": 2938
    },
    {
        "bookingid": 1194
    },
    {
        "bookingid": 3655
    },
    {
        "bookingid": 2800
    },
    {
        "bookingid": 4380
    },
    {
        "bookingid": 4004
    },
    {
        "bookingid": 2975
    },
    {
        "bookingid": 178
    },
    {
        "bookingid": 4188
    },
    {
        "bookingid": 3627
    },
    {
        "bookingid": 200
    },
    {
        "bookingid": 593
    },
    {
        "bookingid": 2992
    },
    {
        "bookingid": 1825
    },
    {
        "bookingid": 4896
    },
    {
        "bookingid": 4266
    },
    {
        "bookingid": 600
    },
    {
        "bookingid": 926
    },
    {
        "bookingid": 3280
    },
    {
        "bookingid": 3625
    },
    {
        "bookingid": 1669
    },
    {
        "bookingid": 1565
    },
    {
        "bookingid": 3341
    },
    {
        "bookingid": 3912
    },
    {
        "bookingid": 5230
    },
    {
        "bookingid": 2633
    },
    {
        "bookingid": 4710
    },
    {
        "bookingid": 2647
    },
    {
        "bookingid": 1708
    },
    {
        "bookingid": 2019
    },
    {
        "bookingid": 4449
    },
    {
        "bookingid": 2132
    },
    {
        "bookingid": 2197
    },
    {
        "bookingid": 1724
    },
    {
        "bookingid": 1786
    },
    {
        "bookingid": 1373
    },
    {
        "bookingid": 4926
    },
    {
        "bookingid": 2897
    },
    {
        "bookingid": 2983
    },
    {
        "bookingid": 1631
    },
    {
        "bookingid": 1537
    },
    {
        "bookingid": 3394
    },
    {
        "bookingid": 1283
    },
    {
        "bookingid": 1095
    },
    {
        "bookingid": 5271
    },
    {
        "bookingid": 539
    },
    {
        "bookingid": 878
    },
    {
        "bookingid": 2830
    },
    {
        "bookingid": 4095
    },
    {
        "bookingid": 121
    },
    {
        "bookingid": 4785
    },
    {
        "bookingid": 1963
    },
    {
        "bookingid": 5443
    },
    {
        "bookingid": 340
    },
    {
        "bookingid": 2858
    },
    {
        "bookingid": 5340
    },
    {
        "bookingid": 4883
    },
    {
        "bookingid": 5303
    },
    {
        "bookingid": 2931
    },
    {
        "bookingid": 4962
    },
    {
        "bookingid": 1911
    },
    {
        "bookingid": 4324
    },
    {
        "bookingid": 349
    },
    {
        "bookingid": 2100
    },
    {
        "bookingid": 5304
    },
    {
        "bookingid": 1514
    },
    {
        "bookingid": 4459
    },
    {
        "bookingid": 3007
    },
    {
        "bookingid": 2625
    },
    {
        "bookingid": 5030
    },
    {
        "bookingid": 3070
    },
    {
        "bookingid": 4618
    },
    {
        "bookingid": 4594
    },
    {
        "bookingid": 204
    },
    {
        "bookingid": 671
    },
    {
        "bookingid": 1278
    },
    {
        "bookingid": 2753
    },
    {
        "bookingid": 3886
    },
    {
        "bookingid": 5263
    },
    {
        "bookingid": 4239
    },
    {
        "bookingid": 1403
    },
    {
        "bookingid": 4453
    },
    {
        "bookingid": 3188
    },
    {
        "bookingid": 2305
    },
    {
        "bookingid": 1493
    },
    {
        "bookingid": 667
    },
    {
        "bookingid": 2589
    },
    {
        "bookingid": 4460
    },
    {
        "bookingid": 2068
    },
    {
        "bookingid": 2497
    },
    {
        "bookingid": 1770
    },
    {
        "bookingid": 4979
    },
    {
        "bookingid": 1338
    },
    {
        "bookingid": 2862
    },
    {
        "bookingid": 530
    },
    {
        "bookingid": 2134
    },
    {
        "bookingid": 3690
    },
    {
        "bookingid": 2973
    },
    {
        "bookingid": 3159
    },
    {
        "bookingid": 2441
    },
    {
        "bookingid": 3505
    },
    {
        "bookingid": 673
    },
    {
        "bookingid": 2416
    },
    {
        "bookingid": 1520
    },
    {
        "bookingid": 4455
    },
    {
        "bookingid": 2266
    },
    {
        "bookingid": 173
    },
    {
        "bookingid": 620
    },
    {
        "bookingid": 1560
    },
    {
        "bookingid": 3728
    },
    {
        "bookingid": 4799
    },
    {
        "bookingid": 2454
    },
    {
        "bookingid": 3008
    },
    {
        "bookingid": 4347
    },
    {
        "bookingid": 2202
    },
    {
        "bookingid": 4373
    },
    {
        "bookingid": 238
    },
    {
        "bookingid": 3869
    },
    {
        "bookingid": 1150
    },
    {
        "bookingid": 721
    },
    {
        "bookingid": 3348
    },
    {
        "bookingid": 630
    },
    {
        "bookingid": 261
    },
    {
        "bookingid": 28
    },
    {
        "bookingid": 1945
    },
    {
        "bookingid": 3582
    },
    {
        "bookingid": 959
    },
    {
        "bookingid": 863
    },
    {
        "bookingid": 5479
    },
    {
        "bookingid": 3212
    },
    {
        "bookingid": 1200
    },
    {
        "bookingid": 5124
    },
    {
        "bookingid": 1487
    },
    {
        "bookingid": 3555
    },
    {
        "bookingid": 5171
    },
    {
        "bookingid": 4760
    },
    {
        "bookingid": 4415
    },
    {
        "bookingid": 3615
    },
    {
        "bookingid": 1872
    },
    {
        "bookingid": 2045
    },
    {
        "bookingid": 2059
    },
    {
        "bookingid": 1249
    },
    {
        "bookingid": 1383
    },
    {
        "bookingid": 419
    },
    {
        "bookingid": 5009
    },
    {
        "bookingid": 3996
    },
    {
        "bookingid": 1247
    },
    {
        "bookingid": 4431
    },
    {
        "bookingid": 4018
    },
    {
        "bookingid": 3314
    },
    {
        "bookingid": 2326
    },
    {
        "bookingid": 5089
    },
    {
        "bookingid": 3674
    },
    {
        "bookingid": 2168
    },
    {
        "bookingid": 2712
    },
    {
        "bookingid": 5081
    },
    {
        "bookingid": 454
    },
    {
        "bookingid": 624
    },
    {
        "bookingid": 5196
    },
    {
        "bookingid": 2039
    },
    {
        "bookingid": 45
    },
    {
        "bookingid": 3820
    },
    {
        "bookingid": 3295
    },
    {
        "bookingid": 3127
    },
    {
        "bookingid": 1440
    },
    {
        "bookingid": 1345
    },
    {
        "bookingid": 4902
    },
    {
        "bookingid": 4331
    },
    {
        "bookingid": 2535
    },
    {
        "bookingid": 2831
    },
    {
        "bookingid": 4811
    },
    {
        "bookingid": 56
    },
    {
        "bookingid": 2910
    },
    {
        "bookingid": 2859
    },
    {
        "bookingid": 172
    },
    {
        "bookingid": 3709
    },
    {
        "bookingid": 5379
    },
    {
        "bookingid": 4837
    },
    {
        "bookingid": 3612
    },
    {
        "bookingid": 1391
    },
    {
        "bookingid": 5136
    },
    {
        "bookingid": 936
    },
    {
        "bookingid": 4257
    },
    {
        "bookingid": 470
    },
    {
        "bookingid": 5074
    },
    {
        "bookingid": 4995
    },
    {
        "bookingid": 1580
    },
    {
        "bookingid": 851
    },
    {
        "bookingid": 110
    },
    {
        "bookingid": 4993
    },
    {
        "bookingid": 2995
    },
    {
        "bookingid": 2924
    },
    {
        "bookingid": 1056
    },
    {
        "bookingid": 3363
    },
    {
        "bookingid": 5242
    },
    {
        "bookingid": 2754
    },
    {
        "bookingid": 167
    },
    {
        "bookingid": 294
    },
    {
        "bookingid": 4624
    },
    {
        "bookingid": 4767
    },
    {
        "bookingid": 4489
    },
    {
        "bookingid": 4049
    },
    {
        "bookingid": 2114
    },
    {
        "bookingid": 333
    },
    {
        "bookingid": 4330
    },
    {
        "bookingid": 2555
    },
    {
        "bookingid": 2736
    },
    {
        "bookingid": 4251
    },
    {
        "bookingid": 1257
    },
    {
        "bookingid": 2333
    },
    {
        "bookingid": 318
    },
    {
        "bookingid": 1087
    },
    {
        "bookingid": 4487
    },
    {
        "bookingid": 4059
    },
    {
        "bookingid": 1697
    },
    {
        "bookingid": 404
    },
    {
        "bookingid": 3884
    },
    {
        "bookingid": 5004
    },
    {
        "bookingid": 2701
    },
    {
        "bookingid": 8
    },
    {
        "bookingid": 5424
    },
    {
        "bookingid": 4168
    },
    {
        "bookingid": 3122
    },
    {
        "bookingid": 3203
    },
    {
        "bookingid": 1050
    },
    {
        "bookingid": 818
    },
    {
        "bookingid": 2815
    },
    {
        "bookingid": 3294
    },
    {
        "bookingid": 80
    },
    {
        "bookingid": 447
    },
    {
        "bookingid": 5278
    },
    {
        "bookingid": 3531
    },
    {
        "bookingid": 2751
    },
    {
        "bookingid": 1754
    },
    {
        "bookingid": 4956
    },
    {
        "bookingid": 4349
    },
    {
        "bookingid": 4987
    },
    {
        "bookingid": 4679
    },
    {
        "bookingid": 2094
    },
    {
        "bookingid": 4040
    },
    {
        "bookingid": 4241
    },
    {
        "bookingid": 2239
    },
    {
        "bookingid": 4104
    },
    {
        "bookingid": 2574
    },
    {
        "bookingid": 4917
    },
    {
        "bookingid": 55
    },
    {
        "bookingid": 1822
    },
    {
        "bookingid": 4354
    },
    {
        "bookingid": 3806
    },
    {
        "bookingid": 5310
    },
    {
        "bookingid": 343
    },
    {
        "bookingid": 3320
    },
    {
        "bookingid": 2089
    },
    {
        "bookingid": 1971
    },
    {
        "bookingid": 3164
    },
    {
        "bookingid": 5407
    },
    {
        "bookingid": 4546
    },
    {
        "bookingid": 2088
    },
    {
        "bookingid": 3356
    },
    {
        "bookingid": 1022
    },
    {
        "bookingid": 283
    },
    {
        "bookingid": 3960
    },
    {
        "bookingid": 4112
    },
    {
        "bookingid": 2358
    },
    {
        "bookingid": 1523
    },
    {
        "bookingid": 145
    },
    {
        "bookingid": 1082
    },
    {
        "bookingid": 4351
    },
    {
        "bookingid": 5412
    },
    {
        "bookingid": 597
    },
    {
        "bookingid": 5207
    },
    {
        "bookingid": 1639
    },
    {
        "bookingid": 5054
    },
    {
        "bookingid": 509
    },
    {
        "bookingid": 2014
    },
    {
        "bookingid": 2155
    },
    {
        "bookingid": 1035
    },
    {
        "bookingid": 4758
    },
    {
        "bookingid": 2032
    },
    {
        "bookingid": 3050
    },
    {
        "bookingid": 1073
    },
    {
        "bookingid": 35
    },
    {
        "bookingid": 3799
    },
    {
        "bookingid": 2802
    },
    {
        "bookingid": 3916
    },
    {
        "bookingid": 1735
    },
    {
        "bookingid": 1388
    },
    {
        "bookingid": 3060
    },
    {
        "bookingid": 4451
    },
    {
        "bookingid": 3561
    },
    {
        "bookingid": 2866
    },
    {
        "bookingid": 4691
    },
    {
        "bookingid": 3483
    },
    {
        "bookingid": 3617
    },
    {
        "bookingid": 2727
    },
    {
        "bookingid": 1361
    },
    {
        "bookingid": 2528
    },
    {
        "bookingid": 5061
    },
    {
        "bookingid": 5138
    },
    {
        "bookingid": 3654
    },
    {
        "bookingid": 1137
    },
    {
        "bookingid": 3782
    },
    {
        "bookingid": 1081
    },
    {
        "bookingid": 2959
    },
    {
        "bookingid": 2472
    },
    {
        "bookingid": 1208
    },
    {
        "bookingid": 2414
    },
    {
        "bookingid": 3185
    },
    {
        "bookingid": 1299
    },
    {
        "bookingid": 1818
    },
    {
        "bookingid": 2126
    },
    {
        "bookingid": 758
    },
    {
        "bookingid": 3144
    },
    {
        "bookingid": 2188
    },
    {
        "bookingid": 3282
    },
    {
        "bookingid": 996
    },
    {
        "bookingid": 3814
    },
    {
        "bookingid": 568
    },
    {
        "bookingid": 2240
    },
    {
        "bookingid": 3465
    },
    {
        "bookingid": 902
    },
    {
        "bookingid": 1715
    },
    {
        "bookingid": 2298
    },
    {
        "bookingid": 4625
    },
    {
        "bookingid": 3759
    },
    {
        "bookingid": 4143
    },
    {
        "bookingid": 3265
    },
    {
        "bookingid": 3183
    },
    {
        "bookingid": 4412
    },
    {
        "bookingid": 536
    },
    {
        "bookingid": 4490
    },
    {
        "bookingid": 3113
    },
    {
        "bookingid": 2720
    },
    {
        "bookingid": 5234
    },
    {
        "bookingid": 1103
    },
    {
        "bookingid": 5099
    },
    {
        "bookingid": 3206
    },
    {
        "bookingid": 3586
    },
    {
        "bookingid": 510
    },
    {
        "bookingid": 4148
    },
    {
        "bookingid": 1101
    },
    {
        "bookingid": 2577
    },
    {
        "bookingid": 4508
    },
    {
        "bookingid": 5367
    },
    {
        "bookingid": 4951
    },
    {
        "bookingid": 945
    },
    {
        "bookingid": 1834
    },
    {
        "bookingid": 5509
    },
    {
        "bookingid": 970
    },
    {
        "bookingid": 2749
    },
    {
        "bookingid": 2055
    },
    {
        "bookingid": 3239
    },
    {
        "bookingid": 3376
    },
    {
        "bookingid": 2096
    },
    {
        "bookingid": 31
    },
    {
        "bookingid": 5014
    },
    {
        "bookingid": 4782
    },
    {
        "bookingid": 5293
    },
    {
        "bookingid": 3432
    },
    {
        "bookingid": 4413
    },
    {
        "bookingid": 2071
    },
    {
        "bookingid": 2850
    },
    {
        "bookingid": 2818
    },
    {
        "bookingid": 2282
    },
    {
        "bookingid": 1019
    },
    {
        "bookingid": 1866
    },
    {
        "bookingid": 77
    },
    {
        "bookingid": 205
    },
    {
        "bookingid": 4880
    },
    {
        "bookingid": 3525
    },
    {
        "bookingid": 74
    },
    {
        "bookingid": 2893
    },
    {
        "bookingid": 5241
    },
    {
        "bookingid": 4963
    },
    {
        "bookingid": 690
    },
    {
        "bookingid": 303
    },
    {
        "bookingid": 3234
    },
    {
        "bookingid": 1527
    },
    {
        "bookingid": 1555
    },
    {
        "bookingid": 1689
    },
    {
        "bookingid": 179
    },
    {
        "bookingid": 4796
    },
    {
        "bookingid": 4545
    },
    {
        "bookingid": 4225
    },
    {
        "bookingid": 1066
    },
    {
        "bookingid": 119
    },
    {
        "bookingid": 591
    },
    {
        "bookingid": 4914
    },
    {
        "bookingid": 4086
    },
    {
        "bookingid": 1711
    },
    {
        "bookingid": 5480
    },
    {
        "bookingid": 1658
    },
    {
        "bookingid": 3263
    },
    {
        "bookingid": 507
    },
    {
        "bookingid": 3339
    },
    {
        "bookingid": 4319
    },
    {
        "bookingid": 1984
    },
    {
        "bookingid": 2062
    },
    {
        "bookingid": 235
    },
    {
        "bookingid": 4162
    },
    {
        "bookingid": 689
    },
    {
        "bookingid": 3182
    },
    {
        "bookingid": 813
    },
    {
        "bookingid": 3444
    },
    {
        "bookingid": 3660
    },
    {
        "bookingid": 1184
    },
    {
        "bookingid": 4472
    },
    {
        "bookingid": 1264
    },
    {
        "bookingid": 1486
    },
    {
        "bookingid": 4457
    },
    {
        "bookingid": 4911
    },
    {
        "bookingid": 3715
    },
    {
        "bookingid": 3724
    },
    {
        "bookingid": 1521
    },
    {
        "bookingid": 2465
    },
    {
        "bookingid": 3063
    },
    {
        "bookingid": 4389
    },
    {
        "bookingid": 4003
    },
    {
        "bookingid": 1840
    },
    {
        "bookingid": 2617
    },
    {
        "bookingid": 2571
    },
    {
        "bookingid": 3915
    },
    {
        "bookingid": 1633
    },
    {
        "bookingid": 1550
    },
    {
        "bookingid": 3194
    },
    {
        "bookingid": 2887
    },
    {
        "bookingid": 3554
    },
    {
        "bookingid": 4644
    },
    {
        "bookingid": 4107
    },
    {
        "bookingid": 4036
    },
    {
        "bookingid": 60
    },
    {
        "bookingid": 2857
    },
    {
        "bookingid": 2843
    },
    {
        "bookingid": 3925
    },
    {
        "bookingid": 923
    },
    {
        "bookingid": 1008
    },
    {
        "bookingid": 2906
    },
    {
        "bookingid": 4132
    },
    {
        "bookingid": 3069
    },
    {
        "bookingid": 898
    },
    {
        "bookingid": 4869
    },
    {
        "bookingid": 4595
    },
    {
        "bookingid": 3642
    },
    {
        "bookingid": 4033
    },
    {
        "bookingid": 847
    },
    {
        "bookingid": 4027
    },
    {
        "bookingid": 3559
    },
    {
        "bookingid": 3321
    },
    {
        "bookingid": 4875
    },
    {
        "bookingid": 362
    },
    {
        "bookingid": 1078
    },
    {
        "bookingid": 3304
    },
    {
        "bookingid": 1980
    },
    {
        "bookingid": 3086
    },
    {
        "bookingid": 2367
    },
    {
        "bookingid": 396
    },
    {
        "bookingid": 5194
    },
    {
        "bookingid": 1167
    },
    {
        "bookingid": 1941
    },
    {
        "bookingid": 1113
    },
    {
        "bookingid": 3456
    },
    {
        "bookingid": 69
    },
    {
        "bookingid": 4326
    },
    {
        "bookingid": 3241
    },
    {
        "bookingid": 3092
    },
    {
        "bookingid": 930
    },
    {
        "bookingid": 3885
    },
    {
        "bookingid": 234
    },
    {
        "bookingid": 335
    },
    {
        "bookingid": 2654
    },
    {
        "bookingid": 4023
    },
    {
        "bookingid": 2993
    },
    {
        "bookingid": 3288
    },
    {
        "bookingid": 5313
    },
    {
        "bookingid": 1554
    },
    {
        "bookingid": 1893
    },
    {
        "bookingid": 3277
    },
    {
        "bookingid": 54
    },
    {
        "bookingid": 2448
    },
    {
        "bookingid": 3632
    },
    {
        "bookingid": 1430
    },
    {
        "bookingid": 473
    },
    {
        "bookingid": 1739
    },
    {
        "bookingid": 1492
    },
    {
        "bookingid": 3789
    },
    {
        "bookingid": 150
    },
    {
        "bookingid": 3053
    },
    {
        "bookingid": 4233
    },
    {
        "bookingid": 1178
    },
    {
        "bookingid": 3998
    },
    {
        "bookingid": 3377
    },
    {
        "bookingid": 1587
    },
    {
        "bookingid": 3879
    },
    {
        "bookingid": 3701
    },
    {
        "bookingid": 5519
    },
    {
        "bookingid": 415
    },
    {
        "bookingid": 4096
    },
    {
        "bookingid": 4520
    },
    {
        "bookingid": 1011
    },
    {
        "bookingid": 2067
    },
    {
        "bookingid": 1536
    },
    {
        "bookingid": 141
    },
    {
        "bookingid": 2236
    },
    {
        "bookingid": 3683
    },
    {
        "bookingid": 1841
    },
    {
        "bookingid": 2827
    },
    {
        "bookingid": 693
    },
    {
        "bookingid": 4892
    },
    {
        "bookingid": 2281
    },
    {
        "bookingid": 1499
    },
    {
        "bookingid": 3668
    },
    {
        "bookingid": 3139
    },
    {
        "bookingid": 3116
    },
    {
        "bookingid": 3743
    },
    {
        "bookingid": 576
    },
    {
        "bookingid": 573
    },
    {
        "bookingid": 1601
    },
    {
        "bookingid": 305
    },
    {
        "bookingid": 3696
    },
    {
        "bookingid": 253
    },
    {
        "bookingid": 2768
    },
    {
        "bookingid": 2392
    },
    {
        "bookingid": 3420
    },
    {
        "bookingid": 3774
    },
    {
        "bookingid": 770
    },
    {
        "bookingid": 464
    },
    {
        "bookingid": 1584
    },
    {
        "bookingid": 5416
    },
    {
        "bookingid": 2471
    },
    {
        "bookingid": 290
    },
    {
        "bookingid": 4640
    },
    {
        "bookingid": 2961
    },
    {
        "bookingid": 2739
    },
    {
        "bookingid": 4553
    },
    {
        "bookingid": 1814
    },
    {
        "bookingid": 4218
    },
    {
        "bookingid": 1944
    },
    {
        "bookingid": 4338
    },
    {
        "bookingid": 5272
    },
    {
        "bookingid": 5377
    },
    {
        "bookingid": 341
    },
    {
        "bookingid": 4958
    },
    {
        "bookingid": 1998
    },
    {
        "bookingid": 4101
    },
    {
        "bookingid": 4282
    },
    {
        "bookingid": 1772
    },
    {
        "bookingid": 3846
    },
    {
        "bookingid": 381
    },
    {
        "bookingid": 4870
    },
    {
        "bookingid": 4202
    },
    {
        "bookingid": 696
    },
    {
        "bookingid": 426
    },
    {
        "bookingid": 4315
    },
    {
        "bookingid": 1653
    },
    {
        "bookingid": 1977
    },
    {
        "bookingid": 4977
    },
    {
        "bookingid": 2262
    },
    {
        "bookingid": 2784
    },
    {
        "bookingid": 2029
    },
    {
        "bookingid": 2084
    },
    {
        "bookingid": 2015
    },
    {
        "bookingid": 5354
    },
    {
        "bookingid": 4240
    },
    {
        "bookingid": 585
    },
    {
        "bookingid": 5103
    },
    {
        "bookingid": 925
    },
    {
        "bookingid": 3547
    },
    {
        "bookingid": 2020
    },
    {
        "bookingid": 5316
    },
    {
        "bookingid": 2098
    },
    {
        "bookingid": 1144
    },
    {
        "bookingid": 1143
    },
    {
        "bookingid": 2620
    },
    {
        "bookingid": 2752
    },
    {
        "bookingid": 3268
    },
    {
        "bookingid": 909
    },
    {
        "bookingid": 1269
    },
    {
        "bookingid": 1107
    },
    {
        "bookingid": 4423
    },
    {
        "bookingid": 2324
    },
    {
        "bookingid": 386
    },
    {
        "bookingid": 1832
    },
    {
        "bookingid": 2397
    },
    {
        "bookingid": 614
    },
    {
        "bookingid": 3658
    },
    {
        "bookingid": 832
    },
    {
        "bookingid": 2566
    },
    {
        "bookingid": 1768
    },
    {
        "bookingid": 5070
    },
    {
        "bookingid": 3419
    },
    {
        "bookingid": 5454
    },
    {
        "bookingid": 3723
    },
    {
        "bookingid": 4980
    },
    {
        "bookingid": 2138
    },
    {
        "bookingid": 2912
    },
    {
        "bookingid": 1032
    },
    {
        "bookingid": 2253
    },
    {
        "bookingid": 3708
    },
    {
        "bookingid": 176
    },
    {
        "bookingid": 4866
    },
    {
        "bookingid": 771
    },
    {
        "bookingid": 1680
    },
    {
        "bookingid": 5016
    },
    {
        "bookingid": 1158
    },
    {
        "bookingid": 4621
    },
    {
        "bookingid": 1057
    },
    {
        "bookingid": 4316
    },
    {
        "bookingid": 989
    },
    {
        "bookingid": 812
    },
    {
        "bookingid": 3933
    },
    {
        "bookingid": 4554
    },
    {
        "bookingid": 4967
    },
    {
        "bookingid": 1420
    },
    {
        "bookingid": 2849
    },
    {
        "bookingid": 5233
    },
    {
        "bookingid": 2101
    },
    {
        "bookingid": 780
    },
    {
        "bookingid": 5052
    },
    {
        "bookingid": 1400
    },
    {
        "bookingid": 3138
    },
    {
        "bookingid": 50
    },
    {
        "bookingid": 99
    },
    {
        "bookingid": 134
    },
    {
        "bookingid": 486
    },
    {
        "bookingid": 1569
    },
    {
        "bookingid": 4858
    },
    {
        "bookingid": 3976
    },
    {
        "bookingid": 181
    },
    {
        "bookingid": 1094
    },
    {
        "bookingid": 4805
    },
    {
        "bookingid": 4997
    },
    {
        "bookingid": 2572
    },
    {
        "bookingid": 2707
    },
    {
        "bookingid": 1693
    },
    {
        "bookingid": 3362
    },
    {
        "bookingid": 3507
    },
    {
        "bookingid": 1238
    },
    {
        "bookingid": 2623
    },
    {
        "bookingid": 3315
    },
    {
        "bookingid": 4275
    },
    {
        "bookingid": 4014
    },
    {
        "bookingid": 571
    },
    {
        "bookingid": 1830
    },
    {
        "bookingid": 1942
    },
    {
        "bookingid": 4210
    },
    {
        "bookingid": 1069
    },
    {
        "bookingid": 1166
    },
    {
        "bookingid": 5211
    },
    {
        "bookingid": 3016
    },
    {
        "bookingid": 5217
    },
    {
        "bookingid": 647
    },
    {
        "bookingid": 981
    },
    {
        "bookingid": 749
    },
    {
        "bookingid": 3247
    },
    {
        "bookingid": 2773
    },
    {
        "bookingid": 4441
    },
    {
        "bookingid": 3829
    },
    {
        "bookingid": 4836
    },
    {
        "bookingid": 2291
    },
    {
        "bookingid": 5139
    },
    {
        "bookingid": 5046
    },
    {
        "bookingid": 4048
    },
    {
        "bookingid": 3112
    },
    {
        "bookingid": 2532
    },
    {
        "bookingid": 2579
    },
    {
        "bookingid": 4425
    },
    {
        "bookingid": 4749
    },
    {
        "bookingid": 2408
    },
    {
        "bookingid": 1461
    },
    {
        "bookingid": 3303
    },
    {
        "bookingid": 4011
    },
    {
        "bookingid": 3035
    },
    {
        "bookingid": 116
    },
    {
        "bookingid": 2052
    },
    {
        "bookingid": 5055
    },
    {
        "bookingid": 3875
    },
    {
        "bookingid": 2187
    },
    {
        "bookingid": 1501
    },
    {
        "bookingid": 4159
    },
    {
        "bookingid": 4741
    },
    {
        "bookingid": 2764
    },
    {
        "bookingid": 4307
    },
    {
        "bookingid": 674
    },
    {
        "bookingid": 1172
    },
    {
        "bookingid": 2359
    },
    {
        "bookingid": 4790
    },
    {
        "bookingid": 4990
    },
    {
        "bookingid": 3301
    },
    {
        "bookingid": 4394
    },
    {
        "bookingid": 342
    },
    {
        "bookingid": 2107
    },
    {
        "bookingid": 1196
    },
    {
        "bookingid": 1933
    },
    {
        "bookingid": 2115
    },
    {
        "bookingid": 324
    },
    {
        "bookingid": 5175
    },
    {
        "bookingid": 3360
    },
    {
        "bookingid": 3014
    },
    {
        "bookingid": 5396
    },
    {
        "bookingid": 3748
    },
    {
        "bookingid": 4932
    },
    {
        "bookingid": 1671
    },
    {
        "bookingid": 378
    },
    {
        "bookingid": 1253
    },
    {
        "bookingid": 4627
    },
    {
        "bookingid": 5232
    },
    {
        "bookingid": 3714
    },
    {
        "bookingid": 1608
    },
    {
        "bookingid": 2614
    },
    {
        "bookingid": 2339
    },
    {
        "bookingid": 2781
    },
    {
        "bookingid": 3865
    },
    {
        "bookingid": 3600
    },
    {
        "bookingid": 5097
    },
    {
        "bookingid": 2637
    },
    {
        "bookingid": 1939
    },
    {
        "bookingid": 1574
    },
    {
        "bookingid": 98
    },
    {
        "bookingid": 4645
    },
    {
        "bookingid": 4697
    },
    {
        "bookingid": 3134
    },
    {
        "bookingid": 460
    },
    {
        "bookingid": 579
    },
    {
        "bookingid": 5306
    },
    {
        "bookingid": 5279
    },
    {
        "bookingid": 3198
    },
    {
        "bookingid": 4140
    },
    {
        "bookingid": 1209
    },
    {
        "bookingid": 1327
    },
    {
        "bookingid": 3224
    },
    {
        "bookingid": 4054
    },
    {
        "bookingid": 345
    },
    {
        "bookingid": 1317
    },
    {
        "bookingid": 3344
    },
    {
        "bookingid": 32
    },
    {
        "bookingid": 1041
    },
    {
        "bookingid": 2103
    },
    {
        "bookingid": 2600
    },
    {
        "bookingid": 2364
    },
    {
        "bookingid": 3921
    },
    {
        "bookingid": 5397
    },
    {
        "bookingid": 617
    },
    {
        "bookingid": 5423
    },
    {
        "bookingid": 4332
    },
    {
        "bookingid": 1688
    },
    {
        "bookingid": 2492
    },
    {
        "bookingid": 2765
    },
    {
        "bookingid": 556
    },
    {
        "bookingid": 379
    },
    {
        "bookingid": 4750
    },
    {
        "bookingid": 4846
    },
    {
        "bookingid": 686
    },
    {
        "bookingid": 4696
    },
    {
        "bookingid": 2272
    },
    {
        "bookingid": 225
    },
    {
        "bookingid": 4950
    },
    {
        "bookingid": 5064
    },
    {
        "bookingid": 3963
    },
    {
        "bookingid": 657
    },
    {
        "bookingid": 2412
    },
    {
        "bookingid": 4852
    },
    {
        "bookingid": 3221
    },
    {
        "bookingid": 5202
    },
    {
        "bookingid": 956
    },
    {
        "bookingid": 677
    },
    {
        "bookingid": 1422
    },
    {
        "bookingid": 3798
    },
    {
        "bookingid": 857
    },
    {
        "bookingid": 3487
    },
    {
        "bookingid": 1220
    },
    {
        "bookingid": 5323
    },
    {
        "bookingid": 4638
    },
    {
        "bookingid": 4462
    },
    {
        "bookingid": 43
    },
    {
        "bookingid": 1287
    },
    {
        "bookingid": 2671
    },
    {
        "bookingid": 5258
    },
    {
        "bookingid": 931
    },
    {
        "bookingid": 42
    },
    {
        "bookingid": 5435
    },
    {
        "bookingid": 523
    },
    {
        "bookingid": 4278
    },
    {
        "bookingid": 860
    },
    {
        "bookingid": 3888
    },
    {
        "bookingid": 887
    },
    {
        "bookingid": 3279
    },
    {
        "bookingid": 2077
    },
    {
        "bookingid": 3240
    },
    {
        "bookingid": 301
    },
    {
        "bookingid": 841
    },
    {
        "bookingid": 4072
    },
    {
        "bookingid": 5095
    },
    {
        "bookingid": 5179
    },
    {
        "bookingid": 4854
    },
    {
        "bookingid": 3317
    },
    {
        "bookingid": 3553
    },
    {
        "bookingid": 2244
    },
    {
        "bookingid": 3514
    },
    {
        "bookingid": 1983
    },
    {
        "bookingid": 3752
    },
    {
        "bookingid": 3773
    },
    {
        "bookingid": 3831
    },
    {
        "bookingid": 629
    },
    {
        "bookingid": 1757
    },
    {
        "bookingid": 5236
    },
    {
        "bookingid": 5408
    },
    {
        "bookingid": 2021
    },
    {
        "bookingid": 1401
    },
    {
        "bookingid": 2193
    },
    {
        "bookingid": 3037
    },
    {
        "bookingid": 3592
    },
    {
        "bookingid": 2814
    },
    {
        "bookingid": 3698
    },
    {
        "bookingid": 5274
    },
    {
        "bookingid": 2847
    },
    {
        "bookingid": 4952
    },
    {
        "bookingid": 4794
    },
    {
        "bookingid": 1251
    },
    {
        "bookingid": 732
    },
    {
        "bookingid": 635
    },
    {
        "bookingid": 4069
    },
    {
        "bookingid": 1106
    },
    {
        "bookingid": 4197
    },
    {
        "bookingid": 4864
    },
    {
        "bookingid": 1013
    },
    {
        "bookingid": 2108
    },
    {
        "bookingid": 809
    },
    {
        "bookingid": 794
    },
    {
        "bookingid": 3955
    },
    {
        "bookingid": 941
    },
    {
        "bookingid": 1007
    },
    {
        "bookingid": 636
    },
    {
        "bookingid": 4770
    },
    {
        "bookingid": 2932
    },
    {
        "bookingid": 3876
    },
    {
        "bookingid": 1532
    },
    {
        "bookingid": 911
    },
    {
        "bookingid": 4684
    },
    {
        "bookingid": 3834
    },
    {
        "bookingid": 3447
    },
    {
        "bookingid": 1636
    },
    {
        "bookingid": 3020
    },
    {
        "bookingid": 2342
    },
    {
        "bookingid": 3666
    },
    {
        "bookingid": 3435
    },
    {
        "bookingid": 3181
    },
    {
        "bookingid": 3000
    },
    {
        "bookingid": 4063
    },
    {
        "bookingid": 199
    },
    {
        "bookingid": 3073
    },
    {
        "bookingid": 3644
    },
    {
        "bookingid": 5517
    },
    {
        "bookingid": 1801
    },
    {
        "bookingid": 4057
    },
    {
        "bookingid": 1873
    },
    {
        "bookingid": 248
    },
    {
        "bookingid": 2403
    },
    {
        "bookingid": 5166
    },
    {
        "bookingid": 2477
    },
    {
        "bookingid": 5394
    },
    {
        "bookingid": 3971
    },
    {
        "bookingid": 3594
    },
    {
        "bookingid": 2611
    },
    {
        "bookingid": 2085
    },
    {
        "bookingid": 2356
    },
    {
        "bookingid": 3914
    },
    {
        "bookingid": 5063
    },
    {
        "bookingid": 2833
    },
    {
        "bookingid": 478
    },
    {
        "bookingid": 4098
    },
    {
        "bookingid": 5322
    },
    {
        "bookingid": 1511
    },
    {
        "bookingid": 919
    },
    {
        "bookingid": 4968
    },
    {
        "bookingid": 3560
    },
    {
        "bookingid": 281
    },
    {
        "bookingid": 4496
    },
    {
        "bookingid": 4114
    },
    {
        "bookingid": 4514
    },
    {
        "bookingid": 5130
    },
    {
        "bookingid": 1479
    },
    {
        "bookingid": 1298
    },
    {
        "bookingid": 4377
    },
    {
        "bookingid": 971
    },
    {
        "bookingid": 1029
    },
    {
        "bookingid": 3175
    },
    {
        "bookingid": 4194
    },
    {
        "bookingid": 3145
    },
    {
        "bookingid": 2782
    },
    {
        "bookingid": 525
    },
    {
        "bookingid": 1553
    },
    {
        "bookingid": 1995
    },
    {
        "bookingid": 2426
    },
    {
        "bookingid": 3370
    },
    {
        "bookingid": 5090
    },
    {
        "bookingid": 2758
    },
    {
        "bookingid": 3924
    },
    {
        "bookingid": 2998
    },
    {
        "bookingid": 5225
    },
    {
        "bookingid": 621
    },
    {
        "bookingid": 4800
    },
    {
        "bookingid": 1614
    },
    {
        "bookingid": 1460
    },
    {
        "bookingid": 4181
    },
    {
        "bookingid": 1546
    },
    {
        "bookingid": 3935
    },
    {
        "bookingid": 4863
    },
    {
        "bookingid": 1124
    },
    {
        "bookingid": 2496
    },
    {
        "bookingid": 2868
    },
    {
        "bookingid": 4312
    },
    {
        "bookingid": 4208
    },
    {
        "bookingid": 4463
    },
    {
        "bookingid": 114
    },
    {
        "bookingid": 1548
    },
    {
        "bookingid": 2398
    },
    {
        "bookingid": 3178
    },
    {
        "bookingid": 2276
    },
    {
        "bookingid": 2599
    },
    {
        "bookingid": 332
    },
    {
        "bookingid": 1026
    },
    {
        "bookingid": 3028
    },
    {
        "bookingid": 848
    },
    {
        "bookingid": 5481
    },
    {
        "bookingid": 3039
    },
    {
        "bookingid": 1947
    },
    {
        "bookingid": 1346
    },
    {
        "bookingid": 3513
    },
    {
        "bookingid": 763
    },
    {
        "bookingid": 3784
    },
    {
        "bookingid": 4200
    },
    {
        "bookingid": 1454
    },
    {
        "bookingid": 5083
    },
    {
        "bookingid": 4442
    },
    {
        "bookingid": 1117
    },
    {
        "bookingid": 5389
    },
    {
        "bookingid": 2874
    },
    {
        "bookingid": 3744
    },
    {
        "bookingid": 5375
    },
    {
        "bookingid": 4570
    },
    {
        "bookingid": 891
    },
    {
        "bookingid": 737
    },
    {
        "bookingid": 2808
    },
    {
        "bookingid": 928
    },
    {
        "bookingid": 2930
    },
    {
        "bookingid": 1874
    },
    {
        "bookingid": 915
    },
    {
        "bookingid": 3474
    },
    {
        "bookingid": 1990
    },
    {
        "bookingid": 3763
    },
    {
        "bookingid": 1326
    },
    {
        "bookingid": 5017
    },
    {
        "bookingid": 4418
    },
    {
        "bookingid": 1921
    },
    {
        "bookingid": 5170
    },
    {
        "bookingid": 2061
    },
    {
        "bookingid": 1491
    },
    {
        "bookingid": 3764
    },
    {
        "bookingid": 4652
    },
    {
        "bookingid": 1322
    },
    {
        "bookingid": 3371
    },
    {
        "bookingid": 2766
    },
    {
        "bookingid": 298
    },
    {
        "bookingid": 3951
    },
    {
        "bookingid": 1924
    },
    {
        "bookingid": 1567
    },
    {
        "bookingid": 4549
    },
    {
        "bookingid": 2777
    },
    {
        "bookingid": 2694
    },
    {
        "bookingid": 4776
    },
    {
        "bookingid": 570
    },
    {
        "bookingid": 3046
    },
    {
        "bookingid": 963
    },
    {
        "bookingid": 5132
    },
    {
        "bookingid": 4929
    },
    {
        "bookingid": 4851
    },
    {
        "bookingid": 1820
    },
    {
        "bookingid": 4924
    },
    {
        "bookingid": 402
    },
    {
        "bookingid": 3332
    },
    {
        "bookingid": 1452
    },
    {
        "bookingid": 1850
    },
    {
        "bookingid": 215
    },
    {
        "bookingid": 4032
    },
    {
        "bookingid": 1003
    },
    {
        "bookingid": 3583
    },
    {
        "bookingid": 4292
    },
    {
        "bookingid": 1706
    },
    {
        "bookingid": 4337
    },
    {
        "bookingid": 1869
    },
    {
        "bookingid": 5522
    },
    {
        "bookingid": 2379
    },
    {
        "bookingid": 1683
    },
    {
        "bookingid": 2760
    },
    {
        "bookingid": 1561
    },
    {
        "bookingid": 3855
    },
    {
        "bookingid": 4285
    },
    {
        "bookingid": 3572
    },
    {
        "bookingid": 3276
    },
    {
        "bookingid": 1176
    },
    {
        "bookingid": 999
    },
    {
        "bookingid": 3549
    },
    {
        "bookingid": 5205
    },
    {
        "bookingid": 4034
    },
    {
        "bookingid": 2389
    },
    {
        "bookingid": 641
    },
    {
        "bookingid": 2592
    },
    {
        "bookingid": 538
    },
    {
        "bookingid": 4552
    },
    {
        "bookingid": 3930
    },
    {
        "bookingid": 3414
    },
    {
        "bookingid": 2551
    },
    {
        "bookingid": 482
    },
    {
        "bookingid": 2837
    },
    {
        "bookingid": 2825
    },
    {
        "bookingid": 5043
    },
    {
        "bookingid": 162
    },
    {
        "bookingid": 1211
    },
    {
        "bookingid": 4383
    },
    {
        "bookingid": 2525
    },
    {
        "bookingid": 4177
    },
    {
        "bookingid": 893
    },
    {
        "bookingid": 275
    },
    {
        "bookingid": 4238
    },
    {
        "bookingid": 3791
    },
    {
        "bookingid": 5351
    },
    {
        "bookingid": 2257
    },
    {
        "bookingid": 1325
    },
    {
        "bookingid": 843
    },
    {
        "bookingid": 4341
    },
    {
        "bookingid": 852
    },
    {
        "bookingid": 1310
    },
    {
        "bookingid": 5512
    },
    {
        "bookingid": 875
    },
    {
        "bookingid": 565
    },
    {
        "bookingid": 1588
    },
    {
        "bookingid": 3991
    },
    {
        "bookingid": 5486
    },
    {
        "bookingid": 1291
    },
    {
        "bookingid": 5076
    },
    {
        "bookingid": 2
    },
    {
        "bookingid": 953
    },
    {
        "bookingid": 12
    },
    {
        "bookingid": 4635
    },
    {
        "bookingid": 2928
    },
    {
        "bookingid": 4481
    },
    {
        "bookingid": 351
    },
    {
        "bookingid": 3458
    },
    {
        "bookingid": 672
    },
    {
        "bookingid": 1362
    },
    {
        "bookingid": 2143
    },
    {
        "bookingid": 1300
    },
    {
        "bookingid": 3477
    },
    {
        "bookingid": 684
    },
    {
        "bookingid": 1518
    },
    {
        "bookingid": 554
    },
    {
        "bookingid": 5451
    },
    {
        "bookingid": 819
    },
    {
        "bookingid": 2980
    },
    {
        "bookingid": 3506
    },
    {
        "bookingid": 3880
    },
    {
        "bookingid": 2434
    },
    {
        "bookingid": 5438
    },
    {
        "bookingid": 2724
    },
    {
        "bookingid": 1932
    },
    {
        "bookingid": 3738
    },
    {
        "bookingid": 1443
    },
    {
        "bookingid": 1028
    },
    {
        "bookingid": 4005
    },
    {
        "bookingid": 3471
    },
    {
        "bookingid": 4894
    },
    {
        "bookingid": 29
    },
    {
        "bookingid": 2914
    },
    {
        "bookingid": 4092
    },
    {
        "bookingid": 484
    },
    {
        "bookingid": 2099
    },
    {
        "bookingid": 5281
    },
    {
        "bookingid": 2205
    },
    {
        "bookingid": 3388
    },
    {
        "bookingid": 2063
    },
    {
        "bookingid": 3598
    },
    {
        "bookingid": 2128
    },
    {
        "bookingid": 3023
    },
    {
        "bookingid": 745
    },
    {
        "bookingid": 4465
    },
    {
        "bookingid": 914
    },
    {
        "bookingid": 3988
    },
    {
        "bookingid": 1229
    },
    {
        "bookingid": 4808
    },
    {
        "bookingid": 2256
    },
    {
        "bookingid": 3717
    },
    {
        "bookingid": 3983
    },
    {
        "bookingid": 548
    },
    {
        "bookingid": 1879
    },
    {
        "bookingid": 935
    },
    {
        "bookingid": 3169
    },
    {
        "bookingid": 4334
    },
    {
        "bookingid": 4215
    },
    {
        "bookingid": 625
    },
    {
        "bookingid": 3408
    },
    {
        "bookingid": 788
    },
    {
        "bookingid": 2267
    },
    {
        "bookingid": 4297
    },
    {
        "bookingid": 1846
    },
    {
        "bookingid": 1259
    },
    {
        "bookingid": 1382
    },
    {
        "bookingid": 2133
    },
    {
        "bookingid": 439
    },
    {
        "bookingid": 4306
    },
    {
        "bookingid": 288
    },
    {
        "bookingid": 4882
    },
    {
        "bookingid": 4157
    },
    {
        "bookingid": 82
    },
    {
        "bookingid": 5062
    },
    {
        "bookingid": 30
    },
    {
        "bookingid": 5426
    },
    {
        "bookingid": 3516
    },
    {
        "bookingid": 4128
    },
    {
        "bookingid": 3621
    },
    {
        "bookingid": 277
    },
    {
        "bookingid": 4109
    },
    {
        "bookingid": 1509
    },
    {
        "bookingid": 2889
    },
    {
        "bookingid": 2275
    },
    {
        "bookingid": 5401
    },
    {
        "bookingid": 5084
    },
    {
        "bookingid": 654
    },
    {
        "bookingid": 2425
    },
    {
        "bookingid": 3825
    },
    {
        "bookingid": 3216
    },
    {
        "bookingid": 1676
    },
    {
        "bookingid": 2315
    },
    {
        "bookingid": 2545
    },
    {
        "bookingid": 834
    },
    {
        "bookingid": 4511
    },
    {
        "bookingid": 2372
    },
    {
        "bookingid": 1744
    },
    {
        "bookingid": 5201
    },
    {
        "bookingid": 2878
    },
    {
        "bookingid": 4070
    },
    {
        "bookingid": 3017
    },
    {
        "bookingid": 4906
    },
    {
        "bookingid": 986
    },
    {
        "bookingid": 4815
    },
    {
        "bookingid": 2937
    },
    {
        "bookingid": 927
    },
    {
        "bookingid": 706
    },
    {
        "bookingid": 4946
    },
    {
        "bookingid": 286
    },
    {
        "bookingid": 4598
    },
    {
        "bookingid": 991
    },
    {
        "bookingid": 2501
    },
    {
        "bookingid": 1063
    },
    {
        "bookingid": 2194
    },
    {
        "bookingid": 3207
    },
    {
        "bookingid": 2726
    },
    {
        "bookingid": 4299
    },
    {
        "bookingid": 1725
    },
    {
        "bookingid": 4224
    },
    {
        "bookingid": 3697
    },
    {
        "bookingid": 3346
    },
    {
        "bookingid": 1481
    },
    {
        "bookingid": 3607
    },
    {
        "bookingid": 1901
    },
    {
        "bookingid": 2144
    },
    {
        "bookingid": 662
    },
    {
        "bookingid": 2534
    },
    {
        "bookingid": 3528
    },
    {
        "bookingid": 4915
    },
    {
        "bookingid": 2169
    },
    {
        "bookingid": 2160
    },
    {
        "bookingid": 643
    },
    {
        "bookingid": 2881
    },
    {
        "bookingid": 4583
    },
    {
        "bookingid": 3494
    },
    {
        "bookingid": 1163
    },
    {
        "bookingid": 4323
    },
    {
        "bookingid": 4469
    },
    {
        "bookingid": 2519
    },
    {
        "bookingid": 3434
    },
    {
        "bookingid": 2431
    },
    {
        "bookingid": 4923
    },
    {
        "bookingid": 4249
    },
    {
        "bookingid": 2182
    },
    {
        "bookingid": 1908
    },
    {
        "bookingid": 2665
    },
    {
        "bookingid": 1664
    },
    {
        "bookingid": 4039
    },
    {
        "bookingid": 776
    },
    {
        "bookingid": 2608
    },
    {
        "bookingid": 3266
    },
    {
        "bookingid": 4384
    },
    {
        "bookingid": 1145
    },
    {
        "bookingid": 4538
    },
    {
        "bookingid": 2863
    },
    {
        "bookingid": 3622
    },
    {
        "bookingid": 1123
    },
    {
        "bookingid": 5484
    },
    {
        "bookingid": 4436
    },
    {
        "bookingid": 1679
    },
    {
        "bookingid": 1045
    },
    {
        "bookingid": 5429
    },
    {
        "bookingid": 4783
    },
    {
        "bookingid": 4718
    },
    {
        "bookingid": 849
    },
    {
        "bookingid": 3706
    },
    {
        "bookingid": 1544
    },
    {
        "bookingid": 1579
    },
    {
        "bookingid": 2806
    },
    {
        "bookingid": 681
    },
    {
        "bookingid": 2646
    },
    {
        "bookingid": 2697
    },
    {
        "bookingid": 3766
    },
    {
        "bookingid": 743
    },
    {
        "bookingid": 5126
    },
    {
        "bookingid": 5406
    },
    {
        "bookingid": 3618
    },
    {
        "bookingid": 521
    },
    {
        "bookingid": 1593
    },
    {
        "bookingid": 4559
    },
    {
        "bookingid": 4062
    },
    {
        "bookingid": 360
    },
    {
        "bookingid": 111
    },
    {
        "bookingid": 4801
    },
    {
        "bookingid": 5434
    },
    {
        "bookingid": 746
    },
    {
        "bookingid": 1236
    },
    {
        "bookingid": 3033
    },
    {
        "bookingid": 2265
    },
    {
        "bookingid": 1433
    },
    {
        "bookingid": 2698
    },
    {
        "bookingid": 2260
    },
    {
        "bookingid": 1645
    },
    {
        "bookingid": 3801
    },
    {
        "bookingid": 365
    },
    {
        "bookingid": 37
    },
    {
        "bookingid": 879
    },
    {
        "bookingid": 1224
    },
    {
        "bookingid": 1199
    },
    {
        "bookingid": 3210
    },
    {
        "bookingid": 3870
    },
    {
        "bookingid": 4277
    },
    {
        "bookingid": 1333
    },
    {
        "bookingid": 2335
    },
    {
        "bookingid": 5187
    },
    {
        "bookingid": 4123
    },
    {
        "bookingid": 4685
    },
    {
        "bookingid": 4219
    },
    {
        "bookingid": 2322
    },
    {
        "bookingid": 1861
    },
    {
        "bookingid": 4342
    },
    {
        "bookingid": 2505
    },
    {
        "bookingid": 2186
    },
    {
        "bookingid": 3428
    },
    {
        "bookingid": 522
    },
    {
        "bookingid": 3334
    },
    {
        "bookingid": 3720
    },
    {
        "bookingid": 336
    },
    {
        "bookingid": 4295
    },
    {
        "bookingid": 2804
    },
    {
        "bookingid": 1880
    }
]
Request URI:	https://restful-booker.herokuapp.com/ping?checkin=2023-11-11
Body:			<none>
Request URI:	https://restful-booker.herokuapp.com/booking?checkout=2023-11-12
Body:			<none>
[
    {
        "bookingid": 485
    },
    {
        "bookingid": 4498
    },
    {
        "bookingid": 2106
    },
    {
        "bookingid": 1696
    },
    {
        "bookingid": 3422
    },
    {
        "bookingid": 3335
    },
    {
        "bookingid": 1490
    },
    {
        "bookingid": 713
    },
    {
        "bookingid": 1374
    },
    {
        "bookingid": 2757
    },
    {
        "bookingid": 4484
    },
    {
        "bookingid": 1714
    },
    {
        "bookingid": 1475
    },
    {
        "bookingid": 1799
    },
    {
        "bookingid": 4474
    },
    {
        "bookingid": 1459
    },
    {
        "bookingid": 4080
    },
    {
        "bookingid": 3810
    },
    {
        "bookingid": 3380
    },
    {
        "bookingid": 1712
    },
    {
        "bookingid": 3393
    },
    {
        "bookingid": 4908
    },
    {
        "bookingid": 3372
    },
    {
        "bookingid": 995
    },
    {
        "bookingid": 783
    },
    {
        "bookingid": 605
    },
    {
        "bookingid": 1389
    },
    {
        "bookingid": 40
    },
    {
        "bookingid": 1494
    },
    {
        "bookingid": 3445
    },
    {
        "bookingid": 4707
    },
    {
        "bookingid": 1819
    },
    {
        "bookingid": 1151
    },
    {
        "bookingid": 2602
    },
    {
        "bookingid": 1457
    },
    {
        "bookingid": 3351
    },
    {
        "bookingid": 297
    },
    {
        "bookingid": 4740
    },
    {
        "bookingid": 1788
    },
    {
        "bookingid": 920
    },
    {
        "bookingid": 2158
    },
    {
        "bookingid": 4284
    },
    {
        "bookingid": 4910
    },
    {
        "bookingid": 1419
    },
    {
        "bookingid": 4432
    },
    {
        "bookingid": 2351
    },
    {
        "bookingid": 584
    },
    {
        "bookingid": 1656
    },
    {
        "bookingid": 480
    },
    {
        "bookingid": 4795
    },
    {
        "bookingid": 5358
    },
    {
        "bookingid": 2621
    },
    {
        "bookingid": 222
    },
    {
        "bookingid": 4035
    },
    {
        "bookingid": 497
    },
    {
        "bookingid": 5284
    },
    {
        "bookingid": 5006
    },
    {
        "bookingid": 3386
    },
    {
        "bookingid": 209
    },
    {
        "bookingid": 1139
    },
    {
        "bookingid": 5047
    },
    {
        "bookingid": 3970
    },
    {
        "bookingid": 5143
    },
    {
        "bookingid": 2549
    },
    {
        "bookingid": 3733
    },
    {
        "bookingid": 139
    },
    {
        "bookingid": 2463
    },
    {
        "bookingid": 983
    },
    {
        "bookingid": 678
    },
    {
        "bookingid": 2252
    },
    {
        "bookingid": 1263
    },
    {
        "bookingid": 2921
    },
    {
        "bookingid": 4360
    },
    {
        "bookingid": 445
    },
    {
        "bookingid": 2603
    },
    {
        "bookingid": 3382
    },
    {
        "bookingid": 1126
    },
    {
        "bookingid": 1311
    },
    {
        "bookingid": 2767
    },
    {
        "bookingid": 1252
    },
    {
        "bookingid": 1319
    },
    {
        "bookingid": 5289
    },
    {
        "bookingid": 198
    },
    {
        "bookingid": 291
    },
    {
        "bookingid": 5478
    },
    {
        "bookingid": 5243
    },
    {
        "bookingid": 3032
    },
    {
        "bookingid": 2842
    },
    {
        "bookingid": 3158
    },
    {
        "bookingid": 3805
    },
    {
        "bookingid": 4612
    },
    {
        "bookingid": 3544
    },
    {
        "bookingid": 177
    },
    {
        "bookingid": 67
    },
    {
        "bookingid": 1802
    },
    {
        "bookingid": 2381
    },
    {
        "bookingid": 105
    },
    {
        "bookingid": 2852
    },
    {
        "bookingid": 5105
    },
    {
        "bookingid": 2308
    },
    {
        "bookingid": 5214
    },
    {
        "bookingid": 1677
    },
    {
        "bookingid": 3729
    },
    {
        "bookingid": 3485
    },
    {
        "bookingid": 4019
    },
    {
        "bookingid": 3155
    },
    {
        "bookingid": 4174
    },
    {
        "bookingid": 2286
    },
    {
        "bookingid": 5029
    },
    {
        "bookingid": 1717
    },
    {
        "bookingid": 2728
    },
    {
        "bookingid": 5485
    },
    {
        "bookingid": 2016
    },
    {
        "bookingid": 4172
    },
    {
        "bookingid": 1905
    },
    {
        "bookingid": 3302
    },
    {
        "bookingid": 503
    },
    {
        "bookingid": 2890
    },
    {
        "bookingid": 3882
    },
    {
        "bookingid": 2468
    },
    {
        "bookingid": 2163
    },
    {
        "bookingid": 1009
    },
    {
        "bookingid": 3643
    },
    {
        "bookingid": 2790
    },
    {
        "bookingid": 3534
    },
    {
        "bookingid": 1899
    },
    {
        "bookingid": 2561
    },
    {
        "bookingid": 2689
    },
    {
        "bookingid": 581
    },
    {
        "bookingid": 4303
    },
    {
        "bookingid": 4512
    },
    {
        "bookingid": 3649
    },
    {
        "bookingid": 5135
    },
    {
        "bookingid": 873
    },
    {
        "bookingid": 1776
    },
    {
        "bookingid": 4670
    },
    {
        "bookingid": 610
    },
    {
        "bookingid": 1429
    },
    {
        "bookingid": 2801
    },
    {
        "bookingid": 2146
    },
    {
        "bookingid": 5213
    },
    {
        "bookingid": 190
    },
    {
        "bookingid": 2247
    },
    {
        "bookingid": 4374
    },
    {
        "bookingid": 504
    },
    {
        "bookingid": 4064
    },
    {
        "bookingid": 4524
    },
    {
        "bookingid": 3606
    },
    {
        "bookingid": 1424
    },
    {
        "bookingid": 147
    },
    {
        "bookingid": 4893
    },
    {
        "bookingid": 366
    },
    {
        "bookingid": 4566
    },
    {
        "bookingid": 3868
    },
    {
        "bookingid": 782
    },
    {
        "bookingid": 1185
    },
    {
        "bookingid": 5022
    },
    {
        "bookingid": 1394
    },
    {
        "bookingid": 1545
    },
    {
        "bookingid": 2527
    },
    {
        "bookingid": 3149
    },
    {
        "bookingid": 1217
    },
    {
        "bookingid": 1313
    },
    {
        "bookingid": 5287
    },
    {
        "bookingid": 187
    },
    {
        "bookingid": 942
    },
    {
        "bookingid": 1204
    },
    {
        "bookingid": 2011
    },
    {
        "bookingid": 4527
    },
    {
        "bookingid": 5002
    },
    {
        "bookingid": 104
    },
    {
        "bookingid": 4448
    },
    {
        "bookingid": 1258
    },
    {
        "bookingid": 4195
    },
    {
        "bookingid": 4734
    },
    {
        "bookingid": 4322
    },
    {
        "bookingid": 3613
    },
    {
        "bookingid": 3765
    },
    {
        "bookingid": 1261
    },
    {
        "bookingid": 3863
    },
    {
        "bookingid": 3281
    },
    {
        "bookingid": 3803
    },
    {
        "bookingid": 2709
    },
    {
        "bookingid": 4653
    },
    {
        "bookingid": 5238
    },
    {
        "bookingid": 5109
    },
    {
        "bookingid": 4648
    },
    {
        "bookingid": 3209
    },
    {
        "bookingid": 2457
    },
    {
        "bookingid": 411
    },
    {
        "bookingid": 1935
    },
    {
        "bookingid": 1307
    },
    {
        "bookingid": 278
    },
    {
        "bookingid": 1956
    },
    {
        "bookingid": 92
    },
    {
        "bookingid": 2539
    },
    {
        "bookingid": 5475
    },
    {
        "bookingid": 2167
    },
    {
        "bookingid": 3462
    },
    {
        "bookingid": 3492
    },
    {
        "bookingid": 1848
    },
    {
        "bookingid": 4293
    },
    {
        "bookingid": 897
    },
    {
        "bookingid": 3365
    },
    {
        "bookingid": 709
    },
    {
        "bookingid": 4746
    },
    {
        "bookingid": 699
    },
    {
        "bookingid": 95
    },
    {
        "bookingid": 5172
    },
    {
        "bookingid": 3640
    },
    {
        "bookingid": 3261
    },
    {
        "bookingid": 1304
    },
    {
        "bookingid": 3735
    },
    {
        "bookingid": 196
    },
    {
        "bookingid": 3128
    },
    {
        "bookingid": 132
    },
    {
        "bookingid": 5535
    },
    {
        "bookingid": 3504
    },
    {
        "bookingid": 185
    },
    {
        "bookingid": 937
    },
    {
        "bookingid": 1951
    },
    {
        "bookingid": 603
    },
    {
        "bookingid": 4666
    },
    {
        "bookingid": 4227
    },
    {
        "bookingid": 3176
    },
    {
        "bookingid": 517
    },
    {
        "bookingid": 2711
    },
    {
        "bookingid": 2642
    },
    {
        "bookingid": 3170
    },
    {
        "bookingid": 3250
    },
    {
        "bookingid": 2888
    },
    {
        "bookingid": 1318
    },
    {
        "bookingid": 2796
    },
    {
        "bookingid": 1212
    },
    {
        "bookingid": 4833
    },
    {
        "bookingid": 5321
    },
    {
        "bookingid": 4091
    },
    {
        "bookingid": 1434
    },
    {
        "bookingid": 1867
    },
    {
        "bookingid": 3922
    },
    {
        "bookingid": 2793
    },
    {
        "bookingid": 1970
    },
    {
        "bookingid": 2883
    },
    {
        "bookingid": 1968
    },
    {
        "bookingid": 814
    },
    {
        "bookingid": 3681
    },
    {
        "bookingid": 1760
    },
    {
        "bookingid": 112
    },
    {
        "bookingid": 4964
    },
    {
        "bookingid": 315
    },
    {
        "bookingid": 4571
    },
    {
        "bookingid": 3873
    },
    {
        "bookingid": 5212
    },
    {
        "bookingid": 2090
    },
    {
        "bookingid": 493
    },
    {
        "bookingid": 5391
    },
    {
        "bookingid": 2370
    },
    {
        "bookingid": 3195
    },
    {
        "bookingid": 3768
    },
    {
        "bookingid": 3153
    },
    {
        "bookingid": 5200
    },
    {
        "bookingid": 1130
    },
    {
        "bookingid": 3223
    },
    {
        "bookingid": 1023
    },
    {
        "bookingid": 2744
    },
    {
        "bookingid": 4521
    },
    {
        "bookingid": 24
    },
    {
        "bookingid": 5538
    },
    {
        "bookingid": 2312
    },
    {
        "bookingid": 5453
    },
    {
        "bookingid": 1474
    },
    {
        "bookingid": 1237
    },
    {
        "bookingid": 3327
    },
    {
        "bookingid": 1771
    },
    {
        "bookingid": 2742
    },
    {
        "bookingid": 1616
    },
    {
        "bookingid": 702
    },
    {
        "bookingid": 1093
    },
    {
        "bookingid": 3843
    },
    {
        "bookingid": 2317
    },
    {
        "bookingid": 1112
    },
    {
        "bookingid": 1109
    },
    {
        "bookingid": 1839
    },
    {
        "bookingid": 4129
    },
    {
        "bookingid": 3902
    },
    {
        "bookingid": 5154
    },
    {
        "bookingid": 3267
    },
    {
        "bookingid": 3981
    },
    {
        "bookingid": 903
    },
    {
        "bookingid": 4345
    },
    {
        "bookingid": 704
    },
    {
        "bookingid": 1132
    },
    {
        "bookingid": 5500
    },
    {
        "bookingid": 387
    },
    {
        "bookingid": 4060
    },
    {
        "bookingid": 1889
    },
    {
        "bookingid": 5353
    },
    {
        "bookingid": 1409
    },
    {
        "bookingid": 2869
    },
    {
        "bookingid": 1428
    },
    {
        "bookingid": 4832
    },
    {
        "bookingid": 1177
    },
    {
        "bookingid": 421
    },
    {
        "bookingid": 650
    },
    {
        "bookingid": 5159
    },
    {
        "bookingid": 5226
    },
    {
        "bookingid": 63
    },
    {
        "bookingid": 3892
    },
    {
        "bookingid": 1506
    },
    {
        "bookingid": 1978
    },
    {
        "bookingid": 19
    },
    {
        "bookingid": 2836
    },
    {
        "bookingid": 1411
    },
    {
        "bookingid": 191
    },
    {
        "bookingid": 1930
    },
    {
        "bookingid": 3961
    },
    {
        "bookingid": 1759
    },
    {
        "bookingid": 168
    },
    {
        "bookingid": 3027
    },
    {
        "bookingid": 108
    },
    {
        "bookingid": 2198
    },
    {
        "bookingid": 3745
    },
    {
        "bookingid": 7
    },
    {
        "bookingid": 697
    },
    {
        "bookingid": 148
    },
    {
        "bookingid": 2626
    },
    {
        "bookingid": 4167
    },
    {
        "bookingid": 2482
    },
    {
        "bookingid": 2902
    },
    {
        "bookingid": 2882
    },
    {
        "bookingid": 488
    },
    {
        "bookingid": 815
    },
    {
        "bookingid": 5151
    },
    {
        "bookingid": 2137
    },
    {
        "bookingid": 4209
    },
    {
        "bookingid": 3119
    },
    {
        "bookingid": 393
    },
    {
        "bookingid": 1927
    },
    {
        "bookingid": 5462
    },
    {
        "bookingid": 1779
    },
    {
        "bookingid": 453
    },
    {
        "bookingid": 1169
    },
    {
        "bookingid": 4775
    },
    {
        "bookingid": 2775
    },
    {
        "bookingid": 789
    },
    {
        "bookingid": 751
    },
    {
        "bookingid": 5415
    },
    {
        "bookingid": 2522
    },
    {
        "bookingid": 4352
    },
    {
        "bookingid": 3676
    },
    {
        "bookingid": 950
    },
    {
        "bookingid": 3199
    },
    {
        "bookingid": 2217
    },
    {
        "bookingid": 4158
    },
    {
        "bookingid": 2951
    },
    {
        "bookingid": 4320
    },
    {
        "bookingid": 2994
    },
    {
        "bookingid": 3097
    },
    {
        "bookingid": 4085
    },
    {
        "bookingid": 1270
    },
    {
        "bookingid": 2797
    },
    {
        "bookingid": 1573
    },
    {
        "bookingid": 5042
    },
    {
        "bookingid": 401
    },
    {
        "bookingid": 1780
    },
    {
        "bookingid": 3040
    },
    {
        "bookingid": 4375
    },
    {
        "bookingid": 4304
    },
    {
        "bookingid": 5297
    },
    {
        "bookingid": 679
    },
    {
        "bookingid": 4402
    },
    {
        "bookingid": 3284
    },
    {
        "bookingid": 289
    },
    {
        "bookingid": 4731
    },
    {
        "bookingid": 52
    },
    {
        "bookingid": 2306
    },
    {
        "bookingid": 2203
    },
    {
        "bookingid": 4829
    },
    {
        "bookingid": 5091
    },
    {
        "bookingid": 5193
    },
    {
        "bookingid": 3595
    },
    {
        "bookingid": 4763
    },
    {
        "bookingid": 489
    },
    {
        "bookingid": 4228
    },
    {
        "bookingid": 4714
    },
    {
        "bookingid": 1437
    },
    {
        "bookingid": 5299
    },
    {
        "bookingid": 1436
    },
    {
        "bookingid": 4139
    },
    {
        "bookingid": 3114
    },
    {
        "bookingid": 4998
    },
    {
        "bookingid": 4860
    },
    {
        "bookingid": 4682
    },
    {
        "bookingid": 5333
    },
    {
        "bookingid": 4133
    },
    {
        "bookingid": 2080
    },
    {
        "bookingid": 4401
    },
    {
        "bookingid": 3500
    },
    {
        "bookingid": 2246
    },
    {
        "bookingid": 4945
    },
    {
        "bookingid": 1857
    },
    {
        "bookingid": 2557
    },
    {
        "bookingid": 5040
    },
    {
        "bookingid": 3401
    },
    {
        "bookingid": 916
    },
    {
        "bookingid": 1478
    },
    {
        "bookingid": 3493
    },
    {
        "bookingid": 4678
    },
    {
        "bookingid": 1792
    },
    {
        "bookingid": 5330
    },
    {
        "bookingid": 4097
    },
    {
        "bookingid": 2776
    },
    {
        "bookingid": 3781
    },
    {
        "bookingid": 2925
    },
    {
        "bookingid": 3790
    },
    {
        "bookingid": 1845
    },
    {
        "bookingid": 5413
    },
    {
        "bookingid": 3778
    },
    {
        "bookingid": 5275
    },
    {
        "bookingid": 1644
    },
    {
        "bookingid": 1025
    },
    {
        "bookingid": 1723
    },
    {
        "bookingid": 726
    },
    {
        "bookingid": 4886
    },
    {
        "bookingid": 2445
    },
    {
        "bookingid": 3700
    },
    {
        "bookingid": 1495
    },
    {
        "bookingid": 3043
    },
    {
        "bookingid": 715
    },
    {
        "bookingid": 3679
    },
    {
        "bookingid": 4144
    },
    {
        "bookingid": 1530
    },
    {
        "bookingid": 5142
    },
    {
        "bookingid": 2904
    },
    {
        "bookingid": 1670
    },
    {
        "bookingid": 3597
    },
    {
        "bookingid": 4422
    },
    {
        "bookingid": 2655
    },
    {
        "bookingid": 1650
    },
    {
        "bookingid": 2047
    },
    {
        "bookingid": 750
    },
    {
        "bookingid": 2371
    },
    {
        "bookingid": 2732
    },
    {
        "bookingid": 4572
    },
    {
        "bookingid": 2955
    },
    {
        "bookingid": 4286
    },
    {
        "bookingid": 578
    },
    {
        "bookingid": 835
    },
    {
        "bookingid": 955
    },
    {
        "bookingid": 866
    },
    {
        "bookingid": 1385
    },
    {
        "bookingid": 367
    },
    {
        "bookingid": 4482
    },
    {
        "bookingid": 757
    },
    {
        "bookingid": 5494
    },
    {
        "bookingid": 2478
    },
    {
        "bookingid": 1368
    },
    {
        "bookingid": 352
    },
    {
        "bookingid": 240
    },
    {
        "bookingid": 5013
    },
    {
        "bookingid": 638
    },
    {
        "bookingid": 3648
    },
    {
        "bookingid": 2860
    },
    {
        "bookingid": 1812
    },
    {
        "bookingid": 4581
    },
    {
        "bookingid": 3197
    },
    {
        "bookingid": 2458
    },
    {
        "bookingid": 4634
    },
    {
        "bookingid": 886
    },
    {
        "bookingid": 3826
    },
    {
        "bookingid": 1773
    },
    {
        "bookingid": 5277
    },
    {
        "bookingid": 3253
    },
    {
        "bookingid": 1902
    },
    {
        "bookingid": 4146
    },
    {
        "bookingid": 1054
    },
    {
        "bookingid": 840
    },
    {
        "bookingid": 1331
    },
    {
        "bookingid": 4217
    },
    {
        "bookingid": 5400
    },
    {
        "bookingid": 3081
    },
    {
        "bookingid": 2165
    },
    {
        "bookingid": 2480
    },
    {
        "bookingid": 2109
    },
    {
        "bookingid": 1662
    },
    {
        "bookingid": 2196
    },
    {
        "bookingid": 2280
    },
    {
        "bookingid": 1829
    },
    {
        "bookingid": 120
    },
    {
        "bookingid": 3403
    },
    {
        "bookingid": 2639
    },
    {
        "bookingid": 1906
    },
    {
        "bookingid": 5392
    },
    {
        "bookingid": 4732
    },
    {
        "bookingid": 3832
    },
    {
        "bookingid": 3404
    },
    {
        "bookingid": 2329
    },
    {
        "bookingid": 1121
    },
    {
        "bookingid": 2506
    },
    {
        "bookingid": 3794
    },
    {
        "bookingid": 807
    },
    {
        "bookingid": 3089
    },
    {
        "bookingid": 4614
    },
    {
        "bookingid": 4437
    },
    {
        "bookingid": 1920
    },
    {
        "bookingid": 1632
    },
    {
        "bookingid": 3533
    },
    {
        "bookingid": 14
    },
    {
        "bookingid": 774
    },
    {
        "bookingid": 4996
    },
    {
        "bookingid": 1189
    },
    {
        "bookingid": 2619
    },
    {
        "bookingid": 2083
    },
    {
        "bookingid": 2092
    },
    {
        "bookingid": 4421
    },
    {
        "bookingid": 3467
    },
    {
        "bookingid": 5025
    },
    {
        "bookingid": 2538
    },
    {
        "bookingid": 659
    },
    {
        "bookingid": 2218
    },
    {
        "bookingid": 4675
    },
    {
        "bookingid": 3566
    },
    {
        "bookingid": 3565
    },
    {
        "bookingid": 4810
    },
    {
        "bookingid": 2328
    },
    {
        "bookingid": 17
    },
    {
        "bookingid": 4606
    },
    {
        "bookingid": 5425
    },
    {
        "bookingid": 2791
    },
    {
        "bookingid": 3749
    },
    {
        "bookingid": 3906
    },
    {
        "bookingid": 754
    },
    {
        "bookingid": 3118
    },
    {
        "bookingid": 2485
    },
    {
        "bookingid": 4661
    },
    {
        "bookingid": 705
    },
    {
        "bookingid": 4820
    },
    {
        "bookingid": 1406
    },
    {
        "bookingid": 5294
    },
    {
        "bookingid": 3840
    },
    {
        "bookingid": 1142
    },
    {
        "bookingid": 2243
    },
    {
        "bookingid": 767
    },
    {
        "bookingid": 189
    },
    {
        "bookingid": 5372
    },
    {
        "bookingid": 4283
    },
    {
        "bookingid": 2969
    },
    {
        "bookingid": 5504
    },
    {
        "bookingid": 1466
    },
    {
        "bookingid": 2488
    },
    {
        "bookingid": 951
    },
    {
        "bookingid": 1783
    },
    {
        "bookingid": 2679
    },
    {
        "bookingid": 1610
    },
    {
        "bookingid": 4920
    },
    {
        "bookingid": 1500
    },
    {
        "bookingid": 4300
    },
    {
        "bookingid": 310
    },
    {
        "bookingid": 5292
    },
    {
        "bookingid": 4690
    },
    {
        "bookingid": 2872
    },
    {
        "bookingid": 5505
    },
    {
        "bookingid": 5432
    },
    {
        "bookingid": 307
    },
    {
        "bookingid": 4615
    },
    {
        "bookingid": 1219
    },
    {
        "bookingid": 3804
    },
    {
        "bookingid": 1949
    },
    {
        "bookingid": 2674
    },
    {
        "bookingid": 1038
    },
    {
        "bookingid": 3311
    },
    {
        "bookingid": 5360
    },
    {
        "bookingid": 2043
    },
    {
        "bookingid": 5257
    },
    {
        "bookingid": 5008
    },
    {
        "bookingid": 3943
    },
    {
        "bookingid": 5147
    },
    {
        "bookingid": 1953
    },
    {
        "bookingid": 2209
    },
    {
        "bookingid": 2112
    },
    {
        "bookingid": 3052
    },
    {
        "bookingid": 4631
    },
    {
        "bookingid": 830
    },
    {
        "bookingid": 2558
    },
    {
        "bookingid": 3844
    },
    {
        "bookingid": 1642
    },
    {
        "bookingid": 2405
    },
    {
        "bookingid": 910
    },
    {
        "bookingid": 982
    },
    {
        "bookingid": 3521
    },
    {
        "bookingid": 3944
    },
    {
        "bookingid": 4236
    },
    {
        "bookingid": 609
    },
    {
        "bookingid": 1004
    },
    {
        "bookingid": 4878
    },
    {
        "bookingid": 4891
    },
    {
        "bookingid": 5332
    },
    {
        "bookingid": 2232
    },
    {
        "bookingid": 4179
    },
    {
        "bookingid": 4809
    },
    {
        "bookingid": 441
    },
    {
        "bookingid": 91
    },
    {
        "bookingid": 2410
    },
    {
        "bookingid": 1480
    },
    {
        "bookingid": 1678
    },
    {
        "bookingid": 2851
    },
    {
        "bookingid": 4600
    },
    {
        "bookingid": 4318
    },
    {
        "bookingid": 1919
    },
    {
        "bookingid": 2451
    },
    {
        "bookingid": 427
    },
    {
        "bookingid": 4265
    },
    {
        "bookingid": 4969
    },
    {
        "bookingid": 544
    },
    {
        "bookingid": 1187
    },
    {
        "bookingid": 1365
    },
    {
        "bookingid": 5114
    },
    {
        "bookingid": 880
    },
    {
        "bookingid": 184
    },
    {
        "bookingid": 4664
    },
    {
        "bookingid": 2896
    },
    {
        "bookingid": 4009
    },
    {
        "bookingid": 4602
    },
    {
        "bookingid": 3229
    },
    {
        "bookingid": 3469
    },
    {
        "bookingid": 1686
    },
    {
        "bookingid": 5224
    },
    {
        "bookingid": 3950
    },
    {
        "bookingid": 4335
    },
    {
        "bookingid": 3536
    },
    {
        "bookingid": 331
    },
    {
        "bookingid": 423
    },
    {
        "bookingid": 76
    },
    {
        "bookingid": 1503
    },
    {
        "bookingid": 2967
    },
    {
        "bookingid": 2486
    },
    {
        "bookingid": 1595
    },
    {
        "bookingid": 4885
    },
    {
        "bookingid": 1280
    },
    {
        "bookingid": 4515
    },
    {
        "bookingid": 4688
    },
    {
        "bookingid": 3439
    },
    {
        "bookingid": 3495
    },
    {
        "bookingid": 3096
    },
    {
        "bookingid": 3264
    },
    {
        "bookingid": 2035
    },
    {
        "bookingid": 4370
    },
    {
        "bookingid": 5071
    },
    {
        "bookingid": 2057
    },
    {
        "bookingid": 1118
    },
    {
        "bookingid": 4717
    },
    {
        "bookingid": 1913
    },
    {
        "bookingid": 2523
    },
    {
        "bookingid": 3851
    },
    {
        "bookingid": 3415
    },
    {
        "bookingid": 2025
    },
    {
        "bookingid": 3580
    },
    {
        "bookingid": 3038
    },
    {
        "bookingid": 36
    },
    {
        "bookingid": 2900
    },
    {
        "bookingid": 339
    },
    {
        "bookingid": 2667
    },
    {
        "bookingid": 1202
    },
    {
        "bookingid": 2250
    },
    {
        "bookingid": 4247
    },
    {
        "bookingid": 3009
    },
    {
        "bookingid": 1699
    },
    {
        "bookingid": 5502
    },
    {
        "bookingid": 2337
    },
    {
        "bookingid": 1853
    },
    {
        "bookingid": 1954
    },
    {
        "bookingid": 2692
    },
    {
        "bookingid": 4171
    },
    {
        "bookingid": 1826
    },
    {
        "bookingid": 3664
    },
    {
        "bookingid": 4903
    },
    {
        "bookingid": 4704
    },
    {
        "bookingid": 2963
    },
    {
        "bookingid": 3780
    },
    {
        "bookingid": 4002
    },
    {
        "bookingid": 10
    },
    {
        "bookingid": 449
    },
    {
        "bookingid": 5460
    },
    {
        "bookingid": 2344
    },
    {
        "bookingid": 577
    },
    {
        "bookingid": 1790
    },
    {
        "bookingid": 129
    },
    {
        "bookingid": 3546
    },
    {
        "bookingid": 4793
    },
    {
        "bookingid": 2972
    },
    {
        "bookingid": 1513
    },
    {
        "bookingid": 3898
    },
    {
        "bookingid": 3815
    },
    {
        "bookingid": 2550
    },
    {
        "bookingid": 2494
    },
    {
        "bookingid": 3910
    },
    {
        "bookingid": 3392
    },
    {
        "bookingid": 1015
    },
    {
        "bookingid": 4379
    },
    {
        "bookingid": 2918
    },
    {
        "bookingid": 4258
    },
    {
        "bookingid": 1674
    },
    {
        "bookingid": 2547
    },
    {
        "bookingid": 3511
    },
    {
        "bookingid": 2292
    },
    {
        "bookingid": 3067
    },
    {
        "bookingid": 397
    },
    {
        "bookingid": 3522
    },
    {
        "bookingid": 1986
    },
    {
        "bookingid": 4973
    },
    {
        "bookingid": 4591
    },
    {
        "bookingid": 1294
    },
    {
        "bookingid": 4713
    },
    {
        "bookingid": 3519
    },
    {
        "bookingid": 1734
    },
    {
        "bookingid": 2848
    },
    {
        "bookingid": 1958
    },
    {
        "bookingid": 4204
    },
    {
        "bookingid": 47
    },
    {
        "bookingid": 3068
    },
    {
        "bookingid": 2513
    },
    {
        "bookingid": 4966
    },
    {
        "bookingid": 1225
    },
    {
        "bookingid": 1884
    },
    {
        "bookingid": 3275
    },
    {
        "bookingid": 3687
    },
    {
        "bookingid": 4435
    },
    {
        "bookingid": 3214
    },
    {
        "bookingid": 2500
    },
    {
        "bookingid": 4084
    },
    {
        "bookingid": 1917
    },
    {
        "bookingid": 3044
    },
    {
        "bookingid": 3256
    },
    {
        "bookingid": 431
    },
    {
        "bookingid": 2036
    },
    {
        "bookingid": 1985
    },
    {
        "bookingid": 5116
    },
    {
        "bookingid": 3473
    },
    {
        "bookingid": 1376
    },
    {
        "bookingid": 2442
    },
    {
        "bookingid": 2140
    },
    {
        "bookingid": 1600
    },
    {
        "bookingid": 414
    },
    {
        "bookingid": 4736
    },
    {
        "bookingid": 5493
    },
    {
        "bookingid": 2224
    },
    {
        "bookingid": 685
    },
    {
        "bookingid": 5286
    },
    {
        "bookingid": 2283
    },
    {
        "bookingid": 658
    },
    {
        "bookingid": 5073
    },
    {
        "bookingid": 1108
    },
    {
        "bookingid": 2630
    },
    {
        "bookingid": 3712
    },
    {
        "bookingid": 1596
    },
    {
        "bookingid": 1286
    },
    {
        "bookingid": 4918
    },
    {
        "bookingid": 777
    },
    {
        "bookingid": 4071
    },
    {
        "bookingid": 2880
    },
    {
        "bookingid": 862
    },
    {
        "bookingid": 3340
    },
    {
        "bookingid": 2362
    },
    {
        "bookingid": 2301
    },
    {
        "bookingid": 2384
    },
    {
        "bookingid": 3226
    },
    {
        "bookingid": 3896
    },
    {
        "bookingid": 4267
    },
    {
        "bookingid": 1504
    },
    {
        "bookingid": 587
    },
    {
        "bookingid": 756
    },
    {
        "bookingid": 242
    },
    {
        "bookingid": 5122
    },
    {
        "bookingid": 2349
    },
    {
        "bookingid": 1510
    },
    {
        "bookingid": 440
    },
    {
        "bookingid": 2122
    },
    {
        "bookingid": 3064
    },
    {
        "bookingid": 2184
    },
    {
        "bookingid": 1438
    },
    {
        "bookingid": 3818
    },
    {
        "bookingid": 5048
    },
    {
        "bookingid": 4841
    },
    {
        "bookingid": 1959
    },
    {
        "bookingid": 4245
    },
    {
        "bookingid": 734
    },
    {
        "bookingid": 744
    },
    {
        "bookingid": 4671
    },
    {
        "bookingid": 1578
    },
    {
        "bookingid": 3296
    },
    {
        "bookingid": 5545
    },
    {
        "bookingid": 3813
    },
    {
        "bookingid": 2568
    },
    {
        "bookingid": 3824
    },
    {
        "bookingid": 2129
    },
    {
        "bookingid": 3730
    },
    {
        "bookingid": 256
    },
    {
        "bookingid": 3254
    },
    {
        "bookingid": 2659
    },
    {
        "bookingid": 64
    },
    {
        "bookingid": 3338
    },
    {
        "bookingid": 3025
    },
    {
        "bookingid": 2954
    },
    {
        "bookingid": 1887
    },
    {
        "bookingid": 4686
    },
    {
        "bookingid": 5268
    },
    {
        "bookingid": 1402
    },
    {
        "bookingid": 4493
    },
    {
        "bookingid": 1749
    },
    {
        "bookingid": 5501
    },
    {
        "bookingid": 3535
    },
    {
        "bookingid": 5041
    },
    {
        "bookingid": 2374
    },
    {
        "bookingid": 1205
    },
    {
        "bookingid": 2544
    },
    {
        "bookingid": 4518
    },
    {
        "bookingid": 5445
    },
    {
        "bookingid": 192
    },
    {
        "bookingid": 3574
    },
    {
        "bookingid": 3326
    },
    {
        "bookingid": 3438
    },
    {
        "bookingid": 3308
    },
    {
        "bookingid": 1707
    },
    {
        "bookingid": 3650
    },
    {
        "bookingid": 4539
    },
    {
        "bookingid": 2583
    },
    {
        "bookingid": 2049
    },
    {
        "bookingid": 2376
    },
    {
        "bookingid": 312
    },
    {
        "bookingid": 1687
    },
    {
        "bookingid": 4165
    },
    {
        "bookingid": 4296
    },
    {
        "bookingid": 2407
    },
    {
        "bookingid": 2227
    },
    {
        "bookingid": 2989
    },
    {
        "bookingid": 3228
    },
    {
        "bookingid": 3938
    },
    {
        "bookingid": 4579
    },
    {
        "bookingid": 5506
    },
    {
        "bookingid": 546
    },
    {
        "bookingid": 896
    },
    {
        "bookingid": 58
    },
    {
        "bookingid": 4443
    },
    {
        "bookingid": 4941
    },
    {
        "bookingid": 5180
    },
    {
        "bookingid": 796
    },
    {
        "bookingid": 3520
    },
    {
        "bookingid": 462
    },
    {
        "bookingid": 265
    },
    {
        "bookingid": 3260
    },
    {
        "bookingid": 1742
    },
    {
        "bookingid": 2530
    },
    {
        "bookingid": 1262
    },
    {
        "bookingid": 1529
    },
    {
        "bookingid": 518
    },
    {
        "bookingid": 2104
    },
    {
        "bookingid": 4160
    },
    {
        "bookingid": 1030
    },
    {
        "bookingid": 1336
    },
    {
        "bookingid": 1414
    },
    {
        "bookingid": 2968
    },
    {
        "bookingid": 2947
    },
    {
        "bookingid": 623
    },
    {
        "bookingid": 5253
    },
    {
        "bookingid": 4667
    },
    {
        "bookingid": 606
    },
    {
        "bookingid": 1159
    },
    {
        "bookingid": 5361
    },
    {
        "bookingid": 2429
    },
    {
        "bookingid": 3699
    },
    {
        "bookingid": 1617
    },
    {
        "bookingid": 212
    },
    {
        "bookingid": 4607
    },
    {
        "bookingid": 3098
    },
    {
        "bookingid": 1751
    },
    {
        "bookingid": 2716
    },
    {
        "bookingid": 4826
    },
    {
        "bookingid": 820
    },
    {
        "bookingid": 3293
    },
    {
        "bookingid": 5527
    },
    {
        "bookingid": 372
    },
    {
        "bookingid": 3232
    },
    {
        "bookingid": 34
    },
    {
        "bookingid": 4110
    },
    {
        "bookingid": 3890
    },
    {
        "bookingid": 753
    },
    {
        "bookingid": 2432
    },
    {
        "bookingid": 2898
    },
    {
        "bookingid": 214
    },
    {
        "bookingid": 5169
    },
    {
        "bookingid": 3045
    },
    {
        "bookingid": 5495
    },
    {
        "bookingid": 1663
    },
    {
        "bookingid": 3290
    },
    {
        "bookingid": 5382
    },
    {
        "bookingid": 4212
    },
    {
        "bookingid": 2208
    },
    {
        "bookingid": 3564
    },
    {
        "bookingid": 4372
    },
    {
        "bookingid": 533
    },
    {
        "bookingid": 2190
    },
    {
        "bookingid": 1647
    },
    {
        "bookingid": 1654
    },
    {
        "bookingid": 2986
    },
    {
        "bookingid": 2706
    },
    {
        "bookingid": 574
    },
    {
        "bookingid": 2206
    },
    {
        "bookingid": 3705
    },
    {
        "bookingid": 3821
    },
    {
        "bookingid": 1752
    },
    {
        "bookingid": 51
    },
    {
        "bookingid": 563
    },
    {
        "bookingid": 4787
    },
    {
        "bookingid": 1099
    },
    {
        "bookingid": 670
    },
    {
        "bookingid": 5150
    },
    {
        "bookingid": 21
    },
    {
        "bookingid": 2957
    },
    {
        "bookingid": 4120
    },
    {
        "bookingid": 1571
    },
    {
        "bookingid": 3767
    },
    {
        "bookingid": 4439
    },
    {
        "bookingid": 4761
    },
    {
        "bookingid": 48
    },
    {
        "bookingid": 3367
    },
    {
        "bookingid": 905
    },
    {
        "bookingid": 2295
    },
    {
        "bookingid": 1542
    },
    {
        "bookingid": 4733
    },
    {
        "bookingid": 5345
    },
    {
        "bookingid": 3569
    },
    {
        "bookingid": 4117
    },
    {
        "bookingid": 5264
    },
    {
        "bookingid": 2438
    },
    {
        "bookingid": 2285
    },
    {
        "bookingid": 2474
    },
    {
        "bookingid": 608
    },
    {
        "bookingid": 961
    },
    {
        "bookingid": 4470
    },
    {
        "bookingid": 3558
    },
    {
        "bookingid": 4788
    },
    {
        "bookingid": 1789
    },
    {
        "bookingid": 1446
    },
    {
        "bookingid": 4601
    },
    {
        "bookingid": 20
    },
    {
        "bookingid": 5269
    },
    {
        "bookingid": 762
    },
    {
        "bookingid": 3442
    },
    {
        "bookingid": 708
    },
    {
        "bookingid": 1301
    },
    {
        "bookingid": 476
    },
    {
        "bookingid": 2573
    },
    {
        "bookingid": 2616
    },
    {
        "bookingid": 357
    },
    {
        "bookingid": 853
    },
    {
        "bookingid": 4857
    },
    {
        "bookingid": 1174
    },
    {
        "bookingid": 1991
    },
    {
        "bookingid": 1316
    },
    {
        "bookingid": 588
    },
    {
        "bookingid": 964
    },
    {
        "bookingid": 1231
    },
    {
        "bookingid": 4190
    },
    {
        "bookingid": 2702
    },
    {
        "bookingid": 1810
    },
    {
        "bookingid": 4626
    },
    {
        "bookingid": 4242
    },
    {
        "bookingid": 144
    },
    {
        "bookingid": 3217
    },
    {
        "bookingid": 2223
    },
    {
        "bookingid": 18
    },
    {
        "bookingid": 5108
    },
    {
        "bookingid": 1210
    },
    {
        "bookingid": 4724
    },
    {
        "bookingid": 4420
    },
    {
        "bookingid": 5528
    },
    {
        "bookingid": 5411
    },
    {
        "bookingid": 831
    },
    {
        "bookingid": 508
    },
    {
        "bookingid": 501
    },
    {
        "bookingid": 4499
    },
    {
        "bookingid": 2683
    },
    {
        "bookingid": 3273
    },
    {
        "bookingid": 5343
    },
    {
        "bookingid": 364
    },
    {
        "bookingid": 1969
    },
    {
        "bookingid": 5487
    },
    {
        "bookingid": 1912
    },
    {
        "bookingid": 2352
    },
    {
        "bookingid": 84
    },
    {
        "bookingid": 3590
    },
    {
        "bookingid": 5441
    },
    {
        "bookingid": 2075
    },
    {
        "bookingid": 4367
    },
    {
        "bookingid": 2935
    },
    {
        "bookingid": 4526
    },
    {
        "bookingid": 124
    },
    {
        "bookingid": 4024
    },
    {
        "bookingid": 3413
    },
    {
        "bookingid": 5418
    },
    {
        "bookingid": 3476
    },
    {
        "bookingid": 2517
    },
    {
        "bookingid": 4680
    },
    {
        "bookingid": 5037
    },
    {
        "bookingid": 2565
    },
    {
        "bookingid": 4874
    },
    {
        "bookingid": 1356
    },
    {
        "bookingid": 2251
    },
    {
        "bookingid": 933
    },
    {
        "bookingid": 965
    },
    {
        "bookingid": 2763
    },
    {
        "bookingid": 3945
    },
    {
        "bookingid": 3375
    },
    {
        "bookingid": 319
    },
    {
        "bookingid": 2684
    },
    {
        "bookingid": 845
    },
    {
        "bookingid": 5347
    },
    {
        "bookingid": 2391
    },
    {
        "bookingid": 3102
    },
    {
        "bookingid": 3130
    },
    {
        "bookingid": 3795
    },
    {
        "bookingid": 4610
    },
    {
        "bookingid": 5428
    },
    {
        "bookingid": 268
    },
    {
        "bookingid": 615
    },
    {
        "bookingid": 651
    },
    {
        "bookingid": 1607
    },
    {
        "bookingid": 2162
    },
    {
        "bookingid": 2005
    },
    {
        "bookingid": 4016
    },
    {
        "bookingid": 5348
    },
    {
        "bookingid": 1852
    },
    {
        "bookingid": 353
    },
    {
        "bookingid": 2142
    },
    {
        "bookingid": 1743
    },
    {
        "bookingid": 2300
    },
    {
        "bookingid": 1323
    },
    {
        "bookingid": 3157
    },
    {
        "bookingid": 163
    },
    {
        "bookingid": 2212
    },
    {
        "bookingid": 2464
    },
    {
        "bookingid": 1847
    },
    {
        "bookingid": 2118
    },
    {
        "bookingid": 4895
    },
    {
        "bookingid": 2056
    },
    {
        "bookingid": 1048
    },
    {
        "bookingid": 4428
    },
    {
        "bookingid": 2226
    },
    {
        "bookingid": 4806
    },
    {
        "bookingid": 2034
    },
    {
        "bookingid": 1914
    },
    {
        "bookingid": 4850
    },
    {
        "bookingid": 691
    },
    {
        "bookingid": 761
    },
    {
        "bookingid": 1794
    },
    {
        "bookingid": 2450
    },
    {
        "bookingid": 2520
    },
    {
        "bookingid": 27
    },
    {
        "bookingid": 2870
    },
    {
        "bookingid": 4495
    },
    {
        "bookingid": 4543
    },
    {
        "bookingid": 5129
    },
    {
        "bookingid": 3146
    },
    {
        "bookingid": 5446
    },
    {
        "bookingid": 3662
    },
    {
        "bookingid": 3171
    },
    {
        "bookingid": 2148
    },
    {
        "bookingid": 2263
    },
    {
        "bookingid": 5520
    },
    {
        "bookingid": 1648
    },
    {
        "bookingid": 1179
    },
    {
        "bookingid": 2125
    },
    {
        "bookingid": 564
    },
    {
        "bookingid": 4562
    },
    {
        "bookingid": 5158
    },
    {
        "bookingid": 1701
    },
    {
        "bookingid": 1395
    },
    {
        "bookingid": 4933
    },
    {
        "bookingid": 5300
    },
    {
        "bookingid": 2524
    },
    {
        "bookingid": 2640
    },
    {
        "bookingid": 4083
    },
    {
        "bookingid": 4872
    },
    {
        "bookingid": 5155
    },
    {
        "bookingid": 3251
    },
    {
        "bookingid": 391
    },
    {
        "bookingid": 2875
    },
    {
        "bookingid": 3862
    },
    {
        "bookingid": 1079
    },
    {
        "bookingid": 3757
    },
    {
        "bookingid": 2682
    },
    {
        "bookingid": 531
    },
    {
        "bookingid": 3479
    },
    {
        "bookingid": 1965
    },
    {
        "bookingid": 1077
    },
    {
        "bookingid": 4613
    },
    {
        "bookingid": 1485
    },
    {
        "bookingid": 2629
    },
    {
        "bookingid": 1782
    },
    {
        "bookingid": 1213
    },
    {
        "bookingid": 5474
    },
    {
        "bookingid": 2044
    },
    {
        "bookingid": 5514
    },
    {
        "bookingid": 1704
    },
    {
        "bookingid": 231
    },
    {
        "bookingid": 59
    },
    {
        "bookingid": 1668
    },
    {
        "bookingid": 2424
    },
    {
        "bookingid": 2786
    },
    {
        "bookingid": 3689
    },
    {
        "bookingid": 4178
    },
    {
        "bookingid": 4934
    },
    {
        "bookingid": 3246
    },
    {
        "bookingid": 5440
    },
    {
        "bookingid": 3018
    },
    {
        "bookingid": 5472
    },
    {
        "bookingid": 1750
    },
    {
        "bookingid": 2254
    },
    {
        "bookingid": 1896
    },
    {
        "bookingid": 1133
    },
    {
        "bookingid": 4504
    },
    {
        "bookingid": 2587
    },
    {
        "bookingid": 1193
    },
    {
        "bookingid": 438
    },
    {
        "bookingid": 5120
    },
    {
        "bookingid": 3006
    },
    {
        "bookingid": 1816
    },
    {
        "bookingid": 239
    },
    {
        "bookingid": 3526
    },
    {
        "bookingid": 4692
    },
    {
        "bookingid": 5189
    },
    {
        "bookingid": 183
    },
    {
        "bookingid": 1014
    },
    {
        "bookingid": 2681
    },
    {
        "bookingid": 719
    },
    {
        "bookingid": 4944
    },
    {
        "bookingid": 997
    },
    {
        "bookingid": 4156
    },
    {
        "bookingid": 5118
    },
    {
        "bookingid": 1334
    },
    {
        "bookingid": 821
    },
    {
        "bookingid": 4223
    },
    {
        "bookingid": 1043
    },
    {
        "bookingid": 550
    },
    {
        "bookingid": 474
    },
    {
        "bookingid": 3233
    },
    {
        "bookingid": 4828
    },
    {
        "bookingid": 4762
    },
    {
        "bookingid": 4010
    },
    {
        "bookingid": 5034
    },
    {
        "bookingid": 2819
    },
    {
        "bookingid": 4045
    },
    {
        "bookingid": 2314
    },
    {
        "bookingid": 5541
    },
    {
        "bookingid": 1923
    },
    {
        "bookingid": 2515
    },
    {
        "bookingid": 3636
    },
    {
        "bookingid": 2051
    },
    {
        "bookingid": 4703
    },
    {
        "bookingid": 4502
    },
    {
        "bookingid": 711
    },
    {
        "bookingid": 3984
    },
    {
        "bookingid": 3167
    },
    {
        "bookingid": 3396
    },
    {
        "bookingid": 4173
    },
    {
        "bookingid": 4722
    },
    {
        "bookingid": 3973
    },
    {
        "bookingid": 622
    },
    {
        "bookingid": 299
    },
    {
        "bookingid": 1241
    },
    {
        "bookingid": 2028
    },
    {
        "bookingid": 2022
    },
    {
        "bookingid": 2399
    },
    {
        "bookingid": 5341
    },
    {
        "bookingid": 3828
    },
    {
        "bookingid": 3667
    },
    {
        "bookingid": 450
    },
    {
        "bookingid": 5227
    },
    {
        "bookingid": 1337
    },
    {
        "bookingid": 5352
    },
    {
        "bookingid": 1868
    },
    {
        "bookingid": 2290
    },
    {
        "bookingid": 5092
    },
    {
        "bookingid": 917
    },
    {
        "bookingid": 304
    },
    {
        "bookingid": 228
    },
    {
        "bookingid": 410
    },
    {
        "bookingid": 3900
    },
    {
        "bookingid": 5018
    },
    {
        "bookingid": 1557
    },
    {
        "bookingid": 1098
    },
    {
        "bookingid": 4939
    },
    {
        "bookingid": 598
    },
    {
        "bookingid": 4754
    },
    {
        "bookingid": 2000
    },
    {
        "bookingid": 1472
    },
    {
        "bookingid": 4580
    },
    {
        "bookingid": 3131
    },
    {
        "bookingid": 5056
    },
    {
        "bookingid": 3463
    },
    {
        "bookingid": 4743
    },
    {
        "bookingid": 4390
    },
    {
        "bookingid": 2069
    },
    {
        "bookingid": 800
    },
    {
        "bookingid": 3946
    },
    {
        "bookingid": 1599
    },
    {
        "bookingid": 3530
    },
    {
        "bookingid": 1795
    },
    {
        "bookingid": 3110
    },
    {
        "bookingid": 4844
    },
    {
        "bookingid": 1407
    },
    {
        "bookingid": 1085
    },
    {
        "bookingid": 1071
    },
    {
        "bookingid": 5231
    },
    {
        "bookingid": 479
    },
    {
        "bookingid": 3656
    },
    {
        "bookingid": 2723
    },
    {
        "bookingid": 4350
    },
    {
        "bookingid": 5160
    },
    {
        "bookingid": 4739
    },
    {
        "bookingid": 5325
    },
    {
        "bookingid": 2210
    },
    {
        "bookingid": 2177
    },
    {
        "bookingid": 2987
    },
    {
        "bookingid": 1195
    },
    {
        "bookingid": 5208
    },
    {
        "bookingid": 714
    },
    {
        "bookingid": 4477
    },
    {
        "bookingid": 4817
    },
    {
        "bookingid": 1957
    },
    {
        "bookingid": 4737
    },
    {
        "bookingid": 4608
    },
    {
        "bookingid": 5455
    },
    {
        "bookingid": 405
    },
    {
        "bookingid": 3936
    },
    {
        "bookingid": 3499
    },
    {
        "bookingid": 1516
    },
    {
        "bookingid": 417
    },
    {
        "bookingid": 1836
    },
    {
        "bookingid": 652
    },
    {
        "bookingid": 3909
    },
    {
        "bookingid": 4198
    },
    {
        "bookingid": 23
    },
    {
        "bookingid": 75
    },
    {
        "bookingid": 1232
    },
    {
        "bookingid": 1890
    },
    {
        "bookingid": 4567
    },
    {
        "bookingid": 5366
    },
    {
        "bookingid": 1375
    },
    {
        "bookingid": 458
    },
    {
        "bookingid": 4044
    },
    {
        "bookingid": 72
    },
    {
        "bookingid": 3080
    },
    {
        "bookingid": 1962
    },
    {
        "bookingid": 4038
    },
    {
        "bookingid": 3975
    },
    {
        "bookingid": 1641
    },
    {
        "bookingid": 4646
    },
    {
        "bookingid": 1410
    },
    {
        "bookingid": 3489
    },
    {
        "bookingid": 1467
    },
    {
        "bookingid": 1092
    },
    {
        "bookingid": 1585
    },
    {
        "bookingid": 4823
    },
    {
        "bookingid": 5036
    },
    {
        "bookingid": 2598
    },
    {
        "bookingid": 2856
    },
    {
        "bookingid": 4812
    },
    {
        "bookingid": 551
    },
    {
        "bookingid": 2459
    },
    {
        "bookingid": 4978
    },
    {
        "bookingid": 2688
    },
    {
        "bookingid": 4090
    },
    {
        "bookingid": 4550
    },
    {
        "bookingid": 4700
    },
    {
        "bookingid": 4102
    },
    {
        "bookingid": 2734
    },
    {
        "bookingid": 5533
    },
    {
        "bookingid": 4028
    },
    {
        "bookingid": 2393
    },
    {
        "bookingid": 4327
    },
    {
        "bookingid": 3421
    },
    {
        "bookingid": 2718
    },
    {
        "bookingid": 990
    },
    {
        "bookingid": 1462
    },
    {
        "bookingid": 797
    },
    {
        "bookingid": 3461
    },
    {
        "bookingid": 5079
    },
    {
        "bookingid": 1076
    },
    {
        "bookingid": 1837
    },
    {
        "bookingid": 1667
    },
    {
        "bookingid": 5007
    },
    {
        "bookingid": 4535
    },
    {
        "bookingid": 2353
    },
    {
        "bookingid": 1412
    },
    {
        "bookingid": 3299
    },
    {
        "bookingid": 5185
    },
    {
        "bookingid": 4189
    },
    {
        "bookingid": 3062
    },
    {
        "bookingid": 4596
    },
    {
        "bookingid": 3920
    },
    {
        "bookingid": 4658
    },
    {
        "bookingid": 3402
    },
    {
        "bookingid": 4984
    },
    {
        "bookingid": 3416
    },
    {
        "bookingid": 4659
    },
    {
        "bookingid": 252
    },
    {
        "bookingid": 223
    },
    {
        "bookingid": 22
    },
    {
        "bookingid": 4835
    },
    {
        "bookingid": 5422
    },
    {
        "bookingid": 4919
    },
    {
        "bookingid": 2839
    },
    {
        "bookingid": 355
    },
    {
        "bookingid": 3957
    },
    {
        "bookingid": 5526
    },
    {
        "bookingid": 2649
    },
    {
        "bookingid": 4466
    },
    {
        "bookingid": 764
    },
    {
        "bookingid": 1730
    },
    {
        "bookingid": 5250
    },
    {
        "bookingid": 2437
    },
    {
        "bookingid": 4827
    },
    {
        "bookingid": 1352
    },
    {
        "bookingid": 3287
    },
    {
        "bookingid": 2297
    },
    {
        "bookingid": 2660
    },
    {
        "bookingid": 2363
    },
    {
        "bookingid": 2939
    },
    {
        "bookingid": 542
    },
    {
        "bookingid": 5283
    },
    {
        "bookingid": 436
    },
    {
        "bookingid": 2503
    },
    {
        "bookingid": 5469
    },
    {
        "bookingid": 4480
    },
    {
        "bookingid": 594
    },
    {
        "bookingid": 5307
    },
    {
        "bookingid": 468
    },
    {
        "bookingid": 4230
    },
    {
        "bookingid": 1907
    },
    {
        "bookingid": 3796
    },
    {
        "bookingid": 3734
    },
    {
        "bookingid": 4938
    },
    {
        "bookingid": 3022
    },
    {
        "bookingid": 3645
    },
    {
        "bookingid": 5381
    },
    {
        "bookingid": 2533
    },
    {
        "bookingid": 5035
    },
    {
        "bookingid": 3381
    },
    {
        "bookingid": 1705
    },
    {
        "bookingid": 3997
    },
    {
        "bookingid": 5336
    },
    {
        "bookingid": 399
    },
    {
        "bookingid": 1620
    },
    {
        "bookingid": 3486
    },
    {
        "bookingid": 2977
    },
    {
        "bookingid": 3095
    },
    {
        "bookingid": 217
    },
    {
        "bookingid": 5267
    },
    {
        "bookingid": 323
    },
    {
        "bookingid": 1148
    },
    {
        "bookingid": 4505
    },
    {
        "bookingid": 128
    },
    {
        "bookingid": 3152
    },
    {
        "bookingid": 2677
    },
    {
        "bookingid": 1122
    },
    {
        "bookingid": 1037
    },
    {
        "bookingid": 170
    },
    {
        "bookingid": 322
    },
    {
        "bookingid": 3940
    },
    {
        "bookingid": 3669
    },
    {
        "bookingid": 257
    },
    {
        "bookingid": 1306
    },
    {
        "bookingid": 1558
    },
    {
        "bookingid": 4201
    },
    {
        "bookingid": 2156
    },
    {
        "bookingid": 3106
    },
    {
        "bookingid": 4957
    },
    {
        "bookingid": 1929
    },
    {
        "bookingid": 4709
    },
    {
        "bookingid": 1626
    },
    {
        "bookingid": 2004
    },
    {
        "bookingid": 2269
    },
    {
        "bookingid": 3847
    },
    {
        "bookingid": 123
    },
    {
        "bookingid": 785
    },
    {
        "bookingid": 3754
    },
    {
        "bookingid": 2541
    },
    {
        "bookingid": 4523
    },
    {
        "bookingid": 138
    },
    {
        "bookingid": 4568
    },
    {
        "bookingid": 2891
    },
    {
        "bookingid": 2309
    },
    {
        "bookingid": 5117
    },
    {
        "bookingid": 5067
    },
    {
        "bookingid": 2065
    },
    {
        "bookingid": 827
    },
    {
        "bookingid": 4706
    },
    {
        "bookingid": 1083
    },
    {
        "bookingid": 4187
    },
    {
        "bookingid": 1266
    },
    {
        "bookingid": 1442
    },
    {
        "bookingid": 1001
    },
    {
        "bookingid": 3383
    },
    {
        "bookingid": 328
    },
    {
        "bookingid": 4971
    },
    {
        "bookingid": 243
    },
    {
        "bookingid": 1305
    },
    {
        "bookingid": 5152
    },
    {
        "bookingid": 316
    },
    {
        "bookingid": 3187
    },
    {
        "bookingid": 3552
    },
    {
        "bookingid": 1458
    },
    {
        "bookingid": 2402
    },
    {
        "bookingid": 4357
    },
    {
        "bookingid": 2172
    },
    {
        "bookingid": 1453
    },
    {
        "bookingid": 3992
    },
    {
        "bookingid": 648
    },
    {
        "bookingid": 3101
    },
    {
        "bookingid": 4510
    },
    {
        "bookingid": 3812
    },
    {
        "bookingid": 1149
    },
    {
        "bookingid": 861
    },
    {
        "bookingid": 3426
    },
    {
        "bookingid": 2779
    },
    {
        "bookingid": 2048
    },
    {
        "bookingid": 5178
    },
    {
        "bookingid": 3609
    },
    {
        "bookingid": 4890
    },
    {
        "bookingid": 2467
    },
    {
        "bookingid": 1583
    },
    {
        "bookingid": 3121
    },
    {
        "bookingid": 5403
    },
    {
        "bookingid": 5357
    },
    {
        "bookingid": 4769
    },
    {
        "bookingid": 1766
    },
    {
        "bookingid": 151
    },
    {
        "bookingid": 5513
    },
    {
        "bookingid": 369
    },
    {
        "bookingid": 2038
    },
    {
        "bookingid": 246
    },
    {
        "bookingid": 3577
    },
    {
        "bookingid": 1447
    },
    {
        "bookingid": 5342
    },
    {
        "bookingid": 4530
    },
    {
        "bookingid": 3937
    },
    {
        "bookingid": 3431
    },
    {
        "bookingid": 3193
    },
    {
        "bookingid": 4555
    },
    {
        "bookingid": 2607
    },
    {
        "bookingid": 842
    },
    {
        "bookingid": 5466
    },
    {
        "bookingid": 660
    },
    {
        "bookingid": 430
    },
    {
        "bookingid": 2680
    },
    {
        "bookingid": 1074
    },
    {
        "bookingid": 4590
    },
    {
        "bookingid": 2586
    },
    {
        "bookingid": 1256
    },
    {
        "bookingid": 2738
    },
    {
        "bookingid": 5503
    },
    {
        "bookingid": 1622
    },
    {
        "bookingid": 5319
    },
    {
        "bookingid": 262
    },
    {
        "bookingid": 5100
    },
    {
        "bookingid": 3057
    },
    {
        "bookingid": 3725
    },
    {
        "bookingid": 4789
    },
    {
        "bookingid": 5220
    },
    {
        "bookingid": 1793
    },
    {
        "bookingid": 4726
    },
    {
        "bookingid": 4698
    },
    {
        "bookingid": 71
    },
    {
        "bookingid": 735
    },
    {
        "bookingid": 1702
    },
    {
        "bookingid": 601
    },
    {
        "bookingid": 4647
    },
    {
        "bookingid": 3238
    },
    {
        "bookingid": 4729
    },
    {
        "bookingid": 3186
    },
    {
        "bookingid": 559
    },
    {
        "bookingid": 3357
    },
    {
        "bookingid": 2435
    },
    {
        "bookingid": 2567
    },
    {
        "bookingid": 4561
    },
    {
        "bookingid": 4619
    },
    {
        "bookingid": 5093
    },
    {
        "bookingid": 385
    },
    {
        "bookingid": 2715
    },
    {
        "bookingid": 3985
    },
    {
        "bookingid": 2593
    },
    {
        "bookingid": 3077
    },
    {
        "bookingid": 1515
    },
    {
        "bookingid": 5335
    },
    {
        "bookingid": 2840
    },
    {
        "bookingid": 1729
    },
    {
        "bookingid": 731
    },
    {
        "bookingid": 4061
    },
    {
        "bookingid": 2017
    },
    {
        "bookingid": 4674
    },
    {
        "bookingid": 969
    },
    {
        "bookingid": 1539
    },
    {
        "bookingid": 4533
    },
    {
        "bookingid": 461
    },
    {
        "bookingid": 2411
    },
    {
        "bookingid": 3123
    },
    {
        "bookingid": 1413
    },
    {
        "bookingid": 2386
    },
    {
        "bookingid": 2940
    },
    {
        "bookingid": 3161
    },
    {
        "bookingid": 4589
    },
    {
        "bookingid": 3397
    },
    {
        "bookingid": 2012
    },
    {
        "bookingid": 1566
    },
    {
        "bookingid": 4426
    },
    {
        "bookingid": 406
    },
    {
        "bookingid": 596
    },
    {
        "bookingid": 4392
    },
    {
        "bookingid": 9
    },
    {
        "bookingid": 2449
    },
    {
        "bookingid": 4838
    },
    {
        "bookingid": 5452
    },
    {
        "bookingid": 1651
    },
    {
        "bookingid": 2548
    },
    {
        "bookingid": 637
    },
    {
        "bookingid": 3953
    },
    {
        "bookingid": 4468
    },
    {
        "bookingid": 1533
    },
    {
        "bookingid": 4986
    },
    {
        "bookingid": 5128
    },
    {
        "bookingid": 5439
    },
    {
        "bookingid": 2641
    },
    {
        "bookingid": 1060
    },
    {
        "bookingid": 1612
    },
    {
        "bookingid": 808
    },
    {
        "bookingid": 3407
    },
    {
        "bookingid": 358
    },
    {
        "bookingid": 2422
    },
    {
        "bookingid": 3736
    },
    {
        "bookingid": 2296
    },
    {
        "bookingid": 515
    },
    {
        "bookingid": 532
    },
    {
        "bookingid": 1290
    },
    {
        "bookingid": 1992
    },
    {
        "bookingid": 1635
    },
    {
        "bookingid": 1745
    },
    {
        "bookingid": 1741
    },
    {
        "bookingid": 5049
    },
    {
        "bookingid": 631
    },
    {
        "bookingid": 2552
    },
    {
        "bookingid": 2006
    },
    {
        "bookingid": 4037
    },
    {
        "bookingid": 2446
    },
    {
        "bookingid": 918
    },
    {
        "bookingid": 3678
    },
    {
        "bookingid": 2009
    },
    {
        "bookingid": 4899
    },
    {
        "bookingid": 1016
    },
    {
        "bookingid": 3094
    },
    {
        "bookingid": 3817
    },
    {
        "bookingid": 833
    },
    {
        "bookingid": 90
    },
    {
        "bookingid": 3871
    },
    {
        "bookingid": 2810
    },
    {
        "bookingid": 3652
    },
    {
        "bookingid": 2865
    },
    {
        "bookingid": 5245
    },
    {
        "bookingid": 3634
    },
    {
        "bookingid": 3425
    },
    {
        "bookingid": 1355
    },
    {
        "bookingid": 5490
    },
    {
        "bookingid": 1525
    },
    {
        "bookingid": 858
    },
    {
        "bookingid": 3727
    },
    {
        "bookingid": 3453
    },
    {
        "bookingid": 2612
    },
    {
        "bookingid": 3861
    },
    {
        "bookingid": 1328
    },
    {
        "bookingid": 3993
    },
    {
        "bookingid": 2710
    },
    {
        "bookingid": 1570
    },
    {
        "bookingid": 1894
    },
    {
        "bookingid": 3316
    },
    {
        "bookingid": 4766
    },
    {
        "bookingid": 432
    },
    {
        "bookingid": 4847
    },
    {
        "bookingid": 779
    },
    {
        "bookingid": 1695
    },
    {
        "bookingid": 1340
    },
    {
        "bookingid": 2123
    },
    {
        "bookingid": 494
    },
    {
        "bookingid": 1445
    },
    {
        "bookingid": 4122
    },
    {
        "bookingid": 3661
    },
    {
        "bookingid": 2675
    },
    {
        "bookingid": 3163
    },
    {
        "bookingid": 1377
    },
    {
        "bookingid": 2074
    },
    {
        "bookingid": 5164
    },
    {
        "bookingid": 5447
    },
    {
        "bookingid": 2440
    },
    {
        "bookingid": 4290
    },
    {
        "bookingid": 1777
    },
    {
        "bookingid": 2417
    },
    {
        "bookingid": 3628
    },
    {
        "bookingid": 4574
    },
    {
        "bookingid": 3979
    },
    {
        "bookingid": 5123
    },
    {
        "bookingid": 2001
    },
    {
        "bookingid": 3837
    },
    {
        "bookingid": 1155
    },
    {
        "bookingid": 2026
    },
    {
        "bookingid": 3854
    },
    {
        "bookingid": 4127
    },
    {
        "bookingid": 3684
    },
    {
        "bookingid": 2960
    },
    {
        "bookingid": 3196
    },
    {
        "bookingid": 2346
    },
    {
        "bookingid": 4877
    },
    {
        "bookingid": 4855
    },
    {
        "bookingid": 502
    },
    {
        "bookingid": 2277
    },
    {
        "bookingid": 1226
    },
    {
        "bookingid": 701
    },
    {
        "bookingid": 1036
    },
    {
        "bookingid": 3091
    },
    {
        "bookingid": 3446
    },
    {
        "bookingid": 5247
    },
    {
        "bookingid": 869
    },
    {
        "bookingid": 2936
    },
    {
        "bookingid": 2274
    },
    {
        "bookingid": 3454
    },
    {
        "bookingid": 1484
    },
    {
        "bookingid": 4744
    },
    {
        "bookingid": 3575
    },
    {
        "bookingid": 5311
    },
    {
        "bookingid": 229
    },
    {
        "bookingid": 2748
    },
    {
        "bookingid": 1289
    },
    {
        "bookingid": 1979
    },
    {
        "bookingid": 1104
    },
    {
        "bookingid": 3323
    },
    {
        "bookingid": 4544
    },
    {
        "bookingid": 3548
    },
    {
        "bookingid": 3602
    },
    {
        "bookingid": 2481
    },
    {
        "bookingid": 1718
    },
    {
        "bookingid": 3205
    },
    {
        "bookingid": 3589
    },
    {
        "bookingid": 642
    },
    {
        "bookingid": 1973
    },
    {
        "bookingid": 2824
    },
    {
        "bookingid": 3905
    },
    {
        "bookingid": 5102
    },
    {
        "bookingid": 5385
    },
    {
        "bookingid": 4723
    },
    {
        "bookingid": 1692
    },
    {
        "bookingid": 3899
    },
    {
        "bookingid": 5368
    },
    {
        "bookingid": 4078
    },
    {
        "bookingid": 1131
    },
    {
        "bookingid": 3227
    },
    {
        "bookingid": 2664
    },
    {
        "bookingid": 1469
    },
    {
        "bookingid": 3672
    },
    {
        "bookingid": 5023
    },
    {
        "bookingid": 1242
    },
    {
        "bookingid": 3409
    },
    {
        "bookingid": 3310
    },
    {
        "bookingid": 1863
    },
    {
        "bookingid": 4445
    },
    {
        "bookingid": 157
    },
    {
        "bookingid": 2231
    },
    {
        "bookingid": 760
    },
    {
        "bookingid": 4781
    },
    {
        "bookingid": 1347
    },
    {
        "bookingid": 220
    },
    {
        "bookingid": 3849
    },
    {
        "bookingid": 3132
    },
    {
        "bookingid": 772
    },
    {
        "bookingid": 2809
    },
    {
        "bookingid": 4720
    },
    {
        "bookingid": 3942
    },
    {
        "bookingid": 1097
    },
    {
        "bookingid": 4992
    },
    {
        "bookingid": 3484
    },
    {
        "bookingid": 1540
    },
    {
        "bookingid": 1598
    },
    {
        "bookingid": 2634
    },
    {
        "bookingid": 373
    },
    {
        "bookingid": 118
    },
    {
        "bookingid": 2489
    },
    {
        "bookingid": 4026
    },
    {
        "bookingid": 4108
    },
    {
        "bookingid": 3013
    },
    {
        "bookingid": 236
    },
    {
        "bookingid": 3001
    },
    {
        "bookingid": 4491
    },
    {
        "bookingid": 5365
    },
    {
        "bookingid": 3024
    },
    {
        "bookingid": 4818
    },
    {
        "bookingid": 4479
    },
    {
        "bookingid": 2235
    },
    {
        "bookingid": 1563
    },
    {
        "bookingid": 1547
    },
    {
        "bookingid": 4702
    },
    {
        "bookingid": 4694
    },
    {
        "bookingid": 1157
    },
    {
        "bookingid": 1272
    },
    {
        "bookingid": 424
    },
    {
        "bookingid": 4753
    },
    {
        "bookingid": 4050
    },
    {
        "bookingid": 2173
    },
    {
        "bookingid": 1535
    },
    {
        "bookingid": 2516
    },
    {
        "bookingid": 1731
    },
    {
        "bookingid": 4721
    },
    {
        "bookingid": 5338
    },
    {
        "bookingid": 89
    },
    {
        "bookingid": 590
    },
    {
        "bookingid": 511
    },
    {
        "bookingid": 3838
    },
    {
        "bookingid": 2121
    },
    {
        "bookingid": 566
    },
    {
        "bookingid": 1888
    },
    {
        "bookingid": 4751
    },
    {
        "bookingid": 5473
    },
    {
        "bookingid": 4205
    },
    {
        "bookingid": 1737
    },
    {
        "bookingid": 2427
    },
    {
        "bookingid": 4563
    },
    {
        "bookingid": 2332
    },
    {
        "bookingid": 3603
    },
    {
        "bookingid": 4135
    },
    {
        "bookingid": 3616
    },
    {
        "bookingid": 4298
    },
    {
        "bookingid": 2421
    },
    {
        "bookingid": 5080
    },
    {
        "bookingid": 980
    },
    {
        "bookingid": 2769
    },
    {
        "bookingid": 871
    },
    {
        "bookingid": 361
    },
    {
        "bookingid": 3750
    },
    {
        "bookingid": 1996
    },
    {
        "bookingid": 1838
    },
    {
        "bookingid": 717
    },
    {
        "bookingid": 97
    },
    {
        "bookingid": 2340
    },
    {
        "bookingid": 3436
    },
    {
        "bookingid": 2795
    },
    {
        "bookingid": 976
    },
    {
        "bookingid": 5531
    },
    {
        "bookingid": 3329
    },
    {
        "bookingid": 4155
    },
    {
        "bookingid": 4056
    },
    {
        "bookingid": 330
    },
    {
        "bookingid": 3347
    },
    {
        "bookingid": 3468
    },
    {
        "bookingid": 1089
    },
    {
        "bookingid": 2455
    },
    {
        "bookingid": 2238
    },
    {
        "bookingid": 4184
    },
    {
        "bookingid": 802
    },
    {
        "bookingid": 4274
    },
    {
        "bookingid": 135
    },
    {
        "bookingid": 2658
    },
    {
        "bookingid": 1379
    },
    {
        "bookingid": 5075
    },
    {
        "bookingid": 3352
    },
    {
        "bookingid": 1161
    },
    {
        "bookingid": 1881
    },
    {
        "bookingid": 944
    },
    {
        "bookingid": 1507
    },
    {
        "bookingid": 3215
    },
    {
        "bookingid": 3758
    },
    {
        "bookingid": 1592
    },
    {
        "bookingid": 2785
    },
    {
        "bookingid": 3631
    },
    {
        "bookingid": 5298
    },
    {
        "bookingid": 1218
    },
    {
        "bookingid": 38
    },
    {
        "bookingid": 6
    },
    {
        "bookingid": 3459
    },
    {
        "bookingid": 1051
    },
    {
        "bookingid": 4137
    },
    {
        "bookingid": 5005
    },
    {
        "bookingid": 1611
    },
    {
        "bookingid": 1964
    },
    {
        "bookingid": 4260
    },
    {
        "bookingid": 632
    },
    {
        "bookingid": 616
    },
    {
        "bookingid": 3361
    },
    {
        "bookingid": 3711
    },
    {
        "bookingid": 3977
    },
    {
        "bookingid": 264
    },
    {
        "bookingid": 4642
    },
    {
        "bookingid": 4166
    },
    {
        "bookingid": 495
    },
    {
        "bookingid": 3
    },
    {
        "bookingid": 3074
    },
    {
        "bookingid": 3967
    },
    {
        "bookingid": 1934
    },
    {
        "bookingid": 3191
    },
    {
        "bookingid": 2542
    },
    {
        "bookingid": 499
    },
    {
        "bookingid": 5146
    },
    {
        "bookingid": 1824
    },
    {
        "bookingid": 4879
    },
    {
        "bookingid": 4447
    },
    {
        "bookingid": 3245
    },
    {
        "bookingid": 4153
    },
    {
        "bookingid": 2161
    },
    {
        "bookingid": 5077
    },
    {
        "bookingid": 2673
    },
    {
        "bookingid": 3389
    },
    {
        "bookingid": 4947
    },
    {
        "bookingid": 739
    },
    {
        "bookingid": 3437
    },
    {
        "bookingid": 5410
    },
    {
        "bookingid": 2498
    },
    {
        "bookingid": 1293
    },
    {
        "bookingid": 3480
    },
    {
        "bookingid": 259
    },
    {
        "bookingid": 872
    },
    {
        "bookingid": 2772
    },
    {
        "bookingid": 560
    },
    {
        "bookingid": 1827
    },
    {
        "bookingid": 5540
    },
    {
        "bookingid": 5402
    },
    {
        "bookingid": 1807
    },
    {
        "bookingid": 87
    },
    {
        "bookingid": 2368
    },
    {
        "bookingid": 2982
    },
    {
        "bookingid": 255
    },
    {
        "bookingid": 2082
    },
    {
        "bookingid": 1332
    },
    {
        "bookingid": 4981
    },
    {
        "bookingid": 644
    },
    {
        "bookingid": 1396
    },
    {
        "bookingid": 5110
    },
    {
        "bookingid": 136
    },
    {
        "bookingid": 4121
    },
    {
        "bookingid": 2627
    },
    {
        "bookingid": 2476
    },
    {
        "bookingid": 249
    },
    {
        "bookingid": 4138
    },
    {
        "bookingid": 5516
    },
    {
        "bookingid": 3578
    },
    {
        "bookingid": 3244
    },
    {
        "bookingid": 4308
    },
    {
        "bookingid": 3926
    },
    {
        "bookingid": 3931
    },
    {
        "bookingid": 1937
    },
    {
        "bookingid": 4207
    },
    {
        "bookingid": 2746
    },
    {
        "bookingid": 5134
    },
    {
        "bookingid": 1798
    },
    {
        "bookingid": 1191
    },
    {
        "bookingid": 2130
    },
    {
        "bookingid": 4845
    },
    {
        "bookingid": 1115
    },
    {
        "bookingid": 3702
    },
    {
        "bookingid": 3108
    },
    {
        "bookingid": 555
    },
    {
        "bookingid": 2953
    },
    {
        "bookingid": 2909
    },
    {
        "bookingid": 2670
    },
    {
        "bookingid": 500
    },
    {
        "bookingid": 13
    },
    {
        "bookingid": 4500
    },
    {
        "bookingid": 3630
    },
    {
        "bookingid": 218
    },
    {
        "bookingid": 4541
    },
    {
        "bookingid": 3309
    },
    {
        "bookingid": 2113
    },
    {
        "bookingid": 2383
    },
    {
        "bookingid": 3173
    },
    {
        "bookingid": 3515
    },
    {
        "bookingid": 854
    },
    {
        "bookingid": 2303
    },
    {
        "bookingid": 3104
    },
    {
        "bookingid": 694
    },
    {
        "bookingid": 1421
    },
    {
        "bookingid": 4386
    },
    {
        "bookingid": 3753
    },
    {
        "bookingid": 375
    },
    {
        "bookingid": 4124
    },
    {
        "bookingid": 1764
    },
    {
        "bookingid": 2491
    },
    {
        "bookingid": 4982
    },
    {
        "bookingid": 5510
    },
    {
        "bookingid": 5106
    },
    {
        "bookingid": 142
    },
    {
        "bookingid": 4406
    },
    {
        "bookingid": 1524
    },
    {
        "bookingid": 159
    },
    {
        "bookingid": 2884
    },
    {
        "bookingid": 2699
    },
    {
        "bookingid": 1882
    },
    {
        "bookingid": 1245
    },
    {
        "bookingid": 1859
    },
    {
        "bookingid": 1173
    },
    {
        "bookingid": 5112
    },
    {
        "bookingid": 611
    },
    {
        "bookingid": 5031
    },
    {
        "bookingid": 666
    },
    {
        "bookingid": 2439
    },
    {
        "bookingid": 2916
    },
    {
        "bookingid": 2323
    },
    {
        "bookingid": 4270
    },
    {
        "bookingid": 269
    },
    {
        "bookingid": 5261
    },
    {
        "bookingid": 1275
    },
    {
        "bookingid": 736
    },
    {
        "bookingid": 2219
    },
    {
        "bookingid": 723
    },
    {
        "bookingid": 2648
    },
    {
        "bookingid": 3137
    },
    {
        "bookingid": 5181
    },
    {
        "bookingid": 155
    },
    {
        "bookingid": 4115
    },
    {
        "bookingid": 2079
    },
    {
        "bookingid": 5448
    },
    {
        "bookingid": 195
    },
    {
        "bookingid": 806
    },
    {
        "bookingid": 2119
    },
    {
        "bookingid": 2469
    },
    {
        "bookingid": 5305
    },
    {
        "bookingid": 729
    },
    {
        "bookingid": 4604
    },
    {
        "bookingid": 5252
    },
    {
        "bookingid": 543
    },
    {
        "bookingid": 435
    },
    {
        "bookingid": 4588
    },
    {
        "bookingid": 1878
    },
    {
        "bookingid": 3639
    },
    {
        "bookingid": 655
    },
    {
        "bookingid": 1722
    },
    {
        "bookingid": 946
    },
    {
        "bookingid": 83
    },
    {
        "bookingid": 5463
    },
    {
        "bookingid": 4281
    },
    {
        "bookingid": 347
    },
    {
        "bookingid": 3333
    },
    {
        "bookingid": 1116
    },
    {
        "bookingid": 3785
    },
    {
        "bookingid": 418
    },
    {
        "bookingid": 3087
    },
    {
        "bookingid": 156
    },
    {
        "bookingid": 4220
    },
    {
        "bookingid": 3374
    },
    {
        "bookingid": 1657
    },
    {
        "bookingid": 4768
    },
    {
        "bookingid": 101
    },
    {
        "bookingid": 1349
    },
    {
        "bookingid": 86
    },
    {
        "bookingid": 206
    },
    {
        "bookingid": 346
    },
    {
        "bookingid": 3498
    },
    {
        "bookingid": 4147
    },
    {
        "bookingid": 2610
    },
    {
        "bookingid": 2877
    },
    {
        "bookingid": 884
    },
    {
        "bookingid": 1767
    },
    {
        "bookingid": 5388
    },
    {
        "bookingid": 2395
    },
    {
        "bookingid": 4193
    },
    {
        "bookingid": 4255
    },
    {
        "bookingid": 781
    },
    {
        "bookingid": 2787
    },
    {
        "bookingid": 974
    },
    {
        "bookingid": 669
    },
    {
        "bookingid": 41
    },
    {
        "bookingid": 2185
    },
    {
        "bookingid": 1900
    },
    {
        "bookingid": 3452
    },
    {
        "bookingid": 2690
    },
    {
        "bookingid": 3030
    },
    {
        "bookingid": 5331
    },
    {
        "bookingid": 4636
    },
    {
        "bookingid": 899
    },
    {
        "bookingid": 1203
    },
    {
        "bookingid": 885
    },
    {
        "bookingid": 392
    },
    {
        "bookingid": 4366
    },
    {
        "bookingid": 1370
    },
    {
        "bookingid": 1182
    },
    {
        "bookingid": 5496
    },
    {
        "bookingid": 4015
    },
    {
        "bookingid": 3510
    },
    {
        "bookingid": 938
    },
    {
        "bookingid": 1357
    },
    {
        "bookingid": 3501
    },
    {
        "bookingid": 400
    },
    {
        "bookingid": 822
    },
    {
        "bookingid": 558
    },
    {
        "bookingid": 5246
    },
    {
        "bookingid": 5537
    },
    {
        "bookingid": 3142
    },
    {
        "bookingid": 1136
    },
    {
        "bookingid": 2510
    },
    {
        "bookingid": 5028
    },
    {
        "bookingid": 3328
    },
    {
        "bookingid": 1154
    },
    {
        "bookingid": 49
    },
    {
        "bookingid": 472
    },
    {
        "bookingid": 3369
    },
    {
        "bookingid": 2556
    },
    {
        "bookingid": 3673
    },
    {
        "bookingid": 1989
    },
    {
        "bookingid": 3540
    },
    {
        "bookingid": 1031
    },
    {
        "bookingid": 2653
    },
    {
        "bookingid": 2200
    },
    {
        "bookingid": 5195
    },
    {
        "bookingid": 1059
    },
    {
        "bookingid": 2591
    },
    {
        "bookingid": 3878
    },
    {
        "bookingid": 5456
    },
    {
        "bookingid": 3897
    },
    {
        "bookingid": 1972
    },
    {
        "bookingid": 2743
    },
    {
        "bookingid": 2966
    },
    {
        "bookingid": 1366
    },
    {
        "bookingid": 416
    },
    {
        "bookingid": 4529
    },
    {
        "bookingid": 992
    },
    {
        "bookingid": 4077
    },
    {
        "bookingid": 948
    },
    {
        "bookingid": 3124
    },
    {
        "bookingid": 3929
    },
    {
        "bookingid": 3742
    },
    {
        "bookingid": 2508
    },
    {
        "bookingid": 1625
    },
    {
        "bookingid": 4408
    },
    {
        "bookingid": 2759
    },
    {
        "bookingid": 1875
    },
    {
        "bookingid": 443
    },
    {
        "bookingid": 5461
    },
    {
        "bookingid": 3049
    },
    {
        "bookingid": 790
    },
    {
        "bookingid": 3688
    },
    {
        "bookingid": 4344
    },
    {
        "bookingid": 5314
    },
    {
        "bookingid": 2719
    },
    {
        "bookingid": 390
    },
    {
        "bookingid": 1858
    },
    {
        "bookingid": 2512
    },
    {
        "bookingid": 1621
    },
    {
        "bookingid": 4803
    },
    {
        "bookingid": 274
    },
    {
        "bookingid": 4400
    },
    {
        "bookingid": 4861
    },
    {
        "bookingid": 1188
    },
    {
        "bookingid": 1223
    },
    {
        "bookingid": 526
    },
    {
        "bookingid": 682
    },
    {
        "bookingid": 68
    },
    {
        "bookingid": 5206
    },
    {
        "bookingid": 201
    },
    {
        "bookingid": 320
    },
    {
        "bookingid": 3395
    },
    {
        "bookingid": 1020
    },
    {
        "bookingid": 451
    },
    {
        "bookingid": 2311
    },
    {
        "bookingid": 1125
    },
    {
        "bookingid": 2258
    },
    {
        "bookingid": 3999
    },
    {
        "bookingid": 2318
    },
    {
        "bookingid": 727
    },
    {
        "bookingid": 3143
    },
    {
        "bookingid": 2361
    },
    {
        "bookingid": 1804
    },
    {
        "bookingid": 1165
    },
    {
        "bookingid": 232
    },
    {
        "bookingid": 2976
    },
    {
        "bookingid": 2008
    },
    {
        "bookingid": 2584
    },
    {
        "bookingid": 309
    },
    {
        "bookingid": 3220
    },
    {
        "bookingid": 5320
    },
    {
        "bookingid": 4397
    },
    {
        "bookingid": 3894
    },
    {
        "bookingid": 3691
    },
    {
        "bookingid": 247
    },
    {
        "bookingid": 4309
    },
    {
        "bookingid": 3760
    },
    {
        "bookingid": 3449
    },
    {
        "bookingid": 3387
    },
    {
        "bookingid": 1784
    },
    {
        "bookingid": 5255
    },
    {
        "bookingid": 2419
    },
    {
        "bookingid": 2661
    },
    {
        "bookingid": 2903
    },
    {
        "bookingid": 2180
    },
    {
        "bookingid": 5149
    },
    {
        "bookingid": 1426
    },
    {
        "bookingid": 3543
    },
    {
        "bookingid": 96
    },
    {
        "bookingid": 2336
    },
    {
        "bookingid": 4119
    },
    {
        "bookingid": 73
    },
    {
        "bookingid": 4712
    },
    {
        "bookingid": 5374
    },
    {
        "bookingid": 4364
    },
    {
        "bookingid": 1282
    },
    {
        "bookingid": 2834
    },
    {
        "bookingid": 3427
    },
    {
        "bookingid": 1761
    },
    {
        "bookingid": 3867
    },
    {
        "bookingid": 1353
    },
    {
        "bookingid": 3682
    },
    {
        "bookingid": 1344
    },
    {
        "bookingid": 2320
    },
    {
        "bookingid": 4662
    },
    {
        "bookingid": 4909
    },
    {
        "bookingid": 3947
    },
    {
        "bookingid": 741
    },
    {
        "bookingid": 1091
    },
    {
        "bookingid": 2944
    },
    {
        "bookingid": 2343
    },
    {
        "bookingid": 3965
    },
    {
        "bookingid": 4079
    },
    {
        "bookingid": 5165
    },
    {
        "bookingid": 4975
    },
    {
        "bookingid": 5065
    },
    {
        "bookingid": 1312
    },
    {
        "bookingid": 720
    },
    {
        "bookingid": 5199
    },
    {
        "bookingid": 828
    },
    {
        "bookingid": 4898
    },
    {
        "bookingid": 4269
    },
    {
        "bookingid": 4254
    },
    {
        "bookingid": 4232
    },
    {
        "bookingid": 4630
    },
    {
        "bookingid": 3079
    },
    {
        "bookingid": 306
    },
    {
        "bookingid": 2355
    },
    {
        "bookingid": 4824
    },
    {
        "bookingid": 1062
    },
    {
        "bookingid": 3779
    },
    {
        "bookingid": 130
    },
    {
        "bookingid": 1586
    },
    {
        "bookingid": 3584
    },
    {
        "bookingid": 326
    },
    {
        "bookingid": 1342
    },
    {
        "bookingid": 2652
    },
    {
        "bookingid": 4387
    },
    {
        "bookingid": 2632
    },
    {
        "bookingid": 5467
    },
    {
        "bookingid": 2638
    },
    {
        "bookingid": 1855
    },
    {
        "bookingid": 4183
    },
    {
        "bookingid": 1243
    },
    {
        "bookingid": 282
    },
    {
        "bookingid": 1628
    },
    {
        "bookingid": 968
    },
    {
        "bookingid": 226
    },
    {
        "bookingid": 2700
    },
    {
        "bookingid": 2828
    },
    {
        "bookingid": 153
    },
    {
        "bookingid": 1728
    },
    {
        "bookingid": 3570
    },
    {
        "bookingid": 267
    },
    {
        "bookingid": 3272
    },
    {
        "bookingid": 1468
    },
    {
        "bookingid": 4291
    },
    {
        "bookingid": 4576
    },
    {
        "bookingid": 1065
    },
    {
        "bookingid": 4214
    },
    {
        "bookingid": 795
    },
    {
        "bookingid": 5328
    },
    {
        "bookingid": 2606
    },
    {
        "bookingid": 3608
    },
    {
        "bookingid": 4558
    },
    {
        "bookingid": 881
    },
    {
        "bookingid": 4925
    },
    {
        "bookingid": 3054
    },
    {
        "bookingid": 4089
    },
    {
        "bookingid": 3082
    },
    {
        "bookingid": 5521
    },
    {
        "bookingid": 293
    },
    {
        "bookingid": 1180
    },
    {
        "bookingid": 2948
    },
    {
        "bookingid": 5015
    },
    {
        "bookingid": 165
    },
    {
        "bookingid": 4131
    },
    {
        "bookingid": 3809
    },
    {
        "bookingid": 4931
    },
    {
        "bookingid": 2737
    },
    {
        "bookingid": 2377
    },
    {
        "bookingid": 1594
    },
    {
        "bookingid": 1047
    },
    {
        "bookingid": 2178
    },
    {
        "bookingid": 4411
    },
    {
        "bookingid": 4150
    },
    {
        "bookingid": 2941
    },
    {
        "bookingid": 3958
    },
    {
        "bookingid": 2923
    },
    {
        "bookingid": 5240
    },
    {
        "bookingid": 3792
    },
    {
        "bookingid": 4234
    },
    {
        "bookingid": 2241
    },
    {
        "bookingid": 3856
    },
    {
        "bookingid": 3775
    },
    {
        "bookingid": 2816
    },
    {
        "bookingid": 589
    },
    {
        "bookingid": 208
    },
    {
        "bookingid": 3527
    },
    {
        "bookingid": 5315
    },
    {
        "bookingid": 1473
    },
    {
        "bookingid": 4103
    },
    {
        "bookingid": 4008
    },
    {
        "bookingid": 5144
    },
    {
        "bookingid": 4068
    },
    {
        "bookingid": 4867
    },
    {
        "bookingid": 4
    },
    {
        "bookingid": 2174
    },
    {
        "bookingid": 3058
    },
    {
        "bookingid": 2400
    },
    {
        "bookingid": 537
    },
    {
        "bookingid": 791
    },
    {
        "bookingid": 4273
    },
    {
        "bookingid": 1068
    },
    {
        "bookingid": 5371
    },
    {
        "bookingid": 957
    },
    {
        "bookingid": 4252
    },
    {
        "bookingid": 2981
    },
    {
        "bookingid": 5058
    },
    {
        "bookingid": 1451
    },
    {
        "bookingid": 1292
    },
    {
        "bookingid": 1719
    },
    {
        "bookingid": 5186
    },
    {
        "bookingid": 4361
    },
    {
        "bookingid": 906
    },
    {
        "bookingid": 2691
    },
    {
        "bookingid": 1053
    },
    {
        "bookingid": 3692
    },
    {
        "bookingid": 3891
    },
    {
        "bookingid": 2934
    },
    {
        "bookingid": 1268
    },
    {
        "bookingid": 270
    },
    {
        "bookingid": 1756
    },
    {
        "bookingid": 4532
    },
    {
        "bookingid": 1736
    },
    {
        "bookingid": 1427
    },
    {
        "bookingid": 892
    },
    {
        "bookingid": 1364
    },
    {
        "bookingid": 5491
    },
    {
        "bookingid": 81
    },
    {
        "bookingid": 3968
    },
    {
        "bookingid": 4819
    },
    {
        "bookingid": 1605
    },
    {
        "bookingid": 4405
    },
    {
        "bookingid": 2666
    },
    {
        "bookingid": 1948
    },
    {
        "bookingid": 3202
    },
    {
        "bookingid": 2920
    },
    {
        "bookingid": 3841
    },
    {
        "bookingid": 408
    },
    {
        "bookingid": 768
    },
    {
        "bookingid": 2560
    },
    {
        "bookingid": 2792
    },
    {
        "bookingid": 2988
    },
    {
        "bookingid": 1418
    },
    {
        "bookingid": 4655
    },
    {
        "bookingid": 4632
    },
    {
        "bookingid": 161
    },
    {
        "bookingid": 4407
    },
    {
        "bookingid": 4263
    },
    {
        "bookingid": 4152
    },
    {
        "bookingid": 1604
    },
    {
        "bookingid": 5161
    },
    {
        "bookingid": 3353
    },
    {
        "bookingid": 3567
    },
    {
        "bookingid": 2230
    },
    {
        "bookingid": 273
    },
    {
        "bookingid": 2041
    },
    {
        "bookingid": 1806
    },
    {
        "bookingid": 4467
    },
    {
        "bookingid": 5086
    },
    {
        "bookingid": 117
    },
    {
        "bookingid": 3859
    },
    {
        "bookingid": 4940
    },
    {
        "bookingid": 4381
    },
    {
        "bookingid": 2091
    },
    {
        "bookingid": 4506
    },
    {
        "bookingid": 5184
    },
    {
        "bookingid": 5468
    },
    {
        "bookingid": 4585
    },
    {
        "bookingid": 66
    },
    {
        "bookingid": 1895
    },
    {
        "bookingid": 823
    },
    {
        "bookingid": 380
    },
    {
        "bookingid": 3165
    },
    {
        "bookingid": 2175
    },
    {
        "bookingid": 2821
    },
    {
        "bookingid": 3322
    },
    {
        "bookingid": 428
    },
    {
        "bookingid": 4047
    },
    {
        "bookingid": 870
    },
    {
        "bookingid": 1040
    },
    {
        "bookingid": 4668
    },
    {
        "bookingid": 2154
    },
    {
        "bookingid": 2030
    },
    {
        "bookingid": 803
    },
    {
        "bookingid": 2722
    },
    {
        "bookingid": 5525
    },
    {
        "bookingid": 1762
    },
    {
        "bookingid": 3291
    },
    {
        "bookingid": 5249
    },
    {
        "bookingid": 2215
    },
    {
        "bookingid": 4030
    },
    {
        "bookingid": 514
    },
    {
        "bookingid": 1577
    },
    {
        "bookingid": 279
    },
    {
        "bookingid": 466
    },
    {
        "bookingid": 3541
    },
    {
        "bookingid": 3637
    },
    {
        "bookingid": 4516
    },
    {
        "bookingid": 3772
    },
    {
        "bookingid": 2965
    },
    {
        "bookingid": 867
    },
    {
        "bookingid": 3858
    },
    {
        "bookingid": 4053
    },
    {
        "bookingid": 839
    },
    {
        "bookingid": 2578
    },
    {
        "bookingid": 3718
    },
    {
        "bookingid": 44
    },
    {
        "bookingid": 5001
    },
    {
        "bookingid": 1281
    },
    {
        "bookingid": 1244
    },
    {
        "bookingid": 1358
    },
    {
        "bookingid": 5433
    },
    {
        "bookingid": 1351
    },
    {
        "bookingid": 4988
    },
    {
        "bookingid": 3177
    },
    {
        "bookingid": 3537
    },
    {
        "bookingid": 4560
    },
    {
        "bookingid": 5221
    },
    {
        "bookingid": 3345
    },
    {
        "bookingid": 4771
    },
    {
        "bookingid": 106
    },
    {
        "bookingid": 4639
    },
    {
        "bookingid": 11
    },
    {
        "bookingid": 2822
    },
    {
        "bookingid": 2348
    },
    {
        "bookingid": 3783
    },
    {
        "bookingid": 2385
    },
    {
        "bookingid": 3004
    },
    {
        "bookingid": 2073
    },
    {
        "bookingid": 4261
    },
    {
        "bookingid": 4842
    },
    {
        "bookingid": 4673
    },
    {
        "bookingid": 491
    },
    {
        "bookingid": 801
    },
    {
        "bookingid": 5188
    },
    {
        "bookingid": 5363
    },
    {
        "bookingid": 4430
    },
    {
        "bookingid": 4725
    },
    {
        "bookingid": 3355
    },
    {
        "bookingid": 1627
    },
    {
        "bookingid": 313
    },
    {
        "bookingid": 4887
    },
    {
        "bookingid": 3410
    },
    {
        "bookingid": 4185
    },
    {
        "bookingid": 4577
    },
    {
        "bookingid": 4816
    },
    {
        "bookingid": 5163
    },
    {
        "bookingid": 665
    },
    {
        "bookingid": 5024
    },
    {
        "bookingid": 1638
    },
    {
        "bookingid": 2601
    },
    {
        "bookingid": 1918
    },
    {
        "bookingid": 467
    },
    {
        "bookingid": 3107
    },
    {
        "bookingid": 4396
    },
    {
        "bookingid": 5140
    },
    {
        "bookingid": 3136
    },
    {
        "bookingid": 3835
    },
    {
        "bookingid": 3005
    },
    {
        "bookingid": 1808
    },
    {
        "bookingid": 4454
    },
    {
        "bookingid": 3978
    },
    {
        "bookingid": 2731
    },
    {
        "bookingid": 2330
    },
    {
        "bookingid": 4960
    },
    {
        "bookingid": 5384
    },
    {
        "bookingid": 4778
    },
    {
        "bookingid": 2509
    },
    {
        "bookingid": 2189
    },
    {
        "bookingid": 1002
    },
    {
        "bookingid": 3990
    },
    {
        "bookingid": 374
    },
    {
        "bookingid": 1813
    },
    {
        "bookingid": 180
    },
    {
        "bookingid": 3271
    },
    {
        "bookingid": 3478
    },
    {
        "bookingid": 3623
    },
    {
        "bookingid": 1235
    },
    {
        "bookingid": 1931
    },
    {
        "bookingid": 1273
    },
    {
        "bookingid": 977
    },
    {
        "bookingid": 3908
    },
    {
        "bookingid": 3236
    },
    {
        "bookingid": 3601
    },
    {
        "bookingid": 2221
    },
    {
        "bookingid": 3737
    },
    {
        "bookingid": 5262
    },
    {
        "bookingid": 2590
    },
    {
        "bookingid": 2580
    },
    {
        "bookingid": 1999
    },
    {
        "bookingid": 3085
    },
    {
        "bookingid": 5256
    },
    {
        "bookingid": 2271
    },
    {
        "bookingid": 78
    },
    {
        "bookingid": 4417
    },
    {
        "bookingid": 1010
    },
    {
        "bookingid": 2460
    },
    {
        "bookingid": 3075
    },
    {
        "bookingid": 2595
    },
    {
        "bookingid": 3716
    },
    {
        "bookingid": 2288
    },
    {
        "bookingid": 2915
    },
    {
        "bookingid": 3109
    },
    {
        "bookingid": 3451
    },
    {
        "bookingid": 4777
    },
    {
        "bookingid": 1277
    },
    {
        "bookingid": 1138
    },
    {
        "bookingid": 2926
    },
    {
        "bookingid": 456
    },
    {
        "bookingid": 4584
    },
    {
        "bookingid": 725
    },
    {
        "bookingid": 1164
    },
    {
        "bookingid": 2812
    },
    {
        "bookingid": 4313
    },
    {
        "bookingid": 1448
    },
    {
        "bookingid": 2844
    },
    {
        "bookingid": 4650
    },
    {
        "bookingid": 954
    },
    {
        "bookingid": 3255
    },
    {
        "bookingid": 4074
    },
    {
        "bookingid": 3056
    },
    {
        "bookingid": 5176
    },
    {
        "bookingid": 2378
    },
    {
        "bookingid": 4953
    },
    {
        "bookingid": 5327
    },
    {
        "bookingid": 1371
    },
    {
        "bookingid": 3852
    },
    {
        "bookingid": 4905
    },
    {
        "bookingid": 1684
    },
    {
        "bookingid": 4620
    },
    {
        "bookingid": 5218
    },
    {
        "bookingid": 1619
    },
    {
        "bookingid": 2149
    },
    {
        "bookingid": 2695
    },
    {
        "bookingid": 5291
    },
    {
        "bookingid": 975
    },
    {
        "bookingid": 2999
    },
    {
        "bookingid": 3614
    },
    {
        "bookingid": 1397
    },
    {
        "bookingid": 1851
    },
    {
        "bookingid": 1661
    },
    {
        "bookingid": 908
    },
    {
        "bookingid": 2150
    },
    {
        "bookingid": 4486
    },
    {
        "bookingid": 4248
    },
    {
        "bookingid": 211
    },
    {
        "bookingid": 5053
    },
    {
        "bookingid": 4745
    },
    {
        "bookingid": 3031
    },
    {
        "bookingid": 3954
    },
    {
        "bookingid": 3300
    },
    {
        "bookingid": 1864
    },
    {
        "bookingid": 4755
    },
    {
        "bookingid": 1384
    },
    {
        "bookingid": 169
    },
    {
        "bookingid": 4536
    },
    {
        "bookingid": 524
    },
    {
        "bookingid": 3151
    },
    {
        "bookingid": 549
    },
    {
        "bookingid": 2908
    },
    {
        "bookingid": 384
    },
    {
        "bookingid": 890
    },
    {
        "bookingid": 4017
    },
    {
        "bookingid": 987
    },
    {
        "bookingid": 1390
    },
    {
        "bookingid": 4478
    },
    {
        "bookingid": 2229
    },
    {
        "bookingid": 1230
    },
    {
        "bookingid": 3588
    },
    {
        "bookingid": 4657
    },
    {
        "bookingid": 5085
    },
    {
        "bookingid": 5350
    },
    {
        "bookingid": 2950
    },
    {
        "bookingid": 3918
    },
    {
        "bookingid": 2152
    },
    {
        "bookingid": 4930
    },
    {
        "bookingid": 2938
    },
    {
        "bookingid": 1194
    },
    {
        "bookingid": 3655
    },
    {
        "bookingid": 2800
    },
    {
        "bookingid": 4380
    },
    {
        "bookingid": 4004
    },
    {
        "bookingid": 2975
    },
    {
        "bookingid": 178
    },
    {
        "bookingid": 4188
    },
    {
        "bookingid": 3627
    },
    {
        "bookingid": 200
    },
    {
        "bookingid": 593
    },
    {
        "bookingid": 2992
    },
    {
        "bookingid": 1825
    },
    {
        "bookingid": 4896
    },
    {
        "bookingid": 4266
    },
    {
        "bookingid": 600
    },
    {
        "bookingid": 926
    },
    {
        "bookingid": 3280
    },
    {
        "bookingid": 3625
    },
    {
        "bookingid": 1669
    },
    {
        "bookingid": 1565
    },
    {
        "bookingid": 3341
    },
    {
        "bookingid": 3912
    },
    {
        "bookingid": 5230
    },
    {
        "bookingid": 2633
    },
    {
        "bookingid": 4710
    },
    {
        "bookingid": 2647
    },
    {
        "bookingid": 5544
    },
    {
        "bookingid": 1708
    },
    {
        "bookingid": 2019
    },
    {
        "bookingid": 4449
    },
    {
        "bookingid": 2132
    },
    {
        "bookingid": 2197
    },
    {
        "bookingid": 1724
    },
    {
        "bookingid": 1786
    },
    {
        "bookingid": 1373
    },
    {
        "bookingid": 4926
    },
    {
        "bookingid": 2897
    },
    {
        "bookingid": 2983
    },
    {
        "bookingid": 1631
    },
    {
        "bookingid": 1537
    },
    {
        "bookingid": 3394
    },
    {
        "bookingid": 1283
    },
    {
        "bookingid": 1095
    },
    {
        "bookingid": 5271
    },
    {
        "bookingid": 539
    },
    {
        "bookingid": 878
    },
    {
        "bookingid": 2830
    },
    {
        "bookingid": 4095
    },
    {
        "bookingid": 121
    },
    {
        "bookingid": 4785
    },
    {
        "bookingid": 1963
    },
    {
        "bookingid": 5443
    },
    {
        "bookingid": 340
    },
    {
        "bookingid": 2858
    },
    {
        "bookingid": 5303
    },
    {
        "bookingid": 2931
    },
    {
        "bookingid": 4962
    },
    {
        "bookingid": 1911
    },
    {
        "bookingid": 4324
    },
    {
        "bookingid": 349
    },
    {
        "bookingid": 2100
    },
    {
        "bookingid": 1514
    },
    {
        "bookingid": 4459
    },
    {
        "bookingid": 3007
    },
    {
        "bookingid": 2625
    },
    {
        "bookingid": 5030
    },
    {
        "bookingid": 3070
    },
    {
        "bookingid": 4618
    },
    {
        "bookingid": 4594
    },
    {
        "bookingid": 204
    },
    {
        "bookingid": 671
    },
    {
        "bookingid": 1278
    },
    {
        "bookingid": 2753
    },
    {
        "bookingid": 3886
    },
    {
        "bookingid": 5263
    },
    {
        "bookingid": 4239
    },
    {
        "bookingid": 1403
    },
    {
        "bookingid": 4453
    },
    {
        "bookingid": 3188
    },
    {
        "bookingid": 2305
    },
    {
        "bookingid": 1493
    },
    {
        "bookingid": 667
    },
    {
        "bookingid": 2589
    },
    {
        "bookingid": 4460
    },
    {
        "bookingid": 2068
    },
    {
        "bookingid": 2497
    },
    {
        "bookingid": 1770
    },
    {
        "bookingid": 4979
    },
    {
        "bookingid": 1338
    },
    {
        "bookingid": 2862
    },
    {
        "bookingid": 530
    },
    {
        "bookingid": 2134
    },
    {
        "bookingid": 3690
    },
    {
        "bookingid": 2973
    },
    {
        "bookingid": 3159
    },
    {
        "bookingid": 2441
    },
    {
        "bookingid": 3505
    },
    {
        "bookingid": 673
    },
    {
        "bookingid": 2416
    },
    {
        "bookingid": 1520
    },
    {
        "bookingid": 4455
    },
    {
        "bookingid": 2266
    },
    {
        "bookingid": 173
    },
    {
        "bookingid": 620
    },
    {
        "bookingid": 1560
    },
    {
        "bookingid": 3728
    },
    {
        "bookingid": 4799
    },
    {
        "bookingid": 2454
    },
    {
        "bookingid": 3008
    },
    {
        "bookingid": 4347
    },
    {
        "bookingid": 2202
    },
    {
        "bookingid": 4373
    },
    {
        "bookingid": 238
    },
    {
        "bookingid": 3869
    },
    {
        "bookingid": 1150
    },
    {
        "bookingid": 721
    },
    {
        "bookingid": 3348
    },
    {
        "bookingid": 630
    },
    {
        "bookingid": 261
    },
    {
        "bookingid": 28
    },
    {
        "bookingid": 1945
    },
    {
        "bookingid": 3582
    },
    {
        "bookingid": 959
    },
    {
        "bookingid": 863
    },
    {
        "bookingid": 5479
    },
    {
        "bookingid": 3212
    },
    {
        "bookingid": 1200
    },
    {
        "bookingid": 5124
    },
    {
        "bookingid": 1487
    },
    {
        "bookingid": 3555
    },
    {
        "bookingid": 5171
    },
    {
        "bookingid": 4760
    },
    {
        "bookingid": 4415
    },
    {
        "bookingid": 3615
    },
    {
        "bookingid": 1872
    },
    {
        "bookingid": 2045
    },
    {
        "bookingid": 2059
    },
    {
        "bookingid": 1249
    },
    {
        "bookingid": 1383
    },
    {
        "bookingid": 419
    },
    {
        "bookingid": 5009
    },
    {
        "bookingid": 3996
    },
    {
        "bookingid": 1247
    },
    {
        "bookingid": 4431
    },
    {
        "bookingid": 4018
    },
    {
        "bookingid": 3314
    },
    {
        "bookingid": 2326
    },
    {
        "bookingid": 5089
    },
    {
        "bookingid": 3674
    },
    {
        "bookingid": 2168
    },
    {
        "bookingid": 2712
    },
    {
        "bookingid": 5081
    },
    {
        "bookingid": 454
    },
    {
        "bookingid": 624
    },
    {
        "bookingid": 5196
    },
    {
        "bookingid": 2039
    },
    {
        "bookingid": 45
    },
    {
        "bookingid": 3820
    },
    {
        "bookingid": 3295
    },
    {
        "bookingid": 3127
    },
    {
        "bookingid": 1440
    },
    {
        "bookingid": 1345
    },
    {
        "bookingid": 4902
    },
    {
        "bookingid": 4331
    },
    {
        "bookingid": 2535
    },
    {
        "bookingid": 2831
    },
    {
        "bookingid": 4811
    },
    {
        "bookingid": 56
    },
    {
        "bookingid": 2910
    },
    {
        "bookingid": 2859
    },
    {
        "bookingid": 172
    },
    {
        "bookingid": 3709
    },
    {
        "bookingid": 5379
    },
    {
        "bookingid": 4837
    },
    {
        "bookingid": 3612
    },
    {
        "bookingid": 1391
    },
    {
        "bookingid": 5136
    },
    {
        "bookingid": 936
    },
    {
        "bookingid": 4257
    },
    {
        "bookingid": 470
    },
    {
        "bookingid": 5074
    },
    {
        "bookingid": 4995
    },
    {
        "bookingid": 1580
    },
    {
        "bookingid": 851
    },
    {
        "bookingid": 110
    },
    {
        "bookingid": 4993
    },
    {
        "bookingid": 2995
    },
    {
        "bookingid": 2924
    },
    {
        "bookingid": 1056
    },
    {
        "bookingid": 3363
    },
    {
        "bookingid": 5242
    },
    {
        "bookingid": 2754
    },
    {
        "bookingid": 167
    },
    {
        "bookingid": 294
    },
    {
        "bookingid": 4624
    },
    {
        "bookingid": 4767
    },
    {
        "bookingid": 4489
    },
    {
        "bookingid": 4049
    },
    {
        "bookingid": 2114
    },
    {
        "bookingid": 333
    },
    {
        "bookingid": 4330
    },
    {
        "bookingid": 2555
    },
    {
        "bookingid": 2736
    },
    {
        "bookingid": 4251
    },
    {
        "bookingid": 1257
    },
    {
        "bookingid": 2333
    },
    {
        "bookingid": 318
    },
    {
        "bookingid": 1087
    },
    {
        "bookingid": 4487
    },
    {
        "bookingid": 4059
    },
    {
        "bookingid": 1697
    },
    {
        "bookingid": 404
    },
    {
        "bookingid": 3884
    },
    {
        "bookingid": 5004
    },
    {
        "bookingid": 2701
    },
    {
        "bookingid": 8
    },
    {
        "bookingid": 5424
    },
    {
        "bookingid": 4168
    },
    {
        "bookingid": 3122
    },
    {
        "bookingid": 3203
    },
    {
        "bookingid": 1050
    },
    {
        "bookingid": 818
    },
    {
        "bookingid": 2815
    },
    {
        "bookingid": 3294
    },
    {
        "bookingid": 80
    },
    {
        "bookingid": 447
    },
    {
        "bookingid": 5278
    },
    {
        "bookingid": 3531
    },
    {
        "bookingid": 2751
    },
    {
        "bookingid": 1754
    },
    {
        "bookingid": 4956
    },
    {
        "bookingid": 4349
    },
    {
        "bookingid": 4987
    },
    {
        "bookingid": 4679
    },
    {
        "bookingid": 2094
    },
    {
        "bookingid": 4040
    },
    {
        "bookingid": 4241
    },
    {
        "bookingid": 2239
    },
    {
        "bookingid": 4104
    },
    {
        "bookingid": 2574
    },
    {
        "bookingid": 4917
    },
    {
        "bookingid": 55
    },
    {
        "bookingid": 1822
    },
    {
        "bookingid": 4354
    },
    {
        "bookingid": 3806
    },
    {
        "bookingid": 5310
    },
    {
        "bookingid": 343
    },
    {
        "bookingid": 3320
    },
    {
        "bookingid": 2089
    },
    {
        "bookingid": 1971
    },
    {
        "bookingid": 3164
    },
    {
        "bookingid": 5407
    },
    {
        "bookingid": 4546
    },
    {
        "bookingid": 2088
    },
    {
        "bookingid": 3356
    },
    {
        "bookingid": 1022
    },
    {
        "bookingid": 283
    },
    {
        "bookingid": 3960
    },
    {
        "bookingid": 4112
    },
    {
        "bookingid": 2358
    },
    {
        "bookingid": 1523
    },
    {
        "bookingid": 145
    },
    {
        "bookingid": 1082
    },
    {
        "bookingid": 5412
    },
    {
        "bookingid": 597
    },
    {
        "bookingid": 5207
    },
    {
        "bookingid": 1639
    },
    {
        "bookingid": 5054
    },
    {
        "bookingid": 509
    },
    {
        "bookingid": 2014
    },
    {
        "bookingid": 2155
    },
    {
        "bookingid": 1035
    },
    {
        "bookingid": 4758
    },
    {
        "bookingid": 2032
    },
    {
        "bookingid": 3050
    },
    {
        "bookingid": 1073
    },
    {
        "bookingid": 35
    },
    {
        "bookingid": 3799
    },
    {
        "bookingid": 2802
    },
    {
        "bookingid": 3916
    },
    {
        "bookingid": 1735
    },
    {
        "bookingid": 1388
    },
    {
        "bookingid": 3060
    },
    {
        "bookingid": 4451
    },
    {
        "bookingid": 3561
    },
    {
        "bookingid": 2866
    },
    {
        "bookingid": 4691
    },
    {
        "bookingid": 3483
    },
    {
        "bookingid": 3617
    },
    {
        "bookingid": 2727
    },
    {
        "bookingid": 1361
    },
    {
        "bookingid": 2528
    },
    {
        "bookingid": 5061
    },
    {
        "bookingid": 5138
    },
    {
        "bookingid": 3654
    },
    {
        "bookingid": 1137
    },
    {
        "bookingid": 3782
    },
    {
        "bookingid": 1081
    },
    {
        "bookingid": 2959
    },
    {
        "bookingid": 2472
    },
    {
        "bookingid": 1208
    },
    {
        "bookingid": 2414
    },
    {
        "bookingid": 3185
    },
    {
        "bookingid": 1299
    },
    {
        "bookingid": 1818
    },
    {
        "bookingid": 2126
    },
    {
        "bookingid": 758
    },
    {
        "bookingid": 3144
    },
    {
        "bookingid": 2188
    },
    {
        "bookingid": 3282
    },
    {
        "bookingid": 996
    },
    {
        "bookingid": 3814
    },
    {
        "bookingid": 568
    },
    {
        "bookingid": 2240
    },
    {
        "bookingid": 3465
    },
    {
        "bookingid": 902
    },
    {
        "bookingid": 1715
    },
    {
        "bookingid": 2298
    },
    {
        "bookingid": 4625
    },
    {
        "bookingid": 3759
    },
    {
        "bookingid": 4143
    },
    {
        "bookingid": 3265
    },
    {
        "bookingid": 3183
    },
    {
        "bookingid": 4412
    },
    {
        "bookingid": 536
    },
    {
        "bookingid": 4490
    },
    {
        "bookingid": 3113
    },
    {
        "bookingid": 2720
    },
    {
        "bookingid": 5234
    },
    {
        "bookingid": 1103
    },
    {
        "bookingid": 5099
    },
    {
        "bookingid": 3206
    },
    {
        "bookingid": 3586
    },
    {
        "bookingid": 510
    },
    {
        "bookingid": 4148
    },
    {
        "bookingid": 1101
    },
    {
        "bookingid": 2577
    },
    {
        "bookingid": 4508
    },
    {
        "bookingid": 5367
    },
    {
        "bookingid": 4951
    },
    {
        "bookingid": 945
    },
    {
        "bookingid": 1834
    },
    {
        "bookingid": 5509
    },
    {
        "bookingid": 970
    },
    {
        "bookingid": 2749
    },
    {
        "bookingid": 2055
    },
    {
        "bookingid": 3239
    },
    {
        "bookingid": 3376
    },
    {
        "bookingid": 2096
    },
    {
        "bookingid": 31
    },
    {
        "bookingid": 5014
    },
    {
        "bookingid": 4782
    },
    {
        "bookingid": 5293
    },
    {
        "bookingid": 3432
    },
    {
        "bookingid": 4413
    },
    {
        "bookingid": 2071
    },
    {
        "bookingid": 2850
    },
    {
        "bookingid": 2818
    },
    {
        "bookingid": 2282
    },
    {
        "bookingid": 1019
    },
    {
        "bookingid": 1866
    },
    {
        "bookingid": 77
    },
    {
        "bookingid": 205
    },
    {
        "bookingid": 4880
    },
    {
        "bookingid": 3525
    },
    {
        "bookingid": 74
    },
    {
        "bookingid": 2893
    },
    {
        "bookingid": 5241
    },
    {
        "bookingid": 4963
    },
    {
        "bookingid": 690
    },
    {
        "bookingid": 303
    },
    {
        "bookingid": 3234
    },
    {
        "bookingid": 1527
    },
    {
        "bookingid": 1555
    },
    {
        "bookingid": 1689
    },
    {
        "bookingid": 179
    },
    {
        "bookingid": 4796
    },
    {
        "bookingid": 4545
    },
    {
        "bookingid": 4225
    },
    {
        "bookingid": 1066
    },
    {
        "bookingid": 119
    },
    {
        "bookingid": 591
    },
    {
        "bookingid": 4914
    },
    {
        "bookingid": 4086
    },
    {
        "bookingid": 1711
    },
    {
        "bookingid": 5480
    },
    {
        "bookingid": 1658
    },
    {
        "bookingid": 3263
    },
    {
        "bookingid": 507
    },
    {
        "bookingid": 3339
    },
    {
        "bookingid": 4319
    },
    {
        "bookingid": 1984
    },
    {
        "bookingid": 2062
    },
    {
        "bookingid": 235
    },
    {
        "bookingid": 4162
    },
    {
        "bookingid": 689
    },
    {
        "bookingid": 3182
    },
    {
        "bookingid": 813
    },
    {
        "bookingid": 3444
    },
    {
        "bookingid": 3660
    },
    {
        "bookingid": 1184
    },
    {
        "bookingid": 4472
    },
    {
        "bookingid": 1264
    },
    {
        "bookingid": 1486
    },
    {
        "bookingid": 4457
    },
    {
        "bookingid": 4911
    },
    {
        "bookingid": 3715
    },
    {
        "bookingid": 1521
    },
    {
        "bookingid": 2465
    },
    {
        "bookingid": 3063
    },
    {
        "bookingid": 4003
    },
    {
        "bookingid": 1840
    },
    {
        "bookingid": 2617
    },
    {
        "bookingid": 2571
    },
    {
        "bookingid": 3915
    },
    {
        "bookingid": 1633
    },
    {
        "bookingid": 1550
    },
    {
        "bookingid": 3194
    },
    {
        "bookingid": 2887
    },
    {
        "bookingid": 3554
    },
    {
        "bookingid": 4644
    },
    {
        "bookingid": 4107
    },
    {
        "bookingid": 4036
    },
    {
        "bookingid": 60
    },
    {
        "bookingid": 2857
    },
    {
        "bookingid": 2843
    },
    {
        "bookingid": 3925
    },
    {
        "bookingid": 923
    },
    {
        "bookingid": 1008
    },
    {
        "bookingid": 2906
    },
    {
        "bookingid": 4132
    },
    {
        "bookingid": 3069
    },
    {
        "bookingid": 898
    },
    {
        "bookingid": 4869
    },
    {
        "bookingid": 4595
    },
    {
        "bookingid": 3642
    },
    {
        "bookingid": 4033
    },
    {
        "bookingid": 847
    },
    {
        "bookingid": 4027
    },
    {
        "bookingid": 3559
    },
    {
        "bookingid": 3321
    },
    {
        "bookingid": 4875
    },
    {
        "bookingid": 362
    },
    {
        "bookingid": 1078
    },
    {
        "bookingid": 3304
    },
    {
        "bookingid": 1980
    },
    {
        "bookingid": 3086
    },
    {
        "bookingid": 2367
    },
    {
        "bookingid": 396
    },
    {
        "bookingid": 5194
    },
    {
        "bookingid": 1167
    },
    {
        "bookingid": 1941
    },
    {
        "bookingid": 1113
    },
    {
        "bookingid": 3456
    },
    {
        "bookingid": 69
    },
    {
        "bookingid": 4326
    },
    {
        "bookingid": 3241
    },
    {
        "bookingid": 3092
    },
    {
        "bookingid": 930
    },
    {
        "bookingid": 3885
    },
    {
        "bookingid": 234
    },
    {
        "bookingid": 335
    },
    {
        "bookingid": 2654
    },
    {
        "bookingid": 4023
    },
    {
        "bookingid": 2993
    },
    {
        "bookingid": 3288
    },
    {
        "bookingid": 5313
    },
    {
        "bookingid": 1554
    },
    {
        "bookingid": 1893
    },
    {
        "bookingid": 3277
    },
    {
        "bookingid": 54
    },
    {
        "bookingid": 2448
    },
    {
        "bookingid": 3632
    },
    {
        "bookingid": 1430
    },
    {
        "bookingid": 473
    },
    {
        "bookingid": 1739
    },
    {
        "bookingid": 1492
    },
    {
        "bookingid": 3789
    },
    {
        "bookingid": 150
    },
    {
        "bookingid": 3053
    },
    {
        "bookingid": 4233
    },
    {
        "bookingid": 1178
    },
    {
        "bookingid": 3998
    },
    {
        "bookingid": 3377
    },
    {
        "bookingid": 1587
    },
    {
        "bookingid": 3879
    },
    {
        "bookingid": 3701
    },
    {
        "bookingid": 5519
    },
    {
        "bookingid": 415
    },
    {
        "bookingid": 4096
    },
    {
        "bookingid": 4520
    },
    {
        "bookingid": 1011
    },
    {
        "bookingid": 2067
    },
    {
        "bookingid": 1536
    },
    {
        "bookingid": 141
    },
    {
        "bookingid": 2236
    },
    {
        "bookingid": 3683
    },
    {
        "bookingid": 1841
    },
    {
        "bookingid": 2827
    },
    {
        "bookingid": 693
    },
    {
        "bookingid": 4892
    },
    {
        "bookingid": 2281
    },
    {
        "bookingid": 1499
    },
    {
        "bookingid": 3668
    },
    {
        "bookingid": 3139
    },
    {
        "bookingid": 3116
    },
    {
        "bookingid": 3743
    },
    {
        "bookingid": 576
    },
    {
        "bookingid": 573
    },
    {
        "bookingid": 1601
    },
    {
        "bookingid": 305
    },
    {
        "bookingid": 3696
    },
    {
        "bookingid": 253
    },
    {
        "bookingid": 2768
    },
    {
        "bookingid": 2392
    },
    {
        "bookingid": 3420
    },
    {
        "bookingid": 3774
    },
    {
        "bookingid": 770
    },
    {
        "bookingid": 464
    },
    {
        "bookingid": 1584
    },
    {
        "bookingid": 5416
    },
    {
        "bookingid": 2471
    },
    {
        "bookingid": 290
    },
    {
        "bookingid": 4640
    },
    {
        "bookingid": 2961
    },
    {
        "bookingid": 2739
    },
    {
        "bookingid": 4553
    },
    {
        "bookingid": 1814
    },
    {
        "bookingid": 4218
    },
    {
        "bookingid": 1944
    },
    {
        "bookingid": 4338
    },
    {
        "bookingid": 5272
    },
    {
        "bookingid": 5377
    },
    {
        "bookingid": 341
    },
    {
        "bookingid": 4958
    },
    {
        "bookingid": 1998
    },
    {
        "bookingid": 4101
    },
    {
        "bookingid": 4282
    },
    {
        "bookingid": 1772
    },
    {
        "bookingid": 3846
    },
    {
        "bookingid": 381
    },
    {
        "bookingid": 4870
    },
    {
        "bookingid": 4202
    },
    {
        "bookingid": 696
    },
    {
        "bookingid": 426
    },
    {
        "bookingid": 4315
    },
    {
        "bookingid": 1653
    },
    {
        "bookingid": 1977
    },
    {
        "bookingid": 4977
    },
    {
        "bookingid": 2262
    },
    {
        "bookingid": 2784
    },
    {
        "bookingid": 2029
    },
    {
        "bookingid": 2084
    },
    {
        "bookingid": 2015
    },
    {
        "bookingid": 5354
    },
    {
        "bookingid": 4240
    },
    {
        "bookingid": 585
    },
    {
        "bookingid": 5103
    },
    {
        "bookingid": 925
    },
    {
        "bookingid": 3547
    },
    {
        "bookingid": 2020
    },
    {
        "bookingid": 5316
    },
    {
        "bookingid": 2098
    },
    {
        "bookingid": 1144
    },
    {
        "bookingid": 1143
    },
    {
        "bookingid": 2620
    },
    {
        "bookingid": 2752
    },
    {
        "bookingid": 3268
    },
    {
        "bookingid": 909
    },
    {
        "bookingid": 1269
    },
    {
        "bookingid": 1107
    },
    {
        "bookingid": 4423
    },
    {
        "bookingid": 2324
    },
    {
        "bookingid": 386
    },
    {
        "bookingid": 1832
    },
    {
        "bookingid": 2397
    },
    {
        "bookingid": 614
    },
    {
        "bookingid": 3658
    },
    {
        "bookingid": 832
    },
    {
        "bookingid": 2566
    },
    {
        "bookingid": 1768
    },
    {
        "bookingid": 5070
    },
    {
        "bookingid": 3419
    },
    {
        "bookingid": 5454
    },
    {
        "bookingid": 3723
    },
    {
        "bookingid": 4980
    },
    {
        "bookingid": 2138
    },
    {
        "bookingid": 2912
    },
    {
        "bookingid": 1032
    },
    {
        "bookingid": 2253
    },
    {
        "bookingid": 3708
    },
    {
        "bookingid": 176
    },
    {
        "bookingid": 4866
    },
    {
        "bookingid": 771
    },
    {
        "bookingid": 1680
    },
    {
        "bookingid": 5016
    },
    {
        "bookingid": 1158
    },
    {
        "bookingid": 4621
    },
    {
        "bookingid": 1057
    },
    {
        "bookingid": 4316
    },
    {
        "bookingid": 989
    },
    {
        "bookingid": 812
    },
    {
        "bookingid": 3933
    },
    {
        "bookingid": 4554
    },
    {
        "bookingid": 4967
    },
    {
        "bookingid": 1420
    },
    {
        "bookingid": 2849
    },
    {
        "bookingid": 5233
    },
    {
        "bookingid": 2101
    },
    {
        "bookingid": 780
    },
    {
        "bookingid": 5052
    },
    {
        "bookingid": 1400
    },
    {
        "bookingid": 3138
    },
    {
        "bookingid": 50
    },
    {
        "bookingid": 99
    },
    {
        "bookingid": 134
    },
    {
        "bookingid": 486
    },
    {
        "bookingid": 1569
    },
    {
        "bookingid": 4858
    },
    {
        "bookingid": 3976
    },
    {
        "bookingid": 181
    },
    {
        "bookingid": 1094
    },
    {
        "bookingid": 4805
    },
    {
        "bookingid": 4997
    },
    {
        "bookingid": 2572
    },
    {
        "bookingid": 2707
    },
    {
        "bookingid": 1693
    },
    {
        "bookingid": 3362
    },
    {
        "bookingid": 3507
    },
    {
        "bookingid": 1238
    },
    {
        "bookingid": 2623
    },
    {
        "bookingid": 3315
    },
    {
        "bookingid": 4275
    },
    {
        "bookingid": 4014
    },
    {
        "bookingid": 571
    },
    {
        "bookingid": 1830
    },
    {
        "bookingid": 1942
    },
    {
        "bookingid": 4210
    },
    {
        "bookingid": 1069
    },
    {
        "bookingid": 1166
    },
    {
        "bookingid": 5211
    },
    {
        "bookingid": 3016
    },
    {
        "bookingid": 5217
    },
    {
        "bookingid": 647
    },
    {
        "bookingid": 981
    },
    {
        "bookingid": 749
    },
    {
        "bookingid": 3247
    },
    {
        "bookingid": 2773
    },
    {
        "bookingid": 4441
    },
    {
        "bookingid": 3829
    },
    {
        "bookingid": 4836
    },
    {
        "bookingid": 2291
    },
    {
        "bookingid": 5139
    },
    {
        "bookingid": 5046
    },
    {
        "bookingid": 4048
    },
    {
        "bookingid": 3112
    },
    {
        "bookingid": 2532
    },
    {
        "bookingid": 2579
    },
    {
        "bookingid": 4425
    },
    {
        "bookingid": 4749
    },
    {
        "bookingid": 2408
    },
    {
        "bookingid": 1461
    },
    {
        "bookingid": 3303
    },
    {
        "bookingid": 4011
    },
    {
        "bookingid": 3035
    },
    {
        "bookingid": 116
    },
    {
        "bookingid": 2052
    },
    {
        "bookingid": 5055
    },
    {
        "bookingid": 3875
    },
    {
        "bookingid": 2187
    },
    {
        "bookingid": 1501
    },
    {
        "bookingid": 4159
    },
    {
        "bookingid": 2764
    },
    {
        "bookingid": 4307
    },
    {
        "bookingid": 674
    },
    {
        "bookingid": 1172
    },
    {
        "bookingid": 2359
    },
    {
        "bookingid": 4790
    },
    {
        "bookingid": 4990
    },
    {
        "bookingid": 3301
    },
    {
        "bookingid": 4394
    },
    {
        "bookingid": 342
    },
    {
        "bookingid": 2107
    },
    {
        "bookingid": 1196
    },
    {
        "bookingid": 1933
    },
    {
        "bookingid": 2115
    },
    {
        "bookingid": 324
    },
    {
        "bookingid": 5175
    },
    {
        "bookingid": 3360
    },
    {
        "bookingid": 3014
    },
    {
        "bookingid": 5396
    },
    {
        "bookingid": 3748
    },
    {
        "bookingid": 4932
    },
    {
        "bookingid": 1671
    },
    {
        "bookingid": 378
    },
    {
        "bookingid": 1253
    },
    {
        "bookingid": 4627
    },
    {
        "bookingid": 5232
    },
    {
        "bookingid": 3714
    },
    {
        "bookingid": 1608
    },
    {
        "bookingid": 2614
    },
    {
        "bookingid": 2339
    },
    {
        "bookingid": 2781
    },
    {
        "bookingid": 3865
    },
    {
        "bookingid": 3600
    },
    {
        "bookingid": 5097
    },
    {
        "bookingid": 2637
    },
    {
        "bookingid": 1939
    },
    {
        "bookingid": 1574
    },
    {
        "bookingid": 98
    },
    {
        "bookingid": 4645
    },
    {
        "bookingid": 4697
    },
    {
        "bookingid": 3134
    },
    {
        "bookingid": 460
    },
    {
        "bookingid": 579
    },
    {
        "bookingid": 5306
    },
    {
        "bookingid": 5279
    },
    {
        "bookingid": 3198
    },
    {
        "bookingid": 4140
    },
    {
        "bookingid": 1209
    },
    {
        "bookingid": 1327
    },
    {
        "bookingid": 3224
    },
    {
        "bookingid": 4054
    },
    {
        "bookingid": 345
    },
    {
        "bookingid": 1317
    },
    {
        "bookingid": 3344
    },
    {
        "bookingid": 32
    },
    {
        "bookingid": 1041
    },
    {
        "bookingid": 2103
    },
    {
        "bookingid": 2600
    },
    {
        "bookingid": 2364
    },
    {
        "bookingid": 3921
    },
    {
        "bookingid": 5397
    },
    {
        "bookingid": 617
    },
    {
        "bookingid": 5423
    },
    {
        "bookingid": 4332
    },
    {
        "bookingid": 1688
    },
    {
        "bookingid": 2492
    },
    {
        "bookingid": 2765
    },
    {
        "bookingid": 556
    },
    {
        "bookingid": 379
    },
    {
        "bookingid": 4750
    },
    {
        "bookingid": 4846
    },
    {
        "bookingid": 686
    },
    {
        "bookingid": 4696
    },
    {
        "bookingid": 2272
    },
    {
        "bookingid": 225
    },
    {
        "bookingid": 4950
    },
    {
        "bookingid": 5064
    },
    {
        "bookingid": 3963
    },
    {
        "bookingid": 657
    },
    {
        "bookingid": 2412
    },
    {
        "bookingid": 4852
    },
    {
        "bookingid": 3221
    },
    {
        "bookingid": 5202
    },
    {
        "bookingid": 956
    },
    {
        "bookingid": 677
    },
    {
        "bookingid": 1422
    },
    {
        "bookingid": 3798
    },
    {
        "bookingid": 857
    },
    {
        "bookingid": 3487
    },
    {
        "bookingid": 1220
    },
    {
        "bookingid": 5323
    },
    {
        "bookingid": 4638
    },
    {
        "bookingid": 4462
    },
    {
        "bookingid": 43
    },
    {
        "bookingid": 1287
    },
    {
        "bookingid": 2671
    },
    {
        "bookingid": 5258
    },
    {
        "bookingid": 931
    },
    {
        "bookingid": 42
    },
    {
        "bookingid": 5435
    },
    {
        "bookingid": 523
    },
    {
        "bookingid": 4278
    },
    {
        "bookingid": 860
    },
    {
        "bookingid": 3888
    },
    {
        "bookingid": 887
    },
    {
        "bookingid": 3279
    },
    {
        "bookingid": 2077
    },
    {
        "bookingid": 3240
    },
    {
        "bookingid": 301
    },
    {
        "bookingid": 841
    },
    {
        "bookingid": 4072
    },
    {
        "bookingid": 5095
    },
    {
        "bookingid": 5179
    },
    {
        "bookingid": 4854
    },
    {
        "bookingid": 3317
    },
    {
        "bookingid": 3553
    },
    {
        "bookingid": 2244
    },
    {
        "bookingid": 3514
    },
    {
        "bookingid": 1983
    },
    {
        "bookingid": 3752
    },
    {
        "bookingid": 3773
    },
    {
        "bookingid": 3831
    },
    {
        "bookingid": 629
    },
    {
        "bookingid": 1757
    },
    {
        "bookingid": 5236
    },
    {
        "bookingid": 5408
    },
    {
        "bookingid": 2021
    },
    {
        "bookingid": 1401
    },
    {
        "bookingid": 2193
    },
    {
        "bookingid": 3037
    },
    {
        "bookingid": 3592
    },
    {
        "bookingid": 2814
    },
    {
        "bookingid": 3698
    },
    {
        "bookingid": 5274
    },
    {
        "bookingid": 2847
    },
    {
        "bookingid": 4952
    },
    {
        "bookingid": 4794
    },
    {
        "bookingid": 1251
    },
    {
        "bookingid": 732
    },
    {
        "bookingid": 635
    },
    {
        "bookingid": 4069
    },
    {
        "bookingid": 1106
    },
    {
        "bookingid": 4197
    },
    {
        "bookingid": 4864
    },
    {
        "bookingid": 1013
    },
    {
        "bookingid": 2108
    },
    {
        "bookingid": 809
    },
    {
        "bookingid": 794
    },
    {
        "bookingid": 3955
    },
    {
        "bookingid": 941
    },
    {
        "bookingid": 1007
    },
    {
        "bookingid": 636
    },
    {
        "bookingid": 4770
    },
    {
        "bookingid": 2932
    },
    {
        "bookingid": 3876
    },
    {
        "bookingid": 1532
    },
    {
        "bookingid": 911
    },
    {
        "bookingid": 4684
    },
    {
        "bookingid": 3834
    },
    {
        "bookingid": 3447
    },
    {
        "bookingid": 1636
    },
    {
        "bookingid": 3020
    },
    {
        "bookingid": 2342
    },
    {
        "bookingid": 3666
    },
    {
        "bookingid": 3435
    },
    {
        "bookingid": 3181
    },
    {
        "bookingid": 3000
    },
    {
        "bookingid": 4063
    },
    {
        "bookingid": 199
    },
    {
        "bookingid": 3073
    },
    {
        "bookingid": 3644
    },
    {
        "bookingid": 5517
    },
    {
        "bookingid": 1801
    },
    {
        "bookingid": 4057
    },
    {
        "bookingid": 1873
    },
    {
        "bookingid": 248
    },
    {
        "bookingid": 2403
    },
    {
        "bookingid": 5166
    },
    {
        "bookingid": 2477
    },
    {
        "bookingid": 5394
    },
    {
        "bookingid": 3971
    },
    {
        "bookingid": 3594
    },
    {
        "bookingid": 2611
    },
    {
        "bookingid": 2085
    },
    {
        "bookingid": 2356
    },
    {
        "bookingid": 3914
    },
    {
        "bookingid": 5063
    },
    {
        "bookingid": 2833
    },
    {
        "bookingid": 478
    },
    {
        "bookingid": 4098
    },
    {
        "bookingid": 5322
    },
    {
        "bookingid": 1511
    },
    {
        "bookingid": 919
    },
    {
        "bookingid": 4968
    },
    {
        "bookingid": 3560
    },
    {
        "bookingid": 281
    },
    {
        "bookingid": 4496
    },
    {
        "bookingid": 4114
    },
    {
        "bookingid": 4514
    },
    {
        "bookingid": 5130
    },
    {
        "bookingid": 1479
    },
    {
        "bookingid": 1298
    },
    {
        "bookingid": 971
    },
    {
        "bookingid": 1029
    },
    {
        "bookingid": 3175
    },
    {
        "bookingid": 4194
    },
    {
        "bookingid": 3145
    },
    {
        "bookingid": 2782
    },
    {
        "bookingid": 525
    },
    {
        "bookingid": 1553
    },
    {
        "bookingid": 1995
    },
    {
        "bookingid": 2426
    },
    {
        "bookingid": 3370
    },
    {
        "bookingid": 5090
    },
    {
        "bookingid": 2758
    },
    {
        "bookingid": 3924
    },
    {
        "bookingid": 2998
    },
    {
        "bookingid": 5225
    },
    {
        "bookingid": 621
    },
    {
        "bookingid": 4800
    },
    {
        "bookingid": 1614
    },
    {
        "bookingid": 1460
    },
    {
        "bookingid": 4181
    },
    {
        "bookingid": 1546
    },
    {
        "bookingid": 3935
    },
    {
        "bookingid": 4863
    },
    {
        "bookingid": 1124
    },
    {
        "bookingid": 2496
    },
    {
        "bookingid": 2868
    },
    {
        "bookingid": 4312
    },
    {
        "bookingid": 4208
    },
    {
        "bookingid": 4463
    },
    {
        "bookingid": 114
    },
    {
        "bookingid": 1548
    },
    {
        "bookingid": 2398
    },
    {
        "bookingid": 3178
    },
    {
        "bookingid": 2276
    },
    {
        "bookingid": 2599
    },
    {
        "bookingid": 332
    },
    {
        "bookingid": 1026
    },
    {
        "bookingid": 3028
    },
    {
        "bookingid": 848
    },
    {
        "bookingid": 5481
    },
    {
        "bookingid": 3039
    },
    {
        "bookingid": 1947
    },
    {
        "bookingid": 1346
    },
    {
        "bookingid": 3513
    },
    {
        "bookingid": 763
    },
    {
        "bookingid": 3784
    },
    {
        "bookingid": 4200
    },
    {
        "bookingid": 1454
    },
    {
        "bookingid": 5083
    },
    {
        "bookingid": 4442
    },
    {
        "bookingid": 1117
    },
    {
        "bookingid": 5389
    },
    {
        "bookingid": 2874
    },
    {
        "bookingid": 3744
    },
    {
        "bookingid": 5375
    },
    {
        "bookingid": 4570
    },
    {
        "bookingid": 891
    },
    {
        "bookingid": 737
    },
    {
        "bookingid": 2808
    },
    {
        "bookingid": 928
    },
    {
        "bookingid": 2930
    },
    {
        "bookingid": 1874
    },
    {
        "bookingid": 915
    },
    {
        "bookingid": 3474
    },
    {
        "bookingid": 1990
    },
    {
        "bookingid": 3763
    },
    {
        "bookingid": 1326
    },
    {
        "bookingid": 5017
    },
    {
        "bookingid": 4418
    },
    {
        "bookingid": 1921
    },
    {
        "bookingid": 5170
    },
    {
        "bookingid": 2061
    },
    {
        "bookingid": 1491
    },
    {
        "bookingid": 3764
    },
    {
        "bookingid": 4652
    },
    {
        "bookingid": 1322
    },
    {
        "bookingid": 3371
    },
    {
        "bookingid": 2766
    },
    {
        "bookingid": 298
    },
    {
        "bookingid": 3951
    },
    {
        "bookingid": 1924
    },
    {
        "bookingid": 1567
    },
    {
        "bookingid": 4549
    },
    {
        "bookingid": 2777
    },
    {
        "bookingid": 2694
    },
    {
        "bookingid": 4776
    },
    {
        "bookingid": 570
    },
    {
        "bookingid": 3046
    },
    {
        "bookingid": 963
    },
    {
        "bookingid": 5132
    },
    {
        "bookingid": 4929
    },
    {
        "bookingid": 4851
    },
    {
        "bookingid": 1820
    },
    {
        "bookingid": 4924
    },
    {
        "bookingid": 402
    },
    {
        "bookingid": 3332
    },
    {
        "bookingid": 1452
    },
    {
        "bookingid": 1850
    },
    {
        "bookingid": 215
    },
    {
        "bookingid": 4032
    },
    {
        "bookingid": 1003
    },
    {
        "bookingid": 3583
    },
    {
        "bookingid": 4292
    },
    {
        "bookingid": 1706
    },
    {
        "bookingid": 4337
    },
    {
        "bookingid": 1869
    },
    {
        "bookingid": 5522
    },
    {
        "bookingid": 2379
    },
    {
        "bookingid": 1683
    },
    {
        "bookingid": 2760
    },
    {
        "bookingid": 1561
    },
    {
        "bookingid": 3855
    },
    {
        "bookingid": 4285
    },
    {
        "bookingid": 3572
    },
    {
        "bookingid": 3276
    },
    {
        "bookingid": 1176
    },
    {
        "bookingid": 999
    },
    {
        "bookingid": 3549
    },
    {
        "bookingid": 5205
    },
    {
        "bookingid": 4034
    },
    {
        "bookingid": 2389
    },
    {
        "bookingid": 641
    },
    {
        "bookingid": 2592
    },
    {
        "bookingid": 538
    },
    {
        "bookingid": 4552
    },
    {
        "bookingid": 3930
    },
    {
        "bookingid": 3414
    },
    {
        "bookingid": 2551
    },
    {
        "bookingid": 482
    },
    {
        "bookingid": 2837
    },
    {
        "bookingid": 2825
    },
    {
        "bookingid": 5043
    },
    {
        "bookingid": 162
    },
    {
        "bookingid": 1211
    },
    {
        "bookingid": 2525
    },
    {
        "bookingid": 4177
    },
    {
        "bookingid": 893
    },
    {
        "bookingid": 275
    },
    {
        "bookingid": 4238
    },
    {
        "bookingid": 3791
    },
    {
        "bookingid": 2257
    },
    {
        "bookingid": 1325
    },
    {
        "bookingid": 843
    },
    {
        "bookingid": 4341
    },
    {
        "bookingid": 852
    },
    {
        "bookingid": 1310
    },
    {
        "bookingid": 5512
    },
    {
        "bookingid": 875
    },
    {
        "bookingid": 565
    },
    {
        "bookingid": 1588
    },
    {
        "bookingid": 3991
    },
    {
        "bookingid": 5486
    },
    {
        "bookingid": 1291
    },
    {
        "bookingid": 5076
    },
    {
        "bookingid": 2
    },
    {
        "bookingid": 953
    },
    {
        "bookingid": 12
    },
    {
        "bookingid": 4635
    },
    {
        "bookingid": 2928
    },
    {
        "bookingid": 4481
    },
    {
        "bookingid": 351
    },
    {
        "bookingid": 3458
    },
    {
        "bookingid": 672
    },
    {
        "bookingid": 1362
    },
    {
        "bookingid": 2143
    },
    {
        "bookingid": 1300
    },
    {
        "bookingid": 684
    },
    {
        "bookingid": 1518
    },
    {
        "bookingid": 554
    },
    {
        "bookingid": 5451
    },
    {
        "bookingid": 819
    },
    {
        "bookingid": 2980
    },
    {
        "bookingid": 3506
    },
    {
        "bookingid": 3880
    },
    {
        "bookingid": 2434
    },
    {
        "bookingid": 2724
    },
    {
        "bookingid": 1932
    },
    {
        "bookingid": 3738
    },
    {
        "bookingid": 1443
    },
    {
        "bookingid": 1028
    },
    {
        "bookingid": 4005
    },
    {
        "bookingid": 3471
    },
    {
        "bookingid": 4894
    },
    {
        "bookingid": 29
    },
    {
        "bookingid": 2914
    },
    {
        "bookingid": 4092
    },
    {
        "bookingid": 484
    },
    {
        "bookingid": 2099
    },
    {
        "bookingid": 5281
    },
    {
        "bookingid": 2205
    },
    {
        "bookingid": 3388
    },
    {
        "bookingid": 2063
    },
    {
        "bookingid": 3598
    },
    {
        "bookingid": 2128
    },
    {
        "bookingid": 3023
    },
    {
        "bookingid": 745
    },
    {
        "bookingid": 4465
    },
    {
        "bookingid": 914
    },
    {
        "bookingid": 3988
    },
    {
        "bookingid": 1229
    },
    {
        "bookingid": 4808
    },
    {
        "bookingid": 2256
    },
    {
        "bookingid": 3717
    },
    {
        "bookingid": 3983
    },
    {
        "bookingid": 548
    },
    {
        "bookingid": 1879
    },
    {
        "bookingid": 935
    },
    {
        "bookingid": 3169
    },
    {
        "bookingid": 4334
    },
    {
        "bookingid": 4215
    },
    {
        "bookingid": 625
    },
    {
        "bookingid": 3408
    },
    {
        "bookingid": 788
    },
    {
        "bookingid": 2267
    },
    {
        "bookingid": 4297
    },
    {
        "bookingid": 1846
    },
    {
        "bookingid": 1259
    },
    {
        "bookingid": 1382
    },
    {
        "bookingid": 2133
    },
    {
        "bookingid": 439
    },
    {
        "bookingid": 4306
    },
    {
        "bookingid": 288
    },
    {
        "bookingid": 4882
    },
    {
        "bookingid": 4157
    },
    {
        "bookingid": 82
    },
    {
        "bookingid": 5062
    },
    {
        "bookingid": 30
    },
    {
        "bookingid": 5426
    },
    {
        "bookingid": 3516
    },
    {
        "bookingid": 4128
    },
    {
        "bookingid": 3621
    },
    {
        "bookingid": 277
    },
    {
        "bookingid": 4109
    },
    {
        "bookingid": 1509
    },
    {
        "bookingid": 2889
    },
    {
        "bookingid": 2275
    },
    {
        "bookingid": 5401
    },
    {
        "bookingid": 5084
    },
    {
        "bookingid": 654
    },
    {
        "bookingid": 2425
    },
    {
        "bookingid": 3825
    },
    {
        "bookingid": 3216
    },
    {
        "bookingid": 1676
    },
    {
        "bookingid": 2315
    },
    {
        "bookingid": 2545
    },
    {
        "bookingid": 834
    },
    {
        "bookingid": 4511
    },
    {
        "bookingid": 2372
    },
    {
        "bookingid": 1744
    },
    {
        "bookingid": 5201
    },
    {
        "bookingid": 2878
    },
    {
        "bookingid": 4070
    },
    {
        "bookingid": 3017
    },
    {
        "bookingid": 4906
    },
    {
        "bookingid": 986
    },
    {
        "bookingid": 4815
    },
    {
        "bookingid": 2937
    },
    {
        "bookingid": 927
    },
    {
        "bookingid": 706
    },
    {
        "bookingid": 4946
    },
    {
        "bookingid": 286
    },
    {
        "bookingid": 4598
    },
    {
        "bookingid": 5539
    },
    {
        "bookingid": 991
    },
    {
        "bookingid": 2501
    },
    {
        "bookingid": 1063
    },
    {
        "bookingid": 2194
    },
    {
        "bookingid": 3207
    },
    {
        "bookingid": 2726
    },
    {
        "bookingid": 1725
    },
    {
        "bookingid": 4224
    },
    {
        "bookingid": 3697
    },
    {
        "bookingid": 3346
    },
    {
        "bookingid": 1481
    },
    {
        "bookingid": 3607
    },
    {
        "bookingid": 1901
    },
    {
        "bookingid": 2144
    },
    {
        "bookingid": 662
    },
    {
        "bookingid": 2534
    },
    {
        "bookingid": 3528
    },
    {
        "bookingid": 4915
    },
    {
        "bookingid": 2169
    },
    {
        "bookingid": 2160
    },
    {
        "bookingid": 643
    },
    {
        "bookingid": 2881
    },
    {
        "bookingid": 4583
    },
    {
        "bookingid": 3494
    },
    {
        "bookingid": 1163
    },
    {
        "bookingid": 4323
    },
    {
        "bookingid": 4469
    },
    {
        "bookingid": 2519
    },
    {
        "bookingid": 3434
    },
    {
        "bookingid": 2431
    },
    {
        "bookingid": 4923
    },
    {
        "bookingid": 4249
    },
    {
        "bookingid": 2182
    },
    {
        "bookingid": 1908
    },
    {
        "bookingid": 2665
    },
    {
        "bookingid": 1664
    },
    {
        "bookingid": 4039
    },
    {
        "bookingid": 776
    },
    {
        "bookingid": 2608
    },
    {
        "bookingid": 3266
    },
    {
        "bookingid": 5532
    },
    {
        "bookingid": 4384
    },
    {
        "bookingid": 1145
    },
    {
        "bookingid": 4538
    },
    {
        "bookingid": 2863
    },
    {
        "bookingid": 3622
    },
    {
        "bookingid": 1123
    },
    {
        "bookingid": 5484
    },
    {
        "bookingid": 4436
    },
    {
        "bookingid": 1679
    },
    {
        "bookingid": 1045
    },
    {
        "bookingid": 5429
    },
    {
        "bookingid": 4783
    },
    {
        "bookingid": 4718
    },
    {
        "bookingid": 849
    },
    {
        "bookingid": 3706
    },
    {
        "bookingid": 1544
    },
    {
        "bookingid": 1579
    },
    {
        "bookingid": 2806
    },
    {
        "bookingid": 681
    },
    {
        "bookingid": 2646
    },
    {
        "bookingid": 2697
    },
    {
        "bookingid": 3766
    },
    {
        "bookingid": 743
    },
    {
        "bookingid": 5126
    },
    {
        "bookingid": 5406
    },
    {
        "bookingid": 3618
    },
    {
        "bookingid": 521
    },
    {
        "bookingid": 1593
    },
    {
        "bookingid": 4559
    },
    {
        "bookingid": 4062
    },
    {
        "bookingid": 360
    },
    {
        "bookingid": 111
    },
    {
        "bookingid": 4801
    },
    {
        "bookingid": 5434
    },
    {
        "bookingid": 746
    },
    {
        "bookingid": 1236
    },
    {
        "bookingid": 3033
    },
    {
        "bookingid": 2265
    },
    {
        "bookingid": 1433
    },
    {
        "bookingid": 2698
    },
    {
        "bookingid": 2260
    },
    {
        "bookingid": 1645
    },
    {
        "bookingid": 3801
    },
    {
        "bookingid": 365
    },
    {
        "bookingid": 37
    },
    {
        "bookingid": 879
    },
    {
        "bookingid": 1224
    },
    {
        "bookingid": 1199
    },
    {
        "bookingid": 3210
    },
    {
        "bookingid": 3870
    },
    {
        "bookingid": 4277
    },
    {
        "bookingid": 1333
    },
    {
        "bookingid": 2335
    },
    {
        "bookingid": 5187
    },
    {
        "bookingid": 4123
    },
    {
        "bookingid": 4685
    },
    {
        "bookingid": 4219
    },
    {
        "bookingid": 2322
    },
    {
        "bookingid": 1861
    },
    {
        "bookingid": 4342
    },
    {
        "bookingid": 2505
    },
    {
        "bookingid": 2186
    },
    {
        "bookingid": 3428
    },
    {
        "bookingid": 522
    },
    {
        "bookingid": 3334
    },
    {
        "bookingid": 3720
    },
    {
        "bookingid": 336
    },
    {
        "bookingid": 4295
    },
    {
        "bookingid": 2804
    },
    {
        "bookingid": 1880
    }
]
Request URI:	https://restful-booker.herokuapp.com/booking/8
Body:			<none>
{
    "firstname": "Susan",
    "lastname": "Smith",
    "totalprice": 444,
    "depositpaid": true,
    "bookingdates": {
        "checkin": "2018-07-01",
        "checkout": "2023-05-30"
    },
    "additionalneeds": "Breakfast"
}
Request URI:	https://restful-booker.herokuapp.com/booking?is-active=false
Body:			<none>
[
    {
        "bookingid": 485
    },
    {
        "bookingid": 4498
    },
    {
        "bookingid": 2106
    },
    {
        "bookingid": 1696
    },
    {
        "bookingid": 3422
    },
    {
        "bookingid": 3335
    },
    {
        "bookingid": 1490
    },
    {
        "bookingid": 713
    },
    {
        "bookingid": 1374
    },
    {
        "bookingid": 2757
    },
    {
        "bookingid": 4484
    },
    {
        "bookingid": 1714
    },
    {
        "bookingid": 1475
    },
    {
        "bookingid": 1799
    },
    {
        "bookingid": 4474
    },
    {
        "bookingid": 1459
    },
    {
        "bookingid": 5
    },
    {
        "bookingid": 4080
    },
    {
        "bookingid": 3810
    },
    {
        "bookingid": 3380
    },
    {
        "bookingid": 1712
    },
    {
        "bookingid": 3393
    },
    {
        "bookingid": 4908
    },
    {
        "bookingid": 3372
    },
    {
        "bookingid": 995
    },
    {
        "bookingid": 783
    },
    {
        "bookingid": 605
    },
    {
        "bookingid": 1389
    },
    {
        "bookingid": 40
    },
    {
        "bookingid": 1494
    },
    {
        "bookingid": 3445
    },
    {
        "bookingid": 4707
    },
    {
        "bookingid": 1819
    },
    {
        "bookingid": 1151
    },
    {
        "bookingid": 2602
    },
    {
        "bookingid": 1457
    },
    {
        "bookingid": 3351
    },
    {
        "bookingid": 297
    },
    {
        "bookingid": 4740
    },
    {
        "bookingid": 1788
    },
    {
        "bookingid": 920
    },
    {
        "bookingid": 2158
    },
    {
        "bookingid": 4284
    },
    {
        "bookingid": 4910
    },
    {
        "bookingid": 1419
    },
    {
        "bookingid": 4432
    },
    {
        "bookingid": 2351
    },
    {
        "bookingid": 584
    },
    {
        "bookingid": 1656
    },
    {
        "bookingid": 480
    },
    {
        "bookingid": 4795
    },
    {
        "bookingid": 5358
    },
    {
        "bookingid": 2621
    },
    {
        "bookingid": 222
    },
    {
        "bookingid": 4035
    },
    {
        "bookingid": 497
    },
    {
        "bookingid": 5284
    },
    {
        "bookingid": 5006
    },
    {
        "bookingid": 3386
    },
    {
        "bookingid": 209
    },
    {
        "bookingid": 1139
    },
    {
        "bookingid": 5047
    },
    {
        "bookingid": 3970
    },
    {
        "bookingid": 5143
    },
    {
        "bookingid": 2549
    },
    {
        "bookingid": 3733
    },
    {
        "bookingid": 139
    },
    {
        "bookingid": 2463
    },
    {
        "bookingid": 983
    },
    {
        "bookingid": 678
    },
    {
        "bookingid": 2252
    },
    {
        "bookingid": 1263
    },
    {
        "bookingid": 2921
    },
    {
        "bookingid": 4360
    },
    {
        "bookingid": 445
    },
    {
        "bookingid": 2603
    },
    {
        "bookingid": 3382
    },
    {
        "bookingid": 1126
    },
    {
        "bookingid": 1311
    },
    {
        "bookingid": 2767
    },
    {
        "bookingid": 1252
    },
    {
        "bookingid": 1319
    },
    {
        "bookingid": 5289
    },
    {
        "bookingid": 198
    },
    {
        "bookingid": 291
    },
    {
        "bookingid": 5478
    },
    {
        "bookingid": 5243
    },
    {
        "bookingid": 3032
    },
    {
        "bookingid": 2842
    },
    {
        "bookingid": 3158
    },
    {
        "bookingid": 3805
    },
    {
        "bookingid": 4612
    },
    {
        "bookingid": 3544
    },
    {
        "bookingid": 177
    },
    {
        "bookingid": 67
    },
    {
        "bookingid": 1802
    },
    {
        "bookingid": 2381
    },
    {
        "bookingid": 105
    },
    {
        "bookingid": 2852
    },
    {
        "bookingid": 5105
    },
    {
        "bookingid": 2308
    },
    {
        "bookingid": 5214
    },
    {
        "bookingid": 1677
    },
    {
        "bookingid": 3729
    },
    {
        "bookingid": 3485
    },
    {
        "bookingid": 4019
    },
    {
        "bookingid": 3155
    },
    {
        "bookingid": 4174
    },
    {
        "bookingid": 2286
    },
    {
        "bookingid": 5029
    },
    {
        "bookingid": 1717
    },
    {
        "bookingid": 2728
    },
    {
        "bookingid": 5485
    },
    {
        "bookingid": 2016
    },
    {
        "bookingid": 4172
    },
    {
        "bookingid": 1905
    },
    {
        "bookingid": 3302
    },
    {
        "bookingid": 503
    },
    {
        "bookingid": 2890
    },
    {
        "bookingid": 3882
    },
    {
        "bookingid": 2468
    },
    {
        "bookingid": 2163
    },
    {
        "bookingid": 1009
    },
    {
        "bookingid": 3643
    },
    {
        "bookingid": 2790
    },
    {
        "bookingid": 3534
    },
    {
        "bookingid": 1899
    },
    {
        "bookingid": 2561
    },
    {
        "bookingid": 2689
    },
    {
        "bookingid": 581
    },
    {
        "bookingid": 4303
    },
    {
        "bookingid": 4512
    },
    {
        "bookingid": 3649
    },
    {
        "bookingid": 5135
    },
    {
        "bookingid": 873
    },
    {
        "bookingid": 1776
    },
    {
        "bookingid": 4670
    },
    {
        "bookingid": 610
    },
    {
        "bookingid": 1429
    },
    {
        "bookingid": 2801
    },
    {
        "bookingid": 2146
    },
    {
        "bookingid": 5213
    },
    {
        "bookingid": 190
    },
    {
        "bookingid": 2247
    },
    {
        "bookingid": 4374
    },
    {
        "bookingid": 504
    },
    {
        "bookingid": 4064
    },
    {
        "bookingid": 4524
    },
    {
        "bookingid": 3606
    },
    {
        "bookingid": 1424
    },
    {
        "bookingid": 147
    },
    {
        "bookingid": 4893
    },
    {
        "bookingid": 366
    },
    {
        "bookingid": 4566
    },
    {
        "bookingid": 3868
    },
    {
        "bookingid": 782
    },
    {
        "bookingid": 4395
    },
    {
        "bookingid": 1185
    },
    {
        "bookingid": 5022
    },
    {
        "bookingid": 1394
    },
    {
        "bookingid": 1545
    },
    {
        "bookingid": 2527
    },
    {
        "bookingid": 3149
    },
    {
        "bookingid": 1217
    },
    {
        "bookingid": 1313
    },
    {
        "bookingid": 5287
    },
    {
        "bookingid": 187
    },
    {
        "bookingid": 942
    },
    {
        "bookingid": 1204
    },
    {
        "bookingid": 2011
    },
    {
        "bookingid": 4527
    },
    {
        "bookingid": 5002
    },
    {
        "bookingid": 104
    },
    {
        "bookingid": 4448
    },
    {
        "bookingid": 1258
    },
    {
        "bookingid": 4195
    },
    {
        "bookingid": 4734
    },
    {
        "bookingid": 4322
    },
    {
        "bookingid": 3613
    },
    {
        "bookingid": 3765
    },
    {
        "bookingid": 1261
    },
    {
        "bookingid": 3863
    },
    {
        "bookingid": 3281
    },
    {
        "bookingid": 3803
    },
    {
        "bookingid": 2709
    },
    {
        "bookingid": 4653
    },
    {
        "bookingid": 4368
    },
    {
        "bookingid": 5238
    },
    {
        "bookingid": 5109
    },
    {
        "bookingid": 4648
    },
    {
        "bookingid": 3209
    },
    {
        "bookingid": 2457
    },
    {
        "bookingid": 411
    },
    {
        "bookingid": 1935
    },
    {
        "bookingid": 1307
    },
    {
        "bookingid": 278
    },
    {
        "bookingid": 1956
    },
    {
        "bookingid": 92
    },
    {
        "bookingid": 2539
    },
    {
        "bookingid": 5475
    },
    {
        "bookingid": 2167
    },
    {
        "bookingid": 3462
    },
    {
        "bookingid": 3492
    },
    {
        "bookingid": 1848
    },
    {
        "bookingid": 4293
    },
    {
        "bookingid": 897
    },
    {
        "bookingid": 3365
    },
    {
        "bookingid": 709
    },
    {
        "bookingid": 4746
    },
    {
        "bookingid": 699
    },
    {
        "bookingid": 95
    },
    {
        "bookingid": 5172
    },
    {
        "bookingid": 3640
    },
    {
        "bookingid": 3261
    },
    {
        "bookingid": 1304
    },
    {
        "bookingid": 3735
    },
    {
        "bookingid": 196
    },
    {
        "bookingid": 3128
    },
    {
        "bookingid": 132
    },
    {
        "bookingid": 5535
    },
    {
        "bookingid": 3504
    },
    {
        "bookingid": 185
    },
    {
        "bookingid": 937
    },
    {
        "bookingid": 1951
    },
    {
        "bookingid": 603
    },
    {
        "bookingid": 4666
    },
    {
        "bookingid": 4227
    },
    {
        "bookingid": 3176
    },
    {
        "bookingid": 517
    },
    {
        "bookingid": 2711
    },
    {
        "bookingid": 2642
    },
    {
        "bookingid": 3170
    },
    {
        "bookingid": 3250
    },
    {
        "bookingid": 2888
    },
    {
        "bookingid": 1318
    },
    {
        "bookingid": 2796
    },
    {
        "bookingid": 1212
    },
    {
        "bookingid": 4833
    },
    {
        "bookingid": 5321
    },
    {
        "bookingid": 4091
    },
    {
        "bookingid": 1434
    },
    {
        "bookingid": 1867
    },
    {
        "bookingid": 3922
    },
    {
        "bookingid": 2793
    },
    {
        "bookingid": 1970
    },
    {
        "bookingid": 2883
    },
    {
        "bookingid": 1968
    },
    {
        "bookingid": 814
    },
    {
        "bookingid": 3681
    },
    {
        "bookingid": 1760
    },
    {
        "bookingid": 112
    },
    {
        "bookingid": 4964
    },
    {
        "bookingid": 315
    },
    {
        "bookingid": 4571
    },
    {
        "bookingid": 3873
    },
    {
        "bookingid": 5212
    },
    {
        "bookingid": 2090
    },
    {
        "bookingid": 493
    },
    {
        "bookingid": 5391
    },
    {
        "bookingid": 2370
    },
    {
        "bookingid": 3195
    },
    {
        "bookingid": 3768
    },
    {
        "bookingid": 3153
    },
    {
        "bookingid": 5200
    },
    {
        "bookingid": 1130
    },
    {
        "bookingid": 3223
    },
    {
        "bookingid": 1023
    },
    {
        "bookingid": 2744
    },
    {
        "bookingid": 4521
    },
    {
        "bookingid": 24
    },
    {
        "bookingid": 5538
    },
    {
        "bookingid": 2312
    },
    {
        "bookingid": 5453
    },
    {
        "bookingid": 1474
    },
    {
        "bookingid": 1237
    },
    {
        "bookingid": 3327
    },
    {
        "bookingid": 1771
    },
    {
        "bookingid": 2742
    },
    {
        "bookingid": 1616
    },
    {
        "bookingid": 702
    },
    {
        "bookingid": 1093
    },
    {
        "bookingid": 3843
    },
    {
        "bookingid": 2317
    },
    {
        "bookingid": 1112
    },
    {
        "bookingid": 1109
    },
    {
        "bookingid": 1839
    },
    {
        "bookingid": 4129
    },
    {
        "bookingid": 3902
    },
    {
        "bookingid": 5154
    },
    {
        "bookingid": 3267
    },
    {
        "bookingid": 3981
    },
    {
        "bookingid": 903
    },
    {
        "bookingid": 4345
    },
    {
        "bookingid": 704
    },
    {
        "bookingid": 1132
    },
    {
        "bookingid": 5500
    },
    {
        "bookingid": 387
    },
    {
        "bookingid": 4060
    },
    {
        "bookingid": 1889
    },
    {
        "bookingid": 5353
    },
    {
        "bookingid": 1409
    },
    {
        "bookingid": 4385
    },
    {
        "bookingid": 2869
    },
    {
        "bookingid": 1428
    },
    {
        "bookingid": 4832
    },
    {
        "bookingid": 1177
    },
    {
        "bookingid": 421
    },
    {
        "bookingid": 650
    },
    {
        "bookingid": 5159
    },
    {
        "bookingid": 5226
    },
    {
        "bookingid": 63
    },
    {
        "bookingid": 3892
    },
    {
        "bookingid": 1506
    },
    {
        "bookingid": 1978
    },
    {
        "bookingid": 19
    },
    {
        "bookingid": 2836
    },
    {
        "bookingid": 1411
    },
    {
        "bookingid": 191
    },
    {
        "bookingid": 1930
    },
    {
        "bookingid": 3961
    },
    {
        "bookingid": 1759
    },
    {
        "bookingid": 168
    },
    {
        "bookingid": 3027
    },
    {
        "bookingid": 108
    },
    {
        "bookingid": 2198
    },
    {
        "bookingid": 3745
    },
    {
        "bookingid": 7
    },
    {
        "bookingid": 697
    },
    {
        "bookingid": 148
    },
    {
        "bookingid": 2626
    },
    {
        "bookingid": 4167
    },
    {
        "bookingid": 2482
    },
    {
        "bookingid": 2902
    },
    {
        "bookingid": 2882
    },
    {
        "bookingid": 488
    },
    {
        "bookingid": 815
    },
    {
        "bookingid": 5151
    },
    {
        "bookingid": 2137
    },
    {
        "bookingid": 4209
    },
    {
        "bookingid": 4271
    },
    {
        "bookingid": 3119
    },
    {
        "bookingid": 393
    },
    {
        "bookingid": 1927
    },
    {
        "bookingid": 5462
    },
    {
        "bookingid": 1779
    },
    {
        "bookingid": 453
    },
    {
        "bookingid": 1169
    },
    {
        "bookingid": 4775
    },
    {
        "bookingid": 2775
    },
    {
        "bookingid": 789
    },
    {
        "bookingid": 751
    },
    {
        "bookingid": 5415
    },
    {
        "bookingid": 2522
    },
    {
        "bookingid": 4352
    },
    {
        "bookingid": 3676
    },
    {
        "bookingid": 950
    },
    {
        "bookingid": 3199
    },
    {
        "bookingid": 2217
    },
    {
        "bookingid": 4158
    },
    {
        "bookingid": 2951
    },
    {
        "bookingid": 4320
    },
    {
        "bookingid": 2994
    },
    {
        "bookingid": 3097
    },
    {
        "bookingid": 4085
    },
    {
        "bookingid": 1270
    },
    {
        "bookingid": 2797
    },
    {
        "bookingid": 1573
    },
    {
        "bookingid": 5042
    },
    {
        "bookingid": 401
    },
    {
        "bookingid": 1780
    },
    {
        "bookingid": 3040
    },
    {
        "bookingid": 4375
    },
    {
        "bookingid": 5562
    },
    {
        "bookingid": 4304
    },
    {
        "bookingid": 5297
    },
    {
        "bookingid": 679
    },
    {
        "bookingid": 4402
    },
    {
        "bookingid": 3284
    },
    {
        "bookingid": 289
    },
    {
        "bookingid": 4731
    },
    {
        "bookingid": 52
    },
    {
        "bookingid": 2306
    },
    {
        "bookingid": 2203
    },
    {
        "bookingid": 4829
    },
    {
        "bookingid": 5091
    },
    {
        "bookingid": 5193
    },
    {
        "bookingid": 3595
    },
    {
        "bookingid": 4763
    },
    {
        "bookingid": 489
    },
    {
        "bookingid": 4228
    },
    {
        "bookingid": 4714
    },
    {
        "bookingid": 1437
    },
    {
        "bookingid": 5299
    },
    {
        "bookingid": 1436
    },
    {
        "bookingid": 4139
    },
    {
        "bookingid": 3114
    },
    {
        "bookingid": 4998
    },
    {
        "bookingid": 4860
    },
    {
        "bookingid": 4682
    },
    {
        "bookingid": 5333
    },
    {
        "bookingid": 4133
    },
    {
        "bookingid": 2080
    },
    {
        "bookingid": 4401
    },
    {
        "bookingid": 3500
    },
    {
        "bookingid": 2246
    },
    {
        "bookingid": 4945
    },
    {
        "bookingid": 1857
    },
    {
        "bookingid": 2557
    },
    {
        "bookingid": 5040
    },
    {
        "bookingid": 3401
    },
    {
        "bookingid": 916
    },
    {
        "bookingid": 1478
    },
    {
        "bookingid": 3493
    },
    {
        "bookingid": 4678
    },
    {
        "bookingid": 1792
    },
    {
        "bookingid": 5330
    },
    {
        "bookingid": 4097
    },
    {
        "bookingid": 2776
    },
    {
        "bookingid": 3781
    },
    {
        "bookingid": 2925
    },
    {
        "bookingid": 3790
    },
    {
        "bookingid": 1845
    },
    {
        "bookingid": 5413
    },
    {
        "bookingid": 3778
    },
    {
        "bookingid": 5275
    },
    {
        "bookingid": 1644
    },
    {
        "bookingid": 1025
    },
    {
        "bookingid": 1723
    },
    {
        "bookingid": 726
    },
    {
        "bookingid": 4886
    },
    {
        "bookingid": 2445
    },
    {
        "bookingid": 3700
    },
    {
        "bookingid": 1495
    },
    {
        "bookingid": 3043
    },
    {
        "bookingid": 715
    },
    {
        "bookingid": 3679
    },
    {
        "bookingid": 4144
    },
    {
        "bookingid": 1530
    },
    {
        "bookingid": 5142
    },
    {
        "bookingid": 2904
    },
    {
        "bookingid": 1670
    },
    {
        "bookingid": 3597
    },
    {
        "bookingid": 4422
    },
    {
        "bookingid": 2655
    },
    {
        "bookingid": 1650
    },
    {
        "bookingid": 2047
    },
    {
        "bookingid": 750
    },
    {
        "bookingid": 2371
    },
    {
        "bookingid": 2732
    },
    {
        "bookingid": 4572
    },
    {
        "bookingid": 2955
    },
    {
        "bookingid": 4286
    },
    {
        "bookingid": 578
    },
    {
        "bookingid": 835
    },
    {
        "bookingid": 955
    },
    {
        "bookingid": 866
    },
    {
        "bookingid": 1385
    },
    {
        "bookingid": 367
    },
    {
        "bookingid": 4371
    },
    {
        "bookingid": 4482
    },
    {
        "bookingid": 757
    },
    {
        "bookingid": 5494
    },
    {
        "bookingid": 2478
    },
    {
        "bookingid": 1368
    },
    {
        "bookingid": 352
    },
    {
        "bookingid": 240
    },
    {
        "bookingid": 5013
    },
    {
        "bookingid": 638
    },
    {
        "bookingid": 3648
    },
    {
        "bookingid": 2860
    },
    {
        "bookingid": 1812
    },
    {
        "bookingid": 4581
    },
    {
        "bookingid": 3197
    },
    {
        "bookingid": 2458
    },
    {
        "bookingid": 4634
    },
    {
        "bookingid": 886
    },
    {
        "bookingid": 3826
    },
    {
        "bookingid": 1773
    },
    {
        "bookingid": 5277
    },
    {
        "bookingid": 3253
    },
    {
        "bookingid": 1902
    },
    {
        "bookingid": 4146
    },
    {
        "bookingid": 1054
    },
    {
        "bookingid": 840
    },
    {
        "bookingid": 1331
    },
    {
        "bookingid": 4217
    },
    {
        "bookingid": 5400
    },
    {
        "bookingid": 3081
    },
    {
        "bookingid": 2165
    },
    {
        "bookingid": 2480
    },
    {
        "bookingid": 2109
    },
    {
        "bookingid": 1662
    },
    {
        "bookingid": 2196
    },
    {
        "bookingid": 2280
    },
    {
        "bookingid": 1829
    },
    {
        "bookingid": 120
    },
    {
        "bookingid": 3403
    },
    {
        "bookingid": 2639
    },
    {
        "bookingid": 1906
    },
    {
        "bookingid": 5392
    },
    {
        "bookingid": 4732
    },
    {
        "bookingid": 3832
    },
    {
        "bookingid": 3404
    },
    {
        "bookingid": 2329
    },
    {
        "bookingid": 1121
    },
    {
        "bookingid": 2506
    },
    {
        "bookingid": 3794
    },
    {
        "bookingid": 807
    },
    {
        "bookingid": 3089
    },
    {
        "bookingid": 4614
    },
    {
        "bookingid": 4437
    },
    {
        "bookingid": 1920
    },
    {
        "bookingid": 1632
    },
    {
        "bookingid": 3533
    },
    {
        "bookingid": 5550
    },
    {
        "bookingid": 14
    },
    {
        "bookingid": 774
    },
    {
        "bookingid": 4996
    },
    {
        "bookingid": 1189
    },
    {
        "bookingid": 2619
    },
    {
        "bookingid": 2083
    },
    {
        "bookingid": 2092
    },
    {
        "bookingid": 4421
    },
    {
        "bookingid": 3467
    },
    {
        "bookingid": 5025
    },
    {
        "bookingid": 2538
    },
    {
        "bookingid": 659
    },
    {
        "bookingid": 2218
    },
    {
        "bookingid": 4675
    },
    {
        "bookingid": 3566
    },
    {
        "bookingid": 3565
    },
    {
        "bookingid": 4810
    },
    {
        "bookingid": 2328
    },
    {
        "bookingid": 17
    },
    {
        "bookingid": 4606
    },
    {
        "bookingid": 5425
    },
    {
        "bookingid": 2791
    },
    {
        "bookingid": 3749
    },
    {
        "bookingid": 3906
    },
    {
        "bookingid": 754
    },
    {
        "bookingid": 3118
    },
    {
        "bookingid": 2485
    },
    {
        "bookingid": 4661
    },
    {
        "bookingid": 705
    },
    {
        "bookingid": 4820
    },
    {
        "bookingid": 1406
    },
    {
        "bookingid": 5294
    },
    {
        "bookingid": 3840
    },
    {
        "bookingid": 1142
    },
    {
        "bookingid": 2243
    },
    {
        "bookingid": 767
    },
    {
        "bookingid": 189
    },
    {
        "bookingid": 5372
    },
    {
        "bookingid": 4283
    },
    {
        "bookingid": 2969
    },
    {
        "bookingid": 5504
    },
    {
        "bookingid": 1466
    },
    {
        "bookingid": 2488
    },
    {
        "bookingid": 951
    },
    {
        "bookingid": 1783
    },
    {
        "bookingid": 2679
    },
    {
        "bookingid": 1610
    },
    {
        "bookingid": 4920
    },
    {
        "bookingid": 1500
    },
    {
        "bookingid": 4300
    },
    {
        "bookingid": 310
    },
    {
        "bookingid": 5292
    },
    {
        "bookingid": 4690
    },
    {
        "bookingid": 2872
    },
    {
        "bookingid": 5505
    },
    {
        "bookingid": 5432
    },
    {
        "bookingid": 307
    },
    {
        "bookingid": 4615
    },
    {
        "bookingid": 1219
    },
    {
        "bookingid": 3804
    },
    {
        "bookingid": 1949
    },
    {
        "bookingid": 2674
    },
    {
        "bookingid": 1038
    },
    {
        "bookingid": 3311
    },
    {
        "bookingid": 5360
    },
    {
        "bookingid": 2043
    },
    {
        "bookingid": 5257
    },
    {
        "bookingid": 5008
    },
    {
        "bookingid": 3943
    },
    {
        "bookingid": 5147
    },
    {
        "bookingid": 1953
    },
    {
        "bookingid": 2209
    },
    {
        "bookingid": 2112
    },
    {
        "bookingid": 3052
    },
    {
        "bookingid": 4631
    },
    {
        "bookingid": 519
    },
    {
        "bookingid": 830
    },
    {
        "bookingid": 2558
    },
    {
        "bookingid": 3844
    },
    {
        "bookingid": 1642
    },
    {
        "bookingid": 2405
    },
    {
        "bookingid": 910
    },
    {
        "bookingid": 982
    },
    {
        "bookingid": 3521
    },
    {
        "bookingid": 3944
    },
    {
        "bookingid": 4236
    },
    {
        "bookingid": 609
    },
    {
        "bookingid": 1004
    },
    {
        "bookingid": 4878
    },
    {
        "bookingid": 5546
    },
    {
        "bookingid": 4891
    },
    {
        "bookingid": 5332
    },
    {
        "bookingid": 2232
    },
    {
        "bookingid": 4179
    },
    {
        "bookingid": 4809
    },
    {
        "bookingid": 441
    },
    {
        "bookingid": 91
    },
    {
        "bookingid": 2410
    },
    {
        "bookingid": 1480
    },
    {
        "bookingid": 1678
    },
    {
        "bookingid": 2851
    },
    {
        "bookingid": 4600
    },
    {
        "bookingid": 4318
    },
    {
        "bookingid": 1919
    },
    {
        "bookingid": 2451
    },
    {
        "bookingid": 427
    },
    {
        "bookingid": 4265
    },
    {
        "bookingid": 4969
    },
    {
        "bookingid": 544
    },
    {
        "bookingid": 1187
    },
    {
        "bookingid": 1365
    },
    {
        "bookingid": 5114
    },
    {
        "bookingid": 4399
    },
    {
        "bookingid": 880
    },
    {
        "bookingid": 184
    },
    {
        "bookingid": 4664
    },
    {
        "bookingid": 2896
    },
    {
        "bookingid": 4009
    },
    {
        "bookingid": 4602
    },
    {
        "bookingid": 3229
    },
    {
        "bookingid": 3469
    },
    {
        "bookingid": 1686
    },
    {
        "bookingid": 5224
    },
    {
        "bookingid": 3950
    },
    {
        "bookingid": 4335
    },
    {
        "bookingid": 3536
    },
    {
        "bookingid": 331
    },
    {
        "bookingid": 423
    },
    {
        "bookingid": 76
    },
    {
        "bookingid": 1503
    },
    {
        "bookingid": 2967
    },
    {
        "bookingid": 2486
    },
    {
        "bookingid": 1595
    },
    {
        "bookingid": 4885
    },
    {
        "bookingid": 1280
    },
    {
        "bookingid": 4515
    },
    {
        "bookingid": 4688
    },
    {
        "bookingid": 3439
    },
    {
        "bookingid": 3495
    },
    {
        "bookingid": 3096
    },
    {
        "bookingid": 3264
    },
    {
        "bookingid": 2035
    },
    {
        "bookingid": 4370
    },
    {
        "bookingid": 5071
    },
    {
        "bookingid": 2057
    },
    {
        "bookingid": 1118
    },
    {
        "bookingid": 4717
    },
    {
        "bookingid": 1913
    },
    {
        "bookingid": 2523
    },
    {
        "bookingid": 3851
    },
    {
        "bookingid": 3415
    },
    {
        "bookingid": 2025
    },
    {
        "bookingid": 3580
    },
    {
        "bookingid": 3038
    },
    {
        "bookingid": 36
    },
    {
        "bookingid": 2900
    },
    {
        "bookingid": 339
    },
    {
        "bookingid": 2667
    },
    {
        "bookingid": 1202
    },
    {
        "bookingid": 2250
    },
    {
        "bookingid": 4247
    },
    {
        "bookingid": 3009
    },
    {
        "bookingid": 1699
    },
    {
        "bookingid": 5502
    },
    {
        "bookingid": 2337
    },
    {
        "bookingid": 1853
    },
    {
        "bookingid": 1954
    },
    {
        "bookingid": 2692
    },
    {
        "bookingid": 4171
    },
    {
        "bookingid": 1826
    },
    {
        "bookingid": 3664
    },
    {
        "bookingid": 4903
    },
    {
        "bookingid": 4704
    },
    {
        "bookingid": 2963
    },
    {
        "bookingid": 3780
    },
    {
        "bookingid": 4002
    },
    {
        "bookingid": 10
    },
    {
        "bookingid": 449
    },
    {
        "bookingid": 5460
    },
    {
        "bookingid": 2344
    },
    {
        "bookingid": 577
    },
    {
        "bookingid": 1790
    },
    {
        "bookingid": 129
    },
    {
        "bookingid": 3546
    },
    {
        "bookingid": 4793
    },
    {
        "bookingid": 2972
    },
    {
        "bookingid": 1513
    },
    {
        "bookingid": 3898
    },
    {
        "bookingid": 3815
    },
    {
        "bookingid": 2550
    },
    {
        "bookingid": 2494
    },
    {
        "bookingid": 3910
    },
    {
        "bookingid": 3392
    },
    {
        "bookingid": 1015
    },
    {
        "bookingid": 4379
    },
    {
        "bookingid": 2918
    },
    {
        "bookingid": 4258
    },
    {
        "bookingid": 1674
    },
    {
        "bookingid": 2547
    },
    {
        "bookingid": 3511
    },
    {
        "bookingid": 2292
    },
    {
        "bookingid": 3067
    },
    {
        "bookingid": 397
    },
    {
        "bookingid": 3522
    },
    {
        "bookingid": 1986
    },
    {
        "bookingid": 4973
    },
    {
        "bookingid": 4591
    },
    {
        "bookingid": 1294
    },
    {
        "bookingid": 4713
    },
    {
        "bookingid": 3519
    },
    {
        "bookingid": 1734
    },
    {
        "bookingid": 2848
    },
    {
        "bookingid": 1958
    },
    {
        "bookingid": 4204
    },
    {
        "bookingid": 47
    },
    {
        "bookingid": 3068
    },
    {
        "bookingid": 2513
    },
    {
        "bookingid": 4966
    },
    {
        "bookingid": 1225
    },
    {
        "bookingid": 1884
    },
    {
        "bookingid": 3275
    },
    {
        "bookingid": 3687
    },
    {
        "bookingid": 4435
    },
    {
        "bookingid": 3214
    },
    {
        "bookingid": 2500
    },
    {
        "bookingid": 4084
    },
    {
        "bookingid": 1917
    },
    {
        "bookingid": 3044
    },
    {
        "bookingid": 3256
    },
    {
        "bookingid": 431
    },
    {
        "bookingid": 2036
    },
    {
        "bookingid": 1985
    },
    {
        "bookingid": 5116
    },
    {
        "bookingid": 3473
    },
    {
        "bookingid": 1376
    },
    {
        "bookingid": 2442
    },
    {
        "bookingid": 2140
    },
    {
        "bookingid": 1600
    },
    {
        "bookingid": 414
    },
    {
        "bookingid": 4736
    },
    {
        "bookingid": 5493
    },
    {
        "bookingid": 2224
    },
    {
        "bookingid": 685
    },
    {
        "bookingid": 5286
    },
    {
        "bookingid": 2283
    },
    {
        "bookingid": 658
    },
    {
        "bookingid": 5073
    },
    {
        "bookingid": 1108
    },
    {
        "bookingid": 2630
    },
    {
        "bookingid": 3712
    },
    {
        "bookingid": 1596
    },
    {
        "bookingid": 1286
    },
    {
        "bookingid": 4918
    },
    {
        "bookingid": 777
    },
    {
        "bookingid": 4071
    },
    {
        "bookingid": 2880
    },
    {
        "bookingid": 862
    },
    {
        "bookingid": 3340
    },
    {
        "bookingid": 2362
    },
    {
        "bookingid": 2301
    },
    {
        "bookingid": 2384
    },
    {
        "bookingid": 3226
    },
    {
        "bookingid": 3896
    },
    {
        "bookingid": 4267
    },
    {
        "bookingid": 1504
    },
    {
        "bookingid": 587
    },
    {
        "bookingid": 756
    },
    {
        "bookingid": 242
    },
    {
        "bookingid": 5122
    },
    {
        "bookingid": 2349
    },
    {
        "bookingid": 1510
    },
    {
        "bookingid": 440
    },
    {
        "bookingid": 2122
    },
    {
        "bookingid": 3064
    },
    {
        "bookingid": 2184
    },
    {
        "bookingid": 1438
    },
    {
        "bookingid": 3818
    },
    {
        "bookingid": 5048
    },
    {
        "bookingid": 4841
    },
    {
        "bookingid": 1959
    },
    {
        "bookingid": 4245
    },
    {
        "bookingid": 734
    },
    {
        "bookingid": 744
    },
    {
        "bookingid": 4671
    },
    {
        "bookingid": 1578
    },
    {
        "bookingid": 3296
    },
    {
        "bookingid": 3813
    },
    {
        "bookingid": 2568
    },
    {
        "bookingid": 3824
    },
    {
        "bookingid": 2129
    },
    {
        "bookingid": 3730
    },
    {
        "bookingid": 256
    },
    {
        "bookingid": 3254
    },
    {
        "bookingid": 2659
    },
    {
        "bookingid": 64
    },
    {
        "bookingid": 3338
    },
    {
        "bookingid": 3025
    },
    {
        "bookingid": 2954
    },
    {
        "bookingid": 1887
    },
    {
        "bookingid": 4686
    },
    {
        "bookingid": 5268
    },
    {
        "bookingid": 1402
    },
    {
        "bookingid": 4493
    },
    {
        "bookingid": 1749
    },
    {
        "bookingid": 5501
    },
    {
        "bookingid": 3535
    },
    {
        "bookingid": 5041
    },
    {
        "bookingid": 2374
    },
    {
        "bookingid": 1205
    },
    {
        "bookingid": 2544
    },
    {
        "bookingid": 4518
    },
    {
        "bookingid": 5445
    },
    {
        "bookingid": 192
    },
    {
        "bookingid": 3574
    },
    {
        "bookingid": 3326
    },
    {
        "bookingid": 3438
    },
    {
        "bookingid": 3308
    },
    {
        "bookingid": 1707
    },
    {
        "bookingid": 3650
    },
    {
        "bookingid": 4539
    },
    {
        "bookingid": 2583
    },
    {
        "bookingid": 2049
    },
    {
        "bookingid": 2376
    },
    {
        "bookingid": 312
    },
    {
        "bookingid": 1687
    },
    {
        "bookingid": 4165
    },
    {
        "bookingid": 4296
    },
    {
        "bookingid": 2407
    },
    {
        "bookingid": 2227
    },
    {
        "bookingid": 2989
    },
    {
        "bookingid": 3228
    },
    {
        "bookingid": 3938
    },
    {
        "bookingid": 4579
    },
    {
        "bookingid": 5506
    },
    {
        "bookingid": 546
    },
    {
        "bookingid": 896
    },
    {
        "bookingid": 58
    },
    {
        "bookingid": 4443
    },
    {
        "bookingid": 4941
    },
    {
        "bookingid": 5180
    },
    {
        "bookingid": 796
    },
    {
        "bookingid": 3520
    },
    {
        "bookingid": 462
    },
    {
        "bookingid": 265
    },
    {
        "bookingid": 3260
    },
    {
        "bookingid": 1742
    },
    {
        "bookingid": 2530
    },
    {
        "bookingid": 1262
    },
    {
        "bookingid": 1529
    },
    {
        "bookingid": 518
    },
    {
        "bookingid": 2104
    },
    {
        "bookingid": 4160
    },
    {
        "bookingid": 1030
    },
    {
        "bookingid": 1336
    },
    {
        "bookingid": 1414
    },
    {
        "bookingid": 2968
    },
    {
        "bookingid": 2947
    },
    {
        "bookingid": 623
    },
    {
        "bookingid": 5253
    },
    {
        "bookingid": 4667
    },
    {
        "bookingid": 606
    },
    {
        "bookingid": 1159
    },
    {
        "bookingid": 5361
    },
    {
        "bookingid": 2429
    },
    {
        "bookingid": 3699
    },
    {
        "bookingid": 1617
    },
    {
        "bookingid": 212
    },
    {
        "bookingid": 4607
    },
    {
        "bookingid": 3098
    },
    {
        "bookingid": 1751
    },
    {
        "bookingid": 2716
    },
    {
        "bookingid": 4826
    },
    {
        "bookingid": 820
    },
    {
        "bookingid": 3293
    },
    {
        "bookingid": 5527
    },
    {
        "bookingid": 372
    },
    {
        "bookingid": 3232
    },
    {
        "bookingid": 34
    },
    {
        "bookingid": 4110
    },
    {
        "bookingid": 3890
    },
    {
        "bookingid": 753
    },
    {
        "bookingid": 2432
    },
    {
        "bookingid": 2898
    },
    {
        "bookingid": 214
    },
    {
        "bookingid": 5169
    },
    {
        "bookingid": 3045
    },
    {
        "bookingid": 5495
    },
    {
        "bookingid": 1663
    },
    {
        "bookingid": 3290
    },
    {
        "bookingid": 5382
    },
    {
        "bookingid": 4212
    },
    {
        "bookingid": 2208
    },
    {
        "bookingid": 3564
    },
    {
        "bookingid": 4372
    },
    {
        "bookingid": 533
    },
    {
        "bookingid": 2190
    },
    {
        "bookingid": 1647
    },
    {
        "bookingid": 1654
    },
    {
        "bookingid": 2986
    },
    {
        "bookingid": 2706
    },
    {
        "bookingid": 574
    },
    {
        "bookingid": 2206
    },
    {
        "bookingid": 3705
    },
    {
        "bookingid": 3821
    },
    {
        "bookingid": 1752
    },
    {
        "bookingid": 51
    },
    {
        "bookingid": 563
    },
    {
        "bookingid": 4787
    },
    {
        "bookingid": 1099
    },
    {
        "bookingid": 670
    },
    {
        "bookingid": 5150
    },
    {
        "bookingid": 21
    },
    {
        "bookingid": 2957
    },
    {
        "bookingid": 4120
    },
    {
        "bookingid": 1571
    },
    {
        "bookingid": 3767
    },
    {
        "bookingid": 4439
    },
    {
        "bookingid": 4761
    },
    {
        "bookingid": 48
    },
    {
        "bookingid": 3367
    },
    {
        "bookingid": 905
    },
    {
        "bookingid": 2295
    },
    {
        "bookingid": 1542
    },
    {
        "bookingid": 4733
    },
    {
        "bookingid": 5345
    },
    {
        "bookingid": 3569
    },
    {
        "bookingid": 4117
    },
    {
        "bookingid": 5264
    },
    {
        "bookingid": 2438
    },
    {
        "bookingid": 2285
    },
    {
        "bookingid": 2474
    },
    {
        "bookingid": 608
    },
    {
        "bookingid": 961
    },
    {
        "bookingid": 4470
    },
    {
        "bookingid": 3558
    },
    {
        "bookingid": 4788
    },
    {
        "bookingid": 1789
    },
    {
        "bookingid": 1446
    },
    {
        "bookingid": 4601
    },
    {
        "bookingid": 20
    },
    {
        "bookingid": 5269
    },
    {
        "bookingid": 762
    },
    {
        "bookingid": 3442
    },
    {
        "bookingid": 708
    },
    {
        "bookingid": 1301
    },
    {
        "bookingid": 476
    },
    {
        "bookingid": 2573
    },
    {
        "bookingid": 2616
    },
    {
        "bookingid": 357
    },
    {
        "bookingid": 853
    },
    {
        "bookingid": 4857
    },
    {
        "bookingid": 1174
    },
    {
        "bookingid": 1991
    },
    {
        "bookingid": 1316
    },
    {
        "bookingid": 588
    },
    {
        "bookingid": 964
    },
    {
        "bookingid": 1231
    },
    {
        "bookingid": 4190
    },
    {
        "bookingid": 2702
    },
    {
        "bookingid": 1810
    },
    {
        "bookingid": 4626
    },
    {
        "bookingid": 4242
    },
    {
        "bookingid": 144
    },
    {
        "bookingid": 3217
    },
    {
        "bookingid": 2223
    },
    {
        "bookingid": 18
    },
    {
        "bookingid": 5108
    },
    {
        "bookingid": 5554
    },
    {
        "bookingid": 1210
    },
    {
        "bookingid": 4724
    },
    {
        "bookingid": 4420
    },
    {
        "bookingid": 5528
    },
    {
        "bookingid": 5411
    },
    {
        "bookingid": 831
    },
    {
        "bookingid": 508
    },
    {
        "bookingid": 501
    },
    {
        "bookingid": 4499
    },
    {
        "bookingid": 2683
    },
    {
        "bookingid": 3273
    },
    {
        "bookingid": 5343
    },
    {
        "bookingid": 364
    },
    {
        "bookingid": 1969
    },
    {
        "bookingid": 5487
    },
    {
        "bookingid": 1912
    },
    {
        "bookingid": 2352
    },
    {
        "bookingid": 5565
    },
    {
        "bookingid": 84
    },
    {
        "bookingid": 3590
    },
    {
        "bookingid": 5441
    },
    {
        "bookingid": 2075
    },
    {
        "bookingid": 4367
    },
    {
        "bookingid": 2935
    },
    {
        "bookingid": 4526
    },
    {
        "bookingid": 124
    },
    {
        "bookingid": 4024
    },
    {
        "bookingid": 3413
    },
    {
        "bookingid": 5418
    },
    {
        "bookingid": 3476
    },
    {
        "bookingid": 2517
    },
    {
        "bookingid": 4680
    },
    {
        "bookingid": 5037
    },
    {
        "bookingid": 2565
    },
    {
        "bookingid": 4874
    },
    {
        "bookingid": 1356
    },
    {
        "bookingid": 2251
    },
    {
        "bookingid": 933
    },
    {
        "bookingid": 965
    },
    {
        "bookingid": 2763
    },
    {
        "bookingid": 3945
    },
    {
        "bookingid": 3375
    },
    {
        "bookingid": 319
    },
    {
        "bookingid": 2684
    },
    {
        "bookingid": 845
    },
    {
        "bookingid": 5347
    },
    {
        "bookingid": 2391
    },
    {
        "bookingid": 3102
    },
    {
        "bookingid": 3130
    },
    {
        "bookingid": 3795
    },
    {
        "bookingid": 4610
    },
    {
        "bookingid": 5428
    },
    {
        "bookingid": 268
    },
    {
        "bookingid": 615
    },
    {
        "bookingid": 651
    },
    {
        "bookingid": 1607
    },
    {
        "bookingid": 2162
    },
    {
        "bookingid": 2005
    },
    {
        "bookingid": 4016
    },
    {
        "bookingid": 5348
    },
    {
        "bookingid": 1852
    },
    {
        "bookingid": 353
    },
    {
        "bookingid": 2142
    },
    {
        "bookingid": 1743
    },
    {
        "bookingid": 2300
    },
    {
        "bookingid": 1323
    },
    {
        "bookingid": 3157
    },
    {
        "bookingid": 163
    },
    {
        "bookingid": 2212
    },
    {
        "bookingid": 2464
    },
    {
        "bookingid": 1847
    },
    {
        "bookingid": 2118
    },
    {
        "bookingid": 4895
    },
    {
        "bookingid": 2056
    },
    {
        "bookingid": 1048
    },
    {
        "bookingid": 4428
    },
    {
        "bookingid": 2226
    },
    {
        "bookingid": 4806
    },
    {
        "bookingid": 2034
    },
    {
        "bookingid": 1914
    },
    {
        "bookingid": 4850
    },
    {
        "bookingid": 691
    },
    {
        "bookingid": 761
    },
    {
        "bookingid": 1794
    },
    {
        "bookingid": 2450
    },
    {
        "bookingid": 2520
    },
    {
        "bookingid": 3259
    },
    {
        "bookingid": 27
    },
    {
        "bookingid": 2870
    },
    {
        "bookingid": 4495
    },
    {
        "bookingid": 4543
    },
    {
        "bookingid": 5129
    },
    {
        "bookingid": 3146
    },
    {
        "bookingid": 5446
    },
    {
        "bookingid": 3662
    },
    {
        "bookingid": 3171
    },
    {
        "bookingid": 2148
    },
    {
        "bookingid": 2263
    },
    {
        "bookingid": 5520
    },
    {
        "bookingid": 1648
    },
    {
        "bookingid": 1179
    },
    {
        "bookingid": 2125
    },
    {
        "bookingid": 564
    },
    {
        "bookingid": 4562
    },
    {
        "bookingid": 5158
    },
    {
        "bookingid": 1701
    },
    {
        "bookingid": 1395
    },
    {
        "bookingid": 4933
    },
    {
        "bookingid": 5300
    },
    {
        "bookingid": 2524
    },
    {
        "bookingid": 2640
    },
    {
        "bookingid": 4083
    },
    {
        "bookingid": 4872
    },
    {
        "bookingid": 5155
    },
    {
        "bookingid": 3251
    },
    {
        "bookingid": 391
    },
    {
        "bookingid": 2875
    },
    {
        "bookingid": 3862
    },
    {
        "bookingid": 1079
    },
    {
        "bookingid": 3757
    },
    {
        "bookingid": 2682
    },
    {
        "bookingid": 531
    },
    {
        "bookingid": 3479
    },
    {
        "bookingid": 1965
    },
    {
        "bookingid": 1077
    },
    {
        "bookingid": 4613
    },
    {
        "bookingid": 1485
    },
    {
        "bookingid": 2629
    },
    {
        "bookingid": 1782
    },
    {
        "bookingid": 1213
    },
    {
        "bookingid": 5474
    },
    {
        "bookingid": 2044
    },
    {
        "bookingid": 5514
    },
    {
        "bookingid": 1704
    },
    {
        "bookingid": 231
    },
    {
        "bookingid": 59
    },
    {
        "bookingid": 1668
    },
    {
        "bookingid": 2424
    },
    {
        "bookingid": 2786
    },
    {
        "bookingid": 3689
    },
    {
        "bookingid": 4178
    },
    {
        "bookingid": 4934
    },
    {
        "bookingid": 3246
    },
    {
        "bookingid": 5440
    },
    {
        "bookingid": 3018
    },
    {
        "bookingid": 5472
    },
    {
        "bookingid": 1750
    },
    {
        "bookingid": 2254
    },
    {
        "bookingid": 1896
    },
    {
        "bookingid": 1133
    },
    {
        "bookingid": 4504
    },
    {
        "bookingid": 2587
    },
    {
        "bookingid": 1193
    },
    {
        "bookingid": 438
    },
    {
        "bookingid": 5120
    },
    {
        "bookingid": 3006
    },
    {
        "bookingid": 1816
    },
    {
        "bookingid": 239
    },
    {
        "bookingid": 3526
    },
    {
        "bookingid": 4692
    },
    {
        "bookingid": 5189
    },
    {
        "bookingid": 183
    },
    {
        "bookingid": 1014
    },
    {
        "bookingid": 2681
    },
    {
        "bookingid": 719
    },
    {
        "bookingid": 4944
    },
    {
        "bookingid": 997
    },
    {
        "bookingid": 4156
    },
    {
        "bookingid": 5118
    },
    {
        "bookingid": 1334
    },
    {
        "bookingid": 821
    },
    {
        "bookingid": 4223
    },
    {
        "bookingid": 1043
    },
    {
        "bookingid": 550
    },
    {
        "bookingid": 474
    },
    {
        "bookingid": 3233
    },
    {
        "bookingid": 4828
    },
    {
        "bookingid": 4762
    },
    {
        "bookingid": 4010
    },
    {
        "bookingid": 5034
    },
    {
        "bookingid": 2819
    },
    {
        "bookingid": 4045
    },
    {
        "bookingid": 2314
    },
    {
        "bookingid": 5541
    },
    {
        "bookingid": 1923
    },
    {
        "bookingid": 2515
    },
    {
        "bookingid": 3636
    },
    {
        "bookingid": 2051
    },
    {
        "bookingid": 4703
    },
    {
        "bookingid": 4502
    },
    {
        "bookingid": 711
    },
    {
        "bookingid": 3984
    },
    {
        "bookingid": 3167
    },
    {
        "bookingid": 3396
    },
    {
        "bookingid": 4173
    },
    {
        "bookingid": 4722
    },
    {
        "bookingid": 3973
    },
    {
        "bookingid": 622
    },
    {
        "bookingid": 299
    },
    {
        "bookingid": 1241
    },
    {
        "bookingid": 2028
    },
    {
        "bookingid": 4362
    },
    {
        "bookingid": 2022
    },
    {
        "bookingid": 2399
    },
    {
        "bookingid": 5341
    },
    {
        "bookingid": 3828
    },
    {
        "bookingid": 3667
    },
    {
        "bookingid": 4359
    },
    {
        "bookingid": 450
    },
    {
        "bookingid": 5227
    },
    {
        "bookingid": 1337
    },
    {
        "bookingid": 5352
    },
    {
        "bookingid": 1868
    },
    {
        "bookingid": 2290
    },
    {
        "bookingid": 5092
    },
    {
        "bookingid": 917
    },
    {
        "bookingid": 304
    },
    {
        "bookingid": 228
    },
    {
        "bookingid": 410
    },
    {
        "bookingid": 3900
    },
    {
        "bookingid": 5018
    },
    {
        "bookingid": 1557
    },
    {
        "bookingid": 1098
    },
    {
        "bookingid": 4939
    },
    {
        "bookingid": 598
    },
    {
        "bookingid": 4754
    },
    {
        "bookingid": 2000
    },
    {
        "bookingid": 1472
    },
    {
        "bookingid": 4580
    },
    {
        "bookingid": 3131
    },
    {
        "bookingid": 5056
    },
    {
        "bookingid": 3463
    },
    {
        "bookingid": 4743
    },
    {
        "bookingid": 4390
    },
    {
        "bookingid": 2069
    },
    {
        "bookingid": 800
    },
    {
        "bookingid": 3946
    },
    {
        "bookingid": 1599
    },
    {
        "bookingid": 3530
    },
    {
        "bookingid": 1795
    },
    {
        "bookingid": 3110
    },
    {
        "bookingid": 4844
    },
    {
        "bookingid": 1407
    },
    {
        "bookingid": 1085
    },
    {
        "bookingid": 1071
    },
    {
        "bookingid": 5231
    },
    {
        "bookingid": 479
    },
    {
        "bookingid": 3656
    },
    {
        "bookingid": 2723
    },
    {
        "bookingid": 4350
    },
    {
        "bookingid": 5160
    },
    {
        "bookingid": 4739
    },
    {
        "bookingid": 5325
    },
    {
        "bookingid": 2210
    },
    {
        "bookingid": 2177
    },
    {
        "bookingid": 2987
    },
    {
        "bookingid": 1195
    },
    {
        "bookingid": 5208
    },
    {
        "bookingid": 714
    },
    {
        "bookingid": 4477
    },
    {
        "bookingid": 4817
    },
    {
        "bookingid": 1957
    },
    {
        "bookingid": 4737
    },
    {
        "bookingid": 4608
    },
    {
        "bookingid": 5455
    },
    {
        "bookingid": 405
    },
    {
        "bookingid": 3936
    },
    {
        "bookingid": 3499
    },
    {
        "bookingid": 1516
    },
    {
        "bookingid": 417
    },
    {
        "bookingid": 1836
    },
    {
        "bookingid": 652
    },
    {
        "bookingid": 3909
    },
    {
        "bookingid": 4198
    },
    {
        "bookingid": 23
    },
    {
        "bookingid": 75
    },
    {
        "bookingid": 1232
    },
    {
        "bookingid": 1890
    },
    {
        "bookingid": 4567
    },
    {
        "bookingid": 5366
    },
    {
        "bookingid": 1375
    },
    {
        "bookingid": 458
    },
    {
        "bookingid": 4340
    },
    {
        "bookingid": 4044
    },
    {
        "bookingid": 72
    },
    {
        "bookingid": 3080
    },
    {
        "bookingid": 1962
    },
    {
        "bookingid": 4038
    },
    {
        "bookingid": 3975
    },
    {
        "bookingid": 1641
    },
    {
        "bookingid": 4646
    },
    {
        "bookingid": 1410
    },
    {
        "bookingid": 3489
    },
    {
        "bookingid": 1467
    },
    {
        "bookingid": 1092
    },
    {
        "bookingid": 1585
    },
    {
        "bookingid": 4823
    },
    {
        "bookingid": 5036
    },
    {
        "bookingid": 2598
    },
    {
        "bookingid": 2856
    },
    {
        "bookingid": 4812
    },
    {
        "bookingid": 551
    },
    {
        "bookingid": 2459
    },
    {
        "bookingid": 4978
    },
    {
        "bookingid": 2688
    },
    {
        "bookingid": 4090
    },
    {
        "bookingid": 4550
    },
    {
        "bookingid": 4700
    },
    {
        "bookingid": 4102
    },
    {
        "bookingid": 2734
    },
    {
        "bookingid": 5533
    },
    {
        "bookingid": 4028
    },
    {
        "bookingid": 2393
    },
    {
        "bookingid": 4327
    },
    {
        "bookingid": 3421
    },
    {
        "bookingid": 2718
    },
    {
        "bookingid": 990
    },
    {
        "bookingid": 1462
    },
    {
        "bookingid": 797
    },
    {
        "bookingid": 3461
    },
    {
        "bookingid": 5079
    },
    {
        "bookingid": 1076
    },
    {
        "bookingid": 1837
    },
    {
        "bookingid": 1667
    },
    {
        "bookingid": 5007
    },
    {
        "bookingid": 4535
    },
    {
        "bookingid": 2353
    },
    {
        "bookingid": 1412
    },
    {
        "bookingid": 3299
    },
    {
        "bookingid": 5185
    },
    {
        "bookingid": 4189
    },
    {
        "bookingid": 3062
    },
    {
        "bookingid": 4596
    },
    {
        "bookingid": 3920
    },
    {
        "bookingid": 4658
    },
    {
        "bookingid": 3402
    },
    {
        "bookingid": 4984
    },
    {
        "bookingid": 3416
    },
    {
        "bookingid": 4659
    },
    {
        "bookingid": 252
    },
    {
        "bookingid": 223
    },
    {
        "bookingid": 22
    },
    {
        "bookingid": 4835
    },
    {
        "bookingid": 5422
    },
    {
        "bookingid": 4919
    },
    {
        "bookingid": 2839
    },
    {
        "bookingid": 355
    },
    {
        "bookingid": 3957
    },
    {
        "bookingid": 5526
    },
    {
        "bookingid": 2649
    },
    {
        "bookingid": 4466
    },
    {
        "bookingid": 764
    },
    {
        "bookingid": 1730
    },
    {
        "bookingid": 5250
    },
    {
        "bookingid": 2437
    },
    {
        "bookingid": 4827
    },
    {
        "bookingid": 1352
    },
    {
        "bookingid": 3287
    },
    {
        "bookingid": 2297
    },
    {
        "bookingid": 2660
    },
    {
        "bookingid": 2363
    },
    {
        "bookingid": 2939
    },
    {
        "bookingid": 542
    },
    {
        "bookingid": 5283
    },
    {
        "bookingid": 436
    },
    {
        "bookingid": 2503
    },
    {
        "bookingid": 5469
    },
    {
        "bookingid": 4480
    },
    {
        "bookingid": 594
    },
    {
        "bookingid": 5307
    },
    {
        "bookingid": 468
    },
    {
        "bookingid": 4230
    },
    {
        "bookingid": 1907
    },
    {
        "bookingid": 3796
    },
    {
        "bookingid": 3734
    },
    {
        "bookingid": 4938
    },
    {
        "bookingid": 3022
    },
    {
        "bookingid": 3645
    },
    {
        "bookingid": 4358
    },
    {
        "bookingid": 5381
    },
    {
        "bookingid": 2533
    },
    {
        "bookingid": 5035
    },
    {
        "bookingid": 3381
    },
    {
        "bookingid": 1705
    },
    {
        "bookingid": 3997
    },
    {
        "bookingid": 5336
    },
    {
        "bookingid": 399
    },
    {
        "bookingid": 1620
    },
    {
        "bookingid": 3486
    },
    {
        "bookingid": 2977
    },
    {
        "bookingid": 3095
    },
    {
        "bookingid": 217
    },
    {
        "bookingid": 5267
    },
    {
        "bookingid": 323
    },
    {
        "bookingid": 1148
    },
    {
        "bookingid": 4505
    },
    {
        "bookingid": 128
    },
    {
        "bookingid": 3152
    },
    {
        "bookingid": 2677
    },
    {
        "bookingid": 1122
    },
    {
        "bookingid": 1037
    },
    {
        "bookingid": 170
    },
    {
        "bookingid": 322
    },
    {
        "bookingid": 3940
    },
    {
        "bookingid": 3669
    },
    {
        "bookingid": 257
    },
    {
        "bookingid": 1306
    },
    {
        "bookingid": 1558
    },
    {
        "bookingid": 4201
    },
    {
        "bookingid": 2156
    },
    {
        "bookingid": 3106
    },
    {
        "bookingid": 4957
    },
    {
        "bookingid": 1929
    },
    {
        "bookingid": 4709
    },
    {
        "bookingid": 1626
    },
    {
        "bookingid": 2004
    },
    {
        "bookingid": 2269
    },
    {
        "bookingid": 3847
    },
    {
        "bookingid": 123
    },
    {
        "bookingid": 785
    },
    {
        "bookingid": 3754
    },
    {
        "bookingid": 2541
    },
    {
        "bookingid": 4523
    },
    {
        "bookingid": 138
    },
    {
        "bookingid": 4568
    },
    {
        "bookingid": 2891
    },
    {
        "bookingid": 2309
    },
    {
        "bookingid": 5117
    },
    {
        "bookingid": 5067
    },
    {
        "bookingid": 2065
    },
    {
        "bookingid": 827
    },
    {
        "bookingid": 4706
    },
    {
        "bookingid": 1083
    },
    {
        "bookingid": 4187
    },
    {
        "bookingid": 1266
    },
    {
        "bookingid": 1442
    },
    {
        "bookingid": 1001
    },
    {
        "bookingid": 3383
    },
    {
        "bookingid": 328
    },
    {
        "bookingid": 4971
    },
    {
        "bookingid": 243
    },
    {
        "bookingid": 1305
    },
    {
        "bookingid": 5152
    },
    {
        "bookingid": 316
    },
    {
        "bookingid": 3187
    },
    {
        "bookingid": 3552
    },
    {
        "bookingid": 1458
    },
    {
        "bookingid": 2402
    },
    {
        "bookingid": 4357
    },
    {
        "bookingid": 2172
    },
    {
        "bookingid": 1453
    },
    {
        "bookingid": 3992
    },
    {
        "bookingid": 648
    },
    {
        "bookingid": 3101
    },
    {
        "bookingid": 4510
    },
    {
        "bookingid": 3812
    },
    {
        "bookingid": 1149
    },
    {
        "bookingid": 861
    },
    {
        "bookingid": 3426
    },
    {
        "bookingid": 2779
    },
    {
        "bookingid": 2048
    },
    {
        "bookingid": 5178
    },
    {
        "bookingid": 3609
    },
    {
        "bookingid": 4890
    },
    {
        "bookingid": 2467
    },
    {
        "bookingid": 1583
    },
    {
        "bookingid": 3121
    },
    {
        "bookingid": 5403
    },
    {
        "bookingid": 5357
    },
    {
        "bookingid": 4769
    },
    {
        "bookingid": 5362
    },
    {
        "bookingid": 1766
    },
    {
        "bookingid": 151
    },
    {
        "bookingid": 5513
    },
    {
        "bookingid": 369
    },
    {
        "bookingid": 2038
    },
    {
        "bookingid": 246
    },
    {
        "bookingid": 3577
    },
    {
        "bookingid": 1447
    },
    {
        "bookingid": 5342
    },
    {
        "bookingid": 4530
    },
    {
        "bookingid": 5548
    },
    {
        "bookingid": 3937
    },
    {
        "bookingid": 3431
    },
    {
        "bookingid": 3193
    },
    {
        "bookingid": 4555
    },
    {
        "bookingid": 2607
    },
    {
        "bookingid": 842
    },
    {
        "bookingid": 5466
    },
    {
        "bookingid": 660
    },
    {
        "bookingid": 430
    },
    {
        "bookingid": 2680
    },
    {
        "bookingid": 1074
    },
    {
        "bookingid": 4590
    },
    {
        "bookingid": 2586
    },
    {
        "bookingid": 1256
    },
    {
        "bookingid": 2738
    },
    {
        "bookingid": 5503
    },
    {
        "bookingid": 1622
    },
    {
        "bookingid": 5319
    },
    {
        "bookingid": 262
    },
    {
        "bookingid": 5100
    },
    {
        "bookingid": 3057
    },
    {
        "bookingid": 3725
    },
    {
        "bookingid": 4789
    },
    {
        "bookingid": 5220
    },
    {
        "bookingid": 5420
    },
    {
        "bookingid": 1793
    },
    {
        "bookingid": 4726
    },
    {
        "bookingid": 4698
    },
    {
        "bookingid": 71
    },
    {
        "bookingid": 735
    },
    {
        "bookingid": 1702
    },
    {
        "bookingid": 601
    },
    {
        "bookingid": 4647
    },
    {
        "bookingid": 3238
    },
    {
        "bookingid": 4729
    },
    {
        "bookingid": 3186
    },
    {
        "bookingid": 559
    },
    {
        "bookingid": 3357
    },
    {
        "bookingid": 2435
    },
    {
        "bookingid": 2567
    },
    {
        "bookingid": 4561
    },
    {
        "bookingid": 4619
    },
    {
        "bookingid": 5093
    },
    {
        "bookingid": 5547
    },
    {
        "bookingid": 385
    },
    {
        "bookingid": 2715
    },
    {
        "bookingid": 3985
    },
    {
        "bookingid": 2593
    },
    {
        "bookingid": 3077
    },
    {
        "bookingid": 1515
    },
    {
        "bookingid": 5335
    },
    {
        "bookingid": 2840
    },
    {
        "bookingid": 1729
    },
    {
        "bookingid": 731
    },
    {
        "bookingid": 4061
    },
    {
        "bookingid": 2017
    },
    {
        "bookingid": 4674
    },
    {
        "bookingid": 969
    },
    {
        "bookingid": 1539
    },
    {
        "bookingid": 4533
    },
    {
        "bookingid": 461
    },
    {
        "bookingid": 2411
    },
    {
        "bookingid": 3123
    },
    {
        "bookingid": 1413
    },
    {
        "bookingid": 2386
    },
    {
        "bookingid": 2940
    },
    {
        "bookingid": 3161
    },
    {
        "bookingid": 4589
    },
    {
        "bookingid": 3397
    },
    {
        "bookingid": 2012
    },
    {
        "bookingid": 1566
    },
    {
        "bookingid": 4426
    },
    {
        "bookingid": 406
    },
    {
        "bookingid": 596
    },
    {
        "bookingid": 4392
    },
    {
        "bookingid": 9
    },
    {
        "bookingid": 2449
    },
    {
        "bookingid": 4838
    },
    {
        "bookingid": 5452
    },
    {
        "bookingid": 1651
    },
    {
        "bookingid": 2548
    },
    {
        "bookingid": 637
    },
    {
        "bookingid": 3953
    },
    {
        "bookingid": 4468
    },
    {
        "bookingid": 1533
    },
    {
        "bookingid": 4986
    },
    {
        "bookingid": 5128
    },
    {
        "bookingid": 5439
    },
    {
        "bookingid": 2641
    },
    {
        "bookingid": 1060
    },
    {
        "bookingid": 1612
    },
    {
        "bookingid": 808
    },
    {
        "bookingid": 3407
    },
    {
        "bookingid": 358
    },
    {
        "bookingid": 2422
    },
    {
        "bookingid": 3736
    },
    {
        "bookingid": 2296
    },
    {
        "bookingid": 515
    },
    {
        "bookingid": 532
    },
    {
        "bookingid": 1290
    },
    {
        "bookingid": 1992
    },
    {
        "bookingid": 1635
    },
    {
        "bookingid": 1745
    },
    {
        "bookingid": 3964
    },
    {
        "bookingid": 1741
    },
    {
        "bookingid": 5049
    },
    {
        "bookingid": 631
    },
    {
        "bookingid": 2552
    },
    {
        "bookingid": 2006
    },
    {
        "bookingid": 4037
    },
    {
        "bookingid": 2446
    },
    {
        "bookingid": 918
    },
    {
        "bookingid": 3678
    },
    {
        "bookingid": 2009
    },
    {
        "bookingid": 4899
    },
    {
        "bookingid": 1016
    },
    {
        "bookingid": 3094
    },
    {
        "bookingid": 3817
    },
    {
        "bookingid": 833
    },
    {
        "bookingid": 90
    },
    {
        "bookingid": 3871
    },
    {
        "bookingid": 2810
    },
    {
        "bookingid": 3652
    },
    {
        "bookingid": 2865
    },
    {
        "bookingid": 5245
    },
    {
        "bookingid": 3634
    },
    {
        "bookingid": 3425
    },
    {
        "bookingid": 1355
    },
    {
        "bookingid": 5490
    },
    {
        "bookingid": 1525
    },
    {
        "bookingid": 858
    },
    {
        "bookingid": 3727
    },
    {
        "bookingid": 3453
    },
    {
        "bookingid": 2612
    },
    {
        "bookingid": 3861
    },
    {
        "bookingid": 1328
    },
    {
        "bookingid": 3993
    },
    {
        "bookingid": 2710
    },
    {
        "bookingid": 1570
    },
    {
        "bookingid": 1894
    },
    {
        "bookingid": 3316
    },
    {
        "bookingid": 4766
    },
    {
        "bookingid": 432
    },
    {
        "bookingid": 4847
    },
    {
        "bookingid": 779
    },
    {
        "bookingid": 1695
    },
    {
        "bookingid": 1340
    },
    {
        "bookingid": 2123
    },
    {
        "bookingid": 494
    },
    {
        "bookingid": 1445
    },
    {
        "bookingid": 4122
    },
    {
        "bookingid": 3661
    },
    {
        "bookingid": 2675
    },
    {
        "bookingid": 3163
    },
    {
        "bookingid": 1377
    },
    {
        "bookingid": 2074
    },
    {
        "bookingid": 5164
    },
    {
        "bookingid": 5447
    },
    {
        "bookingid": 2440
    },
    {
        "bookingid": 4290
    },
    {
        "bookingid": 1777
    },
    {
        "bookingid": 2417
    },
    {
        "bookingid": 3628
    },
    {
        "bookingid": 4574
    },
    {
        "bookingid": 3979
    },
    {
        "bookingid": 5123
    },
    {
        "bookingid": 2001
    },
    {
        "bookingid": 3837
    },
    {
        "bookingid": 1155
    },
    {
        "bookingid": 2026
    },
    {
        "bookingid": 3854
    },
    {
        "bookingid": 4127
    },
    {
        "bookingid": 3684
    },
    {
        "bookingid": 2960
    },
    {
        "bookingid": 3196
    },
    {
        "bookingid": 2346
    },
    {
        "bookingid": 4877
    },
    {
        "bookingid": 4855
    },
    {
        "bookingid": 502
    },
    {
        "bookingid": 2277
    },
    {
        "bookingid": 1226
    },
    {
        "bookingid": 701
    },
    {
        "bookingid": 1036
    },
    {
        "bookingid": 3091
    },
    {
        "bookingid": 3446
    },
    {
        "bookingid": 5247
    },
    {
        "bookingid": 869
    },
    {
        "bookingid": 2936
    },
    {
        "bookingid": 2274
    },
    {
        "bookingid": 3454
    },
    {
        "bookingid": 1484
    },
    {
        "bookingid": 4744
    },
    {
        "bookingid": 3575
    },
    {
        "bookingid": 5311
    },
    {
        "bookingid": 229
    },
    {
        "bookingid": 2748
    },
    {
        "bookingid": 1289
    },
    {
        "bookingid": 1979
    },
    {
        "bookingid": 1104
    },
    {
        "bookingid": 3323
    },
    {
        "bookingid": 4544
    },
    {
        "bookingid": 3548
    },
    {
        "bookingid": 3602
    },
    {
        "bookingid": 2481
    },
    {
        "bookingid": 1718
    },
    {
        "bookingid": 3205
    },
    {
        "bookingid": 3589
    },
    {
        "bookingid": 446
    },
    {
        "bookingid": 642
    },
    {
        "bookingid": 1973
    },
    {
        "bookingid": 2824
    },
    {
        "bookingid": 3905
    },
    {
        "bookingid": 5102
    },
    {
        "bookingid": 5385
    },
    {
        "bookingid": 4723
    },
    {
        "bookingid": 1692
    },
    {
        "bookingid": 3899
    },
    {
        "bookingid": 5368
    },
    {
        "bookingid": 4078
    },
    {
        "bookingid": 1131
    },
    {
        "bookingid": 3227
    },
    {
        "bookingid": 2664
    },
    {
        "bookingid": 1469
    },
    {
        "bookingid": 3672
    },
    {
        "bookingid": 5023
    },
    {
        "bookingid": 1242
    },
    {
        "bookingid": 3409
    },
    {
        "bookingid": 3310
    },
    {
        "bookingid": 1863
    },
    {
        "bookingid": 4445
    },
    {
        "bookingid": 157
    },
    {
        "bookingid": 2231
    },
    {
        "bookingid": 760
    },
    {
        "bookingid": 4781
    },
    {
        "bookingid": 1347
    },
    {
        "bookingid": 220
    },
    {
        "bookingid": 3849
    },
    {
        "bookingid": 3132
    },
    {
        "bookingid": 772
    },
    {
        "bookingid": 2809
    },
    {
        "bookingid": 4720
    },
    {
        "bookingid": 3942
    },
    {
        "bookingid": 1097
    },
    {
        "bookingid": 4992
    },
    {
        "bookingid": 3484
    },
    {
        "bookingid": 1540
    },
    {
        "bookingid": 1598
    },
    {
        "bookingid": 2634
    },
    {
        "bookingid": 373
    },
    {
        "bookingid": 118
    },
    {
        "bookingid": 2489
    },
    {
        "bookingid": 4026
    },
    {
        "bookingid": 4108
    },
    {
        "bookingid": 3013
    },
    {
        "bookingid": 236
    },
    {
        "bookingid": 3001
    },
    {
        "bookingid": 4491
    },
    {
        "bookingid": 5365
    },
    {
        "bookingid": 3024
    },
    {
        "bookingid": 4818
    },
    {
        "bookingid": 4479
    },
    {
        "bookingid": 2235
    },
    {
        "bookingid": 1563
    },
    {
        "bookingid": 1547
    },
    {
        "bookingid": 4702
    },
    {
        "bookingid": 4694
    },
    {
        "bookingid": 1157
    },
    {
        "bookingid": 1272
    },
    {
        "bookingid": 424
    },
    {
        "bookingid": 4753
    },
    {
        "bookingid": 4050
    },
    {
        "bookingid": 2173
    },
    {
        "bookingid": 1535
    },
    {
        "bookingid": 2516
    },
    {
        "bookingid": 1731
    },
    {
        "bookingid": 4721
    },
    {
        "bookingid": 5338
    },
    {
        "bookingid": 89
    },
    {
        "bookingid": 590
    },
    {
        "bookingid": 511
    },
    {
        "bookingid": 3838
    },
    {
        "bookingid": 2121
    },
    {
        "bookingid": 566
    },
    {
        "bookingid": 1888
    },
    {
        "bookingid": 4751
    },
    {
        "bookingid": 5473
    },
    {
        "bookingid": 4205
    },
    {
        "bookingid": 1737
    },
    {
        "bookingid": 2427
    },
    {
        "bookingid": 4563
    },
    {
        "bookingid": 2332
    },
    {
        "bookingid": 3603
    },
    {
        "bookingid": 4135
    },
    {
        "bookingid": 3616
    },
    {
        "bookingid": 4298
    },
    {
        "bookingid": 2421
    },
    {
        "bookingid": 5080
    },
    {
        "bookingid": 980
    },
    {
        "bookingid": 2769
    },
    {
        "bookingid": 871
    },
    {
        "bookingid": 361
    },
    {
        "bookingid": 3750
    },
    {
        "bookingid": 1996
    },
    {
        "bookingid": 1838
    },
    {
        "bookingid": 717
    },
    {
        "bookingid": 97
    },
    {
        "bookingid": 2340
    },
    {
        "bookingid": 3436
    },
    {
        "bookingid": 2795
    },
    {
        "bookingid": 976
    },
    {
        "bookingid": 5531
    },
    {
        "bookingid": 3329
    },
    {
        "bookingid": 4155
    },
    {
        "bookingid": 4056
    },
    {
        "bookingid": 330
    },
    {
        "bookingid": 3347
    },
    {
        "bookingid": 3468
    },
    {
        "bookingid": 1089
    },
    {
        "bookingid": 2455
    },
    {
        "bookingid": 2238
    },
    {
        "bookingid": 4184
    },
    {
        "bookingid": 802
    },
    {
        "bookingid": 4274
    },
    {
        "bookingid": 135
    },
    {
        "bookingid": 2658
    },
    {
        "bookingid": 1379
    },
    {
        "bookingid": 5075
    },
    {
        "bookingid": 3352
    },
    {
        "bookingid": 1161
    },
    {
        "bookingid": 1881
    },
    {
        "bookingid": 944
    },
    {
        "bookingid": 1507
    },
    {
        "bookingid": 3215
    },
    {
        "bookingid": 3758
    },
    {
        "bookingid": 1592
    },
    {
        "bookingid": 2785
    },
    {
        "bookingid": 3631
    },
    {
        "bookingid": 5298
    },
    {
        "bookingid": 1218
    },
    {
        "bookingid": 38
    },
    {
        "bookingid": 6
    },
    {
        "bookingid": 3459
    },
    {
        "bookingid": 1051
    },
    {
        "bookingid": 4137
    },
    {
        "bookingid": 5005
    },
    {
        "bookingid": 1611
    },
    {
        "bookingid": 1964
    },
    {
        "bookingid": 5430
    },
    {
        "bookingid": 4260
    },
    {
        "bookingid": 632
    },
    {
        "bookingid": 616
    },
    {
        "bookingid": 3361
    },
    {
        "bookingid": 3711
    },
    {
        "bookingid": 3977
    },
    {
        "bookingid": 264
    },
    {
        "bookingid": 4642
    },
    {
        "bookingid": 4166
    },
    {
        "bookingid": 495
    },
    {
        "bookingid": 3
    },
    {
        "bookingid": 3074
    },
    {
        "bookingid": 3967
    },
    {
        "bookingid": 1934
    },
    {
        "bookingid": 3191
    },
    {
        "bookingid": 2542
    },
    {
        "bookingid": 499
    },
    {
        "bookingid": 5146
    },
    {
        "bookingid": 1824
    },
    {
        "bookingid": 4879
    },
    {
        "bookingid": 4447
    },
    {
        "bookingid": 3245
    },
    {
        "bookingid": 4153
    },
    {
        "bookingid": 2161
    },
    {
        "bookingid": 5077
    },
    {
        "bookingid": 2673
    },
    {
        "bookingid": 3389
    },
    {
        "bookingid": 4947
    },
    {
        "bookingid": 739
    },
    {
        "bookingid": 3437
    },
    {
        "bookingid": 5410
    },
    {
        "bookingid": 2498
    },
    {
        "bookingid": 5556
    },
    {
        "bookingid": 1293
    },
    {
        "bookingid": 3480
    },
    {
        "bookingid": 259
    },
    {
        "bookingid": 872
    },
    {
        "bookingid": 2772
    },
    {
        "bookingid": 560
    },
    {
        "bookingid": 1827
    },
    {
        "bookingid": 5540
    },
    {
        "bookingid": 5402
    },
    {
        "bookingid": 1807
    },
    {
        "bookingid": 87
    },
    {
        "bookingid": 2368
    },
    {
        "bookingid": 2982
    },
    {
        "bookingid": 255
    },
    {
        "bookingid": 2082
    },
    {
        "bookingid": 1332
    },
    {
        "bookingid": 4981
    },
    {
        "bookingid": 644
    },
    {
        "bookingid": 1396
    },
    {
        "bookingid": 5110
    },
    {
        "bookingid": 136
    },
    {
        "bookingid": 4121
    },
    {
        "bookingid": 2627
    },
    {
        "bookingid": 2476
    },
    {
        "bookingid": 249
    },
    {
        "bookingid": 4138
    },
    {
        "bookingid": 5516
    },
    {
        "bookingid": 3578
    },
    {
        "bookingid": 3244
    },
    {
        "bookingid": 4308
    },
    {
        "bookingid": 3926
    },
    {
        "bookingid": 3931
    },
    {
        "bookingid": 1937
    },
    {
        "bookingid": 4207
    },
    {
        "bookingid": 2746
    },
    {
        "bookingid": 5134
    },
    {
        "bookingid": 1798
    },
    {
        "bookingid": 1191
    },
    {
        "bookingid": 2130
    },
    {
        "bookingid": 4845
    },
    {
        "bookingid": 1115
    },
    {
        "bookingid": 3702
    },
    {
        "bookingid": 3108
    },
    {
        "bookingid": 555
    },
    {
        "bookingid": 2953
    },
    {
        "bookingid": 2909
    },
    {
        "bookingid": 2670
    },
    {
        "bookingid": 500
    },
    {
        "bookingid": 13
    },
    {
        "bookingid": 4500
    },
    {
        "bookingid": 3630
    },
    {
        "bookingid": 218
    },
    {
        "bookingid": 4541
    },
    {
        "bookingid": 3309
    },
    {
        "bookingid": 2113
    },
    {
        "bookingid": 2383
    },
    {
        "bookingid": 3173
    },
    {
        "bookingid": 3515
    },
    {
        "bookingid": 854
    },
    {
        "bookingid": 2303
    },
    {
        "bookingid": 3104
    },
    {
        "bookingid": 694
    },
    {
        "bookingid": 1421
    },
    {
        "bookingid": 4386
    },
    {
        "bookingid": 3753
    },
    {
        "bookingid": 375
    },
    {
        "bookingid": 4124
    },
    {
        "bookingid": 1764
    },
    {
        "bookingid": 2491
    },
    {
        "bookingid": 4982
    },
    {
        "bookingid": 5510
    },
    {
        "bookingid": 5106
    },
    {
        "bookingid": 142
    },
    {
        "bookingid": 4406
    },
    {
        "bookingid": 1524
    },
    {
        "bookingid": 159
    },
    {
        "bookingid": 2884
    },
    {
        "bookingid": 2699
    },
    {
        "bookingid": 1882
    },
    {
        "bookingid": 1245
    },
    {
        "bookingid": 1859
    },
    {
        "bookingid": 1173
    },
    {
        "bookingid": 5112
    },
    {
        "bookingid": 611
    },
    {
        "bookingid": 5031
    },
    {
        "bookingid": 666
    },
    {
        "bookingid": 2439
    },
    {
        "bookingid": 2916
    },
    {
        "bookingid": 2323
    },
    {
        "bookingid": 4270
    },
    {
        "bookingid": 269
    },
    {
        "bookingid": 5261
    },
    {
        "bookingid": 1275
    },
    {
        "bookingid": 736
    },
    {
        "bookingid": 2219
    },
    {
        "bookingid": 723
    },
    {
        "bookingid": 2648
    },
    {
        "bookingid": 3137
    },
    {
        "bookingid": 5181
    },
    {
        "bookingid": 155
    },
    {
        "bookingid": 4115
    },
    {
        "bookingid": 2079
    },
    {
        "bookingid": 5448
    },
    {
        "bookingid": 195
    },
    {
        "bookingid": 806
    },
    {
        "bookingid": 2119
    },
    {
        "bookingid": 2469
    },
    {
        "bookingid": 5305
    },
    {
        "bookingid": 729
    },
    {
        "bookingid": 4604
    },
    {
        "bookingid": 5252
    },
    {
        "bookingid": 543
    },
    {
        "bookingid": 435
    },
    {
        "bookingid": 4588
    },
    {
        "bookingid": 1878
    },
    {
        "bookingid": 3639
    },
    {
        "bookingid": 655
    },
    {
        "bookingid": 1722
    },
    {
        "bookingid": 946
    },
    {
        "bookingid": 83
    },
    {
        "bookingid": 5463
    },
    {
        "bookingid": 4281
    },
    {
        "bookingid": 347
    },
    {
        "bookingid": 3333
    },
    {
        "bookingid": 1116
    },
    {
        "bookingid": 3785
    },
    {
        "bookingid": 418
    },
    {
        "bookingid": 3087
    },
    {
        "bookingid": 156
    },
    {
        "bookingid": 4220
    },
    {
        "bookingid": 3374
    },
    {
        "bookingid": 1657
    },
    {
        "bookingid": 4768
    },
    {
        "bookingid": 101
    },
    {
        "bookingid": 1349
    },
    {
        "bookingid": 86
    },
    {
        "bookingid": 206
    },
    {
        "bookingid": 346
    },
    {
        "bookingid": 3498
    },
    {
        "bookingid": 4147
    },
    {
        "bookingid": 2610
    },
    {
        "bookingid": 2877
    },
    {
        "bookingid": 884
    },
    {
        "bookingid": 1767
    },
    {
        "bookingid": 5388
    },
    {
        "bookingid": 2395
    },
    {
        "bookingid": 4193
    },
    {
        "bookingid": 4255
    },
    {
        "bookingid": 781
    },
    {
        "bookingid": 2787
    },
    {
        "bookingid": 974
    },
    {
        "bookingid": 669
    },
    {
        "bookingid": 41
    },
    {
        "bookingid": 2185
    },
    {
        "bookingid": 1900
    },
    {
        "bookingid": 3452
    },
    {
        "bookingid": 2690
    },
    {
        "bookingid": 3030
    },
    {
        "bookingid": 5331
    },
    {
        "bookingid": 4636
    },
    {
        "bookingid": 899
    },
    {
        "bookingid": 1203
    },
    {
        "bookingid": 885
    },
    {
        "bookingid": 392
    },
    {
        "bookingid": 4366
    },
    {
        "bookingid": 1370
    },
    {
        "bookingid": 1182
    },
    {
        "bookingid": 5496
    },
    {
        "bookingid": 4015
    },
    {
        "bookingid": 3510
    },
    {
        "bookingid": 938
    },
    {
        "bookingid": 1357
    },
    {
        "bookingid": 3501
    },
    {
        "bookingid": 400
    },
    {
        "bookingid": 822
    },
    {
        "bookingid": 558
    },
    {
        "bookingid": 5246
    },
    {
        "bookingid": 5537
    },
    {
        "bookingid": 3142
    },
    {
        "bookingid": 1136
    },
    {
        "bookingid": 2510
    },
    {
        "bookingid": 5028
    },
    {
        "bookingid": 3328
    },
    {
        "bookingid": 1154
    },
    {
        "bookingid": 49
    },
    {
        "bookingid": 472
    },
    {
        "bookingid": 3369
    },
    {
        "bookingid": 2556
    },
    {
        "bookingid": 4355
    },
    {
        "bookingid": 3673
    },
    {
        "bookingid": 1989
    },
    {
        "bookingid": 3540
    },
    {
        "bookingid": 1031
    },
    {
        "bookingid": 2653
    },
    {
        "bookingid": 2200
    },
    {
        "bookingid": 5195
    },
    {
        "bookingid": 1059
    },
    {
        "bookingid": 2591
    },
    {
        "bookingid": 3878
    },
    {
        "bookingid": 5456
    },
    {
        "bookingid": 3897
    },
    {
        "bookingid": 1972
    },
    {
        "bookingid": 2743
    },
    {
        "bookingid": 2966
    },
    {
        "bookingid": 1366
    },
    {
        "bookingid": 416
    },
    {
        "bookingid": 4529
    },
    {
        "bookingid": 992
    },
    {
        "bookingid": 4077
    },
    {
        "bookingid": 948
    },
    {
        "bookingid": 3124
    },
    {
        "bookingid": 3929
    },
    {
        "bookingid": 3742
    },
    {
        "bookingid": 2508
    },
    {
        "bookingid": 1625
    },
    {
        "bookingid": 4408
    },
    {
        "bookingid": 2759
    },
    {
        "bookingid": 1875
    },
    {
        "bookingid": 443
    },
    {
        "bookingid": 5461
    },
    {
        "bookingid": 3049
    },
    {
        "bookingid": 790
    },
    {
        "bookingid": 3688
    },
    {
        "bookingid": 4344
    },
    {
        "bookingid": 5314
    },
    {
        "bookingid": 2719
    },
    {
        "bookingid": 390
    },
    {
        "bookingid": 1858
    },
    {
        "bookingid": 2512
    },
    {
        "bookingid": 1621
    },
    {
        "bookingid": 4803
    },
    {
        "bookingid": 274
    },
    {
        "bookingid": 4400
    },
    {
        "bookingid": 4861
    },
    {
        "bookingid": 1188
    },
    {
        "bookingid": 1223
    },
    {
        "bookingid": 526
    },
    {
        "bookingid": 682
    },
    {
        "bookingid": 68
    },
    {
        "bookingid": 5206
    },
    {
        "bookingid": 201
    },
    {
        "bookingid": 320
    },
    {
        "bookingid": 3395
    },
    {
        "bookingid": 1020
    },
    {
        "bookingid": 451
    },
    {
        "bookingid": 2311
    },
    {
        "bookingid": 1125
    },
    {
        "bookingid": 2258
    },
    {
        "bookingid": 3999
    },
    {
        "bookingid": 2318
    },
    {
        "bookingid": 727
    },
    {
        "bookingid": 3143
    },
    {
        "bookingid": 2361
    },
    {
        "bookingid": 1804
    },
    {
        "bookingid": 1165
    },
    {
        "bookingid": 232
    },
    {
        "bookingid": 2976
    },
    {
        "bookingid": 2008
    },
    {
        "bookingid": 2584
    },
    {
        "bookingid": 309
    },
    {
        "bookingid": 3220
    },
    {
        "bookingid": 5320
    },
    {
        "bookingid": 4397
    },
    {
        "bookingid": 3894
    },
    {
        "bookingid": 3691
    },
    {
        "bookingid": 247
    },
    {
        "bookingid": 4309
    },
    {
        "bookingid": 3760
    },
    {
        "bookingid": 3449
    },
    {
        "bookingid": 3387
    },
    {
        "bookingid": 1784
    },
    {
        "bookingid": 5255
    },
    {
        "bookingid": 2419
    },
    {
        "bookingid": 2661
    },
    {
        "bookingid": 2903
    },
    {
        "bookingid": 2180
    },
    {
        "bookingid": 5149
    },
    {
        "bookingid": 1426
    },
    {
        "bookingid": 3543
    },
    {
        "bookingid": 96
    },
    {
        "bookingid": 2336
    },
    {
        "bookingid": 4119
    },
    {
        "bookingid": 73
    },
    {
        "bookingid": 4712
    },
    {
        "bookingid": 5374
    },
    {
        "bookingid": 4364
    },
    {
        "bookingid": 1282
    },
    {
        "bookingid": 2834
    },
    {
        "bookingid": 3427
    },
    {
        "bookingid": 1761
    },
    {
        "bookingid": 3867
    },
    {
        "bookingid": 1353
    },
    {
        "bookingid": 3682
    },
    {
        "bookingid": 1344
    },
    {
        "bookingid": 2320
    },
    {
        "bookingid": 4662
    },
    {
        "bookingid": 4909
    },
    {
        "bookingid": 3947
    },
    {
        "bookingid": 741
    },
    {
        "bookingid": 1091
    },
    {
        "bookingid": 2944
    },
    {
        "bookingid": 2343
    },
    {
        "bookingid": 3965
    },
    {
        "bookingid": 4079
    },
    {
        "bookingid": 5165
    },
    {
        "bookingid": 4975
    },
    {
        "bookingid": 5065
    },
    {
        "bookingid": 1312
    },
    {
        "bookingid": 720
    },
    {
        "bookingid": 5199
    },
    {
        "bookingid": 828
    },
    {
        "bookingid": 4898
    },
    {
        "bookingid": 4269
    },
    {
        "bookingid": 4254
    },
    {
        "bookingid": 4232
    },
    {
        "bookingid": 4630
    },
    {
        "bookingid": 3079
    },
    {
        "bookingid": 306
    },
    {
        "bookingid": 2355
    },
    {
        "bookingid": 4824
    },
    {
        "bookingid": 1062
    },
    {
        "bookingid": 3779
    },
    {
        "bookingid": 130
    },
    {
        "bookingid": 1586
    },
    {
        "bookingid": 3584
    },
    {
        "bookingid": 326
    },
    {
        "bookingid": 1342
    },
    {
        "bookingid": 2652
    },
    {
        "bookingid": 4387
    },
    {
        "bookingid": 2632
    },
    {
        "bookingid": 5467
    },
    {
        "bookingid": 2638
    },
    {
        "bookingid": 1855
    },
    {
        "bookingid": 4183
    },
    {
        "bookingid": 1243
    },
    {
        "bookingid": 282
    },
    {
        "bookingid": 1628
    },
    {
        "bookingid": 968
    },
    {
        "bookingid": 226
    },
    {
        "bookingid": 2700
    },
    {
        "bookingid": 2828
    },
    {
        "bookingid": 153
    },
    {
        "bookingid": 1728
    },
    {
        "bookingid": 3570
    },
    {
        "bookingid": 267
    },
    {
        "bookingid": 3272
    },
    {
        "bookingid": 1468
    },
    {
        "bookingid": 4291
    },
    {
        "bookingid": 4576
    },
    {
        "bookingid": 1065
    },
    {
        "bookingid": 4214
    },
    {
        "bookingid": 795
    },
    {
        "bookingid": 5328
    },
    {
        "bookingid": 2606
    },
    {
        "bookingid": 3608
    },
    {
        "bookingid": 4558
    },
    {
        "bookingid": 881
    },
    {
        "bookingid": 4925
    },
    {
        "bookingid": 3054
    },
    {
        "bookingid": 4089
    },
    {
        "bookingid": 3082
    },
    {
        "bookingid": 5521
    },
    {
        "bookingid": 293
    },
    {
        "bookingid": 1180
    },
    {
        "bookingid": 2948
    },
    {
        "bookingid": 5015
    },
    {
        "bookingid": 165
    },
    {
        "bookingid": 4131
    },
    {
        "bookingid": 3809
    },
    {
        "bookingid": 4931
    },
    {
        "bookingid": 2737
    },
    {
        "bookingid": 2377
    },
    {
        "bookingid": 1594
    },
    {
        "bookingid": 1047
    },
    {
        "bookingid": 2178
    },
    {
        "bookingid": 4411
    },
    {
        "bookingid": 4150
    },
    {
        "bookingid": 2941
    },
    {
        "bookingid": 3958
    },
    {
        "bookingid": 2923
    },
    {
        "bookingid": 5240
    },
    {
        "bookingid": 3792
    },
    {
        "bookingid": 4234
    },
    {
        "bookingid": 2241
    },
    {
        "bookingid": 3856
    },
    {
        "bookingid": 3775
    },
    {
        "bookingid": 2816
    },
    {
        "bookingid": 589
    },
    {
        "bookingid": 208
    },
    {
        "bookingid": 3527
    },
    {
        "bookingid": 5315
    },
    {
        "bookingid": 1473
    },
    {
        "bookingid": 4103
    },
    {
        "bookingid": 4008
    },
    {
        "bookingid": 5144
    },
    {
        "bookingid": 4068
    },
    {
        "bookingid": 4867
    },
    {
        "bookingid": 4
    },
    {
        "bookingid": 2174
    },
    {
        "bookingid": 3058
    },
    {
        "bookingid": 2400
    },
    {
        "bookingid": 537
    },
    {
        "bookingid": 791
    },
    {
        "bookingid": 4273
    },
    {
        "bookingid": 1068
    },
    {
        "bookingid": 5371
    },
    {
        "bookingid": 957
    },
    {
        "bookingid": 4252
    },
    {
        "bookingid": 2981
    },
    {
        "bookingid": 5058
    },
    {
        "bookingid": 1451
    },
    {
        "bookingid": 1292
    },
    {
        "bookingid": 1719
    },
    {
        "bookingid": 5186
    },
    {
        "bookingid": 4361
    },
    {
        "bookingid": 906
    },
    {
        "bookingid": 2691
    },
    {
        "bookingid": 1053
    },
    {
        "bookingid": 3692
    },
    {
        "bookingid": 3891
    },
    {
        "bookingid": 2934
    },
    {
        "bookingid": 1268
    },
    {
        "bookingid": 270
    },
    {
        "bookingid": 1756
    },
    {
        "bookingid": 4532
    },
    {
        "bookingid": 1736
    },
    {
        "bookingid": 1427
    },
    {
        "bookingid": 892
    },
    {
        "bookingid": 1364
    },
    {
        "bookingid": 5491
    },
    {
        "bookingid": 81
    },
    {
        "bookingid": 3968
    },
    {
        "bookingid": 4819
    },
    {
        "bookingid": 1605
    },
    {
        "bookingid": 4405
    },
    {
        "bookingid": 2666
    },
    {
        "bookingid": 1948
    },
    {
        "bookingid": 3202
    },
    {
        "bookingid": 2920
    },
    {
        "bookingid": 3841
    },
    {
        "bookingid": 408
    },
    {
        "bookingid": 768
    },
    {
        "bookingid": 2560
    },
    {
        "bookingid": 2792
    },
    {
        "bookingid": 2988
    },
    {
        "bookingid": 1418
    },
    {
        "bookingid": 4655
    },
    {
        "bookingid": 4632
    },
    {
        "bookingid": 161
    },
    {
        "bookingid": 4407
    },
    {
        "bookingid": 4263
    },
    {
        "bookingid": 4152
    },
    {
        "bookingid": 1604
    },
    {
        "bookingid": 5161
    },
    {
        "bookingid": 3353
    },
    {
        "bookingid": 3567
    },
    {
        "bookingid": 2230
    },
    {
        "bookingid": 273
    },
    {
        "bookingid": 2041
    },
    {
        "bookingid": 1806
    },
    {
        "bookingid": 4467
    },
    {
        "bookingid": 5086
    },
    {
        "bookingid": 117
    },
    {
        "bookingid": 3859
    },
    {
        "bookingid": 4940
    },
    {
        "bookingid": 4381
    },
    {
        "bookingid": 2091
    },
    {
        "bookingid": 4506
    },
    {
        "bookingid": 4756
    },
    {
        "bookingid": 5184
    },
    {
        "bookingid": 5468
    },
    {
        "bookingid": 4585
    },
    {
        "bookingid": 66
    },
    {
        "bookingid": 1895
    },
    {
        "bookingid": 823
    },
    {
        "bookingid": 380
    },
    {
        "bookingid": 3165
    },
    {
        "bookingid": 2175
    },
    {
        "bookingid": 2821
    },
    {
        "bookingid": 3322
    },
    {
        "bookingid": 428
    },
    {
        "bookingid": 4047
    },
    {
        "bookingid": 870
    },
    {
        "bookingid": 1040
    },
    {
        "bookingid": 4668
    },
    {
        "bookingid": 2154
    },
    {
        "bookingid": 2030
    },
    {
        "bookingid": 803
    },
    {
        "bookingid": 2722
    },
    {
        "bookingid": 5525
    },
    {
        "bookingid": 1762
    },
    {
        "bookingid": 3291
    },
    {
        "bookingid": 5249
    },
    {
        "bookingid": 2215
    },
    {
        "bookingid": 4030
    },
    {
        "bookingid": 514
    },
    {
        "bookingid": 1577
    },
    {
        "bookingid": 279
    },
    {
        "bookingid": 466
    },
    {
        "bookingid": 3541
    },
    {
        "bookingid": 3637
    },
    {
        "bookingid": 4516
    },
    {
        "bookingid": 3772
    },
    {
        "bookingid": 2965
    },
    {
        "bookingid": 867
    },
    {
        "bookingid": 3858
    },
    {
        "bookingid": 4053
    },
    {
        "bookingid": 839
    },
    {
        "bookingid": 2578
    },
    {
        "bookingid": 3718
    },
    {
        "bookingid": 44
    },
    {
        "bookingid": 5001
    },
    {
        "bookingid": 1281
    },
    {
        "bookingid": 1244
    },
    {
        "bookingid": 1358
    },
    {
        "bookingid": 5433
    },
    {
        "bookingid": 1351
    },
    {
        "bookingid": 4988
    },
    {
        "bookingid": 3177
    },
    {
        "bookingid": 3537
    },
    {
        "bookingid": 4560
    },
    {
        "bookingid": 5221
    },
    {
        "bookingid": 3345
    },
    {
        "bookingid": 4771
    },
    {
        "bookingid": 106
    },
    {
        "bookingid": 4639
    },
    {
        "bookingid": 11
    },
    {
        "bookingid": 2822
    },
    {
        "bookingid": 2348
    },
    {
        "bookingid": 3783
    },
    {
        "bookingid": 2385
    },
    {
        "bookingid": 3004
    },
    {
        "bookingid": 2073
    },
    {
        "bookingid": 4261
    },
    {
        "bookingid": 4842
    },
    {
        "bookingid": 4673
    },
    {
        "bookingid": 491
    },
    {
        "bookingid": 801
    },
    {
        "bookingid": 5552
    },
    {
        "bookingid": 5188
    },
    {
        "bookingid": 5363
    },
    {
        "bookingid": 4430
    },
    {
        "bookingid": 4725
    },
    {
        "bookingid": 3355
    },
    {
        "bookingid": 1627
    },
    {
        "bookingid": 313
    },
    {
        "bookingid": 4887
    },
    {
        "bookingid": 3410
    },
    {
        "bookingid": 4185
    },
    {
        "bookingid": 4577
    },
    {
        "bookingid": 4816
    },
    {
        "bookingid": 5163
    },
    {
        "bookingid": 665
    },
    {
        "bookingid": 5024
    },
    {
        "bookingid": 1638
    },
    {
        "bookingid": 2601
    },
    {
        "bookingid": 1918
    },
    {
        "bookingid": 467
    },
    {
        "bookingid": 5564
    },
    {
        "bookingid": 3107
    },
    {
        "bookingid": 4396
    },
    {
        "bookingid": 5140
    },
    {
        "bookingid": 3136
    },
    {
        "bookingid": 3835
    },
    {
        "bookingid": 3005
    },
    {
        "bookingid": 1808
    },
    {
        "bookingid": 4454
    },
    {
        "bookingid": 3978
    },
    {
        "bookingid": 2731
    },
    {
        "bookingid": 2330
    },
    {
        "bookingid": 4960
    },
    {
        "bookingid": 5384
    },
    {
        "bookingid": 4778
    },
    {
        "bookingid": 2509
    },
    {
        "bookingid": 2189
    },
    {
        "bookingid": 1002
    },
    {
        "bookingid": 3990
    },
    {
        "bookingid": 374
    },
    {
        "bookingid": 1813
    },
    {
        "bookingid": 180
    },
    {
        "bookingid": 3271
    },
    {
        "bookingid": 3478
    },
    {
        "bookingid": 3623
    },
    {
        "bookingid": 1235
    },
    {
        "bookingid": 1931
    },
    {
        "bookingid": 1273
    },
    {
        "bookingid": 977
    },
    {
        "bookingid": 3908
    },
    {
        "bookingid": 3236
    },
    {
        "bookingid": 3601
    },
    {
        "bookingid": 2221
    },
    {
        "bookingid": 3737
    },
    {
        "bookingid": 5262
    },
    {
        "bookingid": 2590
    },
    {
        "bookingid": 2580
    },
    {
        "bookingid": 1999
    },
    {
        "bookingid": 3085
    },
    {
        "bookingid": 5256
    },
    {
        "bookingid": 2271
    },
    {
        "bookingid": 78
    },
    {
        "bookingid": 4417
    },
    {
        "bookingid": 1010
    },
    {
        "bookingid": 2460
    },
    {
        "bookingid": 3075
    },
    {
        "bookingid": 2595
    },
    {
        "bookingid": 3716
    },
    {
        "bookingid": 2288
    },
    {
        "bookingid": 2915
    },
    {
        "bookingid": 3109
    },
    {
        "bookingid": 3451
    },
    {
        "bookingid": 4777
    },
    {
        "bookingid": 1277
    },
    {
        "bookingid": 1138
    },
    {
        "bookingid": 2926
    },
    {
        "bookingid": 456
    },
    {
        "bookingid": 4584
    },
    {
        "bookingid": 725
    },
    {
        "bookingid": 1164
    },
    {
        "bookingid": 2812
    },
    {
        "bookingid": 4313
    },
    {
        "bookingid": 1448
    },
    {
        "bookingid": 2844
    },
    {
        "bookingid": 4650
    },
    {
        "bookingid": 954
    },
    {
        "bookingid": 3255
    },
    {
        "bookingid": 4074
    },
    {
        "bookingid": 3056
    },
    {
        "bookingid": 5176
    },
    {
        "bookingid": 2378
    },
    {
        "bookingid": 4953
    },
    {
        "bookingid": 5327
    },
    {
        "bookingid": 1371
    },
    {
        "bookingid": 3852
    },
    {
        "bookingid": 4905
    },
    {
        "bookingid": 1684
    },
    {
        "bookingid": 4620
    },
    {
        "bookingid": 5218
    },
    {
        "bookingid": 1619
    },
    {
        "bookingid": 2149
    },
    {
        "bookingid": 2695
    },
    {
        "bookingid": 5291
    },
    {
        "bookingid": 975
    },
    {
        "bookingid": 2999
    },
    {
        "bookingid": 3614
    },
    {
        "bookingid": 1397
    },
    {
        "bookingid": 1851
    },
    {
        "bookingid": 1661
    },
    {
        "bookingid": 908
    },
    {
        "bookingid": 2150
    },
    {
        "bookingid": 4486
    },
    {
        "bookingid": 4248
    },
    {
        "bookingid": 211
    },
    {
        "bookingid": 5053
    },
    {
        "bookingid": 4745
    },
    {
        "bookingid": 3031
    },
    {
        "bookingid": 3954
    },
    {
        "bookingid": 3300
    },
    {
        "bookingid": 1864
    },
    {
        "bookingid": 4755
    },
    {
        "bookingid": 1384
    },
    {
        "bookingid": 169
    },
    {
        "bookingid": 4536
    },
    {
        "bookingid": 524
    },
    {
        "bookingid": 3151
    },
    {
        "bookingid": 549
    },
    {
        "bookingid": 2908
    },
    {
        "bookingid": 384
    },
    {
        "bookingid": 890
    },
    {
        "bookingid": 4017
    },
    {
        "bookingid": 987
    },
    {
        "bookingid": 1390
    },
    {
        "bookingid": 4478
    },
    {
        "bookingid": 2229
    },
    {
        "bookingid": 1230
    },
    {
        "bookingid": 3588
    },
    {
        "bookingid": 4657
    },
    {
        "bookingid": 5085
    },
    {
        "bookingid": 5350
    },
    {
        "bookingid": 2950
    },
    {
        "bookingid": 3918
    },
    {
        "bookingid": 2152
    },
    {
        "bookingid": 4930
    },
    {
        "bookingid": 2938
    },
    {
        "bookingid": 1194
    },
    {
        "bookingid": 3655
    },
    {
        "bookingid": 2800
    },
    {
        "bookingid": 4380
    },
    {
        "bookingid": 4004
    },
    {
        "bookingid": 2975
    },
    {
        "bookingid": 178
    },
    {
        "bookingid": 4188
    },
    {
        "bookingid": 3627
    },
    {
        "bookingid": 200
    },
    {
        "bookingid": 593
    },
    {
        "bookingid": 2992
    },
    {
        "bookingid": 1825
    },
    {
        "bookingid": 4896
    },
    {
        "bookingid": 4266
    },
    {
        "bookingid": 600
    },
    {
        "bookingid": 926
    },
    {
        "bookingid": 3280
    },
    {
        "bookingid": 3625
    },
    {
        "bookingid": 1669
    },
    {
        "bookingid": 1565
    },
    {
        "bookingid": 3341
    },
    {
        "bookingid": 3912
    },
    {
        "bookingid": 5230
    },
    {
        "bookingid": 2633
    },
    {
        "bookingid": 4710
    },
    {
        "bookingid": 2647
    },
    {
        "bookingid": 5544
    },
    {
        "bookingid": 1708
    },
    {
        "bookingid": 2019
    },
    {
        "bookingid": 4449
    },
    {
        "bookingid": 2132
    },
    {
        "bookingid": 2197
    },
    {
        "bookingid": 1724
    },
    {
        "bookingid": 1786
    },
    {
        "bookingid": 1373
    },
    {
        "bookingid": 4926
    },
    {
        "bookingid": 2897
    },
    {
        "bookingid": 2983
    },
    {
        "bookingid": 1631
    },
    {
        "bookingid": 1537
    },
    {
        "bookingid": 3394
    },
    {
        "bookingid": 1283
    },
    {
        "bookingid": 1095
    },
    {
        "bookingid": 5271
    },
    {
        "bookingid": 539
    },
    {
        "bookingid": 878
    },
    {
        "bookingid": 2830
    },
    {
        "bookingid": 4095
    },
    {
        "bookingid": 121
    },
    {
        "bookingid": 4785
    },
    {
        "bookingid": 1963
    },
    {
        "bookingid": 5443
    },
    {
        "bookingid": 340
    },
    {
        "bookingid": 2858
    },
    {
        "bookingid": 5340
    },
    {
        "bookingid": 4883
    },
    {
        "bookingid": 5303
    },
    {
        "bookingid": 2931
    },
    {
        "bookingid": 4962
    },
    {
        "bookingid": 1911
    },
    {
        "bookingid": 4324
    },
    {
        "bookingid": 349
    },
    {
        "bookingid": 2100
    },
    {
        "bookingid": 5304
    },
    {
        "bookingid": 1514
    },
    {
        "bookingid": 4459
    },
    {
        "bookingid": 3007
    },
    {
        "bookingid": 2625
    },
    {
        "bookingid": 5030
    },
    {
        "bookingid": 3070
    },
    {
        "bookingid": 4618
    },
    {
        "bookingid": 4594
    },
    {
        "bookingid": 204
    },
    {
        "bookingid": 671
    },
    {
        "bookingid": 1278
    },
    {
        "bookingid": 2753
    },
    {
        "bookingid": 3886
    },
    {
        "bookingid": 5263
    },
    {
        "bookingid": 4239
    },
    {
        "bookingid": 1403
    },
    {
        "bookingid": 4453
    },
    {
        "bookingid": 3188
    },
    {
        "bookingid": 2305
    },
    {
        "bookingid": 1493
    },
    {
        "bookingid": 667
    },
    {
        "bookingid": 2589
    },
    {
        "bookingid": 4460
    },
    {
        "bookingid": 2068
    },
    {
        "bookingid": 2497
    },
    {
        "bookingid": 1770
    },
    {
        "bookingid": 4979
    },
    {
        "bookingid": 1338
    },
    {
        "bookingid": 2862
    },
    {
        "bookingid": 530
    },
    {
        "bookingid": 2134
    },
    {
        "bookingid": 3690
    },
    {
        "bookingid": 2973
    },
    {
        "bookingid": 3159
    },
    {
        "bookingid": 2441
    },
    {
        "bookingid": 3505
    },
    {
        "bookingid": 673
    },
    {
        "bookingid": 2416
    },
    {
        "bookingid": 1520
    },
    {
        "bookingid": 4455
    },
    {
        "bookingid": 2266
    },
    {
        "bookingid": 173
    },
    {
        "bookingid": 620
    },
    {
        "bookingid": 1560
    },
    {
        "bookingid": 3728
    },
    {
        "bookingid": 4799
    },
    {
        "bookingid": 2454
    },
    {
        "bookingid": 3008
    },
    {
        "bookingid": 4347
    },
    {
        "bookingid": 2202
    },
    {
        "bookingid": 4373
    },
    {
        "bookingid": 238
    },
    {
        "bookingid": 3869
    },
    {
        "bookingid": 1150
    },
    {
        "bookingid": 721
    },
    {
        "bookingid": 3348
    },
    {
        "bookingid": 630
    },
    {
        "bookingid": 261
    },
    {
        "bookingid": 28
    },
    {
        "bookingid": 1945
    },
    {
        "bookingid": 3582
    },
    {
        "bookingid": 959
    },
    {
        "bookingid": 863
    },
    {
        "bookingid": 5479
    },
    {
        "bookingid": 3212
    },
    {
        "bookingid": 1200
    },
    {
        "bookingid": 5124
    },
    {
        "bookingid": 1487
    },
    {
        "bookingid": 3555
    },
    {
        "bookingid": 5171
    },
    {
        "bookingid": 4760
    },
    {
        "bookingid": 4415
    },
    {
        "bookingid": 3615
    },
    {
        "bookingid": 1872
    },
    {
        "bookingid": 2045
    },
    {
        "bookingid": 2059
    },
    {
        "bookingid": 1249
    },
    {
        "bookingid": 1383
    },
    {
        "bookingid": 419
    },
    {
        "bookingid": 5009
    },
    {
        "bookingid": 3996
    },
    {
        "bookingid": 1247
    },
    {
        "bookingid": 4431
    },
    {
        "bookingid": 4018
    },
    {
        "bookingid": 3314
    },
    {
        "bookingid": 2326
    },
    {
        "bookingid": 5089
    },
    {
        "bookingid": 3674
    },
    {
        "bookingid": 2168
    },
    {
        "bookingid": 2712
    },
    {
        "bookingid": 5081
    },
    {
        "bookingid": 454
    },
    {
        "bookingid": 624
    },
    {
        "bookingid": 5196
    },
    {
        "bookingid": 2039
    },
    {
        "bookingid": 45
    },
    {
        "bookingid": 3820
    },
    {
        "bookingid": 3295
    },
    {
        "bookingid": 3127
    },
    {
        "bookingid": 1440
    },
    {
        "bookingid": 1345
    },
    {
        "bookingid": 4902
    },
    {
        "bookingid": 4331
    },
    {
        "bookingid": 2535
    },
    {
        "bookingid": 2831
    },
    {
        "bookingid": 4811
    },
    {
        "bookingid": 56
    },
    {
        "bookingid": 2910
    },
    {
        "bookingid": 2859
    },
    {
        "bookingid": 172
    },
    {
        "bookingid": 3709
    },
    {
        "bookingid": 5379
    },
    {
        "bookingid": 4837
    },
    {
        "bookingid": 3612
    },
    {
        "bookingid": 1391
    },
    {
        "bookingid": 5136
    },
    {
        "bookingid": 936
    },
    {
        "bookingid": 4257
    },
    {
        "bookingid": 470
    },
    {
        "bookingid": 5074
    },
    {
        "bookingid": 4995
    },
    {
        "bookingid": 1580
    },
    {
        "bookingid": 851
    },
    {
        "bookingid": 110
    },
    {
        "bookingid": 4993
    },
    {
        "bookingid": 2995
    },
    {
        "bookingid": 2924
    },
    {
        "bookingid": 1056
    },
    {
        "bookingid": 3363
    },
    {
        "bookingid": 5242
    },
    {
        "bookingid": 2754
    },
    {
        "bookingid": 167
    },
    {
        "bookingid": 294
    },
    {
        "bookingid": 4624
    },
    {
        "bookingid": 4767
    },
    {
        "bookingid": 4489
    },
    {
        "bookingid": 4049
    },
    {
        "bookingid": 2114
    },
    {
        "bookingid": 333
    },
    {
        "bookingid": 4330
    },
    {
        "bookingid": 2555
    },
    {
        "bookingid": 2736
    },
    {
        "bookingid": 4251
    },
    {
        "bookingid": 1257
    },
    {
        "bookingid": 2333
    },
    {
        "bookingid": 318
    },
    {
        "bookingid": 1087
    },
    {
        "bookingid": 4487
    },
    {
        "bookingid": 4059
    },
    {
        "bookingid": 1697
    },
    {
        "bookingid": 404
    },
    {
        "bookingid": 3884
    },
    {
        "bookingid": 5004
    },
    {
        "bookingid": 2701
    },
    {
        "bookingid": 8
    },
    {
        "bookingid": 5424
    },
    {
        "bookingid": 4168
    },
    {
        "bookingid": 3122
    },
    {
        "bookingid": 3203
    },
    {
        "bookingid": 1050
    },
    {
        "bookingid": 818
    },
    {
        "bookingid": 2815
    },
    {
        "bookingid": 3294
    },
    {
        "bookingid": 80
    },
    {
        "bookingid": 447
    },
    {
        "bookingid": 5278
    },
    {
        "bookingid": 3531
    },
    {
        "bookingid": 2751
    },
    {
        "bookingid": 1754
    },
    {
        "bookingid": 4956
    },
    {
        "bookingid": 4349
    },
    {
        "bookingid": 4987
    },
    {
        "bookingid": 4679
    },
    {
        "bookingid": 2094
    },
    {
        "bookingid": 4040
    },
    {
        "bookingid": 4241
    },
    {
        "bookingid": 2239
    },
    {
        "bookingid": 4104
    },
    {
        "bookingid": 2574
    },
    {
        "bookingid": 4917
    },
    {
        "bookingid": 55
    },
    {
        "bookingid": 1822
    },
    {
        "bookingid": 4354
    },
    {
        "bookingid": 3806
    },
    {
        "bookingid": 5310
    },
    {
        "bookingid": 343
    },
    {
        "bookingid": 3320
    },
    {
        "bookingid": 2089
    },
    {
        "bookingid": 1971
    },
    {
        "bookingid": 3164
    },
    {
        "bookingid": 5407
    },
    {
        "bookingid": 4546
    },
    {
        "bookingid": 2088
    },
    {
        "bookingid": 3356
    },
    {
        "bookingid": 1022
    },
    {
        "bookingid": 283
    },
    {
        "bookingid": 3960
    },
    {
        "bookingid": 4112
    },
    {
        "bookingid": 2358
    },
    {
        "bookingid": 1523
    },
    {
        "bookingid": 145
    },
    {
        "bookingid": 1082
    },
    {
        "bookingid": 4351
    },
    {
        "bookingid": 5412
    },
    {
        "bookingid": 597
    },
    {
        "bookingid": 5207
    },
    {
        "bookingid": 1639
    },
    {
        "bookingid": 5054
    },
    {
        "bookingid": 509
    },
    {
        "bookingid": 2014
    },
    {
        "bookingid": 2155
    },
    {
        "bookingid": 1035
    },
    {
        "bookingid": 4758
    },
    {
        "bookingid": 2032
    },
    {
        "bookingid": 3050
    },
    {
        "bookingid": 1073
    },
    {
        "bookingid": 35
    },
    {
        "bookingid": 3799
    },
    {
        "bookingid": 2802
    },
    {
        "bookingid": 3916
    },
    {
        "bookingid": 1735
    },
    {
        "bookingid": 1388
    },
    {
        "bookingid": 3060
    },
    {
        "bookingid": 4451
    },
    {
        "bookingid": 3561
    },
    {
        "bookingid": 2866
    },
    {
        "bookingid": 4691
    },
    {
        "bookingid": 3483
    },
    {
        "bookingid": 3617
    },
    {
        "bookingid": 2727
    },
    {
        "bookingid": 1361
    },
    {
        "bookingid": 2528
    },
    {
        "bookingid": 5061
    },
    {
        "bookingid": 5138
    },
    {
        "bookingid": 3654
    },
    {
        "bookingid": 1137
    },
    {
        "bookingid": 3782
    },
    {
        "bookingid": 1081
    },
    {
        "bookingid": 2959
    },
    {
        "bookingid": 2472
    },
    {
        "bookingid": 1208
    },
    {
        "bookingid": 2414
    },
    {
        "bookingid": 3185
    },
    {
        "bookingid": 1299
    },
    {
        "bookingid": 1818
    },
    {
        "bookingid": 2126
    },
    {
        "bookingid": 758
    },
    {
        "bookingid": 3144
    },
    {
        "bookingid": 2188
    },
    {
        "bookingid": 3282
    },
    {
        "bookingid": 996
    },
    {
        "bookingid": 3814
    },
    {
        "bookingid": 568
    },
    {
        "bookingid": 2240
    },
    {
        "bookingid": 3465
    },
    {
        "bookingid": 902
    },
    {
        "bookingid": 1715
    },
    {
        "bookingid": 2298
    },
    {
        "bookingid": 4625
    },
    {
        "bookingid": 3759
    },
    {
        "bookingid": 4143
    },
    {
        "bookingid": 3265
    },
    {
        "bookingid": 3183
    },
    {
        "bookingid": 4412
    },
    {
        "bookingid": 536
    },
    {
        "bookingid": 4490
    },
    {
        "bookingid": 3113
    },
    {
        "bookingid": 2720
    },
    {
        "bookingid": 5234
    },
    {
        "bookingid": 1103
    },
    {
        "bookingid": 5099
    },
    {
        "bookingid": 3206
    },
    {
        "bookingid": 3586
    },
    {
        "bookingid": 510
    },
    {
        "bookingid": 4148
    },
    {
        "bookingid": 1101
    },
    {
        "bookingid": 2577
    },
    {
        "bookingid": 4508
    },
    {
        "bookingid": 5367
    },
    {
        "bookingid": 4951
    },
    {
        "bookingid": 945
    },
    {
        "bookingid": 1834
    },
    {
        "bookingid": 5509
    },
    {
        "bookingid": 970
    },
    {
        "bookingid": 2749
    },
    {
        "bookingid": 2055
    },
    {
        "bookingid": 3239
    },
    {
        "bookingid": 3376
    },
    {
        "bookingid": 2096
    },
    {
        "bookingid": 31
    },
    {
        "bookingid": 5014
    },
    {
        "bookingid": 4782
    },
    {
        "bookingid": 5293
    },
    {
        "bookingid": 3432
    },
    {
        "bookingid": 4413
    },
    {
        "bookingid": 2071
    },
    {
        "bookingid": 2850
    },
    {
        "bookingid": 2818
    },
    {
        "bookingid": 2282
    },
    {
        "bookingid": 1019
    },
    {
        "bookingid": 1866
    },
    {
        "bookingid": 77
    },
    {
        "bookingid": 205
    },
    {
        "bookingid": 4880
    },
    {
        "bookingid": 3525
    },
    {
        "bookingid": 74
    },
    {
        "bookingid": 2893
    },
    {
        "bookingid": 5241
    },
    {
        "bookingid": 4963
    },
    {
        "bookingid": 690
    },
    {
        "bookingid": 303
    },
    {
        "bookingid": 3234
    },
    {
        "bookingid": 1527
    },
    {
        "bookingid": 1555
    },
    {
        "bookingid": 1689
    },
    {
        "bookingid": 179
    },
    {
        "bookingid": 4796
    },
    {
        "bookingid": 4545
    },
    {
        "bookingid": 4225
    },
    {
        "bookingid": 1066
    },
    {
        "bookingid": 119
    },
    {
        "bookingid": 591
    },
    {
        "bookingid": 4914
    },
    {
        "bookingid": 4086
    },
    {
        "bookingid": 1711
    },
    {
        "bookingid": 5480
    },
    {
        "bookingid": 1658
    },
    {
        "bookingid": 3263
    },
    {
        "bookingid": 507
    },
    {
        "bookingid": 3339
    },
    {
        "bookingid": 4319
    },
    {
        "bookingid": 1984
    },
    {
        "bookingid": 2062
    },
    {
        "bookingid": 235
    },
    {
        "bookingid": 4162
    },
    {
        "bookingid": 689
    },
    {
        "bookingid": 3182
    },
    {
        "bookingid": 813
    },
    {
        "bookingid": 3444
    },
    {
        "bookingid": 3660
    },
    {
        "bookingid": 1184
    },
    {
        "bookingid": 4472
    },
    {
        "bookingid": 1264
    },
    {
        "bookingid": 1486
    },
    {
        "bookingid": 4457
    },
    {
        "bookingid": 4911
    },
    {
        "bookingid": 3715
    },
    {
        "bookingid": 3724
    },
    {
        "bookingid": 1521
    },
    {
        "bookingid": 2465
    },
    {
        "bookingid": 3063
    },
    {
        "bookingid": 4389
    },
    {
        "bookingid": 4003
    },
    {
        "bookingid": 1840
    },
    {
        "bookingid": 2617
    },
    {
        "bookingid": 2571
    },
    {
        "bookingid": 3915
    },
    {
        "bookingid": 1633
    },
    {
        "bookingid": 1550
    },
    {
        "bookingid": 3194
    },
    {
        "bookingid": 2887
    },
    {
        "bookingid": 3554
    },
    {
        "bookingid": 4644
    },
    {
        "bookingid": 4107
    },
    {
        "bookingid": 4036
    },
    {
        "bookingid": 60
    },
    {
        "bookingid": 2857
    },
    {
        "bookingid": 2843
    },
    {
        "bookingid": 3925
    },
    {
        "bookingid": 923
    },
    {
        "bookingid": 1008
    },
    {
        "bookingid": 2906
    },
    {
        "bookingid": 4132
    },
    {
        "bookingid": 3069
    },
    {
        "bookingid": 898
    },
    {
        "bookingid": 4869
    },
    {
        "bookingid": 4595
    },
    {
        "bookingid": 3642
    },
    {
        "bookingid": 4033
    },
    {
        "bookingid": 847
    },
    {
        "bookingid": 4027
    },
    {
        "bookingid": 3559
    },
    {
        "bookingid": 3321
    },
    {
        "bookingid": 4875
    },
    {
        "bookingid": 362
    },
    {
        "bookingid": 1078
    },
    {
        "bookingid": 3304
    },
    {
        "bookingid": 1980
    },
    {
        "bookingid": 3086
    },
    {
        "bookingid": 2367
    },
    {
        "bookingid": 396
    },
    {
        "bookingid": 5194
    },
    {
        "bookingid": 1167
    },
    {
        "bookingid": 1941
    },
    {
        "bookingid": 1113
    },
    {
        "bookingid": 3456
    },
    {
        "bookingid": 69
    },
    {
        "bookingid": 4326
    },
    {
        "bookingid": 3241
    },
    {
        "bookingid": 3092
    },
    {
        "bookingid": 930
    },
    {
        "bookingid": 3885
    },
    {
        "bookingid": 234
    },
    {
        "bookingid": 335
    },
    {
        "bookingid": 2654
    },
    {
        "bookingid": 4023
    },
    {
        "bookingid": 2993
    },
    {
        "bookingid": 3288
    },
    {
        "bookingid": 5313
    },
    {
        "bookingid": 1554
    },
    {
        "bookingid": 1893
    },
    {
        "bookingid": 3277
    },
    {
        "bookingid": 54
    },
    {
        "bookingid": 2448
    },
    {
        "bookingid": 3632
    },
    {
        "bookingid": 1430
    },
    {
        "bookingid": 473
    },
    {
        "bookingid": 1739
    },
    {
        "bookingid": 1492
    },
    {
        "bookingid": 3789
    },
    {
        "bookingid": 150
    },
    {
        "bookingid": 3053
    },
    {
        "bookingid": 4233
    },
    {
        "bookingid": 1178
    },
    {
        "bookingid": 3998
    },
    {
        "bookingid": 3377
    },
    {
        "bookingid": 1587
    },
    {
        "bookingid": 3879
    },
    {
        "bookingid": 3701
    },
    {
        "bookingid": 5519
    },
    {
        "bookingid": 415
    },
    {
        "bookingid": 4096
    },
    {
        "bookingid": 4520
    },
    {
        "bookingid": 1011
    },
    {
        "bookingid": 2067
    },
    {
        "bookingid": 1536
    },
    {
        "bookingid": 141
    },
    {
        "bookingid": 2236
    },
    {
        "bookingid": 3683
    },
    {
        "bookingid": 1841
    },
    {
        "bookingid": 2827
    },
    {
        "bookingid": 693
    },
    {
        "bookingid": 4892
    },
    {
        "bookingid": 2281
    },
    {
        "bookingid": 1499
    },
    {
        "bookingid": 3668
    },
    {
        "bookingid": 3139
    },
    {
        "bookingid": 3116
    },
    {
        "bookingid": 3743
    },
    {
        "bookingid": 576
    },
    {
        "bookingid": 573
    },
    {
        "bookingid": 1601
    },
    {
        "bookingid": 305
    },
    {
        "bookingid": 3696
    },
    {
        "bookingid": 253
    },
    {
        "bookingid": 2768
    },
    {
        "bookingid": 2392
    },
    {
        "bookingid": 3420
    },
    {
        "bookingid": 3774
    },
    {
        "bookingid": 770
    },
    {
        "bookingid": 464
    },
    {
        "bookingid": 1584
    },
    {
        "bookingid": 5416
    },
    {
        "bookingid": 2471
    },
    {
        "bookingid": 290
    },
    {
        "bookingid": 4640
    },
    {
        "bookingid": 2961
    },
    {
        "bookingid": 2739
    },
    {
        "bookingid": 4553
    },
    {
        "bookingid": 1814
    },
    {
        "bookingid": 4218
    },
    {
        "bookingid": 1944
    },
    {
        "bookingid": 4338
    },
    {
        "bookingid": 5272
    },
    {
        "bookingid": 5377
    },
    {
        "bookingid": 341
    },
    {
        "bookingid": 4958
    },
    {
        "bookingid": 1998
    },
    {
        "bookingid": 4101
    },
    {
        "bookingid": 4282
    },
    {
        "bookingid": 1772
    },
    {
        "bookingid": 3846
    },
    {
        "bookingid": 381
    },
    {
        "bookingid": 4870
    },
    {
        "bookingid": 4202
    },
    {
        "bookingid": 696
    },
    {
        "bookingid": 426
    },
    {
        "bookingid": 4315
    },
    {
        "bookingid": 1653
    },
    {
        "bookingid": 1977
    },
    {
        "bookingid": 4977
    },
    {
        "bookingid": 2262
    },
    {
        "bookingid": 2784
    },
    {
        "bookingid": 2029
    },
    {
        "bookingid": 2084
    },
    {
        "bookingid": 2015
    },
    {
        "bookingid": 5354
    },
    {
        "bookingid": 4240
    },
    {
        "bookingid": 585
    },
    {
        "bookingid": 5103
    },
    {
        "bookingid": 925
    },
    {
        "bookingid": 3547
    },
    {
        "bookingid": 2020
    },
    {
        "bookingid": 5316
    },
    {
        "bookingid": 2098
    },
    {
        "bookingid": 1144
    },
    {
        "bookingid": 1143
    },
    {
        "bookingid": 2620
    },
    {
        "bookingid": 2752
    },
    {
        "bookingid": 3268
    },
    {
        "bookingid": 909
    },
    {
        "bookingid": 1269
    },
    {
        "bookingid": 1107
    },
    {
        "bookingid": 4423
    },
    {
        "bookingid": 2324
    },
    {
        "bookingid": 386
    },
    {
        "bookingid": 1832
    },
    {
        "bookingid": 2397
    },
    {
        "bookingid": 614
    },
    {
        "bookingid": 3658
    },
    {
        "bookingid": 832
    },
    {
        "bookingid": 2566
    },
    {
        "bookingid": 1768
    },
    {
        "bookingid": 5070
    },
    {
        "bookingid": 3419
    },
    {
        "bookingid": 5454
    },
    {
        "bookingid": 3723
    },
    {
        "bookingid": 4980
    },
    {
        "bookingid": 2138
    },
    {
        "bookingid": 2912
    },
    {
        "bookingid": 1032
    },
    {
        "bookingid": 2253
    },
    {
        "bookingid": 3708
    },
    {
        "bookingid": 176
    },
    {
        "bookingid": 4866
    },
    {
        "bookingid": 771
    },
    {
        "bookingid": 1680
    },
    {
        "bookingid": 5016
    },
    {
        "bookingid": 1158
    },
    {
        "bookingid": 4621
    },
    {
        "bookingid": 1057
    },
    {
        "bookingid": 4316
    },
    {
        "bookingid": 989
    },
    {
        "bookingid": 812
    },
    {
        "bookingid": 3933
    },
    {
        "bookingid": 4554
    },
    {
        "bookingid": 4967
    },
    {
        "bookingid": 1420
    },
    {
        "bookingid": 2849
    },
    {
        "bookingid": 5233
    },
    {
        "bookingid": 2101
    },
    {
        "bookingid": 780
    },
    {
        "bookingid": 5052
    },
    {
        "bookingid": 1400
    },
    {
        "bookingid": 3138
    },
    {
        "bookingid": 50
    },
    {
        "bookingid": 99
    },
    {
        "bookingid": 134
    },
    {
        "bookingid": 486
    },
    {
        "bookingid": 1569
    },
    {
        "bookingid": 4858
    },
    {
        "bookingid": 3976
    },
    {
        "bookingid": 181
    },
    {
        "bookingid": 1094
    },
    {
        "bookingid": 4805
    },
    {
        "bookingid": 4997
    },
    {
        "bookingid": 2572
    },
    {
        "bookingid": 2707
    },
    {
        "bookingid": 1693
    },
    {
        "bookingid": 3362
    },
    {
        "bookingid": 3507
    },
    {
        "bookingid": 1238
    },
    {
        "bookingid": 2623
    },
    {
        "bookingid": 3315
    },
    {
        "bookingid": 4275
    },
    {
        "bookingid": 4014
    },
    {
        "bookingid": 5560
    },
    {
        "bookingid": 571
    },
    {
        "bookingid": 1830
    },
    {
        "bookingid": 1942
    },
    {
        "bookingid": 4210
    },
    {
        "bookingid": 1069
    },
    {
        "bookingid": 1166
    },
    {
        "bookingid": 5211
    },
    {
        "bookingid": 3016
    },
    {
        "bookingid": 5217
    },
    {
        "bookingid": 647
    },
    {
        "bookingid": 981
    },
    {
        "bookingid": 749
    },
    {
        "bookingid": 3247
    },
    {
        "bookingid": 2773
    },
    {
        "bookingid": 4441
    },
    {
        "bookingid": 3829
    },
    {
        "bookingid": 4836
    },
    {
        "bookingid": 2291
    },
    {
        "bookingid": 5139
    },
    {
        "bookingid": 5046
    },
    {
        "bookingid": 4048
    },
    {
        "bookingid": 3112
    },
    {
        "bookingid": 2532
    },
    {
        "bookingid": 2579
    },
    {
        "bookingid": 4425
    },
    {
        "bookingid": 4749
    },
    {
        "bookingid": 2408
    },
    {
        "bookingid": 1461
    },
    {
        "bookingid": 3303
    },
    {
        "bookingid": 4011
    },
    {
        "bookingid": 3035
    },
    {
        "bookingid": 116
    },
    {
        "bookingid": 2052
    },
    {
        "bookingid": 5055
    },
    {
        "bookingid": 3875
    },
    {
        "bookingid": 2187
    },
    {
        "bookingid": 1501
    },
    {
        "bookingid": 4159
    },
    {
        "bookingid": 4741
    },
    {
        "bookingid": 2764
    },
    {
        "bookingid": 4307
    },
    {
        "bookingid": 674
    },
    {
        "bookingid": 1172
    },
    {
        "bookingid": 2359
    },
    {
        "bookingid": 4790
    },
    {
        "bookingid": 4990
    },
    {
        "bookingid": 3301
    },
    {
        "bookingid": 4394
    },
    {
        "bookingid": 342
    },
    {
        "bookingid": 2107
    },
    {
        "bookingid": 1196
    },
    {
        "bookingid": 1933
    },
    {
        "bookingid": 2115
    },
    {
        "bookingid": 324
    },
    {
        "bookingid": 5175
    },
    {
        "bookingid": 3360
    },
    {
        "bookingid": 3014
    },
    {
        "bookingid": 5396
    },
    {
        "bookingid": 3748
    },
    {
        "bookingid": 4932
    },
    {
        "bookingid": 1671
    },
    {
        "bookingid": 378
    },
    {
        "bookingid": 1253
    },
    {
        "bookingid": 4627
    },
    {
        "bookingid": 5232
    },
    {
        "bookingid": 3714
    },
    {
        "bookingid": 1608
    },
    {
        "bookingid": 2614
    },
    {
        "bookingid": 2339
    },
    {
        "bookingid": 2781
    },
    {
        "bookingid": 3865
    },
    {
        "bookingid": 3600
    },
    {
        "bookingid": 5097
    },
    {
        "bookingid": 2637
    },
    {
        "bookingid": 1939
    },
    {
        "bookingid": 1574
    },
    {
        "bookingid": 98
    },
    {
        "bookingid": 4645
    },
    {
        "bookingid": 4697
    },
    {
        "bookingid": 3134
    },
    {
        "bookingid": 460
    },
    {
        "bookingid": 579
    },
    {
        "bookingid": 5306
    },
    {
        "bookingid": 5279
    },
    {
        "bookingid": 3198
    },
    {
        "bookingid": 4140
    },
    {
        "bookingid": 1209
    },
    {
        "bookingid": 1327
    },
    {
        "bookingid": 3224
    },
    {
        "bookingid": 4054
    },
    {
        "bookingid": 345
    },
    {
        "bookingid": 1317
    },
    {
        "bookingid": 3344
    },
    {
        "bookingid": 32
    },
    {
        "bookingid": 1041
    },
    {
        "bookingid": 2103
    },
    {
        "bookingid": 2600
    },
    {
        "bookingid": 2364
    },
    {
        "bookingid": 3921
    },
    {
        "bookingid": 5397
    },
    {
        "bookingid": 617
    },
    {
        "bookingid": 5423
    },
    {
        "bookingid": 4332
    },
    {
        "bookingid": 1688
    },
    {
        "bookingid": 2492
    },
    {
        "bookingid": 2765
    },
    {
        "bookingid": 556
    },
    {
        "bookingid": 379
    },
    {
        "bookingid": 4750
    },
    {
        "bookingid": 4846
    },
    {
        "bookingid": 686
    },
    {
        "bookingid": 4696
    },
    {
        "bookingid": 2272
    },
    {
        "bookingid": 225
    },
    {
        "bookingid": 4950
    },
    {
        "bookingid": 5064
    },
    {
        "bookingid": 3963
    },
    {
        "bookingid": 657
    },
    {
        "bookingid": 2412
    },
    {
        "bookingid": 4852
    },
    {
        "bookingid": 3221
    },
    {
        "bookingid": 5202
    },
    {
        "bookingid": 956
    },
    {
        "bookingid": 677
    },
    {
        "bookingid": 1422
    },
    {
        "bookingid": 3798
    },
    {
        "bookingid": 857
    },
    {
        "bookingid": 3487
    },
    {
        "bookingid": 1220
    },
    {
        "bookingid": 5323
    },
    {
        "bookingid": 4638
    },
    {
        "bookingid": 4462
    },
    {
        "bookingid": 43
    },
    {
        "bookingid": 1287
    },
    {
        "bookingid": 2671
    },
    {
        "bookingid": 5258
    },
    {
        "bookingid": 931
    },
    {
        "bookingid": 42
    },
    {
        "bookingid": 5435
    },
    {
        "bookingid": 523
    },
    {
        "bookingid": 4278
    },
    {
        "bookingid": 860
    },
    {
        "bookingid": 3888
    },
    {
        "bookingid": 887
    },
    {
        "bookingid": 3279
    },
    {
        "bookingid": 2077
    },
    {
        "bookingid": 3240
    },
    {
        "bookingid": 301
    },
    {
        "bookingid": 841
    },
    {
        "bookingid": 4072
    },
    {
        "bookingid": 5095
    },
    {
        "bookingid": 5179
    },
    {
        "bookingid": 4854
    },
    {
        "bookingid": 3317
    },
    {
        "bookingid": 3553
    },
    {
        "bookingid": 2244
    },
    {
        "bookingid": 3514
    },
    {
        "bookingid": 1983
    },
    {
        "bookingid": 3752
    },
    {
        "bookingid": 3773
    },
    {
        "bookingid": 3831
    },
    {
        "bookingid": 629
    },
    {
        "bookingid": 5559
    },
    {
        "bookingid": 1757
    },
    {
        "bookingid": 5236
    },
    {
        "bookingid": 5408
    },
    {
        "bookingid": 2021
    },
    {
        "bookingid": 1401
    },
    {
        "bookingid": 2193
    },
    {
        "bookingid": 3037
    },
    {
        "bookingid": 3592
    },
    {
        "bookingid": 2814
    },
    {
        "bookingid": 3698
    },
    {
        "bookingid": 5274
    },
    {
        "bookingid": 2847
    },
    {
        "bookingid": 4952
    },
    {
        "bookingid": 4794
    },
    {
        "bookingid": 1251
    },
    {
        "bookingid": 732
    },
    {
        "bookingid": 635
    },
    {
        "bookingid": 4069
    },
    {
        "bookingid": 1106
    },
    {
        "bookingid": 4197
    },
    {
        "bookingid": 4864
    },
    {
        "bookingid": 1013
    },
    {
        "bookingid": 2108
    },
    {
        "bookingid": 809
    },
    {
        "bookingid": 794
    },
    {
        "bookingid": 3955
    },
    {
        "bookingid": 941
    },
    {
        "bookingid": 1007
    },
    {
        "bookingid": 636
    },
    {
        "bookingid": 4770
    },
    {
        "bookingid": 2932
    },
    {
        "bookingid": 3876
    },
    {
        "bookingid": 1532
    },
    {
        "bookingid": 911
    },
    {
        "bookingid": 4684
    },
    {
        "bookingid": 3834
    },
    {
        "bookingid": 3447
    },
    {
        "bookingid": 1636
    },
    {
        "bookingid": 3020
    },
    {
        "bookingid": 2342
    },
    {
        "bookingid": 3666
    },
    {
        "bookingid": 3435
    },
    {
        "bookingid": 5553
    },
    {
        "bookingid": 3181
    },
    {
        "bookingid": 3000
    },
    {
        "bookingid": 4063
    },
    {
        "bookingid": 199
    },
    {
        "bookingid": 3073
    },
    {
        "bookingid": 3644
    },
    {
        "bookingid": 5517
    },
    {
        "bookingid": 1801
    },
    {
        "bookingid": 4057
    },
    {
        "bookingid": 1873
    },
    {
        "bookingid": 248
    },
    {
        "bookingid": 2403
    },
    {
        "bookingid": 5166
    },
    {
        "bookingid": 2477
    },
    {
        "bookingid": 5394
    },
    {
        "bookingid": 3971
    },
    {
        "bookingid": 3594
    },
    {
        "bookingid": 2611
    },
    {
        "bookingid": 2085
    },
    {
        "bookingid": 2356
    },
    {
        "bookingid": 3914
    },
    {
        "bookingid": 5063
    },
    {
        "bookingid": 2833
    },
    {
        "bookingid": 478
    },
    {
        "bookingid": 4098
    },
    {
        "bookingid": 5322
    },
    {
        "bookingid": 1511
    },
    {
        "bookingid": 919
    },
    {
        "bookingid": 4968
    },
    {
        "bookingid": 3560
    },
    {
        "bookingid": 281
    },
    {
        "bookingid": 4496
    },
    {
        "bookingid": 4114
    },
    {
        "bookingid": 4514
    },
    {
        "bookingid": 5130
    },
    {
        "bookingid": 1479
    },
    {
        "bookingid": 1298
    },
    {
        "bookingid": 4377
    },
    {
        "bookingid": 971
    },
    {
        "bookingid": 1029
    },
    {
        "bookingid": 3175
    },
    {
        "bookingid": 4194
    },
    {
        "bookingid": 3145
    },
    {
        "bookingid": 2782
    },
    {
        "bookingid": 525
    },
    {
        "bookingid": 1553
    },
    {
        "bookingid": 1995
    },
    {
        "bookingid": 2426
    },
    {
        "bookingid": 3370
    },
    {
        "bookingid": 5090
    },
    {
        "bookingid": 2758
    },
    {
        "bookingid": 3924
    },
    {
        "bookingid": 2998
    },
    {
        "bookingid": 5225
    },
    {
        "bookingid": 621
    },
    {
        "bookingid": 4800
    },
    {
        "bookingid": 1614
    },
    {
        "bookingid": 1460
    },
    {
        "bookingid": 4181
    },
    {
        "bookingid": 1546
    },
    {
        "bookingid": 3935
    },
    {
        "bookingid": 4863
    },
    {
        "bookingid": 1124
    },
    {
        "bookingid": 2496
    },
    {
        "bookingid": 2868
    },
    {
        "bookingid": 4312
    },
    {
        "bookingid": 4208
    },
    {
        "bookingid": 4463
    },
    {
        "bookingid": 114
    },
    {
        "bookingid": 1548
    },
    {
        "bookingid": 2398
    },
    {
        "bookingid": 3178
    },
    {
        "bookingid": 2276
    },
    {
        "bookingid": 2599
    },
    {
        "bookingid": 332
    },
    {
        "bookingid": 1026
    },
    {
        "bookingid": 3028
    },
    {
        "bookingid": 848
    },
    {
        "bookingid": 5481
    },
    {
        "bookingid": 3039
    },
    {
        "bookingid": 1947
    },
    {
        "bookingid": 1346
    },
    {
        "bookingid": 3513
    },
    {
        "bookingid": 763
    },
    {
        "bookingid": 3784
    },
    {
        "bookingid": 4200
    },
    {
        "bookingid": 1454
    },
    {
        "bookingid": 5083
    },
    {
        "bookingid": 4442
    },
    {
        "bookingid": 1117
    },
    {
        "bookingid": 5389
    },
    {
        "bookingid": 2874
    },
    {
        "bookingid": 3744
    },
    {
        "bookingid": 5375
    },
    {
        "bookingid": 4570
    },
    {
        "bookingid": 891
    },
    {
        "bookingid": 737
    },
    {
        "bookingid": 2808
    },
    {
        "bookingid": 928
    },
    {
        "bookingid": 2930
    },
    {
        "bookingid": 1874
    },
    {
        "bookingid": 915
    },
    {
        "bookingid": 3474
    },
    {
        "bookingid": 1990
    },
    {
        "bookingid": 3763
    },
    {
        "bookingid": 1326
    },
    {
        "bookingid": 5017
    },
    {
        "bookingid": 4418
    },
    {
        "bookingid": 1921
    },
    {
        "bookingid": 5170
    },
    {
        "bookingid": 2061
    },
    {
        "bookingid": 1491
    },
    {
        "bookingid": 3764
    },
    {
        "bookingid": 4652
    },
    {
        "bookingid": 1322
    },
    {
        "bookingid": 3371
    },
    {
        "bookingid": 2766
    },
    {
        "bookingid": 298
    },
    {
        "bookingid": 3951
    },
    {
        "bookingid": 1924
    },
    {
        "bookingid": 1567
    },
    {
        "bookingid": 4549
    },
    {
        "bookingid": 2777
    },
    {
        "bookingid": 2694
    },
    {
        "bookingid": 4776
    },
    {
        "bookingid": 570
    },
    {
        "bookingid": 3046
    },
    {
        "bookingid": 963
    },
    {
        "bookingid": 5132
    },
    {
        "bookingid": 4929
    },
    {
        "bookingid": 4851
    },
    {
        "bookingid": 1820
    },
    {
        "bookingid": 4924
    },
    {
        "bookingid": 402
    },
    {
        "bookingid": 3332
    },
    {
        "bookingid": 1452
    },
    {
        "bookingid": 1850
    },
    {
        "bookingid": 215
    },
    {
        "bookingid": 4032
    },
    {
        "bookingid": 1003
    },
    {
        "bookingid": 3583
    },
    {
        "bookingid": 4292
    },
    {
        "bookingid": 1706
    },
    {
        "bookingid": 4337
    },
    {
        "bookingid": 1869
    },
    {
        "bookingid": 5522
    },
    {
        "bookingid": 2379
    },
    {
        "bookingid": 1683
    },
    {
        "bookingid": 2760
    },
    {
        "bookingid": 1561
    },
    {
        "bookingid": 3855
    },
    {
        "bookingid": 4285
    },
    {
        "bookingid": 3572
    },
    {
        "bookingid": 3276
    },
    {
        "bookingid": 1176
    },
    {
        "bookingid": 999
    },
    {
        "bookingid": 3549
    },
    {
        "bookingid": 5205
    },
    {
        "bookingid": 4034
    },
    {
        "bookingid": 2389
    },
    {
        "bookingid": 641
    },
    {
        "bookingid": 2592
    },
    {
        "bookingid": 538
    },
    {
        "bookingid": 4552
    },
    {
        "bookingid": 3930
    },
    {
        "bookingid": 3414
    },
    {
        "bookingid": 2551
    },
    {
        "bookingid": 482
    },
    {
        "bookingid": 2837
    },
    {
        "bookingid": 2825
    },
    {
        "bookingid": 5043
    },
    {
        "bookingid": 162
    },
    {
        "bookingid": 1211
    },
    {
        "bookingid": 4383
    },
    {
        "bookingid": 2525
    },
    {
        "bookingid": 4177
    },
    {
        "bookingid": 893
    },
    {
        "bookingid": 275
    },
    {
        "bookingid": 4238
    },
    {
        "bookingid": 3791
    },
    {
        "bookingid": 5351
    },
    {
        "bookingid": 2257
    },
    {
        "bookingid": 1325
    },
    {
        "bookingid": 843
    },
    {
        "bookingid": 4341
    },
    {
        "bookingid": 852
    },
    {
        "bookingid": 1310
    },
    {
        "bookingid": 5512
    },
    {
        "bookingid": 875
    },
    {
        "bookingid": 565
    },
    {
        "bookingid": 1588
    },
    {
        "bookingid": 3991
    },
    {
        "bookingid": 5486
    },
    {
        "bookingid": 1291
    },
    {
        "bookingid": 5076
    },
    {
        "bookingid": 2
    },
    {
        "bookingid": 953
    },
    {
        "bookingid": 12
    },
    {
        "bookingid": 4635
    },
    {
        "bookingid": 2928
    },
    {
        "bookingid": 4481
    },
    {
        "bookingid": 351
    },
    {
        "bookingid": 3458
    },
    {
        "bookingid": 672
    },
    {
        "bookingid": 1362
    },
    {
        "bookingid": 2143
    },
    {
        "bookingid": 1300
    },
    {
        "bookingid": 3477
    },
    {
        "bookingid": 684
    },
    {
        "bookingid": 1518
    },
    {
        "bookingid": 554
    },
    {
        "bookingid": 5451
    },
    {
        "bookingid": 819
    },
    {
        "bookingid": 2980
    },
    {
        "bookingid": 3506
    },
    {
        "bookingid": 3880
    },
    {
        "bookingid": 2434
    },
    {
        "bookingid": 5438
    },
    {
        "bookingid": 2724
    },
    {
        "bookingid": 1932
    },
    {
        "bookingid": 3738
    },
    {
        "bookingid": 1443
    },
    {
        "bookingid": 1028
    },
    {
        "bookingid": 4005
    },
    {
        "bookingid": 3471
    },
    {
        "bookingid": 4894
    },
    {
        "bookingid": 29
    },
    {
        "bookingid": 2914
    },
    {
        "bookingid": 4092
    },
    {
        "bookingid": 484
    },
    {
        "bookingid": 2099
    },
    {
        "bookingid": 5281
    },
    {
        "bookingid": 2205
    },
    {
        "bookingid": 3388
    },
    {
        "bookingid": 2063
    },
    {
        "bookingid": 3598
    },
    {
        "bookingid": 2128
    },
    {
        "bookingid": 3023
    },
    {
        "bookingid": 745
    },
    {
        "bookingid": 4465
    },
    {
        "bookingid": 914
    },
    {
        "bookingid": 3988
    },
    {
        "bookingid": 5558
    },
    {
        "bookingid": 1229
    },
    {
        "bookingid": 4808
    },
    {
        "bookingid": 2256
    },
    {
        "bookingid": 3717
    },
    {
        "bookingid": 3983
    },
    {
        "bookingid": 548
    },
    {
        "bookingid": 1879
    },
    {
        "bookingid": 935
    },
    {
        "bookingid": 3169
    },
    {
        "bookingid": 4334
    },
    {
        "bookingid": 4215
    },
    {
        "bookingid": 625
    },
    {
        "bookingid": 3408
    },
    {
        "bookingid": 788
    },
    {
        "bookingid": 2267
    },
    {
        "bookingid": 4297
    },
    {
        "bookingid": 1846
    },
    {
        "bookingid": 1259
    },
    {
        "bookingid": 1382
    },
    {
        "bookingid": 2133
    },
    {
        "bookingid": 439
    },
    {
        "bookingid": 4306
    },
    {
        "bookingid": 288
    },
    {
        "bookingid": 4882
    },
    {
        "bookingid": 4157
    },
    {
        "bookingid": 82
    },
    {
        "bookingid": 5062
    },
    {
        "bookingid": 30
    },
    {
        "bookingid": 5426
    },
    {
        "bookingid": 3516
    },
    {
        "bookingid": 4128
    },
    {
        "bookingid": 3621
    },
    {
        "bookingid": 277
    },
    {
        "bookingid": 4109
    },
    {
        "bookingid": 1509
    },
    {
        "bookingid": 2889
    },
    {
        "bookingid": 2275
    },
    {
        "bookingid": 5401
    },
    {
        "bookingid": 5084
    },
    {
        "bookingid": 654
    },
    {
        "bookingid": 2425
    },
    {
        "bookingid": 3825
    },
    {
        "bookingid": 3216
    },
    {
        "bookingid": 1676
    },
    {
        "bookingid": 2315
    },
    {
        "bookingid": 2545
    },
    {
        "bookingid": 834
    },
    {
        "bookingid": 4511
    },
    {
        "bookingid": 2372
    },
    {
        "bookingid": 1744
    },
    {
        "bookingid": 5201
    },
    {
        "bookingid": 2878
    },
    {
        "bookingid": 4070
    },
    {
        "bookingid": 3017
    },
    {
        "bookingid": 4906
    },
    {
        "bookingid": 986
    },
    {
        "bookingid": 4815
    },
    {
        "bookingid": 2937
    },
    {
        "bookingid": 927
    },
    {
        "bookingid": 706
    },
    {
        "bookingid": 4946
    },
    {
        "bookingid": 286
    },
    {
        "bookingid": 4598
    },
    {
        "bookingid": 5539
    },
    {
        "bookingid": 991
    },
    {
        "bookingid": 2501
    },
    {
        "bookingid": 1063
    },
    {
        "bookingid": 2194
    },
    {
        "bookingid": 3207
    },
    {
        "bookingid": 2726
    },
    {
        "bookingid": 4299
    },
    {
        "bookingid": 1725
    },
    {
        "bookingid": 4224
    },
    {
        "bookingid": 3697
    },
    {
        "bookingid": 3346
    },
    {
        "bookingid": 1481
    },
    {
        "bookingid": 3607
    },
    {
        "bookingid": 1901
    },
    {
        "bookingid": 2144
    },
    {
        "bookingid": 662
    },
    {
        "bookingid": 2534
    },
    {
        "bookingid": 3528
    },
    {
        "bookingid": 4915
    },
    {
        "bookingid": 2169
    },
    {
        "bookingid": 2160
    },
    {
        "bookingid": 643
    },
    {
        "bookingid": 2881
    },
    {
        "bookingid": 4583
    },
    {
        "bookingid": 3494
    },
    {
        "bookingid": 1163
    },
    {
        "bookingid": 4323
    },
    {
        "bookingid": 4469
    },
    {
        "bookingid": 2519
    },
    {
        "bookingid": 3434
    },
    {
        "bookingid": 2431
    },
    {
        "bookingid": 4923
    },
    {
        "bookingid": 4249
    },
    {
        "bookingid": 2182
    },
    {
        "bookingid": 1908
    },
    {
        "bookingid": 2665
    },
    {
        "bookingid": 1664
    },
    {
        "bookingid": 4039
    },
    {
        "bookingid": 776
    },
    {
        "bookingid": 2608
    },
    {
        "bookingid": 3266
    },
    {
        "bookingid": 5532
    },
    {
        "bookingid": 4384
    },
    {
        "bookingid": 1145
    },
    {
        "bookingid": 4538
    },
    {
        "bookingid": 2863
    },
    {
        "bookingid": 3622
    },
    {
        "bookingid": 1123
    },
    {
        "bookingid": 5484
    },
    {
        "bookingid": 4436
    },
    {
        "bookingid": 1679
    },
    {
        "bookingid": 1045
    },
    {
        "bookingid": 5429
    },
    {
        "bookingid": 4783
    },
    {
        "bookingid": 4718
    },
    {
        "bookingid": 849
    },
    {
        "bookingid": 3706
    },
    {
        "bookingid": 1544
    },
    {
        "bookingid": 1579
    },
    {
        "bookingid": 2806
    },
    {
        "bookingid": 681
    },
    {
        "bookingid": 2646
    },
    {
        "bookingid": 2697
    },
    {
        "bookingid": 3766
    },
    {
        "bookingid": 743
    },
    {
        "bookingid": 5126
    },
    {
        "bookingid": 5406
    },
    {
        "bookingid": 3618
    },
    {
        "bookingid": 521
    },
    {
        "bookingid": 1593
    },
    {
        "bookingid": 4559
    },
    {
        "bookingid": 4062
    },
    {
        "bookingid": 360
    },
    {
        "bookingid": 111
    },
    {
        "bookingid": 4801
    },
    {
        "bookingid": 5434
    },
    {
        "bookingid": 746
    },
    {
        "bookingid": 1236
    },
    {
        "bookingid": 3033
    },
    {
        "bookingid": 2265
    },
    {
        "bookingid": 1433
    },
    {
        "bookingid": 2698
    },
    {
        "bookingid": 2260
    },
    {
        "bookingid": 1645
    },
    {
        "bookingid": 3801
    },
    {
        "bookingid": 365
    },
    {
        "bookingid": 37
    },
    {
        "bookingid": 879
    },
    {
        "bookingid": 1224
    },
    {
        "bookingid": 1199
    },
    {
        "bookingid": 3210
    },
    {
        "bookingid": 3870
    },
    {
        "bookingid": 4277
    },
    {
        "bookingid": 1333
    },
    {
        "bookingid": 2335
    },
    {
        "bookingid": 5187
    },
    {
        "bookingid": 4123
    },
    {
        "bookingid": 4685
    },
    {
        "bookingid": 4219
    },
    {
        "bookingid": 2322
    },
    {
        "bookingid": 1861
    },
    {
        "bookingid": 4342
    },
    {
        "bookingid": 2505
    },
    {
        "bookingid": 2186
    },
    {
        "bookingid": 3428
    },
    {
        "bookingid": 522
    },
    {
        "bookingid": 3334
    },
    {
        "bookingid": 3720
    },
    {
        "bookingid": 336
    },
    {
        "bookingid": 4295
    },
    {
        "bookingid": 2804
    },
    {
        "bookingid": 1880
    }
]
Request URI:	https://restful-booker.herokuapp.com/ping8
Body:			<none>
]]></system-out>
  <system-err><![CDATA[]]></system-err>
</testsuite>
